[01m[K/home/rokae/workspace/rokae_ros2_sim2real/src/robot_driver/rokae_driver/src/driver_maduo.cpp:13:10:[m[K [01;31m[Kfatal error: [m[Kstd_msgs/msg/u_int8.hpp: æ²¡æœ‰é‚£ä¸ªæ–‡ä»¶æˆ–ç›®å½•
   13 | #include [01;31m[K<std_msgs/msg/u_int8.hpp>[m[K  // æ³¨æ„æ­£ç¡®çš„å¤´æ–‡ä»¶å
      |          [01;31m[K^~~~~~~~~~~~~~~~~~~~~~~~~[m[K
compilation terminated.
gmake[2]: *** [CMakeFiles/driver_maduo.dir/build.make:76ï¼šCMakeFiles/driver_maduo.dir/src/driver_maduo.cpp.o] é”™è¯¯ 1
gmake[1]: *** [CMakeFiles/Makefile2:231ï¼šCMakeFiles/driver_maduo.dir/all] é”™è¯¯ 2
gmake[1]: *** æ­£åœ¨ç­‰å¾…æœªå®Œæˆçš„ä»»åŠ¡....
[01m[K/home/rokae/workspace/rokae_ros2_sim2real/src/robot_driver/rokae_driver/src/driver_home.cpp:13:10:[m[K [01;31m[Kfatal error: [m[Kstd_msgs/msg/u_int8.hpp: æ²¡æœ‰é‚£ä¸ªæ–‡ä»¶æˆ–ç›®å½•
   13 | #include [01;31m[K<std_msgs/msg/u_int8.hpp>[m[K  // æ³¨æ„æ­£ç¡®çš„å¤´æ–‡ä»¶å
      |          [01;31m[K^~~~~~~~~~~~~~~~~~~~~~~~~[m[K
compilation terminated.
gmake[2]: *** [CMakeFiles/driver_home.dir/build.make:76ï¼šCMakeFiles/driver_home.dir/src/driver_home.cpp.o] é”™è¯¯ 1
gmake[1]: *** [CMakeFiles/Makefile2:205ï¼šCMakeFiles/driver_home.dir/all] é”™è¯¯ 2
[01m[K/home/rokae/workspace/rokae_ros2_sim2real/src/robot_driver/rokae_driver/src/driver_fenjian.cpp:13:10:[m[K [01;31m[Kfatal error: [m[Kstd_msgs/msg/u_int8.hpp: æ²¡æœ‰é‚£ä¸ªæ–‡ä»¶æˆ–ç›®å½•
   13 | #include [01;31m[K<std_msgs/msg/u_int8.hpp>[m[K  // æ³¨æ„æ­£ç¡®çš„å¤´æ–‡ä»¶å
      |          [01;31m[K^~~~~~~~~~~~~~~~~~~~~~~~~[m[K
compilation terminated.
gmake[2]: *** [CMakeFiles/driver_fenjian.dir/build.make:76ï¼šCMakeFiles/driver_fenjian.dir/src/driver_fenjian.cpp.o] é”™è¯¯ 1
gmake[1]: *** [CMakeFiles/Makefile2:153ï¼šCMakeFiles/driver_fenjian.dir/all] é”™è¯¯ 2
[01m[K/home/rokae/workspace/rokae_ros2_sim2real/src/robot_driver/rokae_driver/src/read_force.cpp:2:10:[m[K [01;31m[Kfatal error: [m[Kstd_msgs/msg/string.hpp: æ²¡æœ‰é‚£ä¸ªæ–‡ä»¶æˆ–ç›®å½•
    2 | #include [01;31m[K<std_msgs/msg/string.hpp>[m[K
      |          [01;31m[K^~~~~~~~~~~~~~~~~~~~~~~~~[m[K
compilation terminated.
gmake[2]: *** [CMakeFiles/read_force.dir/build.make:76ï¼šCMakeFiles/read_force.dir/src/read_force.cpp.o] é”™è¯¯ 1
gmake[1]: *** [CMakeFiles/Makefile2:309ï¼šCMakeFiles/read_force.dir/all] é”™è¯¯ 2
[01m[K/home/rokae/workspace/rokae_ros2_sim2real/src/robot_driver/rokae_driver/src/driver_hanjie.cpp:15:10:[m[K [01;31m[Kfatal error: [m[Kstd_msgs/msg/string.hpp: æ²¡æœ‰é‚£ä¸ªæ–‡ä»¶æˆ–ç›®å½•
   15 | #include [01;31m[K<std_msgs/msg/string.hpp>[m[K
      |          [01;31m[K^~~~~~~~~~~~~~~~~~~~~~~~~[m[K
compilation terminated.
gmake[2]: *** [CMakeFiles/driver_hanjie.dir/build.make:76ï¼šCMakeFiles/driver_hanjie.dir/src/driver_hanjie.cpp.o] é”™è¯¯ 1
gmake[1]: *** [CMakeFiles/Makefile2:179ï¼šCMakeFiles/driver_hanjie.dir/all] é”™è¯¯ 2
[01m[K/home/rokae/workspace/rokae_ros2_sim2real/src/robot_driver/rokae_driver/src/driver_pentu.cpp:15:10:[m[K [01;31m[Kfatal error: [m[Kstd_msgs/msg/string.hpp: æ²¡æœ‰é‚£ä¸ªæ–‡ä»¶æˆ–ç›®å½•
   15 | #include [01;31m[K<std_msgs/msg/string.hpp>[m[K
      |          [01;31m[K^~~~~~~~~~~~~~~~~~~~~~~~~[m[K
compilation terminated.
gmake[2]: *** [CMakeFiles/driver_pentu.dir/build.make:76ï¼šCMakeFiles/driver_pentu.dir/src/driver_pentu.cpp.o] é”™è¯¯ 1
gmake[1]: *** [CMakeFiles/Makefile2:257ï¼šCMakeFiles/driver_pentu.dir/all] é”™è¯¯ 2
[01m[K/home/rokae/workspace/rokae_ros2_sim2real/src/robot_driver/rokae_driver/src/rokae_driver.cpp:15:10:[m[K [01;31m[Kfatal error: [m[Kstd_msgs/msg/string.hpp: æ²¡æœ‰é‚£ä¸ªæ–‡ä»¶æˆ–ç›®å½•
   15 | #include [01;31m[K<std_msgs/msg/string.hpp>[m[K
      |          [01;31m[K^~~~~~~~~~~~~~~~~~~~~~~~~[m[K
compilation terminated.
gmake[2]: *** [CMakeFiles/rokae_driver.dir/build.make:76ï¼šCMakeFiles/rokae_driver.dir/src/rokae_driver.cpp.o] é”™è¯¯ 1
gmake[1]: *** [CMakeFiles/Makefile2:335ï¼šCMakeFiles/rokae_driver.dir/all] é”™è¯¯ 2
gmake: *** [Makefile:146ï¼šall] é”™è¯¯ 2
