[  3%] [34m[1mAutomatic MOC and UIC for target driver_pentu[0m
[  7%] [34m[1mAutomatic MOC and UIC for target rokae_controller[0m
[ 10%] [34m[1mAutomatic MOC and UIC for target sdk_example[0m
[ 17%] [34m[1mAutomatic MOC and UIC for target move_example[0m
[ 17%] [34m[1mAutomatic MOC and UIC for target My_joint_publisher_gui[0m
[ 25%] [34m[1mAutomatic MOC and UIC for target read_force[0m
[ 25%] [34m[1mAutomatic MOC and UIC for target read_robot_state[0m
[ 25%] Built target driver_pentu_autogen
[ 25%] Built target rokae_controller_autogen
[ 25%] Built target sdk_example_autogen
[ 25%] Built target move_example_autogen
[ 25%] Built target read_force_autogen
[ 25%] Built target read_robot_state_autogen
[ 25%] Built target My_joint_publisher_gui_autogen
[35m[1mConsolidate compiler generated dependencies of target sdk_example[0m
[35m[1mConsolidate compiler generated dependencies of target rokae_controller[0m
[35m[1mConsolidate compiler generated dependencies of target driver_pentu[0m
[35m[1mConsolidate compiler generated dependencies of target move_example[0m
[35m[1mConsolidate compiler generated dependencies of target read_force[0m
[35m[1mConsolidate compiler generated dependencies of target read_robot_state[0m
[ 35%] Built target sdk_example
[ 46%] Built target rokae_controller
[ 57%] Built target move_example
[ 60%] [32mBuilding CXX object CMakeFiles/My_joint_publisher_gui.dir/My_joint_publisher_gui_autogen/mocs_compilation.cpp.o[0m
[ 71%] Built target driver_pentu
[ 85%] Built target read_robot_state
[ 85%] [32mBuilding CXX object CMakeFiles/My_joint_publisher_gui.dir/src/My_joint_publisher_gui.cpp.o[0m
[ 96%] Built target read_force
[100%] [32m[1mLinking CXX executable My_joint_publisher_gui[0m
[100%] Built target My_joint_publisher_gui
-- Install configuration: "Release"
-- Installing: /home/rokae/workspace/rokae_ros2_sim2real/install/rokae_driver/lib/rokae_driver/My_joint_publisher_gui
-- Set runtime path of "/home/rokae/workspace/rokae_ros2_sim2real/install/rokae_driver/lib/rokae_driver/My_joint_publisher_gui" to ""
-- Installing: /home/rokae/workspace/rokae_ros2_sim2real/install/rokae_driver/lib/rokae_driver/driver_pentu
-- Set runtime path of "/home/rokae/workspace/rokae_ros2_sim2real/install/rokae_driver/lib/rokae_driver/driver_pentu" to ""
-- Installing: /home/rokae/workspace/rokae_ros2_sim2real/install/rokae_driver/lib/rokae_driver/move_example
-- Set runtime path of "/home/rokae/workspace/rokae_ros2_sim2real/install/rokae_driver/lib/rokae_driver/move_example" to ""
-- Installing: /home/rokae/workspace/rokae_ros2_sim2real/install/rokae_driver/lib/rokae_driver/read_force
-- Set runtime path of "/home/rokae/workspace/rokae_ros2_sim2real/install/rokae_driver/lib/rokae_driver/read_force" to ""
-- Installing: /home/rokae/workspace/rokae_ros2_sim2real/install/rokae_driver/lib/rokae_driver/read_robot_state
-- Set runtime path of "/home/rokae/workspace/rokae_ros2_sim2real/install/rokae_driver/lib/rokae_driver/read_robot_state" to ""
-- Installing: /home/rokae/workspace/rokae_ros2_sim2real/install/rokae_driver/lib/rokae_driver/rokae_controller
-- Set runtime path of "/home/rokae/workspace/rokae_ros2_sim2real/install/rokae_driver/lib/rokae_driver/rokae_controller" to ""
-- Installing: /home/rokae/workspace/rokae_ros2_sim2real/install/rokae_driver/lib/rokae_driver/sdk_example
-- Set runtime path of "/home/rokae/workspace/rokae_ros2_sim2real/install/rokae_driver/lib/rokae_driver/sdk_example" to ""
-- Installing: /home/rokae/workspace/rokae_ros2_sim2real/install/rokae_driver/share/ament_index/resource_index/package_run_dependencies/rokae_driver
-- Up-to-date: /home/rokae/workspace/rokae_ros2_sim2real/install/rokae_driver/share/ament_index/resource_index/parent_prefix_path/rokae_driver
-- Up-to-date: /home/rokae/workspace/rokae_ros2_sim2real/install/rokae_driver/share/rokae_driver/environment/ament_prefix_path.sh
-- Installing: /home/rokae/workspace/rokae_ros2_sim2real/install/rokae_driver/share/rokae_driver/environment/ament_prefix_path.dsv
-- Up-to-date: /home/rokae/workspace/rokae_ros2_sim2real/install/rokae_driver/share/rokae_driver/environment/path.sh
-- Installing: /home/rokae/workspace/rokae_ros2_sim2real/install/rokae_driver/share/rokae_driver/environment/path.dsv
-- Up-to-date: /home/rokae/workspace/rokae_ros2_sim2real/install/rokae_driver/share/rokae_driver/local_setup.bash
-- Up-to-date: /home/rokae/workspace/rokae_ros2_sim2real/install/rokae_driver/share/rokae_driver/local_setup.sh
-- Up-to-date: /home/rokae/workspace/rokae_ros2_sim2real/install/rokae_driver/share/rokae_driver/local_setup.zsh
-- Installing: /home/rokae/workspace/rokae_ros2_sim2real/install/rokae_driver/share/rokae_driver/local_setup.dsv
-- Installing: /home/rokae/workspace/rokae_ros2_sim2real/install/rokae_driver/share/rokae_driver/package.dsv
-- Up-to-date: /home/rokae/workspace/rokae_ros2_sim2real/install/rokae_driver/share/ament_index/resource_index/packages/rokae_driver
-- Up-to-date: /home/rokae/workspace/rokae_ros2_sim2real/install/rokae_driver/share/rokae_driver/cmake/rokae_driverConfig.cmake
-- Up-to-date: /home/rokae/workspace/rokae_ros2_sim2real/install/rokae_driver/share/rokae_driver/cmake/rokae_driverConfig-version.cmake
-- Installing: /home/rokae/workspace/rokae_ros2_sim2real/install/rokae_driver/share/rokae_driver/package.xml
