[0.037s] Invoking command in '/home/rokae/workspace/rokae_ros2_sim2real/build/rokae_driver': CMAKE_PREFIX_PATH=${CMAKE_PREFIX_PATH}:/home/rokae/workspace/rokae_ros2_sim2real/install/easy_handeye2_demo:/home/rokae/workspace/rokae_ros2_sim2real/install/easy_handeye2:/home/rokae/workspace/ws_moveit/install/moveit_configs_utils:/home/rokae/workspace/ws_moveit/install/launch_param_builder:/opt/ros/humble /usr/bin/cmake --build /home/rokae/workspace/rokae_ros2_sim2real/build/rokae_driver -- -j32 -l32
[0.177s] [  3%] [34m[1mAutomatic MOC and UIC for target driver_pentu[0m
[0.179s] [  7%] [34m[1mAutomatic MOC and UIC for target rokae_controller[0m
[0.183s] [ 10%] [34m[1mAutomatic MOC and UIC for target sdk_example[0m
[0.185s] [ 17%] [34m[1mAutomatic MOC and UIC for target move_example[0m
[0.185s] [ 17%] [34m[1mAutomatic MOC and UIC for target My_joint_publisher_gui[0m
[0.186s] [ 25%] [34m[1mAutomatic MOC and UIC for target read_force[0m
[0.186s] [ 25%] [34m[1mAutomatic MOC and UIC for target read_robot_state[0m
[0.230s] [ 25%] Built target driver_pentu_autogen
[0.233s] [ 25%] Built target rokae_controller_autogen
[0.235s] [ 25%] Built target sdk_example_autogen
[0.244s] [ 25%] Built target move_example_autogen
[0.247s] [ 25%] Built target read_force_autogen
[0.250s] [ 25%] Built target read_robot_state_autogen
[0.260s] [ 25%] Built target My_joint_publisher_gui_autogen
[0.267s] [35m[1mConsolidate compiler generated dependencies of target sdk_example[0m
[0.271s] [35m[1mConsolidate compiler generated dependencies of target rokae_controller[0m
[0.272s] [35m[1mConsolidate compiler generated dependencies of target driver_pentu[0m
[0.277s] [35m[1mConsolidate compiler generated dependencies of target move_example[0m
[0.282s] [35m[1mConsolidate compiler generated dependencies of target read_force[0m
[0.283s] [35m[1mConsolidate compiler generated dependencies of target read_robot_state[0m
[0.309s] [ 35%] Built target sdk_example
[0.314s] [ 46%] Built target rokae_controller
[0.315s] [ 57%] Built target move_example
[0.321s] [ 60%] [32mBuilding CXX object CMakeFiles/My_joint_publisher_gui.dir/My_joint_publisher_gui_autogen/mocs_compilation.cpp.o[0m
[0.322s] [ 71%] Built target driver_pentu
[0.325s] [ 85%] Built target read_robot_state
[0.326s] [ 85%] [32mBuilding CXX object CMakeFiles/My_joint_publisher_gui.dir/src/My_joint_publisher_gui.cpp.o[0m
[0.326s] [ 96%] Built target read_force
[23.093s] [100%] [32m[1mLinking CXX executable My_joint_publisher_gui[0m
[24.729s] [100%] Built target My_joint_publisher_gui
[24.757s] Invoked command in '/home/rokae/workspace/rokae_ros2_sim2real/build/rokae_driver' returned '0': CMAKE_PREFIX_PATH=${CMAKE_PREFIX_PATH}:/home/rokae/workspace/rokae_ros2_sim2real/install/easy_handeye2_demo:/home/rokae/workspace/rokae_ros2_sim2real/install/easy_handeye2:/home/rokae/workspace/ws_moveit/install/moveit_configs_utils:/home/rokae/workspace/ws_moveit/install/launch_param_builder:/opt/ros/humble /usr/bin/cmake --build /home/rokae/workspace/rokae_ros2_sim2real/build/rokae_driver -- -j32 -l32
[24.781s] Invoking command in '/home/rokae/workspace/rokae_ros2_sim2real/build/rokae_driver': CMAKE_PREFIX_PATH=${CMAKE_PREFIX_PATH}:/home/rokae/workspace/rokae_ros2_sim2real/install/easy_handeye2_demo:/home/rokae/workspace/rokae_ros2_sim2real/install/easy_handeye2:/home/rokae/workspace/ws_moveit/install/moveit_configs_utils:/home/rokae/workspace/ws_moveit/install/launch_param_builder:/opt/ros/humble /usr/bin/cmake --install /home/rokae/workspace/rokae_ros2_sim2real/build/rokae_driver
[24.805s] -- Install configuration: "Release"
[24.805s] -- Installing: /home/rokae/workspace/rokae_ros2_sim2real/install/rokae_driver/lib/rokae_driver/My_joint_publisher_gui
[24.812s] -- Set runtime path of "/home/rokae/workspace/rokae_ros2_sim2real/install/rokae_driver/lib/rokae_driver/My_joint_publisher_gui" to ""
[24.812s] -- Installing: /home/rokae/workspace/rokae_ros2_sim2real/install/rokae_driver/lib/rokae_driver/driver_pentu
[24.818s] -- Set runtime path of "/home/rokae/workspace/rokae_ros2_sim2real/install/rokae_driver/lib/rokae_driver/driver_pentu" to ""
[24.818s] -- Installing: /home/rokae/workspace/rokae_ros2_sim2real/install/rokae_driver/lib/rokae_driver/move_example
[24.824s] -- Set runtime path of "/home/rokae/workspace/rokae_ros2_sim2real/install/rokae_driver/lib/rokae_driver/move_example" to ""
[24.824s] -- Installing: /home/rokae/workspace/rokae_ros2_sim2real/install/rokae_driver/lib/rokae_driver/read_force
[24.826s] -- Set runtime path of "/home/rokae/workspace/rokae_ros2_sim2real/install/rokae_driver/lib/rokae_driver/read_force" to ""
[24.826s] -- Installing: /home/rokae/workspace/rokae_ros2_sim2real/install/rokae_driver/lib/rokae_driver/read_robot_state
[24.832s] -- Set runtime path of "/home/rokae/workspace/rokae_ros2_sim2real/install/rokae_driver/lib/rokae_driver/read_robot_state" to ""
[24.832s] -- Installing: /home/rokae/workspace/rokae_ros2_sim2real/install/rokae_driver/lib/rokae_driver/rokae_controller
[24.840s] -- Set runtime path of "/home/rokae/workspace/rokae_ros2_sim2real/install/rokae_driver/lib/rokae_driver/rokae_controller" to ""
[24.840s] -- Installing: /home/rokae/workspace/rokae_ros2_sim2real/install/rokae_driver/lib/rokae_driver/sdk_example
[24.846s] -- Set runtime path of "/home/rokae/workspace/rokae_ros2_sim2real/install/rokae_driver/lib/rokae_driver/sdk_example" to ""
[24.846s] -- Installing: /home/rokae/workspace/rokae_ros2_sim2real/install/rokae_driver/share/ament_index/resource_index/package_run_dependencies/rokae_driver
[24.846s] -- Up-to-date: /home/rokae/workspace/rokae_ros2_sim2real/install/rokae_driver/share/ament_index/resource_index/parent_prefix_path/rokae_driver
[24.846s] -- Up-to-date: /home/rokae/workspace/rokae_ros2_sim2real/install/rokae_driver/share/rokae_driver/environment/ament_prefix_path.sh
[24.847s] -- Installing: /home/rokae/workspace/rokae_ros2_sim2real/install/rokae_driver/share/rokae_driver/environment/ament_prefix_path.dsv
[24.847s] -- Up-to-date: /home/rokae/workspace/rokae_ros2_sim2real/install/rokae_driver/share/rokae_driver/environment/path.sh
[24.847s] -- Installing: /home/rokae/workspace/rokae_ros2_sim2real/install/rokae_driver/share/rokae_driver/environment/path.dsv
[24.847s] -- Up-to-date: /home/rokae/workspace/rokae_ros2_sim2real/install/rokae_driver/share/rokae_driver/local_setup.bash
[24.847s] -- Up-to-date: /home/rokae/workspace/rokae_ros2_sim2real/install/rokae_driver/share/rokae_driver/local_setup.sh
[24.847s] -- Up-to-date: /home/rokae/workspace/rokae_ros2_sim2real/install/rokae_driver/share/rokae_driver/local_setup.zsh
[24.847s] -- Installing: /home/rokae/workspace/rokae_ros2_sim2real/install/rokae_driver/share/rokae_driver/local_setup.dsv
[24.847s] -- Installing: /home/rokae/workspace/rokae_ros2_sim2real/install/rokae_driver/share/rokae_driver/package.dsv
[24.848s] -- Up-to-date: /home/rokae/workspace/rokae_ros2_sim2real/install/rokae_driver/share/ament_index/resource_index/packages/rokae_driver
[24.848s] -- Up-to-date: /home/rokae/workspace/rokae_ros2_sim2real/install/rokae_driver/share/rokae_driver/cmake/rokae_driverConfig.cmake
[24.848s] -- Up-to-date: /home/rokae/workspace/rokae_ros2_sim2real/install/rokae_driver/share/rokae_driver/cmake/rokae_driverConfig-version.cmake
[24.848s] -- Installing: /home/rokae/workspace/rokae_ros2_sim2real/install/rokae_driver/share/rokae_driver/package.xml
[24.852s] Invoked command in '/home/rokae/workspace/rokae_ros2_sim2real/build/rokae_driver' returned '0': CMAKE_PREFIX_PATH=${CMAKE_PREFIX_PATH}:/home/rokae/workspace/rokae_ros2_sim2real/install/easy_handeye2_demo:/home/rokae/workspace/rokae_ros2_sim2real/install/easy_handeye2:/home/rokae/workspace/ws_moveit/install/moveit_configs_utils:/home/rokae/workspace/ws_moveit/install/launch_param_builder:/opt/ros/humble /usr/bin/cmake --install /home/rokae/workspace/rokae_ros2_sim2real/build/rokae_driver
