[0.076s] Invoking command in '/home/rokae/workspace/rokae_ros2_sim2real/build/aruco_msgs': CMAKE_PREFIX_PATH=${CMAKE_PREFIX_PATH}:/home/rokae/workspace/ws_moveit/install/moveit_configs_utils:/home/rokae/workspace/ws_moveit/install/launch_param_builder:/opt/ros/humble /usr/bin/cmake --build /home/rokae/workspace/rokae_ros2_sim2real/build/aruco_msgs -- -j32 -l32
[0.257s] [  2%] Built target aruco_msgs__cpp
[0.264s] [ 12%] Built target aruco_msgs__rosidl_generator_c
[0.280s] [ 12%] Built target ament_cmake_python_copy_aruco_msgs
[0.339s] [ 23%] Built target aruco_msgs__rosidl_typesupport_fastrtps_cpp
[0.343s] [ 33%] Built target aruco_msgs__rosidl_typesupport_cpp
[0.346s] [ 43%] Built target aruco_msgs__rosidl_typesupport_c
[0.347s] [ 53%] Built target aruco_msgs__rosidl_typesupport_introspection_c
[0.372s] [ 64%] Built target aruco_msgs__rosidl_typesupport_fastrtps_c
[0.377s] [ 74%] Built target aruco_msgs__rosidl_typesupport_introspection_cpp
[0.432s] [ 74%] Built target aruco_msgs
[0.499s] [ 76%] Built target aruco_msgs__py
[0.571s] [ 84%] Built target aruco_msgs__rosidl_generator_py
[0.633s] [ 89%] Built target aruco_msgs__rosidl_typesupport_fastrtps_c__pyext
[0.640s] [ 94%] Built target aruco_msgs__rosidl_typesupport_c__pyext
[0.645s] [100%] Built target aruco_msgs__rosidl_typesupport_introspection_c__pyext
[0.811s] running egg_info
[0.812s] writing aruco_msgs.egg-info/PKG-INFO
[0.813s] writing dependency_links to aruco_msgs.egg-info/dependency_links.txt
[0.813s] writing top-level names to aruco_msgs.egg-info/top_level.txt
[0.820s] reading manifest file 'aruco_msgs.egg-info/SOURCES.txt'
[0.822s] writing manifest file 'aruco_msgs.egg-info/SOURCES.txt'
[0.881s] [100%] Built target ament_cmake_python_build_aruco_msgs_egg
