[0.072s] Invoking command in '/home/rokae/workspace/rokae_ros2_sim2real/build/rokae_driver': CMAKE_PREFIX_PATH=${CMAKE_PREFIX_PATH}:/home/rokae/workspace/rokae_ros2_sim2real/install/easy_handeye2_demo:/home/rokae/workspace/rokae_ros2_sim2real/install/easy_handeye2:/home/rokae/workspace/ws_moveit/install/moveit_configs_utils:/home/rokae/workspace/ws_moveit/install/launch_param_builder:/opt/ros/humble /usr/bin/cmake --build /home/rokae/workspace/rokae_ros2_sim2real/build/rokae_driver -- -j32 -l32
[0.215s] [  3%] [34m[1mAutomatic MOC and UIC for target sdk_example[0m
[0.215s] [  7%] [34m[1mAutomatic MOC and UIC for target read_force[0m
[0.216s] [ 10%] [34m[1mAutomatic MOC and UIC for target move_example[0m
[0.220s] [ 17%] [34m[1mAutomatic MOC and UIC for target My_joint_publisher_gui[0m
[0.221s] [ 17%] [34m[1mAutomatic MOC and UIC for target driver_pentu[0m
[0.224s] [ 21%] [34m[1mAutomatic MOC and UIC for target rokae_controller[0m
[0.237s] [ 25%] [34m[1mAutomatic MOC and UIC for target read_robot_state[0m
[0.289s] [ 25%] Built target move_example_autogen
[0.297s] [ 25%] Built target sdk_example_autogen
[0.298s] [ 25%] Built target driver_pentu_autogen
[0.298s] [ 25%] Built target My_joint_publisher_gui_autogen
[0.298s] [ 25%] Built target read_force_autogen
[0.299s] [ 25%] Built target rokae_controller_autogen
[0.303s] [ 25%] Built target read_robot_state_autogen
[0.360s] [ 35%] Built target sdk_example
[0.364s] [ 46%] Built target read_force
[0.365s] [ 57%] Built target move_example
[0.371s] [ 67%] Built target driver_pentu
[0.376s] [ 89%] Built target rokae_controller
[0.376s] [ 89%] Built target My_joint_publisher_gui
[0.377s] [100%] Built target read_robot_state
[0.402s] Invoked command in '/home/rokae/workspace/rokae_ros2_sim2real/build/rokae_driver' returned '0': CMAKE_PREFIX_PATH=${CMAKE_PREFIX_PATH}:/home/rokae/workspace/rokae_ros2_sim2real/install/easy_handeye2_demo:/home/rokae/workspace/rokae_ros2_sim2real/install/easy_handeye2:/home/rokae/workspace/ws_moveit/install/moveit_configs_utils:/home/rokae/workspace/ws_moveit/install/launch_param_builder:/opt/ros/humble /usr/bin/cmake --build /home/rokae/workspace/rokae_ros2_sim2real/build/rokae_driver -- -j32 -l32
[0.406s] Invoking command in '/home/rokae/workspace/rokae_ros2_sim2real/build/rokae_driver': CMAKE_PREFIX_PATH=${CMAKE_PREFIX_PATH}:/home/rokae/workspace/rokae_ros2_sim2real/install/easy_handeye2_demo:/home/rokae/workspace/rokae_ros2_sim2real/install/easy_handeye2:/home/rokae/workspace/ws_moveit/install/moveit_configs_utils:/home/rokae/workspace/ws_moveit/install/launch_param_builder:/opt/ros/humble /usr/bin/cmake --install /home/rokae/workspace/rokae_ros2_sim2real/build/rokae_driver
[0.425s] -- Install configuration: "Release"
[0.425s] -- Up-to-date: /home/rokae/workspace/rokae_ros2_sim2real/install/rokae_driver/lib/rokae_driver/My_joint_publisher_gui
[0.426s] -- Up-to-date: /home/rokae/workspace/rokae_ros2_sim2real/install/rokae_driver/lib/rokae_driver/driver_pentu
[0.426s] -- Up-to-date: /home/rokae/workspace/rokae_ros2_sim2real/install/rokae_driver/lib/rokae_driver/move_example
[0.427s] -- Up-to-date: /home/rokae/workspace/rokae_ros2_sim2real/install/rokae_driver/lib/rokae_driver/read_force
[0.427s] -- Up-to-date: /home/rokae/workspace/rokae_ros2_sim2real/install/rokae_driver/lib/rokae_driver/read_robot_state
[0.428s] -- Up-to-date: /home/rokae/workspace/rokae_ros2_sim2real/install/rokae_driver/lib/rokae_driver/rokae_controller
[0.428s] -- Up-to-date: /home/rokae/workspace/rokae_ros2_sim2real/install/rokae_driver/lib/rokae_driver/sdk_example
[0.429s] -- Up-to-date: /home/rokae/workspace/rokae_ros2_sim2real/install/rokae_driver/share/ament_index/resource_index/package_run_dependencies/rokae_driver
[0.429s] -- Up-to-date: /home/rokae/workspace/rokae_ros2_sim2real/install/rokae_driver/share/ament_index/resource_index/parent_prefix_path/rokae_driver
[0.429s] -- Up-to-date: /home/rokae/workspace/rokae_ros2_sim2real/install/rokae_driver/share/rokae_driver/environment/ament_prefix_path.sh
[0.429s] -- Up-to-date: /home/rokae/workspace/rokae_ros2_sim2real/install/rokae_driver/share/rokae_driver/environment/ament_prefix_path.dsv
[0.430s] -- Up-to-date: /home/rokae/workspace/rokae_ros2_sim2real/install/rokae_driver/share/rokae_driver/environment/path.sh
[0.430s] -- Up-to-date: /home/rokae/workspace/rokae_ros2_sim2real/install/rokae_driver/share/rokae_driver/environment/path.dsv
[0.430s] -- Up-to-date: /home/rokae/workspace/rokae_ros2_sim2real/install/rokae_driver/share/rokae_driver/local_setup.bash
[0.430s] -- Up-to-date: /home/rokae/workspace/rokae_ros2_sim2real/install/rokae_driver/share/rokae_driver/local_setup.sh
[0.430s] -- Up-to-date: /home/rokae/workspace/rokae_ros2_sim2real/install/rokae_driver/share/rokae_driver/local_setup.zsh
[0.431s] -- Up-to-date: /home/rokae/workspace/rokae_ros2_sim2real/install/rokae_driver/share/rokae_driver/local_setup.dsv
[0.431s] -- Installing: /home/rokae/workspace/rokae_ros2_sim2real/install/rokae_driver/share/rokae_driver/package.dsv
[0.431s] -- Up-to-date: /home/rokae/workspace/rokae_ros2_sim2real/install/rokae_driver/share/ament_index/resource_index/packages/rokae_driver
[0.431s] -- Up-to-date: /home/rokae/workspace/rokae_ros2_sim2real/install/rokae_driver/share/rokae_driver/cmake/rokae_driverConfig.cmake
[0.431s] -- Up-to-date: /home/rokae/workspace/rokae_ros2_sim2real/install/rokae_driver/share/rokae_driver/cmake/rokae_driverConfig-version.cmake
[0.432s] -- Up-to-date: /home/rokae/workspace/rokae_ros2_sim2real/install/rokae_driver/share/rokae_driver/package.xml
[0.435s] Invoked command in '/home/rokae/workspace/rokae_ros2_sim2real/build/rokae_driver' returned '0': CMAKE_PREFIX_PATH=${CMAKE_PREFIX_PATH}:/home/rokae/workspace/rokae_ros2_sim2real/install/easy_handeye2_demo:/home/rokae/workspace/rokae_ros2_sim2real/install/easy_handeye2:/home/rokae/workspace/ws_moveit/install/moveit_configs_utils:/home/rokae/workspace/ws_moveit/install/launch_param_builder:/opt/ros/humble /usr/bin/cmake --install /home/rokae/workspace/rokae_ros2_sim2real/build/rokae_driver
