[35m[1mConsolidate compiler generated dependencies of target aruco_ros_utils[0m
[35m[1mConsolidate compiler generated dependencies of target single[0m
[35m[1mConsolidate compiler generated dependencies of target double[0m
[35m[1mConsolidate compiler generated dependencies of target marker_publisher[0m
[  9%] [32mBuilding CXX object CMakeFiles/aruco_ros_utils.dir/src/aruco_ros_utils.cpp.o[0m
[ 18%] [32mBuilding CXX object CMakeFiles/double.dir/src/aruco_ros_utils.cpp.o[0m
[ 27%] [32mBuilding CXX object CMakeFiles/single.dir/src/aruco_ros_utils.cpp.o[0m
[ 36%] [32mBuilding CXX object CMakeFiles/marker_publisher.dir/src/aruco_ros_utils.cpp.o[0m
[ 45%] [32m[1mLinking CXX shared library libaruco_ros_utils.so[0m
[ 54%] [32m[1mLinking CXX executable double[0m
[ 63%] [32m[1mLinking CXX executable marker_publisher[0m
[ 72%] [32m[1mLinking CXX executable single[0m
[ 72%] Built target aruco_ros_utils
[ 81%] Built target double
[ 90%] Built target marker_publisher
[100%] Built target single
-- Install configuration: ""
-- Installing: /home/rokae/workspace/rokae_ros2_sim2real/install/aruco_ros/lib/libaruco_ros_utils.so
-- Set runtime path of "/home/rokae/workspace/rokae_ros2_sim2real/install/aruco_ros/lib/libaruco_ros_utils.so" to ""
-- Installing: /home/rokae/workspace/rokae_ros2_sim2real/install/aruco_ros/lib/aruco_ros/marker_publisher
-- Set runtime path of "/home/rokae/workspace/rokae_ros2_sim2real/install/aruco_ros/lib/aruco_ros/marker_publisher" to ""
-- Installing: /home/rokae/workspace/rokae_ros2_sim2real/install/aruco_ros/lib/aruco_ros/single
-- Set runtime path of "/home/rokae/workspace/rokae_ros2_sim2real/install/aruco_ros/lib/aruco_ros/single" to ""
-- Installing: /home/rokae/workspace/rokae_ros2_sim2real/install/aruco_ros/lib/aruco_ros/double
-- Set runtime path of "/home/rokae/workspace/rokae_ros2_sim2real/install/aruco_ros/lib/aruco_ros/double" to ""
-- Up-to-date: /home/rokae/workspace/rokae_ros2_sim2real/install/aruco_ros/include
-- Up-to-date: /home/rokae/workspace/rokae_ros2_sim2real/install/aruco_ros/include/aruco_ros
-- Up-to-date: /home/rokae/workspace/rokae_ros2_sim2real/install/aruco_ros/share/aruco_ros/etc
-- Up-to-date: /home/rokae/workspace/rokae_ros2_sim2real/install/aruco_ros/share/aruco_ros/etc/marker26_5cm_margin_2cm.jpg
-- Up-to-date: /home/rokae/workspace/rokae_ros2_sim2real/install/aruco_ros/share/aruco_ros/etc/marker582_5cm.jpg
-- Up-to-date: /home/rokae/workspace/rokae_ros2_sim2real/install/aruco_ros/share/aruco_ros/etc/marker26_5cm_margin_1cm.jpg
-- Up-to-date: /home/rokae/workspace/rokae_ros2_sim2real/install/aruco_ros/share/aruco_ros/etc/new_coordinates.png
-- Up-to-date: /home/rokae/workspace/rokae_ros2_sim2real/install/aruco_ros/share/aruco_ros/etc/marker582_5cm_margin_2cm.jpg
-- Up-to-date: /home/rokae/workspace/rokae_ros2_sim2real/install/aruco_ros/share/aruco_ros/etc/marker_in_object.jpg
-- Up-to-date: /home/rokae/workspace/rokae_ros2_sim2real/install/aruco_ros/share/aruco_ros/etc/reem_gazebo_floating_marker.png
-- Up-to-date: /home/rokae/workspace/rokae_ros2_sim2real/install/aruco_ros/share/aruco_ros/etc/marker26_5cm.jpg
-- Up-to-date: /home/rokae/workspace/rokae_ros2_sim2real/install/aruco_ros/share/aruco_ros/etc/reem_gazebo_floating_marker_world.png
-- Up-to-date: /home/rokae/workspace/rokae_ros2_sim2real/install/aruco_ros/share/aruco_ros/etc/marker_in_hand.jpg
-- Up-to-date: /home/rokae/workspace/rokae_ros2_sim2real/install/aruco_ros/share/aruco_ros/launch
-- Up-to-date: /home/rokae/workspace/rokae_ros2_sim2real/install/aruco_ros/share/aruco_ros/launch/single.launch.py
-- Up-to-date: /home/rokae/workspace/rokae_ros2_sim2real/install/aruco_ros/share/aruco_ros/launch/double.launch.py
-- Up-to-date: /home/rokae/workspace/rokae_ros2_sim2real/install/aruco_ros/share/aruco_ros/launch/marker_publisher.launch.py
-- Up-to-date: /home/rokae/workspace/rokae_ros2_sim2real/install/aruco_ros/share/ament_index/resource_index/package_run_dependencies/aruco_ros
-- Up-to-date: /home/rokae/workspace/rokae_ros2_sim2real/install/aruco_ros/share/ament_index/resource_index/parent_prefix_path/aruco_ros
-- Up-to-date: /home/rokae/workspace/rokae_ros2_sim2real/install/aruco_ros/share/aruco_ros/environment/ament_prefix_path.sh
-- Up-to-date: /home/rokae/workspace/rokae_ros2_sim2real/install/aruco_ros/share/aruco_ros/environment/ament_prefix_path.dsv
-- Up-to-date: /home/rokae/workspace/rokae_ros2_sim2real/install/aruco_ros/share/aruco_ros/environment/path.sh
-- Up-to-date: /home/rokae/workspace/rokae_ros2_sim2real/install/aruco_ros/share/aruco_ros/environment/path.dsv
-- Up-to-date: /home/rokae/workspace/rokae_ros2_sim2real/install/aruco_ros/share/aruco_ros/local_setup.bash
-- Up-to-date: /home/rokae/workspace/rokae_ros2_sim2real/install/aruco_ros/share/aruco_ros/local_setup.sh
-- Up-to-date: /home/rokae/workspace/rokae_ros2_sim2real/install/aruco_ros/share/aruco_ros/local_setup.zsh
-- Up-to-date: /home/rokae/workspace/rokae_ros2_sim2real/install/aruco_ros/share/aruco_ros/local_setup.dsv
-- Installing: /home/rokae/workspace/rokae_ros2_sim2real/install/aruco_ros/share/aruco_ros/package.dsv
-- Up-to-date: /home/rokae/workspace/rokae_ros2_sim2real/install/aruco_ros/share/ament_index/resource_index/packages/aruco_ros
-- Up-to-date: /home/rokae/workspace/rokae_ros2_sim2real/install/aruco_ros/share/aruco_ros/cmake/aruco_rosConfig.cmake
-- Up-to-date: /home/rokae/workspace/rokae_ros2_sim2real/install/aruco_ros/share/aruco_ros/cmake/aruco_rosConfig-version.cmake
-- Up-to-date: /home/rokae/workspace/rokae_ros2_sim2real/install/aruco_ros/share/aruco_ros/package.xml
