[35m[1mConsolidate compiler generated dependencies of target rokae_controller[0m
[ 16%] Built target read_robot_state
[ 33%] Built target read_force
[ 50%] Built target sdk_example
[ 66%] Built target move_example
[ 83%] Built target driver_pentu
[ 91%] [32mBuilding CXX object CMakeFiles/rokae_controller.dir/src/rokae_controller.cpp.o[0m
[01m[K/home/rokae/workspace/rokae_ros2_sim2real/src/robot_driver/rokae_driver/src/rokae_controller.cpp:157:13:[m[K [01;31m[Kerror: [m[K‘[01m[KTimeBase[m[K’ in namespace ‘[01m[Krclcpp[m[K’ does not name a type; did you mean ‘[01m[KTimerBase[m[K’?
  157 |     rclcpp::[01;31m[KTimeBase[m[K::SharedPtr timer_;
      |             [01;31m[K^~~~~~~~[m[K
      |             [32m[KTimerBase[m[K
[01m[K/home/rokae/workspace/rokae_ros2_sim2real/src/robot_driver/rokae_driver/src/rokae_controller.cpp:169:17:[m[K [01;31m[Kerror: [m[K‘[01m[KJointData[m[K’ was not declared in this scope
  169 |     std::vector<[01;31m[KJointData[m[K> joint_data;
      |                 [01;31m[K^~~~~~~~~[m[K
[01m[K/home/rokae/workspace/rokae_ros2_sim2real/src/robot_driver/rokae_driver/src/rokae_controller.cpp:169:26:[m[K [01;31m[Kerror: [m[Ktemplate argument 1 is invalid
  169 |     std::vector<JointData[01;31m[K>[m[K joint_data;
      |                          [01;31m[K^[m[K
[01m[K/home/rokae/workspace/rokae_ros2_sim2real/src/robot_driver/rokae_driver/src/rokae_controller.cpp:169:26:[m[K [01;31m[Kerror: [m[Ktemplate argument 2 is invalid
gmake[2]: *** [CMakeFiles/rokae_controller.dir/build.make:76：CMakeFiles/rokae_controller.dir/src/rokae_controller.cpp.o] 错误 1
gmake[1]: *** [CMakeFiles/Makefile2:251：CMakeFiles/rokae_controller.dir/all] 错误 2
gmake: *** [Makefile:146：all] 错误 2
