[0.074s] Invoking command in '/home/rokae/workspace/rokae_ros2_sim2real/build/rokae_udp_bridge': CMAKE_PREFIX_PATH=${CMAKE_PREFIX_PATH}:/home/rokae/workspace/rokae_ros2_sim2real/install/easy_handeye2_demo:/home/rokae/workspace/rokae_ros2_sim2real/install/easy_handeye2:/home/rokae/workspace/ws_moveit/install/moveit_configs_utils:/home/rokae/workspace/ws_moveit/install/launch_param_builder:/opt/ros/humble /usr/bin/cmake --build /home/rokae/workspace/rokae_ros2_sim2real/build/rokae_udp_bridge -- -j32 -l32
[0.191s] [35m[1mConsolidate compiler generated dependencies of target rokae_udp_bridge[0m
[0.255s] [100%] Built target rokae_udp_bridge
[0.303s] Invoked command in '/home/rokae/workspace/rokae_ros2_sim2real/build/rokae_udp_bridge' returned '0': CMAKE_PREFIX_PATH=${CMAKE_PREFIX_PATH}:/home/rokae/workspace/rokae_ros2_sim2real/install/easy_handeye2_demo:/home/rokae/workspace/rokae_ros2_sim2real/install/easy_handeye2:/home/rokae/workspace/ws_moveit/install/moveit_configs_utils:/home/rokae/workspace/ws_moveit/install/launch_param_builder:/opt/ros/humble /usr/bin/cmake --build /home/rokae/workspace/rokae_ros2_sim2real/build/rokae_udp_bridge -- -j32 -l32
[0.305s] Invoking command in '/home/rokae/workspace/rokae_ros2_sim2real/build/rokae_udp_bridge': CMAKE_PREFIX_PATH=${CMAKE_PREFIX_PATH}:/home/rokae/workspace/rokae_ros2_sim2real/install/easy_handeye2_demo:/home/rokae/workspace/rokae_ros2_sim2real/install/easy_handeye2:/home/rokae/workspace/ws_moveit/install/moveit_configs_utils:/home/rokae/workspace/ws_moveit/install/launch_param_builder:/opt/ros/humble /usr/bin/cmake --install /home/rokae/workspace/rokae_ros2_sim2real/build/rokae_udp_bridge
[0.327s] -- Install configuration: ""
[0.327s] -- Up-to-date: /home/rokae/workspace/rokae_ros2_sim2real/install/rokae_udp_bridge/lib/rokae_udp_bridge/rokae_udp_bridge
[0.328s] -- Up-to-date: /home/rokae/workspace/rokae_ros2_sim2real/install/rokae_udp_bridge/share/rokae_udp_bridge/launch
[0.328s] -- Installing: /home/rokae/workspace/rokae_ros2_sim2real/install/rokae_udp_bridge/share/rokae_udp_bridge/launch/config.yaml
[0.328s] -- Installing: /home/rokae/workspace/rokae_ros2_sim2real/install/rokae_udp_bridge/share/rokae_udp_bridge/launch/rokae_bridge.launch.py
[0.329s] -- Up-to-date: /home/rokae/workspace/rokae_ros2_sim2real/install/rokae_udp_bridge/share/ament_index/resource_index/package_run_dependencies/rokae_udp_bridge
[0.329s] -- Up-to-date: /home/rokae/workspace/rokae_ros2_sim2real/install/rokae_udp_bridge/share/ament_index/resource_index/parent_prefix_path/rokae_udp_bridge
[0.329s] -- Up-to-date: /home/rokae/workspace/rokae_ros2_sim2real/install/rokae_udp_bridge/share/rokae_udp_bridge/environment/ament_prefix_path.sh
[0.329s] -- Up-to-date: /home/rokae/workspace/rokae_ros2_sim2real/install/rokae_udp_bridge/share/rokae_udp_bridge/environment/ament_prefix_path.dsv
[0.330s] -- Up-to-date: /home/rokae/workspace/rokae_ros2_sim2real/install/rokae_udp_bridge/share/rokae_udp_bridge/environment/path.sh
[0.330s] -- Up-to-date: /home/rokae/workspace/rokae_ros2_sim2real/install/rokae_udp_bridge/share/rokae_udp_bridge/environment/path.dsv
[0.330s] -- Up-to-date: /home/rokae/workspace/rokae_ros2_sim2real/install/rokae_udp_bridge/share/rokae_udp_bridge/local_setup.bash
[0.330s] -- Up-to-date: /home/rokae/workspace/rokae_ros2_sim2real/install/rokae_udp_bridge/share/rokae_udp_bridge/local_setup.sh
[0.331s] -- Up-to-date: /home/rokae/workspace/rokae_ros2_sim2real/install/rokae_udp_bridge/share/rokae_udp_bridge/local_setup.zsh
[0.331s] -- Up-to-date: /home/rokae/workspace/rokae_ros2_sim2real/install/rokae_udp_bridge/share/rokae_udp_bridge/local_setup.dsv
[0.331s] -- Installing: /home/rokae/workspace/rokae_ros2_sim2real/install/rokae_udp_bridge/share/rokae_udp_bridge/package.dsv
[0.331s] -- Up-to-date: /home/rokae/workspace/rokae_ros2_sim2real/install/rokae_udp_bridge/share/ament_index/resource_index/packages/rokae_udp_bridge
[0.332s] -- Up-to-date: /home/rokae/workspace/rokae_ros2_sim2real/install/rokae_udp_bridge/share/rokae_udp_bridge/cmake/rokae_udp_bridgeConfig.cmake
[0.333s] -- Up-to-date: /home/rokae/workspace/rokae_ros2_sim2real/install/rokae_udp_bridge/share/rokae_udp_bridge/cmake/rokae_udp_bridgeConfig-version.cmake
[0.333s] -- Up-to-date: /home/rokae/workspace/rokae_ros2_sim2real/install/rokae_udp_bridge/share/rokae_udp_bridge/package.xml
[0.376s] Invoked command in '/home/rokae/workspace/rokae_ros2_sim2real/build/rokae_udp_bridge' returned '0': CMAKE_PREFIX_PATH=${CMAKE_PREFIX_PATH}:/home/rokae/workspace/rokae_ros2_sim2real/install/easy_handeye2_demo:/home/rokae/workspace/rokae_ros2_sim2real/install/easy_handeye2:/home/rokae/workspace/ws_moveit/install/moveit_configs_utils:/home/rokae/workspace/ws_moveit/install/launch_param_builder:/opt/ros/humble /usr/bin/cmake --install /home/rokae/workspace/rokae_ros2_sim2real/build/rokae_udp_bridge
