-- Found ament_cmake: 1.3.11 (/opt/ros/humble/share/ament_cmake/cmake)
-- Found rclcpp: 16.0.11 (/opt/ros/humble/share/rclcpp/cmake)
-- Found rosidl_generator_c: 3.1.6 (/opt/ros/humble/share/rosidl_generator_c/cmake)
-- Found rosidl_adapter: 3.1.6 (/opt/ros/humble/share/rosidl_adapter/cmake)
-- Found rosidl_generator_cpp: 3.1.6 (/opt/ros/humble/share/rosidl_generator_cpp/cmake)
-- Using all available rosidl_typesupport_c: rosidl_typesupport_fastrtps_c;rosidl_typesupport_introspection_c
-- Using all available rosidl_typesupport_cpp: rosidl_typesupport_fastrtps_cpp;rosidl_typesupport_introspection_cpp
-- Found rmw_implementation_cmake: 6.1.2 (/opt/ros/humble/share/rmw_implementation_cmake/cmake)
-- Found rmw_fastrtps_cpp: 6.2.7 (/opt/ros/humble/share/rmw_fastrtps_cpp/cmake)
-- Using RMW implementation 'rmw_fastrtps_cpp' as default
-- Found std_srvs: 4.2.4 (/opt/ros/humble/share/std_srvs/cmake)
-- Found geometry_msgs: 4.2.4 (/opt/ros/humble/share/geometry_msgs/cmake)
-- Found sensor_msgs: 4.2.4 (/opt/ros/humble/share/sensor_msgs/cmake)
-- Found trajectory_msgs: 4.2.4 (/opt/ros/humble/share/trajectory_msgs/cmake)
-- Found ament_lint_auto: 0.12.11 (/opt/ros/humble/share/ament_lint_auto/cmake)
-- Added test 'cppcheck' to perform static code analysis on C / C++ code
-- Configured cppcheck include dirs: /home/rokae/workspace/rokae_ros2_sim2real/src/robot_driver/rokae_driver/include
-- Configured cppcheck exclude dirs and/or files: 
-- Added test 'flake8' to check Python code syntax and style conventions
-- Added test 'lint_cmake' to check CMake code style
-- Added test 'pep257' to check Python code against some of the docstring style conventions in PEP 257
-- Added test 'uncrustify' to check C / C++ code style
-- Configured uncrustify additional arguments: 
-- Added test 'xmllint' to check XML markup files
-- Configuring done
-- Generating done
-- Build files have been written to: /home/rokae/workspace/rokae_ros2_sim2real/build/rokae_driver
[  3%] [34m[1mAutomatic MOC and UIC for target driver_pentu[0m
[  7%] [34m[1mAutomatic MOC and UIC for target read_robot_state[0m
[ 10%] [34m[1mAutomatic MOC and UIC for target My_joint_publisher_gui[0m
[ 17%] [34m[1mAutomatic MOC and UIC for target move_example[0m
[ 17%] [34m[1mAutomatic MOC and UIC for target read_force[0m
[ 21%] [34m[1mAutomatic MOC and UIC for target rokae_controller[0m
[ 25%] [34m[1mAutomatic MOC and UIC for target sdk_example[0m
[ 25%] Built target read_force_autogen
[ 25%] Built target move_example_autogen
[ 25%] Built target driver_pentu_autogen
[ 25%] Built target read_robot_state_autogen
[ 25%] Built target rokae_controller_autogen
[ 25%] Built target sdk_example_autogen
