[0.126s] Invoking command in '/home/rokae/workspace/rokae_ros2_sim2real/build/easy_handeye2_msgs': CMAKE_PREFIX_PATH=${CMAKE_PREFIX_PATH}:/home/rokae/workspace/ws_moveit/install/moveit_configs_utils:/home/rokae/workspace/ws_moveit/install/launch_param_builder:/opt/ros/humble /usr/bin/cmake --build /home/rokae/workspace/rokae_ros2_sim2real/build/easy_handeye2_msgs -- -j32 -l32
[0.376s] [  0%] Built target easy_handeye2_msgs__cpp
[0.410s] [ 12%] Built target easy_handeye2_msgs__rosidl_generator_c
[0.482s] [ 12%] Built target ament_cmake_python_copy_easy_handeye2_msgs
[0.496s] [ 24%] Built target easy_handeye2_msgs__rosidl_typesupport_cpp
[0.514s] [ 36%] Built target easy_handeye2_msgs__rosidl_typesupport_fastrtps_cpp
[0.519s] [ 48%] Built target easy_handeye2_msgs__rosidl_typesupport_introspection_cpp
[0.522s] [ 60%] Built target easy_handeye2_msgs__rosidl_typesupport_c
[0.525s] [ 81%] Built target easy_handeye2_msgs__rosidl_typesupport_introspection_c
[0.526s] [ 84%] Built target easy_handeye2_msgs__rosidl_typesupport_fastrtps_c
[0.594s] [ 84%] Built target easy_handeye2_msgs
[0.666s] [ 85%] Built target easy_handeye2_msgs__py
[0.798s] [ 96%] Built target easy_handeye2_msgs__rosidl_generator_py
[0.872s] [ 97%] Built target easy_handeye2_msgs__rosidl_typesupport_c__pyext
[0.892s] [ 98%] Built target easy_handeye2_msgs__rosidl_typesupport_fastrtps_c__pyext
[0.907s] [100%] Built target easy_handeye2_msgs__rosidl_typesupport_introspection_c__pyext
[1.018s] running egg_info
[1.020s] writing easy_handeye2_msgs.egg-info/PKG-INFO
[1.021s] writing dependency_links to easy_handeye2_msgs.egg-info/dependency_links.txt
[1.021s] writing top-level names to easy_handeye2_msgs.egg-info/top_level.txt
[1.030s] reading manifest file 'easy_handeye2_msgs.egg-info/SOURCES.txt'
[1.033s] writing manifest file 'easy_handeye2_msgs.egg-info/SOURCES.txt'
[1.096s] [100%] Built target ament_cmake_python_build_easy_handeye2_msgs_egg
[1.128s] Invoked command in '/home/rokae/workspace/rokae_ros2_sim2real/build/easy_handeye2_msgs' returned '0': CMAKE_PREFIX_PATH=${CMAKE_PREFIX_PATH}:/home/rokae/workspace/ws_moveit/install/moveit_configs_utils:/home/rokae/workspace/ws_moveit/install/launch_param_builder:/opt/ros/humble /usr/bin/cmake --build /home/rokae/workspace/rokae_ros2_sim2real/build/easy_handeye2_msgs -- -j32 -l32
[1.133s] Invoking command in '/home/rokae/workspace/rokae_ros2_sim2real/build/easy_handeye2_msgs': CMAKE_PREFIX_PATH=${CMAKE_PREFIX_PATH}:/home/rokae/workspace/ws_moveit/install/moveit_configs_utils:/home/rokae/workspace/ws_moveit/install/launch_param_builder:/opt/ros/humble /usr/bin/cmake --install /home/rokae/workspace/rokae_ros2_sim2real/build/easy_handeye2_msgs
[1.156s] -- Install configuration: "Release"
[1.156s] -- Up-to-date: /home/rokae/workspace/rokae_ros2_sim2real/install/easy_handeye2_msgs/share/ament_index/resource_index/rosidl_interfaces/easy_handeye2_msgs
[1.156s] -- Up-to-date: /home/rokae/workspace/rokae_ros2_sim2real/install/easy_handeye2_msgs/include/easy_handeye2_msgs/easy_handeye2_msgs
[1.157s] -- Up-to-date: /home/rokae/workspace/rokae_ros2_sim2real/install/easy_handeye2_msgs/include/easy_handeye2_msgs/easy_handeye2_msgs/msg
[1.157s] -- Up-to-date: /home/rokae/workspace/rokae_ros2_sim2real/install/easy_handeye2_msgs/include/easy_handeye2_msgs/easy_handeye2_msgs/msg/sample.h
[1.157s] -- Up-to-date: /home/rokae/workspace/rokae_ros2_sim2real/install/easy_handeye2_msgs/include/easy_handeye2_msgs/easy_handeye2_msgs/msg/handeye_calibration_parameters.h
[1.157s] -- Up-to-date: /home/rokae/workspace/rokae_ros2_sim2real/install/easy_handeye2_msgs/include/easy_handeye2_msgs/easy_handeye2_msgs/msg/rosidl_generator_c__visibility_control.h
[1.157s] -- Up-to-date: /home/rokae/workspace/rokae_ros2_sim2real/install/easy_handeye2_msgs/include/easy_handeye2_msgs/easy_handeye2_msgs/msg/detail
[1.158s] -- Up-to-date: /home/rokae/workspace/rokae_ros2_sim2real/install/easy_handeye2_msgs/include/easy_handeye2_msgs/easy_handeye2_msgs/msg/detail/handeye_calibration__struct.h
[1.158s] -- Up-to-date: /home/rokae/workspace/rokae_ros2_sim2real/install/easy_handeye2_msgs/include/easy_handeye2_msgs/easy_handeye2_msgs/msg/detail/handeye_calibration__functions.c
[1.158s] -- Up-to-date: /home/rokae/workspace/rokae_ros2_sim2real/install/easy_handeye2_msgs/include/easy_handeye2_msgs/easy_handeye2_msgs/msg/detail/handeye_calibration_parameters__functions.c
[1.158s] -- Up-to-date: /home/rokae/workspace/rokae_ros2_sim2real/install/easy_handeye2_msgs/include/easy_handeye2_msgs/easy_handeye2_msgs/msg/detail/sample__struct.h
[1.158s] -- Up-to-date: /home/rokae/workspace/rokae_ros2_sim2real/install/easy_handeye2_msgs/include/easy_handeye2_msgs/easy_handeye2_msgs/msg/detail/handeye_calibration__functions.h
[1.158s] -- Up-to-date: /home/rokae/workspace/rokae_ros2_sim2real/install/easy_handeye2_msgs/include/easy_handeye2_msgs/easy_handeye2_msgs/msg/detail/target_pose_list__struct.h
[1.159s] -- Up-to-date: /home/rokae/workspace/rokae_ros2_sim2real/install/easy_handeye2_msgs/include/easy_handeye2_msgs/easy_handeye2_msgs/msg/detail/sample__functions.c
[1.159s] -- Up-to-date: /home/rokae/workspace/rokae_ros2_sim2real/install/easy_handeye2_msgs/include/easy_handeye2_msgs/easy_handeye2_msgs/msg/detail/sample_list__functions.h
[1.159s] -- Up-to-date: /home/rokae/workspace/rokae_ros2_sim2real/install/easy_handeye2_msgs/include/easy_handeye2_msgs/easy_handeye2_msgs/msg/detail/sample__functions.h
[1.159s] -- Up-to-date: /home/rokae/workspace/rokae_ros2_sim2real/install/easy_handeye2_msgs/include/easy_handeye2_msgs/easy_handeye2_msgs/msg/detail/sample__type_support.h
[1.159s] -- Up-to-date: /home/rokae/workspace/rokae_ros2_sim2real/install/easy_handeye2_msgs/include/easy_handeye2_msgs/easy_handeye2_msgs/msg/detail/sample_list__struct.h
[1.160s] -- Up-to-date: /home/rokae/workspace/rokae_ros2_sim2real/install/easy_handeye2_msgs/include/easy_handeye2_msgs/easy_handeye2_msgs/msg/detail/sample_list__type_support.h
[1.160s] -- Up-to-date: /home/rokae/workspace/rokae_ros2_sim2real/install/easy_handeye2_msgs/include/easy_handeye2_msgs/easy_handeye2_msgs/msg/detail/target_pose_list__functions.h
[1.160s] -- Up-to-date: /home/rokae/workspace/rokae_ros2_sim2real/install/easy_handeye2_msgs/include/easy_handeye2_msgs/easy_handeye2_msgs/msg/detail/target_pose_list__functions.c
[1.160s] -- Up-to-date: /home/rokae/workspace/rokae_ros2_sim2real/install/easy_handeye2_msgs/include/easy_handeye2_msgs/easy_handeye2_msgs/msg/detail/handeye_calibration_parameters__type_support.h
[1.160s] -- Up-to-date: /home/rokae/workspace/rokae_ros2_sim2real/install/easy_handeye2_msgs/include/easy_handeye2_msgs/easy_handeye2_msgs/msg/detail/handeye_calibration_parameters__functions.h
[1.160s] -- Up-to-date: /home/rokae/workspace/rokae_ros2_sim2real/install/easy_handeye2_msgs/include/easy_handeye2_msgs/easy_handeye2_msgs/msg/detail/handeye_calibration__type_support.h
[1.160s] -- Up-to-date: /home/rokae/workspace/rokae_ros2_sim2real/install/easy_handeye2_msgs/include/easy_handeye2_msgs/easy_handeye2_msgs/msg/detail/sample_list__functions.c
[1.160s] -- Up-to-date: /home/rokae/workspace/rokae_ros2_sim2real/install/easy_handeye2_msgs/include/easy_handeye2_msgs/easy_handeye2_msgs/msg/detail/handeye_calibration_parameters__struct.h
[1.161s] -- Up-to-date: /home/rokae/workspace/rokae_ros2_sim2real/install/easy_handeye2_msgs/include/easy_handeye2_msgs/easy_handeye2_msgs/msg/detail/target_pose_list__type_support.h
[1.161s] -- Up-to-date: /home/rokae/workspace/rokae_ros2_sim2real/install/easy_handeye2_msgs/include/easy_handeye2_msgs/easy_handeye2_msgs/msg/target_pose_list.h
[1.161s] -- Up-to-date: /home/rokae/workspace/rokae_ros2_sim2real/install/easy_handeye2_msgs/include/easy_handeye2_msgs/easy_handeye2_msgs/msg/sample_list.h
[1.161s] -- Up-to-date: /home/rokae/workspace/rokae_ros2_sim2real/install/easy_handeye2_msgs/include/easy_handeye2_msgs/easy_handeye2_msgs/msg/handeye_calibration.h
[1.161s] -- Up-to-date: /home/rokae/workspace/rokae_ros2_sim2real/install/easy_handeye2_msgs/include/easy_handeye2_msgs/easy_handeye2_msgs/srv
[1.161s] -- Up-to-date: /home/rokae/workspace/rokae_ros2_sim2real/install/easy_handeye2_msgs/include/easy_handeye2_msgs/easy_handeye2_msgs/srv/remove_sample.h
[1.161s] -- Up-to-date: /home/rokae/workspace/rokae_ros2_sim2real/install/easy_handeye2_msgs/include/easy_handeye2_msgs/easy_handeye2_msgs/srv/load_samples.h
[1.161s] -- Up-to-date: /home/rokae/workspace/rokae_ros2_sim2real/install/easy_handeye2_msgs/include/easy_handeye2_msgs/easy_handeye2_msgs/srv/take_sample.h
[1.162s] -- Up-to-date: /home/rokae/workspace/rokae_ros2_sim2real/install/easy_handeye2_msgs/include/easy_handeye2_msgs/easy_handeye2_msgs/srv/save_samples.h
[1.162s] -- Up-to-date: /home/rokae/workspace/rokae_ros2_sim2real/install/easy_handeye2_msgs/include/easy_handeye2_msgs/easy_handeye2_msgs/srv/check_starting_pose.h
[1.162s] -- Up-to-date: /home/rokae/workspace/rokae_ros2_sim2real/install/easy_handeye2_msgs/include/easy_handeye2_msgs/easy_handeye2_msgs/srv/select_target_pose.h
[1.162s] -- Up-to-date: /home/rokae/workspace/rokae_ros2_sim2real/install/easy_handeye2_msgs/include/easy_handeye2_msgs/easy_handeye2_msgs/srv/compute_calibration.h
[1.162s] -- Up-to-date: /home/rokae/workspace/rokae_ros2_sim2real/install/easy_handeye2_msgs/include/easy_handeye2_msgs/easy_handeye2_msgs/srv/detail
[1.162s] -- Up-to-date: /home/rokae/workspace/rokae_ros2_sim2real/install/easy_handeye2_msgs/include/easy_handeye2_msgs/easy_handeye2_msgs/srv/detail/remove_sample__functions.h
[1.162s] -- Up-to-date: /home/rokae/workspace/rokae_ros2_sim2real/install/easy_handeye2_msgs/include/easy_handeye2_msgs/easy_handeye2_msgs/srv/detail/check_starting_pose__functions.c
[1.162s] -- Up-to-date: /home/rokae/workspace/rokae_ros2_sim2real/install/easy_handeye2_msgs/include/easy_handeye2_msgs/easy_handeye2_msgs/srv/detail/select_target_pose__struct.h
[1.163s] -- Up-to-date: /home/rokae/workspace/rokae_ros2_sim2real/install/easy_handeye2_msgs/include/easy_handeye2_msgs/easy_handeye2_msgs/srv/detail/execute_plan__type_support.h
[1.163s] -- Up-to-date: /home/rokae/workspace/rokae_ros2_sim2real/install/easy_handeye2_msgs/include/easy_handeye2_msgs/easy_handeye2_msgs/srv/detail/save_samples__functions.h
[1.163s] -- Up-to-date: /home/rokae/workspace/rokae_ros2_sim2real/install/easy_handeye2_msgs/include/easy_handeye2_msgs/easy_handeye2_msgs/srv/detail/save_calibration__functions.c
[1.163s] -- Up-to-date: /home/rokae/workspace/rokae_ros2_sim2real/install/easy_handeye2_msgs/include/easy_handeye2_msgs/easy_handeye2_msgs/srv/detail/save_samples__functions.c
[1.163s] -- Up-to-date: /home/rokae/workspace/rokae_ros2_sim2real/install/easy_handeye2_msgs/include/easy_handeye2_msgs/easy_handeye2_msgs/srv/detail/check_starting_pose__struct.h
[1.163s] -- Up-to-date: /home/rokae/workspace/rokae_ros2_sim2real/install/easy_handeye2_msgs/include/easy_handeye2_msgs/easy_handeye2_msgs/srv/detail/plan_to_selected_target_pose__type_support.h
[1.163s] -- Up-to-date: /home/rokae/workspace/rokae_ros2_sim2real/install/easy_handeye2_msgs/include/easy_handeye2_msgs/easy_handeye2_msgs/srv/detail/save_calibration__functions.h
[1.163s] -- Up-to-date: /home/rokae/workspace/rokae_ros2_sim2real/install/easy_handeye2_msgs/include/easy_handeye2_msgs/easy_handeye2_msgs/srv/detail/save_calibration__struct.h
[1.163s] -- Up-to-date: /home/rokae/workspace/rokae_ros2_sim2real/install/easy_handeye2_msgs/include/easy_handeye2_msgs/easy_handeye2_msgs/srv/detail/load_samples__functions.h
[1.163s] -- Up-to-date: /home/rokae/workspace/rokae_ros2_sim2real/install/easy_handeye2_msgs/include/easy_handeye2_msgs/easy_handeye2_msgs/srv/detail/compute_calibration__struct.h
[1.164s] -- Up-to-date: /home/rokae/workspace/rokae_ros2_sim2real/install/easy_handeye2_msgs/include/easy_handeye2_msgs/easy_handeye2_msgs/srv/detail/take_sample__type_support.h
[1.164s] -- Up-to-date: /home/rokae/workspace/rokae_ros2_sim2real/install/easy_handeye2_msgs/include/easy_handeye2_msgs/easy_handeye2_msgs/srv/detail/enumerate_target_poses__functions.h
[1.164s] -- Up-to-date: /home/rokae/workspace/rokae_ros2_sim2real/install/easy_handeye2_msgs/include/easy_handeye2_msgs/easy_handeye2_msgs/srv/detail/take_sample__struct.h
[1.164s] -- Up-to-date: /home/rokae/workspace/rokae_ros2_sim2real/install/easy_handeye2_msgs/include/easy_handeye2_msgs/easy_handeye2_msgs/srv/detail/take_sample__functions.h
[1.164s] -- Up-to-date: /home/rokae/workspace/rokae_ros2_sim2real/install/easy_handeye2_msgs/include/easy_handeye2_msgs/easy_handeye2_msgs/srv/detail/select_target_pose__type_support.h
[1.164s] -- Up-to-date: /home/rokae/workspace/rokae_ros2_sim2real/install/easy_handeye2_msgs/include/easy_handeye2_msgs/easy_handeye2_msgs/srv/detail/select_target_pose__functions.h
[1.164s] -- Up-to-date: /home/rokae/workspace/rokae_ros2_sim2real/install/easy_handeye2_msgs/include/easy_handeye2_msgs/easy_handeye2_msgs/srv/detail/set_algorithm__type_support.h
[1.164s] -- Up-to-date: /home/rokae/workspace/rokae_ros2_sim2real/install/easy_handeye2_msgs/include/easy_handeye2_msgs/easy_handeye2_msgs/srv/detail/load_samples__type_support.h
[1.164s] -- Up-to-date: /home/rokae/workspace/rokae_ros2_sim2real/install/easy_handeye2_msgs/include/easy_handeye2_msgs/easy_handeye2_msgs/srv/detail/execute_plan__struct.h
[1.165s] -- Up-to-date: /home/rokae/workspace/rokae_ros2_sim2real/install/easy_handeye2_msgs/include/easy_handeye2_msgs/easy_handeye2_msgs/srv/detail/list_algorithms__functions.h
[1.165s] -- Up-to-date: /home/rokae/workspace/rokae_ros2_sim2real/install/easy_handeye2_msgs/include/easy_handeye2_msgs/easy_handeye2_msgs/srv/detail/plan_to_selected_target_pose__struct.h
[1.165s] -- Up-to-date: /home/rokae/workspace/rokae_ros2_sim2real/install/easy_handeye2_msgs/include/easy_handeye2_msgs/easy_handeye2_msgs/srv/detail/enumerate_target_poses__type_support.h
[1.165s] -- Up-to-date: /home/rokae/workspace/rokae_ros2_sim2real/install/easy_handeye2_msgs/include/easy_handeye2_msgs/easy_handeye2_msgs/srv/detail/set_algorithm__functions.h
[1.165s] -- Up-to-date: /home/rokae/workspace/rokae_ros2_sim2real/install/easy_handeye2_msgs/include/easy_handeye2_msgs/easy_handeye2_msgs/srv/detail/plan_to_selected_target_pose__functions.h
[1.165s] -- Up-to-date: /home/rokae/workspace/rokae_ros2_sim2real/install/easy_handeye2_msgs/include/easy_handeye2_msgs/easy_handeye2_msgs/srv/detail/enumerate_target_poses__functions.c
[1.165s] -- Up-to-date: /home/rokae/workspace/rokae_ros2_sim2real/install/easy_handeye2_msgs/include/easy_handeye2_msgs/easy_handeye2_msgs/srv/detail/select_target_pose__functions.c
[1.165s] -- Up-to-date: /home/rokae/workspace/rokae_ros2_sim2real/install/easy_handeye2_msgs/include/easy_handeye2_msgs/easy_handeye2_msgs/srv/detail/save_samples__type_support.h
[1.165s] -- Up-to-date: /home/rokae/workspace/rokae_ros2_sim2real/install/easy_handeye2_msgs/include/easy_handeye2_msgs/easy_handeye2_msgs/srv/detail/execute_plan__functions.h
[1.165s] -- Up-to-date: /home/rokae/workspace/rokae_ros2_sim2real/install/easy_handeye2_msgs/include/easy_handeye2_msgs/easy_handeye2_msgs/srv/detail/remove_sample__struct.h
[1.166s] -- Up-to-date: /home/rokae/workspace/rokae_ros2_sim2real/install/easy_handeye2_msgs/include/easy_handeye2_msgs/easy_handeye2_msgs/srv/detail/set_algorithm__functions.c
[1.166s] -- Up-to-date: /home/rokae/workspace/rokae_ros2_sim2real/install/easy_handeye2_msgs/include/easy_handeye2_msgs/easy_handeye2_msgs/srv/detail/load_samples__functions.c
[1.166s] -- Up-to-date: /home/rokae/workspace/rokae_ros2_sim2real/install/easy_handeye2_msgs/include/easy_handeye2_msgs/easy_handeye2_msgs/srv/detail/plan_to_selected_target_pose__functions.c
[1.166s] -- Up-to-date: /home/rokae/workspace/rokae_ros2_sim2real/install/easy_handeye2_msgs/include/easy_handeye2_msgs/easy_handeye2_msgs/srv/detail/check_starting_pose__type_support.h
[1.166s] -- Up-to-date: /home/rokae/workspace/rokae_ros2_sim2real/install/easy_handeye2_msgs/include/easy_handeye2_msgs/easy_handeye2_msgs/srv/detail/list_algorithms__struct.h
[1.166s] -- Up-to-date: /home/rokae/workspace/rokae_ros2_sim2real/install/easy_handeye2_msgs/include/easy_handeye2_msgs/easy_handeye2_msgs/srv/detail/load_samples__struct.h
[1.166s] -- Up-to-date: /home/rokae/workspace/rokae_ros2_sim2real/install/easy_handeye2_msgs/include/easy_handeye2_msgs/easy_handeye2_msgs/srv/detail/save_calibration__type_support.h
[1.166s] -- Up-to-date: /home/rokae/workspace/rokae_ros2_sim2real/install/easy_handeye2_msgs/include/easy_handeye2_msgs/easy_handeye2_msgs/srv/detail/execute_plan__functions.c
[1.166s] -- Up-to-date: /home/rokae/workspace/rokae_ros2_sim2real/install/easy_handeye2_msgs/include/easy_handeye2_msgs/easy_handeye2_msgs/srv/detail/take_sample__functions.c
[1.166s] -- Up-to-date: /home/rokae/workspace/rokae_ros2_sim2real/install/easy_handeye2_msgs/include/easy_handeye2_msgs/easy_handeye2_msgs/srv/detail/set_algorithm__struct.h
[1.167s] -- Up-to-date: /home/rokae/workspace/rokae_ros2_sim2real/install/easy_handeye2_msgs/include/easy_handeye2_msgs/easy_handeye2_msgs/srv/detail/check_starting_pose__functions.h
[1.167s] -- Up-to-date: /home/rokae/workspace/rokae_ros2_sim2real/install/easy_handeye2_msgs/include/easy_handeye2_msgs/easy_handeye2_msgs/srv/detail/compute_calibration__functions.c
[1.167s] -- Up-to-date: /home/rokae/workspace/rokae_ros2_sim2real/install/easy_handeye2_msgs/include/easy_handeye2_msgs/easy_handeye2_msgs/srv/detail/save_samples__struct.h
[1.167s] -- Up-to-date: /home/rokae/workspace/rokae_ros2_sim2real/install/easy_handeye2_msgs/include/easy_handeye2_msgs/easy_handeye2_msgs/srv/detail/list_algorithms__type_support.h
[1.167s] -- Up-to-date: /home/rokae/workspace/rokae_ros2_sim2real/install/easy_handeye2_msgs/include/easy_handeye2_msgs/easy_handeye2_msgs/srv/detail/enumerate_target_poses__struct.h
[1.167s] -- Up-to-date: /home/rokae/workspace/rokae_ros2_sim2real/install/easy_handeye2_msgs/include/easy_handeye2_msgs/easy_handeye2_msgs/srv/detail/remove_sample__type_support.h
[1.167s] -- Up-to-date: /home/rokae/workspace/rokae_ros2_sim2real/install/easy_handeye2_msgs/include/easy_handeye2_msgs/easy_handeye2_msgs/srv/detail/compute_calibration__type_support.h
[1.167s] -- Up-to-date: /home/rokae/workspace/rokae_ros2_sim2real/install/easy_handeye2_msgs/include/easy_handeye2_msgs/easy_handeye2_msgs/srv/detail/compute_calibration__functions.h
[1.168s] -- Up-to-date: /home/rokae/workspace/rokae_ros2_sim2real/install/easy_handeye2_msgs/include/easy_handeye2_msgs/easy_handeye2_msgs/srv/detail/list_algorithms__functions.c
[1.168s] -- Up-to-date: /home/rokae/workspace/rokae_ros2_sim2real/install/easy_handeye2_msgs/include/easy_handeye2_msgs/easy_handeye2_msgs/srv/detail/remove_sample__functions.c
[1.168s] -- Up-to-date: /home/rokae/workspace/rokae_ros2_sim2real/install/easy_handeye2_msgs/include/easy_handeye2_msgs/easy_handeye2_msgs/srv/plan_to_selected_target_pose.h
[1.168s] -- Up-to-date: /home/rokae/workspace/rokae_ros2_sim2real/install/easy_handeye2_msgs/include/easy_handeye2_msgs/easy_handeye2_msgs/srv/enumerate_target_poses.h
[1.168s] -- Up-to-date: /home/rokae/workspace/rokae_ros2_sim2real/install/easy_handeye2_msgs/include/easy_handeye2_msgs/easy_handeye2_msgs/srv/execute_plan.h
[1.168s] -- Up-to-date: /home/rokae/workspace/rokae_ros2_sim2real/install/easy_handeye2_msgs/include/easy_handeye2_msgs/easy_handeye2_msgs/srv/list_algorithms.h
[1.168s] -- Up-to-date: /home/rokae/workspace/rokae_ros2_sim2real/install/easy_handeye2_msgs/include/easy_handeye2_msgs/easy_handeye2_msgs/srv/save_calibration.h
[1.168s] -- Up-to-date: /home/rokae/workspace/rokae_ros2_sim2real/install/easy_handeye2_msgs/include/easy_handeye2_msgs/easy_handeye2_msgs/srv/set_algorithm.h
[1.168s] -- Up-to-date: /home/rokae/workspace/rokae_ros2_sim2real/install/easy_handeye2_msgs/share/easy_handeye2_msgs/environment/library_path.sh
[1.168s] -- Up-to-date: /home/rokae/workspace/rokae_ros2_sim2real/install/easy_handeye2_msgs/share/easy_handeye2_msgs/environment/library_path.dsv
[1.179s] -- Up-to-date: /home/rokae/workspace/rokae_ros2_sim2real/install/easy_handeye2_msgs/lib/libeasy_handeye2_msgs__rosidl_generator_c.so
[1.180s] -- Up-to-date: /home/rokae/workspace/rokae_ros2_sim2real/install/easy_handeye2_msgs/include/easy_handeye2_msgs/easy_handeye2_msgs
[1.180s] -- Up-to-date: /home/rokae/workspace/rokae_ros2_sim2real/install/easy_handeye2_msgs/include/easy_handeye2_msgs/easy_handeye2_msgs/msg
[1.180s] -- Up-to-date: /home/rokae/workspace/rokae_ros2_sim2real/install/easy_handeye2_msgs/include/easy_handeye2_msgs/easy_handeye2_msgs/msg/detail
[1.180s] -- Up-to-date: /home/rokae/workspace/rokae_ros2_sim2real/install/easy_handeye2_msgs/include/easy_handeye2_msgs/easy_handeye2_msgs/msg/detail/target_pose_list__rosidl_typesupport_fastrtps_c.h
[1.184s] -- Up-to-date: /home/rokae/workspace/rokae_ros2_sim2real/install/easy_handeye2_msgs/include/easy_handeye2_msgs/easy_handeye2_msgs/msg/detail/handeye_calibration__rosidl_typesupport_fastrtps_c.h
[1.184s] -- Up-to-date: /home/rokae/workspace/rokae_ros2_sim2real/install/easy_handeye2_msgs/include/easy_handeye2_msgs/easy_handeye2_msgs/msg/detail/sample__rosidl_typesupport_fastrtps_c.h
[1.184s] -- Up-to-date: /home/rokae/workspace/rokae_ros2_sim2real/install/easy_handeye2_msgs/include/easy_handeye2_msgs/easy_handeye2_msgs/msg/detail/sample_list__rosidl_typesupport_fastrtps_c.h
[1.184s] -- Up-to-date: /home/rokae/workspace/rokae_ros2_sim2real/install/easy_handeye2_msgs/include/easy_handeye2_msgs/easy_handeye2_msgs/msg/detail/handeye_calibration_parameters__rosidl_typesupport_fastrtps_c.h
[1.184s] -- Up-to-date: /home/rokae/workspace/rokae_ros2_sim2real/install/easy_handeye2_msgs/include/easy_handeye2_msgs/easy_handeye2_msgs/msg/rosidl_typesupport_fastrtps_c__visibility_control.h
[1.184s] -- Up-to-date: /home/rokae/workspace/rokae_ros2_sim2real/install/easy_handeye2_msgs/include/easy_handeye2_msgs/easy_handeye2_msgs/srv
[1.185s] -- Up-to-date: /home/rokae/workspace/rokae_ros2_sim2real/install/easy_handeye2_msgs/include/easy_handeye2_msgs/easy_handeye2_msgs/srv/detail
[1.185s] -- Up-to-date: /home/rokae/workspace/rokae_ros2_sim2real/install/easy_handeye2_msgs/include/easy_handeye2_msgs/easy_handeye2_msgs/srv/detail/load_samples__rosidl_typesupport_fastrtps_c.h
[1.185s] -- Up-to-date: /home/rokae/workspace/rokae_ros2_sim2real/install/easy_handeye2_msgs/include/easy_handeye2_msgs/easy_handeye2_msgs/srv/detail/check_starting_pose__rosidl_typesupport_fastrtps_c.h
[1.185s] -- Up-to-date: /home/rokae/workspace/rokae_ros2_sim2real/install/easy_handeye2_msgs/include/easy_handeye2_msgs/easy_handeye2_msgs/srv/detail/remove_sample__rosidl_typesupport_fastrtps_c.h
[1.185s] -- Up-to-date: /home/rokae/workspace/rokae_ros2_sim2real/install/easy_handeye2_msgs/include/easy_handeye2_msgs/easy_handeye2_msgs/srv/detail/set_algorithm__rosidl_typesupport_fastrtps_c.h
[1.186s] -- Up-to-date: /home/rokae/workspace/rokae_ros2_sim2real/install/easy_handeye2_msgs/include/easy_handeye2_msgs/easy_handeye2_msgs/srv/detail/take_sample__rosidl_typesupport_fastrtps_c.h
[1.186s] -- Up-to-date: /home/rokae/workspace/rokae_ros2_sim2real/install/easy_handeye2_msgs/include/easy_handeye2_msgs/easy_handeye2_msgs/srv/detail/save_calibration__rosidl_typesupport_fastrtps_c.h
[1.186s] -- Up-to-date: /home/rokae/workspace/rokae_ros2_sim2real/install/easy_handeye2_msgs/include/easy_handeye2_msgs/easy_handeye2_msgs/srv/detail/select_target_pose__rosidl_typesupport_fastrtps_c.h
[1.186s] -- Up-to-date: /home/rokae/workspace/rokae_ros2_sim2real/install/easy_handeye2_msgs/include/easy_handeye2_msgs/easy_handeye2_msgs/srv/detail/execute_plan__rosidl_typesupport_fastrtps_c.h
[1.186s] -- Up-to-date: /home/rokae/workspace/rokae_ros2_sim2real/install/easy_handeye2_msgs/include/easy_handeye2_msgs/easy_handeye2_msgs/srv/detail/compute_calibration__rosidl_typesupport_fastrtps_c.h
[1.186s] -- Up-to-date: /home/rokae/workspace/rokae_ros2_sim2real/install/easy_handeye2_msgs/include/easy_handeye2_msgs/easy_handeye2_msgs/srv/detail/list_algorithms__rosidl_typesupport_fastrtps_c.h
[1.186s] -- Up-to-date: /home/rokae/workspace/rokae_ros2_sim2real/install/easy_handeye2_msgs/include/easy_handeye2_msgs/easy_handeye2_msgs/srv/detail/save_samples__rosidl_typesupport_fastrtps_c.h
[1.187s] -- Up-to-date: /home/rokae/workspace/rokae_ros2_sim2real/install/easy_handeye2_msgs/include/easy_handeye2_msgs/easy_handeye2_msgs/srv/detail/plan_to_selected_target_pose__rosidl_typesupport_fastrtps_c.h
[1.187s] -- Up-to-date: /home/rokae/workspace/rokae_ros2_sim2real/install/easy_handeye2_msgs/include/easy_handeye2_msgs/easy_handeye2_msgs/srv/detail/enumerate_target_poses__rosidl_typesupport_fastrtps_c.h
[1.201s] -- Up-to-date: /home/rokae/workspace/rokae_ros2_sim2real/install/easy_handeye2_msgs/lib/libeasy_handeye2_msgs__rosidl_typesupport_fastrtps_c.so
[1.202s] -- Up-to-date: /home/rokae/workspace/rokae_ros2_sim2real/install/easy_handeye2_msgs/include/easy_handeye2_msgs/easy_handeye2_msgs
[1.202s] -- Up-to-date: /home/rokae/workspace/rokae_ros2_sim2real/install/easy_handeye2_msgs/include/easy_handeye2_msgs/easy_handeye2_msgs/msg
[1.202s] -- Up-to-date: /home/rokae/workspace/rokae_ros2_sim2real/install/easy_handeye2_msgs/include/easy_handeye2_msgs/easy_handeye2_msgs/msg/rosidl_typesupport_introspection_c__visibility_control.h
[1.203s] -- Up-to-date: /home/rokae/workspace/rokae_ros2_sim2real/install/easy_handeye2_msgs/include/easy_handeye2_msgs/easy_handeye2_msgs/msg/detail
[1.203s] -- Up-to-date: /home/rokae/workspace/rokae_ros2_sim2real/install/easy_handeye2_msgs/include/easy_handeye2_msgs/easy_handeye2_msgs/msg/detail/sample_list__rosidl_typesupport_introspection_c.h
[1.203s] -- Up-to-date: /home/rokae/workspace/rokae_ros2_sim2real/install/easy_handeye2_msgs/include/easy_handeye2_msgs/easy_handeye2_msgs/msg/detail/handeye_calibration_parameters__type_support.c
[1.203s] -- Up-to-date: /home/rokae/workspace/rokae_ros2_sim2real/install/easy_handeye2_msgs/include/easy_handeye2_msgs/easy_handeye2_msgs/msg/detail/handeye_calibration__type_support.c
[1.203s] -- Up-to-date: /home/rokae/workspace/rokae_ros2_sim2real/install/easy_handeye2_msgs/include/easy_handeye2_msgs/easy_handeye2_msgs/msg/detail/target_pose_list__rosidl_typesupport_introspection_c.h
[1.203s] -- Up-to-date: /home/rokae/workspace/rokae_ros2_sim2real/install/easy_handeye2_msgs/include/easy_handeye2_msgs/easy_handeye2_msgs/msg/detail/handeye_calibration_parameters__rosidl_typesupport_introspection_c.h
[1.203s] -- Up-to-date: /home/rokae/workspace/rokae_ros2_sim2real/install/easy_handeye2_msgs/include/easy_handeye2_msgs/easy_handeye2_msgs/msg/detail/sample__type_support.c
[1.204s] -- Up-to-date: /home/rokae/workspace/rokae_ros2_sim2real/install/easy_handeye2_msgs/include/easy_handeye2_msgs/easy_handeye2_msgs/msg/detail/handeye_calibration__rosidl_typesupport_introspection_c.h
[1.204s] -- Up-to-date: /home/rokae/workspace/rokae_ros2_sim2real/install/easy_handeye2_msgs/include/easy_handeye2_msgs/easy_handeye2_msgs/msg/detail/sample_list__type_support.c
[1.204s] -- Up-to-date: /home/rokae/workspace/rokae_ros2_sim2real/install/easy_handeye2_msgs/include/easy_handeye2_msgs/easy_handeye2_msgs/msg/detail/target_pose_list__type_support.c
[1.205s] -- Up-to-date: /home/rokae/workspace/rokae_ros2_sim2real/install/easy_handeye2_msgs/include/easy_handeye2_msgs/easy_handeye2_msgs/msg/detail/sample__rosidl_typesupport_introspection_c.h
[1.205s] -- Up-to-date: /home/rokae/workspace/rokae_ros2_sim2real/install/easy_handeye2_msgs/include/easy_handeye2_msgs/easy_handeye2_msgs/srv
[1.205s] -- Up-to-date: /home/rokae/workspace/rokae_ros2_sim2real/install/easy_handeye2_msgs/include/easy_handeye2_msgs/easy_handeye2_msgs/srv/detail
[1.205s] -- Up-to-date: /home/rokae/workspace/rokae_ros2_sim2real/install/easy_handeye2_msgs/include/easy_handeye2_msgs/easy_handeye2_msgs/srv/detail/enumerate_target_poses__rosidl_typesupport_introspection_c.h
[1.205s] -- Up-to-date: /home/rokae/workspace/rokae_ros2_sim2real/install/easy_handeye2_msgs/include/easy_handeye2_msgs/easy_handeye2_msgs/srv/detail/list_algorithms__rosidl_typesupport_introspection_c.h
[1.205s] -- Up-to-date: /home/rokae/workspace/rokae_ros2_sim2real/install/easy_handeye2_msgs/include/easy_handeye2_msgs/easy_handeye2_msgs/srv/detail/compute_calibration__type_support.c
[1.205s] -- Up-to-date: /home/rokae/workspace/rokae_ros2_sim2real/install/easy_handeye2_msgs/include/easy_handeye2_msgs/easy_handeye2_msgs/srv/detail/save_samples__rosidl_typesupport_introspection_c.h
[1.205s] -- Up-to-date: /home/rokae/workspace/rokae_ros2_sim2real/install/easy_handeye2_msgs/include/easy_handeye2_msgs/easy_handeye2_msgs/srv/detail/list_algorithms__type_support.c
[1.205s] -- Up-to-date: /home/rokae/workspace/rokae_ros2_sim2real/install/easy_handeye2_msgs/include/easy_handeye2_msgs/easy_handeye2_msgs/srv/detail/load_samples__rosidl_typesupport_introspection_c.h
[1.205s] -- Up-to-date: /home/rokae/workspace/rokae_ros2_sim2real/install/easy_handeye2_msgs/include/easy_handeye2_msgs/easy_handeye2_msgs/srv/detail/enumerate_target_poses__type_support.c
[1.205s] -- Up-to-date: /home/rokae/workspace/rokae_ros2_sim2real/install/easy_handeye2_msgs/include/easy_handeye2_msgs/easy_handeye2_msgs/srv/detail/execute_plan__type_support.c
[1.206s] -- Up-to-date: /home/rokae/workspace/rokae_ros2_sim2real/install/easy_handeye2_msgs/include/easy_handeye2_msgs/easy_handeye2_msgs/srv/detail/set_algorithm__type_support.c
[1.206s] -- Up-to-date: /home/rokae/workspace/rokae_ros2_sim2real/install/easy_handeye2_msgs/include/easy_handeye2_msgs/easy_handeye2_msgs/srv/detail/remove_sample__type_support.c
[1.206s] -- Up-to-date: /home/rokae/workspace/rokae_ros2_sim2real/install/easy_handeye2_msgs/include/easy_handeye2_msgs/easy_handeye2_msgs/srv/detail/save_samples__type_support.c
[1.206s] -- Up-to-date: /home/rokae/workspace/rokae_ros2_sim2real/install/easy_handeye2_msgs/include/easy_handeye2_msgs/easy_handeye2_msgs/srv/detail/compute_calibration__rosidl_typesupport_introspection_c.h
[1.206s] -- Up-to-date: /home/rokae/workspace/rokae_ros2_sim2real/install/easy_handeye2_msgs/include/easy_handeye2_msgs/easy_handeye2_msgs/srv/detail/select_target_pose__rosidl_typesupport_introspection_c.h
[1.206s] -- Up-to-date: /home/rokae/workspace/rokae_ros2_sim2real/install/easy_handeye2_msgs/include/easy_handeye2_msgs/easy_handeye2_msgs/srv/detail/plan_to_selected_target_pose__type_support.c
[1.206s] -- Up-to-date: /home/rokae/workspace/rokae_ros2_sim2real/install/easy_handeye2_msgs/include/easy_handeye2_msgs/easy_handeye2_msgs/srv/detail/load_samples__type_support.c
[1.207s] -- Up-to-date: /home/rokae/workspace/rokae_ros2_sim2real/install/easy_handeye2_msgs/include/easy_handeye2_msgs/easy_handeye2_msgs/srv/detail/save_calibration__rosidl_typesupport_introspection_c.h
[1.207s] -- Up-to-date: /home/rokae/workspace/rokae_ros2_sim2real/install/easy_handeye2_msgs/include/easy_handeye2_msgs/easy_handeye2_msgs/srv/detail/set_algorithm__rosidl_typesupport_introspection_c.h
[1.207s] -- Up-to-date: /home/rokae/workspace/rokae_ros2_sim2real/install/easy_handeye2_msgs/include/easy_handeye2_msgs/easy_handeye2_msgs/srv/detail/take_sample__rosidl_typesupport_introspection_c.h
[1.207s] -- Up-to-date: /home/rokae/workspace/rokae_ros2_sim2real/install/easy_handeye2_msgs/include/easy_handeye2_msgs/easy_handeye2_msgs/srv/detail/check_starting_pose__type_support.c
[1.207s] -- Up-to-date: /home/rokae/workspace/rokae_ros2_sim2real/install/easy_handeye2_msgs/include/easy_handeye2_msgs/easy_handeye2_msgs/srv/detail/check_starting_pose__rosidl_typesupport_introspection_c.h
[1.207s] -- Up-to-date: /home/rokae/workspace/rokae_ros2_sim2real/install/easy_handeye2_msgs/include/easy_handeye2_msgs/easy_handeye2_msgs/srv/detail/take_sample__type_support.c
[1.207s] -- Up-to-date: /home/rokae/workspace/rokae_ros2_sim2real/install/easy_handeye2_msgs/include/easy_handeye2_msgs/easy_handeye2_msgs/srv/detail/plan_to_selected_target_pose__rosidl_typesupport_introspection_c.h
[1.207s] -- Up-to-date: /home/rokae/workspace/rokae_ros2_sim2real/install/easy_handeye2_msgs/include/easy_handeye2_msgs/easy_handeye2_msgs/srv/detail/save_calibration__type_support.c
[1.207s] -- Up-to-date: /home/rokae/workspace/rokae_ros2_sim2real/install/easy_handeye2_msgs/include/easy_handeye2_msgs/easy_handeye2_msgs/srv/detail/execute_plan__rosidl_typesupport_introspection_c.h
[1.207s] -- Up-to-date: /home/rokae/workspace/rokae_ros2_sim2real/install/easy_handeye2_msgs/include/easy_handeye2_msgs/easy_handeye2_msgs/srv/detail/select_target_pose__type_support.c
[1.207s] -- Up-to-date: /home/rokae/workspace/rokae_ros2_sim2real/install/easy_handeye2_msgs/include/easy_handeye2_msgs/easy_handeye2_msgs/srv/detail/remove_sample__rosidl_typesupport_introspection_c.h
[1.216s] -- Up-to-date: /home/rokae/workspace/rokae_ros2_sim2real/install/easy_handeye2_msgs/lib/libeasy_handeye2_msgs__rosidl_typesupport_introspection_c.so
[1.223s] -- Up-to-date: /home/rokae/workspace/rokae_ros2_sim2real/install/easy_handeye2_msgs/lib/libeasy_handeye2_msgs__rosidl_typesupport_c.so
[1.226s] -- Up-to-date: /home/rokae/workspace/rokae_ros2_sim2real/install/easy_handeye2_msgs/include/easy_handeye2_msgs/easy_handeye2_msgs
[1.227s] -- Up-to-date: /home/rokae/workspace/rokae_ros2_sim2real/install/easy_handeye2_msgs/include/easy_handeye2_msgs/easy_handeye2_msgs/msg
[1.227s] -- Up-to-date: /home/rokae/workspace/rokae_ros2_sim2real/install/easy_handeye2_msgs/include/easy_handeye2_msgs/easy_handeye2_msgs/msg/sample_list.hpp
[1.227s] -- Up-to-date: /home/rokae/workspace/rokae_ros2_sim2real/install/easy_handeye2_msgs/include/easy_handeye2_msgs/easy_handeye2_msgs/msg/handeye_calibration_parameters.hpp
[1.228s] -- Up-to-date: /home/rokae/workspace/rokae_ros2_sim2real/install/easy_handeye2_msgs/include/easy_handeye2_msgs/easy_handeye2_msgs/msg/detail
[1.228s] -- Up-to-date: /home/rokae/workspace/rokae_ros2_sim2real/install/easy_handeye2_msgs/include/easy_handeye2_msgs/easy_handeye2_msgs/msg/detail/handeye_calibration__traits.hpp
[1.228s] -- Up-to-date: /home/rokae/workspace/rokae_ros2_sim2real/install/easy_handeye2_msgs/include/easy_handeye2_msgs/easy_handeye2_msgs/msg/detail/handeye_calibration__struct.hpp
[1.228s] -- Up-to-date: /home/rokae/workspace/rokae_ros2_sim2real/install/easy_handeye2_msgs/include/easy_handeye2_msgs/easy_handeye2_msgs/msg/detail/handeye_calibration_parameters__struct.hpp
[1.229s] -- Up-to-date: /home/rokae/workspace/rokae_ros2_sim2real/install/easy_handeye2_msgs/include/easy_handeye2_msgs/easy_handeye2_msgs/msg/detail/sample_list__struct.hpp
[1.232s] -- Up-to-date: /home/rokae/workspace/rokae_ros2_sim2real/install/easy_handeye2_msgs/include/easy_handeye2_msgs/easy_handeye2_msgs/msg/detail/sample__struct.hpp
[1.232s] -- Up-to-date: /home/rokae/workspace/rokae_ros2_sim2real/install/easy_handeye2_msgs/include/easy_handeye2_msgs/easy_handeye2_msgs/msg/detail/sample__builder.hpp
[1.233s] -- Up-to-date: /home/rokae/workspace/rokae_ros2_sim2real/install/easy_handeye2_msgs/include/easy_handeye2_msgs/easy_handeye2_msgs/msg/detail/target_pose_list__struct.hpp
[1.233s] -- Up-to-date: /home/rokae/workspace/rokae_ros2_sim2real/install/easy_handeye2_msgs/include/easy_handeye2_msgs/easy_handeye2_msgs/msg/detail/handeye_calibration_parameters__traits.hpp
[1.233s] -- Up-to-date: /home/rokae/workspace/rokae_ros2_sim2real/install/easy_handeye2_msgs/include/easy_handeye2_msgs/easy_handeye2_msgs/msg/detail/handeye_calibration__type_support.hpp
[1.234s] -- Up-to-date: /home/rokae/workspace/rokae_ros2_sim2real/install/easy_handeye2_msgs/include/easy_handeye2_msgs/easy_handeye2_msgs/msg/detail/sample__type_support.hpp
[1.234s] -- Up-to-date: /home/rokae/workspace/rokae_ros2_sim2real/install/easy_handeye2_msgs/include/easy_handeye2_msgs/easy_handeye2_msgs/msg/detail/sample_list__traits.hpp
[1.234s] -- Up-to-date: /home/rokae/workspace/rokae_ros2_sim2real/install/easy_handeye2_msgs/include/easy_handeye2_msgs/easy_handeye2_msgs/msg/detail/sample_list__type_support.hpp
[1.234s] -- Up-to-date: /home/rokae/workspace/rokae_ros2_sim2real/install/easy_handeye2_msgs/include/easy_handeye2_msgs/easy_handeye2_msgs/msg/detail/sample__traits.hpp
[1.235s] -- Up-to-date: /home/rokae/workspace/rokae_ros2_sim2real/install/easy_handeye2_msgs/include/easy_handeye2_msgs/easy_handeye2_msgs/msg/detail/target_pose_list__type_support.hpp
[1.235s] -- Up-to-date: /home/rokae/workspace/rokae_ros2_sim2real/install/easy_handeye2_msgs/include/easy_handeye2_msgs/easy_handeye2_msgs/msg/detail/handeye_calibration_parameters__builder.hpp
[1.235s] -- Up-to-date: /home/rokae/workspace/rokae_ros2_sim2real/install/easy_handeye2_msgs/include/easy_handeye2_msgs/easy_handeye2_msgs/msg/detail/target_pose_list__builder.hpp
[1.235s] -- Up-to-date: /home/rokae/workspace/rokae_ros2_sim2real/install/easy_handeye2_msgs/include/easy_handeye2_msgs/easy_handeye2_msgs/msg/detail/handeye_calibration__builder.hpp
[1.235s] -- Up-to-date: /home/rokae/workspace/rokae_ros2_sim2real/install/easy_handeye2_msgs/include/easy_handeye2_msgs/easy_handeye2_msgs/msg/detail/target_pose_list__traits.hpp
[1.235s] -- Up-to-date: /home/rokae/workspace/rokae_ros2_sim2real/install/easy_handeye2_msgs/include/easy_handeye2_msgs/easy_handeye2_msgs/msg/detail/handeye_calibration_parameters__type_support.hpp
[1.236s] -- Up-to-date: /home/rokae/workspace/rokae_ros2_sim2real/install/easy_handeye2_msgs/include/easy_handeye2_msgs/easy_handeye2_msgs/msg/detail/sample_list__builder.hpp
[1.236s] -- Up-to-date: /home/rokae/workspace/rokae_ros2_sim2real/install/easy_handeye2_msgs/include/easy_handeye2_msgs/easy_handeye2_msgs/msg/handeye_calibration.hpp
[1.236s] -- Up-to-date: /home/rokae/workspace/rokae_ros2_sim2real/install/easy_handeye2_msgs/include/easy_handeye2_msgs/easy_handeye2_msgs/msg/sample.hpp
[1.236s] -- Up-to-date: /home/rokae/workspace/rokae_ros2_sim2real/install/easy_handeye2_msgs/include/easy_handeye2_msgs/easy_handeye2_msgs/msg/rosidl_generator_cpp__visibility_control.hpp
[1.239s] -- Up-to-date: /home/rokae/workspace/rokae_ros2_sim2real/install/easy_handeye2_msgs/include/easy_handeye2_msgs/easy_handeye2_msgs/msg/target_pose_list.hpp
[1.239s] -- Up-to-date: /home/rokae/workspace/rokae_ros2_sim2real/install/easy_handeye2_msgs/include/easy_handeye2_msgs/easy_handeye2_msgs/srv
[1.239s] -- Up-to-date: /home/rokae/workspace/rokae_ros2_sim2real/install/easy_handeye2_msgs/include/easy_handeye2_msgs/easy_handeye2_msgs/srv/execute_plan.hpp
[1.239s] -- Up-to-date: /home/rokae/workspace/rokae_ros2_sim2real/install/easy_handeye2_msgs/include/easy_handeye2_msgs/easy_handeye2_msgs/srv/enumerate_target_poses.hpp
[1.240s] -- Up-to-date: /home/rokae/workspace/rokae_ros2_sim2real/install/easy_handeye2_msgs/include/easy_handeye2_msgs/easy_handeye2_msgs/srv/set_algorithm.hpp
[1.240s] -- Up-to-date: /home/rokae/workspace/rokae_ros2_sim2real/install/easy_handeye2_msgs/include/easy_handeye2_msgs/easy_handeye2_msgs/srv/compute_calibration.hpp
[1.240s] -- Up-to-date: /home/rokae/workspace/rokae_ros2_sim2real/install/easy_handeye2_msgs/include/easy_handeye2_msgs/easy_handeye2_msgs/srv/take_sample.hpp
[1.240s] -- Up-to-date: /home/rokae/workspace/rokae_ros2_sim2real/install/easy_handeye2_msgs/include/easy_handeye2_msgs/easy_handeye2_msgs/srv/save_calibration.hpp
[1.240s] -- Up-to-date: /home/rokae/workspace/rokae_ros2_sim2real/install/easy_handeye2_msgs/include/easy_handeye2_msgs/easy_handeye2_msgs/srv/detail
[1.240s] -- Up-to-date: /home/rokae/workspace/rokae_ros2_sim2real/install/easy_handeye2_msgs/include/easy_handeye2_msgs/easy_handeye2_msgs/srv/detail/plan_to_selected_target_pose__builder.hpp
[1.241s] -- Up-to-date: /home/rokae/workspace/rokae_ros2_sim2real/install/easy_handeye2_msgs/include/easy_handeye2_msgs/easy_handeye2_msgs/srv/detail/select_target_pose__builder.hpp
[1.241s] -- Up-to-date: /home/rokae/workspace/rokae_ros2_sim2real/install/easy_handeye2_msgs/include/easy_handeye2_msgs/easy_handeye2_msgs/srv/detail/enumerate_target_poses__traits.hpp
[1.241s] -- Up-to-date: /home/rokae/workspace/rokae_ros2_sim2real/install/easy_handeye2_msgs/include/easy_handeye2_msgs/easy_handeye2_msgs/srv/detail/save_calibration__struct.hpp
[1.241s] -- Up-to-date: /home/rokae/workspace/rokae_ros2_sim2real/install/easy_handeye2_msgs/include/easy_handeye2_msgs/easy_handeye2_msgs/srv/detail/set_algorithm__struct.hpp
[1.241s] -- Up-to-date: /home/rokae/workspace/rokae_ros2_sim2real/install/easy_handeye2_msgs/include/easy_handeye2_msgs/easy_handeye2_msgs/srv/detail/plan_to_selected_target_pose__traits.hpp
[1.242s] -- Up-to-date: /home/rokae/workspace/rokae_ros2_sim2real/install/easy_handeye2_msgs/include/easy_handeye2_msgs/easy_handeye2_msgs/srv/detail/check_starting_pose__builder.hpp
[1.242s] -- Up-to-date: /home/rokae/workspace/rokae_ros2_sim2real/install/easy_handeye2_msgs/include/easy_handeye2_msgs/easy_handeye2_msgs/srv/detail/list_algorithms__builder.hpp
[1.242s] -- Up-to-date: /home/rokae/workspace/rokae_ros2_sim2real/install/easy_handeye2_msgs/include/easy_handeye2_msgs/easy_handeye2_msgs/srv/detail/plan_to_selected_target_pose__struct.hpp
[1.242s] -- Up-to-date: /home/rokae/workspace/rokae_ros2_sim2real/install/easy_handeye2_msgs/include/easy_handeye2_msgs/easy_handeye2_msgs/srv/detail/check_starting_pose__traits.hpp
[1.242s] -- Up-to-date: /home/rokae/workspace/rokae_ros2_sim2real/install/easy_handeye2_msgs/include/easy_handeye2_msgs/easy_handeye2_msgs/srv/detail/execute_plan__type_support.hpp
[1.242s] -- Up-to-date: /home/rokae/workspace/rokae_ros2_sim2real/install/easy_handeye2_msgs/include/easy_handeye2_msgs/easy_handeye2_msgs/srv/detail/execute_plan__traits.hpp
[1.243s] -- Up-to-date: /home/rokae/workspace/rokae_ros2_sim2real/install/easy_handeye2_msgs/include/easy_handeye2_msgs/easy_handeye2_msgs/srv/detail/save_calibration__traits.hpp
[1.243s] -- Up-to-date: /home/rokae/workspace/rokae_ros2_sim2real/install/easy_handeye2_msgs/include/easy_handeye2_msgs/easy_handeye2_msgs/srv/detail/enumerate_target_poses__builder.hpp
[1.243s] -- Up-to-date: /home/rokae/workspace/rokae_ros2_sim2real/install/easy_handeye2_msgs/include/easy_handeye2_msgs/easy_handeye2_msgs/srv/detail/save_calibration__type_support.hpp
[1.243s] -- Up-to-date: /home/rokae/workspace/rokae_ros2_sim2real/install/easy_handeye2_msgs/include/easy_handeye2_msgs/easy_handeye2_msgs/srv/detail/load_samples__type_support.hpp
[1.243s] -- Up-to-date: /home/rokae/workspace/rokae_ros2_sim2real/install/easy_handeye2_msgs/include/easy_handeye2_msgs/easy_handeye2_msgs/srv/detail/take_sample__builder.hpp
[1.244s] -- Up-to-date: /home/rokae/workspace/rokae_ros2_sim2real/install/easy_handeye2_msgs/include/easy_handeye2_msgs/easy_handeye2_msgs/srv/detail/take_sample__struct.hpp
[1.244s] -- Up-to-date: /home/rokae/workspace/rokae_ros2_sim2real/install/easy_handeye2_msgs/include/easy_handeye2_msgs/easy_handeye2_msgs/srv/detail/select_target_pose__struct.hpp
[1.245s] -- Up-to-date: /home/rokae/workspace/rokae_ros2_sim2real/install/easy_handeye2_msgs/include/easy_handeye2_msgs/easy_handeye2_msgs/srv/detail/enumerate_target_poses__struct.hpp
[1.246s] -- Up-to-date: /home/rokae/workspace/rokae_ros2_sim2real/install/easy_handeye2_msgs/include/easy_handeye2_msgs/easy_handeye2_msgs/srv/detail/check_starting_pose__struct.hpp
[1.246s] -- Up-to-date: /home/rokae/workspace/rokae_ros2_sim2real/install/easy_handeye2_msgs/include/easy_handeye2_msgs/easy_handeye2_msgs/srv/detail/remove_sample__traits.hpp
[1.246s] -- Up-to-date: /home/rokae/workspace/rokae_ros2_sim2real/install/easy_handeye2_msgs/include/easy_handeye2_msgs/easy_handeye2_msgs/srv/detail/select_target_pose__type_support.hpp
[1.246s] -- Up-to-date: /home/rokae/workspace/rokae_ros2_sim2real/install/easy_handeye2_msgs/include/easy_handeye2_msgs/easy_handeye2_msgs/srv/detail/execute_plan__struct.hpp
[1.246s] -- Up-to-date: /home/rokae/workspace/rokae_ros2_sim2real/install/easy_handeye2_msgs/include/easy_handeye2_msgs/easy_handeye2_msgs/srv/detail/compute_calibration__struct.hpp
[1.247s] -- Up-to-date: /home/rokae/workspace/rokae_ros2_sim2real/install/easy_handeye2_msgs/include/easy_handeye2_msgs/easy_handeye2_msgs/srv/detail/remove_sample__type_support.hpp
[1.247s] -- Up-to-date: /home/rokae/workspace/rokae_ros2_sim2real/install/easy_handeye2_msgs/include/easy_handeye2_msgs/easy_handeye2_msgs/srv/detail/check_starting_pose__type_support.hpp
[1.247s] -- Up-to-date: /home/rokae/workspace/rokae_ros2_sim2real/install/easy_handeye2_msgs/include/easy_handeye2_msgs/easy_handeye2_msgs/srv/detail/list_algorithms__traits.hpp
[1.247s] -- Up-to-date: /home/rokae/workspace/rokae_ros2_sim2real/install/easy_handeye2_msgs/include/easy_handeye2_msgs/easy_handeye2_msgs/srv/detail/save_samples__traits.hpp
[1.247s] -- Up-to-date: /home/rokae/workspace/rokae_ros2_sim2real/install/easy_handeye2_msgs/include/easy_handeye2_msgs/easy_handeye2_msgs/srv/detail/compute_calibration__builder.hpp
[1.247s] -- Up-to-date: /home/rokae/workspace/rokae_ros2_sim2real/install/easy_handeye2_msgs/include/easy_handeye2_msgs/easy_handeye2_msgs/srv/detail/execute_plan__builder.hpp
[1.248s] -- Up-to-date: /home/rokae/workspace/rokae_ros2_sim2real/install/easy_handeye2_msgs/include/easy_handeye2_msgs/easy_handeye2_msgs/srv/detail/plan_to_selected_target_pose__type_support.hpp
[1.248s] -- Up-to-date: /home/rokae/workspace/rokae_ros2_sim2real/install/easy_handeye2_msgs/include/easy_handeye2_msgs/easy_handeye2_msgs/srv/detail/load_samples__builder.hpp
[1.248s] -- Up-to-date: /home/rokae/workspace/rokae_ros2_sim2real/install/easy_handeye2_msgs/include/easy_handeye2_msgs/easy_handeye2_msgs/srv/detail/set_algorithm__type_support.hpp
[1.248s] -- Up-to-date: /home/rokae/workspace/rokae_ros2_sim2real/install/easy_handeye2_msgs/include/easy_handeye2_msgs/easy_handeye2_msgs/srv/detail/load_samples__struct.hpp
[1.249s] -- Up-to-date: /home/rokae/workspace/rokae_ros2_sim2real/install/easy_handeye2_msgs/include/easy_handeye2_msgs/easy_handeye2_msgs/srv/detail/set_algorithm__traits.hpp
[1.249s] -- Up-to-date: /home/rokae/workspace/rokae_ros2_sim2real/install/easy_handeye2_msgs/include/easy_handeye2_msgs/easy_handeye2_msgs/srv/detail/enumerate_target_poses__type_support.hpp
[1.249s] -- Up-to-date: /home/rokae/workspace/rokae_ros2_sim2real/install/easy_handeye2_msgs/include/easy_handeye2_msgs/easy_handeye2_msgs/srv/detail/remove_sample__struct.hpp
[1.249s] -- Up-to-date: /home/rokae/workspace/rokae_ros2_sim2real/install/easy_handeye2_msgs/include/easy_handeye2_msgs/easy_handeye2_msgs/srv/detail/list_algorithms__struct.hpp
[1.249s] -- Up-to-date: /home/rokae/workspace/rokae_ros2_sim2real/install/easy_handeye2_msgs/include/easy_handeye2_msgs/easy_handeye2_msgs/srv/detail/set_algorithm__builder.hpp
[1.249s] -- Up-to-date: /home/rokae/workspace/rokae_ros2_sim2real/install/easy_handeye2_msgs/include/easy_handeye2_msgs/easy_handeye2_msgs/srv/detail/save_calibration__builder.hpp
[1.249s] -- Up-to-date: /home/rokae/workspace/rokae_ros2_sim2real/install/easy_handeye2_msgs/include/easy_handeye2_msgs/easy_handeye2_msgs/srv/detail/save_samples__builder.hpp
[1.249s] -- Up-to-date: /home/rokae/workspace/rokae_ros2_sim2real/install/easy_handeye2_msgs/include/easy_handeye2_msgs/easy_handeye2_msgs/srv/detail/load_samples__traits.hpp
[1.249s] -- Up-to-date: /home/rokae/workspace/rokae_ros2_sim2real/install/easy_handeye2_msgs/include/easy_handeye2_msgs/easy_handeye2_msgs/srv/detail/list_algorithms__type_support.hpp
[1.250s] -- Up-to-date: /home/rokae/workspace/rokae_ros2_sim2real/install/easy_handeye2_msgs/include/easy_handeye2_msgs/easy_handeye2_msgs/srv/detail/take_sample__type_support.hpp
[1.250s] -- Up-to-date: /home/rokae/workspace/rokae_ros2_sim2real/install/easy_handeye2_msgs/include/easy_handeye2_msgs/easy_handeye2_msgs/srv/detail/save_samples__struct.hpp
[1.250s] -- Up-to-date: /home/rokae/workspace/rokae_ros2_sim2real/install/easy_handeye2_msgs/include/easy_handeye2_msgs/easy_handeye2_msgs/srv/detail/compute_calibration__traits.hpp
[1.250s] -- Up-to-date: /home/rokae/workspace/rokae_ros2_sim2real/install/easy_handeye2_msgs/include/easy_handeye2_msgs/easy_handeye2_msgs/srv/detail/compute_calibration__type_support.hpp
[1.250s] -- Up-to-date: /home/rokae/workspace/rokae_ros2_sim2real/install/easy_handeye2_msgs/include/easy_handeye2_msgs/easy_handeye2_msgs/srv/detail/take_sample__traits.hpp
[1.250s] -- Up-to-date: /home/rokae/workspace/rokae_ros2_sim2real/install/easy_handeye2_msgs/include/easy_handeye2_msgs/easy_handeye2_msgs/srv/detail/save_samples__type_support.hpp
[1.250s] -- Up-to-date: /home/rokae/workspace/rokae_ros2_sim2real/install/easy_handeye2_msgs/include/easy_handeye2_msgs/easy_handeye2_msgs/srv/detail/remove_sample__builder.hpp
[1.250s] -- Up-to-date: /home/rokae/workspace/rokae_ros2_sim2real/install/easy_handeye2_msgs/include/easy_handeye2_msgs/easy_handeye2_msgs/srv/detail/select_target_pose__traits.hpp
[1.250s] -- Up-to-date: /home/rokae/workspace/rokae_ros2_sim2real/install/easy_handeye2_msgs/include/easy_handeye2_msgs/easy_handeye2_msgs/srv/remove_sample.hpp
[1.250s] -- Up-to-date: /home/rokae/workspace/rokae_ros2_sim2real/install/easy_handeye2_msgs/include/easy_handeye2_msgs/easy_handeye2_msgs/srv/select_target_pose.hpp
[1.250s] -- Up-to-date: /home/rokae/workspace/rokae_ros2_sim2real/install/easy_handeye2_msgs/include/easy_handeye2_msgs/easy_handeye2_msgs/srv/list_algorithms.hpp
[1.251s] -- Up-to-date: /home/rokae/workspace/rokae_ros2_sim2real/install/easy_handeye2_msgs/include/easy_handeye2_msgs/easy_handeye2_msgs/srv/save_samples.hpp
[1.251s] -- Up-to-date: /home/rokae/workspace/rokae_ros2_sim2real/install/easy_handeye2_msgs/include/easy_handeye2_msgs/easy_handeye2_msgs/srv/plan_to_selected_target_pose.hpp
[1.251s] -- Up-to-date: /home/rokae/workspace/rokae_ros2_sim2real/install/easy_handeye2_msgs/include/easy_handeye2_msgs/easy_handeye2_msgs/srv/check_starting_pose.hpp
[1.251s] -- Up-to-date: /home/rokae/workspace/rokae_ros2_sim2real/install/easy_handeye2_msgs/include/easy_handeye2_msgs/easy_handeye2_msgs/srv/load_samples.hpp
[1.253s] -- Up-to-date: /home/rokae/workspace/rokae_ros2_sim2real/install/easy_handeye2_msgs/include/easy_handeye2_msgs/easy_handeye2_msgs
[1.253s] -- Up-to-date: /home/rokae/workspace/rokae_ros2_sim2real/install/easy_handeye2_msgs/include/easy_handeye2_msgs/easy_handeye2_msgs/msg
[1.253s] -- Up-to-date: /home/rokae/workspace/rokae_ros2_sim2real/install/easy_handeye2_msgs/include/easy_handeye2_msgs/easy_handeye2_msgs/msg/detail
[1.253s] -- Up-to-date: /home/rokae/workspace/rokae_ros2_sim2real/install/easy_handeye2_msgs/include/easy_handeye2_msgs/easy_handeye2_msgs/msg/detail/sample_list__rosidl_typesupport_fastrtps_cpp.hpp
[1.253s] -- Up-to-date: /home/rokae/workspace/rokae_ros2_sim2real/install/easy_handeye2_msgs/include/easy_handeye2_msgs/easy_handeye2_msgs/msg/detail/dds_fastrtps
[1.254s] -- Up-to-date: /home/rokae/workspace/rokae_ros2_sim2real/install/easy_handeye2_msgs/include/easy_handeye2_msgs/easy_handeye2_msgs/msg/detail/handeye_calibration__rosidl_typesupport_fastrtps_cpp.hpp
[1.254s] -- Up-to-date: /home/rokae/workspace/rokae_ros2_sim2real/install/easy_handeye2_msgs/include/easy_handeye2_msgs/easy_handeye2_msgs/msg/detail/target_pose_list__rosidl_typesupport_fastrtps_cpp.hpp
[1.254s] -- Up-to-date: /home/rokae/workspace/rokae_ros2_sim2real/install/easy_handeye2_msgs/include/easy_handeye2_msgs/easy_handeye2_msgs/msg/detail/sample__rosidl_typesupport_fastrtps_cpp.hpp
[1.254s] -- Up-to-date: /home/rokae/workspace/rokae_ros2_sim2real/install/easy_handeye2_msgs/include/easy_handeye2_msgs/easy_handeye2_msgs/msg/detail/handeye_calibration_parameters__rosidl_typesupport_fastrtps_cpp.hpp
[1.254s] -- Up-to-date: /home/rokae/workspace/rokae_ros2_sim2real/install/easy_handeye2_msgs/include/easy_handeye2_msgs/easy_handeye2_msgs/msg/rosidl_typesupport_fastrtps_cpp__visibility_control.h
[1.254s] -- Up-to-date: /home/rokae/workspace/rokae_ros2_sim2real/install/easy_handeye2_msgs/include/easy_handeye2_msgs/easy_handeye2_msgs/srv
[1.254s] -- Up-to-date: /home/rokae/workspace/rokae_ros2_sim2real/install/easy_handeye2_msgs/include/easy_handeye2_msgs/easy_handeye2_msgs/srv/detail
[1.254s] -- Up-to-date: /home/rokae/workspace/rokae_ros2_sim2real/install/easy_handeye2_msgs/include/easy_handeye2_msgs/easy_handeye2_msgs/srv/detail/take_sample__rosidl_typesupport_fastrtps_cpp.hpp
[1.254s] -- Up-to-date: /home/rokae/workspace/rokae_ros2_sim2real/install/easy_handeye2_msgs/include/easy_handeye2_msgs/easy_handeye2_msgs/srv/detail/execute_plan__rosidl_typesupport_fastrtps_cpp.hpp
[1.254s] -- Up-to-date: /home/rokae/workspace/rokae_ros2_sim2real/install/easy_handeye2_msgs/include/easy_handeye2_msgs/easy_handeye2_msgs/srv/detail/save_samples__rosidl_typesupport_fastrtps_cpp.hpp
[1.254s] -- Up-to-date: /home/rokae/workspace/rokae_ros2_sim2real/install/easy_handeye2_msgs/include/easy_handeye2_msgs/easy_handeye2_msgs/srv/detail/dds_fastrtps
[1.255s] -- Up-to-date: /home/rokae/workspace/rokae_ros2_sim2real/install/easy_handeye2_msgs/include/easy_handeye2_msgs/easy_handeye2_msgs/srv/detail/check_starting_pose__rosidl_typesupport_fastrtps_cpp.hpp
[1.255s] -- Up-to-date: /home/rokae/workspace/rokae_ros2_sim2real/install/easy_handeye2_msgs/include/easy_handeye2_msgs/easy_handeye2_msgs/srv/detail/remove_sample__rosidl_typesupport_fastrtps_cpp.hpp
[1.255s] -- Up-to-date: /home/rokae/workspace/rokae_ros2_sim2real/install/easy_handeye2_msgs/include/easy_handeye2_msgs/easy_handeye2_msgs/srv/detail/list_algorithms__rosidl_typesupport_fastrtps_cpp.hpp
[1.255s] -- Up-to-date: /home/rokae/workspace/rokae_ros2_sim2real/install/easy_handeye2_msgs/include/easy_handeye2_msgs/easy_handeye2_msgs/srv/detail/set_algorithm__rosidl_typesupport_fastrtps_cpp.hpp
[1.255s] -- Up-to-date: /home/rokae/workspace/rokae_ros2_sim2real/install/easy_handeye2_msgs/include/easy_handeye2_msgs/easy_handeye2_msgs/srv/detail/enumerate_target_poses__rosidl_typesupport_fastrtps_cpp.hpp
[1.255s] -- Up-to-date: /home/rokae/workspace/rokae_ros2_sim2real/install/easy_handeye2_msgs/include/easy_handeye2_msgs/easy_handeye2_msgs/srv/detail/select_target_pose__rosidl_typesupport_fastrtps_cpp.hpp
[1.256s] -- Up-to-date: /home/rokae/workspace/rokae_ros2_sim2real/install/easy_handeye2_msgs/include/easy_handeye2_msgs/easy_handeye2_msgs/srv/detail/compute_calibration__rosidl_typesupport_fastrtps_cpp.hpp
[1.256s] -- Up-to-date: /home/rokae/workspace/rokae_ros2_sim2real/install/easy_handeye2_msgs/include/easy_handeye2_msgs/easy_handeye2_msgs/srv/detail/load_samples__rosidl_typesupport_fastrtps_cpp.hpp
[1.256s] -- Up-to-date: /home/rokae/workspace/rokae_ros2_sim2real/install/easy_handeye2_msgs/include/easy_handeye2_msgs/easy_handeye2_msgs/srv/detail/save_calibration__rosidl_typesupport_fastrtps_cpp.hpp
[1.256s] -- Up-to-date: /home/rokae/workspace/rokae_ros2_sim2real/install/easy_handeye2_msgs/include/easy_handeye2_msgs/easy_handeye2_msgs/srv/detail/plan_to_selected_target_pose__rosidl_typesupport_fastrtps_cpp.hpp
[1.258s] -- Up-to-date: /home/rokae/workspace/rokae_ros2_sim2real/install/easy_handeye2_msgs/lib/libeasy_handeye2_msgs__rosidl_typesupport_fastrtps_cpp.so
[1.258s] -- Up-to-date: /home/rokae/workspace/rokae_ros2_sim2real/install/easy_handeye2_msgs/include/easy_handeye2_msgs/easy_handeye2_msgs
[1.259s] -- Up-to-date: /home/rokae/workspace/rokae_ros2_sim2real/install/easy_handeye2_msgs/include/easy_handeye2_msgs/easy_handeye2_msgs/msg
[1.259s] -- Up-to-date: /home/rokae/workspace/rokae_ros2_sim2real/install/easy_handeye2_msgs/include/easy_handeye2_msgs/easy_handeye2_msgs/msg/detail
[1.259s] -- Up-to-date: /home/rokae/workspace/rokae_ros2_sim2real/install/easy_handeye2_msgs/include/easy_handeye2_msgs/easy_handeye2_msgs/msg/detail/sample__type_support.cpp
[1.259s] -- Up-to-date: /home/rokae/workspace/rokae_ros2_sim2real/install/easy_handeye2_msgs/include/easy_handeye2_msgs/easy_handeye2_msgs/msg/detail/handeye_calibration__rosidl_typesupport_introspection_cpp.hpp
[1.259s] -- Up-to-date: /home/rokae/workspace/rokae_ros2_sim2real/install/easy_handeye2_msgs/include/easy_handeye2_msgs/easy_handeye2_msgs/msg/detail/sample__rosidl_typesupport_introspection_cpp.hpp
[1.259s] -- Up-to-date: /home/rokae/workspace/rokae_ros2_sim2real/install/easy_handeye2_msgs/include/easy_handeye2_msgs/easy_handeye2_msgs/msg/detail/handeye_calibration_parameters__rosidl_typesupport_introspection_cpp.hpp
[1.259s] -- Up-to-date: /home/rokae/workspace/rokae_ros2_sim2real/install/easy_handeye2_msgs/include/easy_handeye2_msgs/easy_handeye2_msgs/msg/detail/handeye_calibration__type_support.cpp
[1.259s] -- Up-to-date: /home/rokae/workspace/rokae_ros2_sim2real/install/easy_handeye2_msgs/include/easy_handeye2_msgs/easy_handeye2_msgs/msg/detail/sample_list__rosidl_typesupport_introspection_cpp.hpp
[1.260s] -- Up-to-date: /home/rokae/workspace/rokae_ros2_sim2real/install/easy_handeye2_msgs/include/easy_handeye2_msgs/easy_handeye2_msgs/msg/detail/target_pose_list__rosidl_typesupport_introspection_cpp.hpp
[1.260s] -- Up-to-date: /home/rokae/workspace/rokae_ros2_sim2real/install/easy_handeye2_msgs/include/easy_handeye2_msgs/easy_handeye2_msgs/msg/detail/target_pose_list__type_support.cpp
[1.260s] -- Up-to-date: /home/rokae/workspace/rokae_ros2_sim2real/install/easy_handeye2_msgs/include/easy_handeye2_msgs/easy_handeye2_msgs/msg/detail/handeye_calibration_parameters__type_support.cpp
[1.260s] -- Up-to-date: /home/rokae/workspace/rokae_ros2_sim2real/install/easy_handeye2_msgs/include/easy_handeye2_msgs/easy_handeye2_msgs/msg/detail/sample_list__type_support.cpp
[1.260s] -- Up-to-date: /home/rokae/workspace/rokae_ros2_sim2real/install/easy_handeye2_msgs/include/easy_handeye2_msgs/easy_handeye2_msgs/srv
[1.260s] -- Up-to-date: /home/rokae/workspace/rokae_ros2_sim2real/install/easy_handeye2_msgs/include/easy_handeye2_msgs/easy_handeye2_msgs/srv/detail
[1.260s] -- Up-to-date: /home/rokae/workspace/rokae_ros2_sim2real/install/easy_handeye2_msgs/include/easy_handeye2_msgs/easy_handeye2_msgs/srv/detail/take_sample__type_support.cpp
[1.260s] -- Up-to-date: /home/rokae/workspace/rokae_ros2_sim2real/install/easy_handeye2_msgs/include/easy_handeye2_msgs/easy_handeye2_msgs/srv/detail/enumerate_target_poses__type_support.cpp
[1.261s] -- Up-to-date: /home/rokae/workspace/rokae_ros2_sim2real/install/easy_handeye2_msgs/include/easy_handeye2_msgs/easy_handeye2_msgs/srv/detail/check_starting_pose__type_support.cpp
[1.261s] -- Up-to-date: /home/rokae/workspace/rokae_ros2_sim2real/install/easy_handeye2_msgs/include/easy_handeye2_msgs/easy_handeye2_msgs/srv/detail/remove_sample__type_support.cpp
[1.261s] -- Up-to-date: /home/rokae/workspace/rokae_ros2_sim2real/install/easy_handeye2_msgs/include/easy_handeye2_msgs/easy_handeye2_msgs/srv/detail/save_calibration__rosidl_typesupport_introspection_cpp.hpp
[1.261s] -- Up-to-date: /home/rokae/workspace/rokae_ros2_sim2real/install/easy_handeye2_msgs/include/easy_handeye2_msgs/easy_handeye2_msgs/srv/detail/list_algorithms__type_support.cpp
[1.261s] -- Up-to-date: /home/rokae/workspace/rokae_ros2_sim2real/install/easy_handeye2_msgs/include/easy_handeye2_msgs/easy_handeye2_msgs/srv/detail/list_algorithms__rosidl_typesupport_introspection_cpp.hpp
[1.261s] -- Up-to-date: /home/rokae/workspace/rokae_ros2_sim2real/install/easy_handeye2_msgs/include/easy_handeye2_msgs/easy_handeye2_msgs/srv/detail/save_samples__rosidl_typesupport_introspection_cpp.hpp
[1.261s] -- Up-to-date: /home/rokae/workspace/rokae_ros2_sim2real/install/easy_handeye2_msgs/include/easy_handeye2_msgs/easy_handeye2_msgs/srv/detail/select_target_pose__type_support.cpp
[1.261s] -- Up-to-date: /home/rokae/workspace/rokae_ros2_sim2real/install/easy_handeye2_msgs/include/easy_handeye2_msgs/easy_handeye2_msgs/srv/detail/take_sample__rosidl_typesupport_introspection_cpp.hpp
[1.261s] -- Up-to-date: /home/rokae/workspace/rokae_ros2_sim2real/install/easy_handeye2_msgs/include/easy_handeye2_msgs/easy_handeye2_msgs/srv/detail/save_samples__type_support.cpp
[1.261s] -- Up-to-date: /home/rokae/workspace/rokae_ros2_sim2real/install/easy_handeye2_msgs/include/easy_handeye2_msgs/easy_handeye2_msgs/srv/detail/load_samples__type_support.cpp
[1.261s] -- Up-to-date: /home/rokae/workspace/rokae_ros2_sim2real/install/easy_handeye2_msgs/include/easy_handeye2_msgs/easy_handeye2_msgs/srv/detail/select_target_pose__rosidl_typesupport_introspection_cpp.hpp
[1.262s] -- Up-to-date: /home/rokae/workspace/rokae_ros2_sim2real/install/easy_handeye2_msgs/include/easy_handeye2_msgs/easy_handeye2_msgs/srv/detail/compute_calibration__type_support.cpp
[1.262s] -- Up-to-date: /home/rokae/workspace/rokae_ros2_sim2real/install/easy_handeye2_msgs/include/easy_handeye2_msgs/easy_handeye2_msgs/srv/detail/set_algorithm__type_support.cpp
[1.262s] -- Up-to-date: /home/rokae/workspace/rokae_ros2_sim2real/install/easy_handeye2_msgs/include/easy_handeye2_msgs/easy_handeye2_msgs/srv/detail/check_starting_pose__rosidl_typesupport_introspection_cpp.hpp
[1.262s] -- Up-to-date: /home/rokae/workspace/rokae_ros2_sim2real/install/easy_handeye2_msgs/include/easy_handeye2_msgs/easy_handeye2_msgs/srv/detail/plan_to_selected_target_pose__rosidl_typesupport_introspection_cpp.hpp
[1.262s] -- Up-to-date: /home/rokae/workspace/rokae_ros2_sim2real/install/easy_handeye2_msgs/include/easy_handeye2_msgs/easy_handeye2_msgs/srv/detail/enumerate_target_poses__rosidl_typesupport_introspection_cpp.hpp
[1.262s] -- Up-to-date: /home/rokae/workspace/rokae_ros2_sim2real/install/easy_handeye2_msgs/include/easy_handeye2_msgs/easy_handeye2_msgs/srv/detail/save_calibration__type_support.cpp
[1.262s] -- Up-to-date: /home/rokae/workspace/rokae_ros2_sim2real/install/easy_handeye2_msgs/include/easy_handeye2_msgs/easy_handeye2_msgs/srv/detail/plan_to_selected_target_pose__type_support.cpp
[1.262s] -- Up-to-date: /home/rokae/workspace/rokae_ros2_sim2real/install/easy_handeye2_msgs/include/easy_handeye2_msgs/easy_handeye2_msgs/srv/detail/remove_sample__rosidl_typesupport_introspection_cpp.hpp
[1.262s] -- Up-to-date: /home/rokae/workspace/rokae_ros2_sim2real/install/easy_handeye2_msgs/include/easy_handeye2_msgs/easy_handeye2_msgs/srv/detail/execute_plan__rosidl_typesupport_introspection_cpp.hpp
[1.262s] -- Up-to-date: /home/rokae/workspace/rokae_ros2_sim2real/install/easy_handeye2_msgs/include/easy_handeye2_msgs/easy_handeye2_msgs/srv/detail/compute_calibration__rosidl_typesupport_introspection_cpp.hpp
[1.262s] -- Up-to-date: /home/rokae/workspace/rokae_ros2_sim2real/install/easy_handeye2_msgs/include/easy_handeye2_msgs/easy_handeye2_msgs/srv/detail/execute_plan__type_support.cpp
[1.263s] -- Up-to-date: /home/rokae/workspace/rokae_ros2_sim2real/install/easy_handeye2_msgs/include/easy_handeye2_msgs/easy_handeye2_msgs/srv/detail/set_algorithm__rosidl_typesupport_introspection_cpp.hpp
[1.263s] -- Up-to-date: /home/rokae/workspace/rokae_ros2_sim2real/install/easy_handeye2_msgs/include/easy_handeye2_msgs/easy_handeye2_msgs/srv/detail/load_samples__rosidl_typesupport_introspection_cpp.hpp
[1.263s] -- Up-to-date: /home/rokae/workspace/rokae_ros2_sim2real/install/easy_handeye2_msgs/lib/libeasy_handeye2_msgs__rosidl_typesupport_introspection_cpp.so
[1.265s] -- Up-to-date: /home/rokae/workspace/rokae_ros2_sim2real/install/easy_handeye2_msgs/lib/libeasy_handeye2_msgs__rosidl_typesupport_cpp.so
[1.265s] -- Up-to-date: /home/rokae/workspace/rokae_ros2_sim2real/install/easy_handeye2_msgs/share/easy_handeye2_msgs/environment/pythonpath.sh
[1.265s] -- Up-to-date: /home/rokae/workspace/rokae_ros2_sim2real/install/easy_handeye2_msgs/share/easy_handeye2_msgs/environment/pythonpath.dsv
[1.265s] -- Up-to-date: /home/rokae/workspace/rokae_ros2_sim2real/install/easy_handeye2_msgs/local/lib/python3.10/dist-packages/easy_handeye2_msgs-0.5.0-py3.10.egg-info
[1.265s] -- Installing: /home/rokae/workspace/rokae_ros2_sim2real/install/easy_handeye2_msgs/local/lib/python3.10/dist-packages/easy_handeye2_msgs-0.5.0-py3.10.egg-info/dependency_links.txt
[1.266s] -- Installing: /home/rokae/workspace/rokae_ros2_sim2real/install/easy_handeye2_msgs/local/lib/python3.10/dist-packages/easy_handeye2_msgs-0.5.0-py3.10.egg-info/PKG-INFO
[1.266s] -- Installing: /home/rokae/workspace/rokae_ros2_sim2real/install/easy_handeye2_msgs/local/lib/python3.10/dist-packages/easy_handeye2_msgs-0.5.0-py3.10.egg-info/SOURCES.txt
[1.266s] -- Installing: /home/rokae/workspace/rokae_ros2_sim2real/install/easy_handeye2_msgs/local/lib/python3.10/dist-packages/easy_handeye2_msgs-0.5.0-py3.10.egg-info/top_level.txt
[1.266s] -- Up-to-date: /home/rokae/workspace/rokae_ros2_sim2real/install/easy_handeye2_msgs/local/lib/python3.10/dist-packages/easy_handeye2_msgs
[1.266s] -- Up-to-date: /home/rokae/workspace/rokae_ros2_sim2real/install/easy_handeye2_msgs/local/lib/python3.10/dist-packages/easy_handeye2_msgs/easy_handeye2_msgs_s__rosidl_typesupport_fastrtps_c.cpython-310-x86_64-linux-gnu.so
[1.266s] -- Up-to-date: /home/rokae/workspace/rokae_ros2_sim2real/install/easy_handeye2_msgs/local/lib/python3.10/dist-packages/easy_handeye2_msgs/_easy_handeye2_msgs_s.ep.rosidl_typesupport_c.c
[1.266s] -- Up-to-date: /home/rokae/workspace/rokae_ros2_sim2real/install/easy_handeye2_msgs/local/lib/python3.10/dist-packages/easy_handeye2_msgs/_easy_handeye2_msgs_s.ep.rosidl_typesupport_introspection_c.c
[1.266s] -- Up-to-date: /home/rokae/workspace/rokae_ros2_sim2real/install/easy_handeye2_msgs/local/lib/python3.10/dist-packages/easy_handeye2_msgs/msg
[1.266s] -- Up-to-date: /home/rokae/workspace/rokae_ros2_sim2real/install/easy_handeye2_msgs/local/lib/python3.10/dist-packages/easy_handeye2_msgs/msg/_handeye_calibration_parameters_s.c
[1.267s] -- Up-to-date: /home/rokae/workspace/rokae_ros2_sim2real/install/easy_handeye2_msgs/local/lib/python3.10/dist-packages/easy_handeye2_msgs/msg/_sample.py
[1.267s] -- Up-to-date: /home/rokae/workspace/rokae_ros2_sim2real/install/easy_handeye2_msgs/local/lib/python3.10/dist-packages/easy_handeye2_msgs/msg/_handeye_calibration_parameters.py
[1.267s] -- Up-to-date: /home/rokae/workspace/rokae_ros2_sim2real/install/easy_handeye2_msgs/local/lib/python3.10/dist-packages/easy_handeye2_msgs/msg/_handeye_calibration_s.c
[1.267s] -- Up-to-date: /home/rokae/workspace/rokae_ros2_sim2real/install/easy_handeye2_msgs/local/lib/python3.10/dist-packages/easy_handeye2_msgs/msg/_sample_list.py
[1.267s] -- Up-to-date: /home/rokae/workspace/rokae_ros2_sim2real/install/easy_handeye2_msgs/local/lib/python3.10/dist-packages/easy_handeye2_msgs/msg/_target_pose_list_s.c
[1.267s] -- Up-to-date: /home/rokae/workspace/rokae_ros2_sim2real/install/easy_handeye2_msgs/local/lib/python3.10/dist-packages/easy_handeye2_msgs/msg/_handeye_calibration.py
[1.267s] -- Up-to-date: /home/rokae/workspace/rokae_ros2_sim2real/install/easy_handeye2_msgs/local/lib/python3.10/dist-packages/easy_handeye2_msgs/msg/_sample_s.c
[1.267s] -- Up-to-date: /home/rokae/workspace/rokae_ros2_sim2real/install/easy_handeye2_msgs/local/lib/python3.10/dist-packages/easy_handeye2_msgs/msg/_target_pose_list.py
[1.267s] -- Up-to-date: /home/rokae/workspace/rokae_ros2_sim2real/install/easy_handeye2_msgs/local/lib/python3.10/dist-packages/easy_handeye2_msgs/msg/__init__.py
[1.267s] -- Up-to-date: /home/rokae/workspace/rokae_ros2_sim2real/install/easy_handeye2_msgs/local/lib/python3.10/dist-packages/easy_handeye2_msgs/msg/_sample_list_s.c
[1.267s] -- Up-to-date: /home/rokae/workspace/rokae_ros2_sim2real/install/easy_handeye2_msgs/local/lib/python3.10/dist-packages/easy_handeye2_msgs/easy_handeye2_msgs_s__rosidl_typesupport_introspection_c.cpython-310-x86_64-linux-gnu.so
[1.268s] -- Up-to-date: /home/rokae/workspace/rokae_ros2_sim2real/install/easy_handeye2_msgs/local/lib/python3.10/dist-packages/easy_handeye2_msgs/libeasy_handeye2_msgs__rosidl_generator_py.so
[1.268s] -- Up-to-date: /home/rokae/workspace/rokae_ros2_sim2real/install/easy_handeye2_msgs/local/lib/python3.10/dist-packages/easy_handeye2_msgs/_easy_handeye2_msgs_s.ep.rosidl_typesupport_fastrtps_c.c
[1.268s] -- Up-to-date: /home/rokae/workspace/rokae_ros2_sim2real/install/easy_handeye2_msgs/local/lib/python3.10/dist-packages/easy_handeye2_msgs/srv
[1.268s] -- Up-to-date: /home/rokae/workspace/rokae_ros2_sim2real/install/easy_handeye2_msgs/local/lib/python3.10/dist-packages/easy_handeye2_msgs/srv/_plan_to_selected_target_pose_s.c
[1.268s] -- Up-to-date: /home/rokae/workspace/rokae_ros2_sim2real/install/easy_handeye2_msgs/local/lib/python3.10/dist-packages/easy_handeye2_msgs/srv/_plan_to_selected_target_pose.py
[1.268s] -- Up-to-date: /home/rokae/workspace/rokae_ros2_sim2real/install/easy_handeye2_msgs/local/lib/python3.10/dist-packages/easy_handeye2_msgs/srv/_set_algorithm.py
[1.268s] -- Up-to-date: /home/rokae/workspace/rokae_ros2_sim2real/install/easy_handeye2_msgs/local/lib/python3.10/dist-packages/easy_handeye2_msgs/srv/_remove_sample_s.c
[1.268s] -- Up-to-date: /home/rokae/workspace/rokae_ros2_sim2real/install/easy_handeye2_msgs/local/lib/python3.10/dist-packages/easy_handeye2_msgs/srv/_check_starting_pose.py
[1.268s] -- Up-to-date: /home/rokae/workspace/rokae_ros2_sim2real/install/easy_handeye2_msgs/local/lib/python3.10/dist-packages/easy_handeye2_msgs/srv/_enumerate_target_poses_s.c
[1.268s] -- Up-to-date: /home/rokae/workspace/rokae_ros2_sim2real/install/easy_handeye2_msgs/local/lib/python3.10/dist-packages/easy_handeye2_msgs/srv/_list_algorithms.py
[1.269s] -- Up-to-date: /home/rokae/workspace/rokae_ros2_sim2real/install/easy_handeye2_msgs/local/lib/python3.10/dist-packages/easy_handeye2_msgs/srv/_save_calibration_s.c
[1.269s] -- Up-to-date: /home/rokae/workspace/rokae_ros2_sim2real/install/easy_handeye2_msgs/local/lib/python3.10/dist-packages/easy_handeye2_msgs/srv/_set_algorithm_s.c
[1.269s] -- Up-to-date: /home/rokae/workspace/rokae_ros2_sim2real/install/easy_handeye2_msgs/local/lib/python3.10/dist-packages/easy_handeye2_msgs/srv/_enumerate_target_poses.py
[1.269s] -- Up-to-date: /home/rokae/workspace/rokae_ros2_sim2real/install/easy_handeye2_msgs/local/lib/python3.10/dist-packages/easy_handeye2_msgs/srv/_execute_plan_s.c
[1.269s] -- Up-to-date: /home/rokae/workspace/rokae_ros2_sim2real/install/easy_handeye2_msgs/local/lib/python3.10/dist-packages/easy_handeye2_msgs/srv/_list_algorithms_s.c
[1.269s] -- Up-to-date: /home/rokae/workspace/rokae_ros2_sim2real/install/easy_handeye2_msgs/local/lib/python3.10/dist-packages/easy_handeye2_msgs/srv/_compute_calibration.py
[1.269s] -- Up-to-date: /home/rokae/workspace/rokae_ros2_sim2real/install/easy_handeye2_msgs/local/lib/python3.10/dist-packages/easy_handeye2_msgs/srv/_select_target_pose_s.c
[1.269s] -- Up-to-date: /home/rokae/workspace/rokae_ros2_sim2real/install/easy_handeye2_msgs/local/lib/python3.10/dist-packages/easy_handeye2_msgs/srv/_select_target_pose.py
[1.269s] -- Up-to-date: /home/rokae/workspace/rokae_ros2_sim2real/install/easy_handeye2_msgs/local/lib/python3.10/dist-packages/easy_handeye2_msgs/srv/_check_starting_pose_s.c
[1.269s] -- Up-to-date: /home/rokae/workspace/rokae_ros2_sim2real/install/easy_handeye2_msgs/local/lib/python3.10/dist-packages/easy_handeye2_msgs/srv/__init__.py
[1.269s] -- Up-to-date: /home/rokae/workspace/rokae_ros2_sim2real/install/easy_handeye2_msgs/local/lib/python3.10/dist-packages/easy_handeye2_msgs/srv/_compute_calibration_s.c
[1.270s] -- Up-to-date: /home/rokae/workspace/rokae_ros2_sim2real/install/easy_handeye2_msgs/local/lib/python3.10/dist-packages/easy_handeye2_msgs/srv/_remove_sample.py
[1.270s] -- Up-to-date: /home/rokae/workspace/rokae_ros2_sim2real/install/easy_handeye2_msgs/local/lib/python3.10/dist-packages/easy_handeye2_msgs/srv/_take_sample.py
[1.270s] -- Up-to-date: /home/rokae/workspace/rokae_ros2_sim2real/install/easy_handeye2_msgs/local/lib/python3.10/dist-packages/easy_handeye2_msgs/srv/_save_samples_s.c
[1.270s] -- Up-to-date: /home/rokae/workspace/rokae_ros2_sim2real/install/easy_handeye2_msgs/local/lib/python3.10/dist-packages/easy_handeye2_msgs/srv/_load_samples.py
[1.270s] -- Up-to-date: /home/rokae/workspace/rokae_ros2_sim2real/install/easy_handeye2_msgs/local/lib/python3.10/dist-packages/easy_handeye2_msgs/srv/_load_samples_s.c
[1.270s] -- Up-to-date: /home/rokae/workspace/rokae_ros2_sim2real/install/easy_handeye2_msgs/local/lib/python3.10/dist-packages/easy_handeye2_msgs/srv/_save_calibration.py
[1.270s] -- Up-to-date: /home/rokae/workspace/rokae_ros2_sim2real/install/easy_handeye2_msgs/local/lib/python3.10/dist-packages/easy_handeye2_msgs/srv/_save_samples.py
[1.270s] -- Up-to-date: /home/rokae/workspace/rokae_ros2_sim2real/install/easy_handeye2_msgs/local/lib/python3.10/dist-packages/easy_handeye2_msgs/srv/_take_sample_s.c
[1.271s] -- Up-to-date: /home/rokae/workspace/rokae_ros2_sim2real/install/easy_handeye2_msgs/local/lib/python3.10/dist-packages/easy_handeye2_msgs/srv/_execute_plan.py
[1.271s] -- Up-to-date: /home/rokae/workspace/rokae_ros2_sim2real/install/easy_handeye2_msgs/local/lib/python3.10/dist-packages/easy_handeye2_msgs/__init__.py
[1.271s] -- Up-to-date: /home/rokae/workspace/rokae_ros2_sim2real/install/easy_handeye2_msgs/local/lib/python3.10/dist-packages/easy_handeye2_msgs/easy_handeye2_msgs_s__rosidl_typesupport_c.cpython-310-x86_64-linux-gnu.so
[1.310s] Listing '/home/rokae/workspace/rokae_ros2_sim2real/install/easy_handeye2_msgs/local/lib/python3.10/dist-packages/easy_handeye2_msgs'...
[1.310s] Listing '/home/rokae/workspace/rokae_ros2_sim2real/install/easy_handeye2_msgs/local/lib/python3.10/dist-packages/easy_handeye2_msgs/msg'...
[1.310s] Listing '/home/rokae/workspace/rokae_ros2_sim2real/install/easy_handeye2_msgs/local/lib/python3.10/dist-packages/easy_handeye2_msgs/srv'...
[1.321s] -- Up-to-date: /home/rokae/workspace/rokae_ros2_sim2real/install/easy_handeye2_msgs/local/lib/python3.10/dist-packages/easy_handeye2_msgs/easy_handeye2_msgs_s__rosidl_typesupport_fastrtps_c.cpython-310-x86_64-linux-gnu.so
[1.322s] -- Up-to-date: /home/rokae/workspace/rokae_ros2_sim2real/install/easy_handeye2_msgs/local/lib/python3.10/dist-packages/easy_handeye2_msgs/easy_handeye2_msgs_s__rosidl_typesupport_introspection_c.cpython-310-x86_64-linux-gnu.so
[1.323s] -- Up-to-date: /home/rokae/workspace/rokae_ros2_sim2real/install/easy_handeye2_msgs/local/lib/python3.10/dist-packages/easy_handeye2_msgs/easy_handeye2_msgs_s__rosidl_typesupport_c.cpython-310-x86_64-linux-gnu.so
[1.325s] -- Up-to-date: /home/rokae/workspace/rokae_ros2_sim2real/install/easy_handeye2_msgs/lib/libeasy_handeye2_msgs__rosidl_generator_py.so
[1.327s] -- Up-to-date: /home/rokae/workspace/rokae_ros2_sim2real/install/easy_handeye2_msgs/share/easy_handeye2_msgs/msg/HandeyeCalibration.idl
[1.327s] -- Up-to-date: /home/rokae/workspace/rokae_ros2_sim2real/install/easy_handeye2_msgs/share/easy_handeye2_msgs/msg/HandeyeCalibrationParameters.idl
[1.328s] -- Up-to-date: /home/rokae/workspace/rokae_ros2_sim2real/install/easy_handeye2_msgs/share/easy_handeye2_msgs/msg/Sample.idl
[1.332s] -- Up-to-date: /home/rokae/workspace/rokae_ros2_sim2real/install/easy_handeye2_msgs/share/easy_handeye2_msgs/msg/SampleList.idl
[1.332s] -- Up-to-date: /home/rokae/workspace/rokae_ros2_sim2real/install/easy_handeye2_msgs/share/easy_handeye2_msgs/msg/TargetPoseList.idl
[1.333s] -- Up-to-date: /home/rokae/workspace/rokae_ros2_sim2real/install/easy_handeye2_msgs/share/easy_handeye2_msgs/srv/ListAlgorithms.idl
[1.335s] -- Up-to-date: /home/rokae/workspace/rokae_ros2_sim2real/install/easy_handeye2_msgs/share/easy_handeye2_msgs/srv/SetAlgorithm.idl
[1.335s] -- Up-to-date: /home/rokae/workspace/rokae_ros2_sim2real/install/easy_handeye2_msgs/share/easy_handeye2_msgs/srv/ComputeCalibration.idl
[1.336s] -- Up-to-date: /home/rokae/workspace/rokae_ros2_sim2real/install/easy_handeye2_msgs/share/easy_handeye2_msgs/srv/SaveCalibration.idl
[1.338s] -- Up-to-date: /home/rokae/workspace/rokae_ros2_sim2real/install/easy_handeye2_msgs/share/easy_handeye2_msgs/srv/RemoveSample.idl
[1.338s] -- Up-to-date: /home/rokae/workspace/rokae_ros2_sim2real/install/easy_handeye2_msgs/share/easy_handeye2_msgs/srv/TakeSample.idl
[1.340s] -- Up-to-date: /home/rokae/workspace/rokae_ros2_sim2real/install/easy_handeye2_msgs/share/easy_handeye2_msgs/srv/SaveSamples.idl
[1.341s] -- Up-to-date: /home/rokae/workspace/rokae_ros2_sim2real/install/easy_handeye2_msgs/share/easy_handeye2_msgs/srv/LoadSamples.idl
[1.341s] -- Up-to-date: /home/rokae/workspace/rokae_ros2_sim2real/install/easy_handeye2_msgs/share/easy_handeye2_msgs/srv/CheckStartingPose.idl
[1.342s] -- Up-to-date: /home/rokae/workspace/rokae_ros2_sim2real/install/easy_handeye2_msgs/share/easy_handeye2_msgs/srv/EnumerateTargetPoses.idl
[1.343s] -- Up-to-date: /home/rokae/workspace/rokae_ros2_sim2real/install/easy_handeye2_msgs/share/easy_handeye2_msgs/srv/SelectTargetPose.idl
[1.343s] -- Up-to-date: /home/rokae/workspace/rokae_ros2_sim2real/install/easy_handeye2_msgs/share/easy_handeye2_msgs/srv/PlanToSelectedTargetPose.idl
[1.346s] -- Up-to-date: /home/rokae/workspace/rokae_ros2_sim2real/install/easy_handeye2_msgs/share/easy_handeye2_msgs/srv/ExecutePlan.idl
[1.347s] -- Up-to-date: /home/rokae/workspace/rokae_ros2_sim2real/install/easy_handeye2_msgs/share/easy_handeye2_msgs/msg/HandeyeCalibration.msg
[1.348s] -- Up-to-date: /home/rokae/workspace/rokae_ros2_sim2real/install/easy_handeye2_msgs/share/easy_handeye2_msgs/msg/HandeyeCalibrationParameters.msg
[1.349s] -- Up-to-date: /home/rokae/workspace/rokae_ros2_sim2real/install/easy_handeye2_msgs/share/easy_handeye2_msgs/msg/Sample.msg
[1.349s] -- Up-to-date: /home/rokae/workspace/rokae_ros2_sim2real/install/easy_handeye2_msgs/share/easy_handeye2_msgs/msg/SampleList.msg
[1.350s] -- Up-to-date: /home/rokae/workspace/rokae_ros2_sim2real/install/easy_handeye2_msgs/share/easy_handeye2_msgs/msg/TargetPoseList.msg
[1.351s] -- Up-to-date: /home/rokae/workspace/rokae_ros2_sim2real/install/easy_handeye2_msgs/share/easy_handeye2_msgs/calibration/ListAlgorithms.srv
[1.351s] -- Up-to-date: /home/rokae/workspace/rokae_ros2_sim2real/install/easy_handeye2_msgs/share/easy_handeye2_msgs/calibration/ListAlgorithms_Request.msg
[1.352s] -- Up-to-date: /home/rokae/workspace/rokae_ros2_sim2real/install/easy_handeye2_msgs/share/easy_handeye2_msgs/calibration/ListAlgorithms_Response.msg
[1.352s] -- Up-to-date: /home/rokae/workspace/rokae_ros2_sim2real/install/easy_handeye2_msgs/share/easy_handeye2_msgs/calibration/SetAlgorithm.srv
[1.353s] -- Up-to-date: /home/rokae/workspace/rokae_ros2_sim2real/install/easy_handeye2_msgs/share/easy_handeye2_msgs/calibration/SetAlgorithm_Request.msg
[1.353s] -- Up-to-date: /home/rokae/workspace/rokae_ros2_sim2real/install/easy_handeye2_msgs/share/easy_handeye2_msgs/calibration/SetAlgorithm_Response.msg
[1.353s] -- Up-to-date: /home/rokae/workspace/rokae_ros2_sim2real/install/easy_handeye2_msgs/share/easy_handeye2_msgs/calibration/ComputeCalibration.srv
[1.354s] -- Up-to-date: /home/rokae/workspace/rokae_ros2_sim2real/install/easy_handeye2_msgs/share/easy_handeye2_msgs/calibration/ComputeCalibration_Request.msg
[1.355s] -- Up-to-date: /home/rokae/workspace/rokae_ros2_sim2real/install/easy_handeye2_msgs/share/easy_handeye2_msgs/calibration/ComputeCalibration_Response.msg
[1.355s] -- Up-to-date: /home/rokae/workspace/rokae_ros2_sim2real/install/easy_handeye2_msgs/share/easy_handeye2_msgs/calibration/SaveCalibration.srv
[1.355s] -- Up-to-date: /home/rokae/workspace/rokae_ros2_sim2real/install/easy_handeye2_msgs/share/easy_handeye2_msgs/calibration/SaveCalibration_Request.msg
[1.355s] -- Up-to-date: /home/rokae/workspace/rokae_ros2_sim2real/install/easy_handeye2_msgs/share/easy_handeye2_msgs/calibration/SaveCalibration_Response.msg
[1.356s] -- Up-to-date: /home/rokae/workspace/rokae_ros2_sim2real/install/easy_handeye2_msgs/share/easy_handeye2_msgs/calibration/RemoveSample.srv
[1.356s] -- Up-to-date: /home/rokae/workspace/rokae_ros2_sim2real/install/easy_handeye2_msgs/share/easy_handeye2_msgs/calibration/RemoveSample_Request.msg
[1.356s] -- Up-to-date: /home/rokae/workspace/rokae_ros2_sim2real/install/easy_handeye2_msgs/share/easy_handeye2_msgs/calibration/RemoveSample_Response.msg
[1.356s] -- Up-to-date: /home/rokae/workspace/rokae_ros2_sim2real/install/easy_handeye2_msgs/share/easy_handeye2_msgs/calibration/TakeSample.srv
[1.356s] -- Up-to-date: /home/rokae/workspace/rokae_ros2_sim2real/install/easy_handeye2_msgs/share/easy_handeye2_msgs/calibration/TakeSample_Request.msg
[1.356s] -- Up-to-date: /home/rokae/workspace/rokae_ros2_sim2real/install/easy_handeye2_msgs/share/easy_handeye2_msgs/calibration/TakeSample_Response.msg
[1.357s] -- Up-to-date: /home/rokae/workspace/rokae_ros2_sim2real/install/easy_handeye2_msgs/share/easy_handeye2_msgs/calibration/SaveSamples.srv
[1.357s] -- Up-to-date: /home/rokae/workspace/rokae_ros2_sim2real/install/easy_handeye2_msgs/share/easy_handeye2_msgs/calibration/SaveSamples_Request.msg
[1.357s] -- Up-to-date: /home/rokae/workspace/rokae_ros2_sim2real/install/easy_handeye2_msgs/share/easy_handeye2_msgs/calibration/SaveSamples_Response.msg
[1.357s] -- Up-to-date: /home/rokae/workspace/rokae_ros2_sim2real/install/easy_handeye2_msgs/share/easy_handeye2_msgs/calibration/LoadSamples.srv
[1.357s] -- Up-to-date: /home/rokae/workspace/rokae_ros2_sim2real/install/easy_handeye2_msgs/share/easy_handeye2_msgs/calibration/LoadSamples_Request.msg
[1.357s] -- Up-to-date: /home/rokae/workspace/rokae_ros2_sim2real/install/easy_handeye2_msgs/share/easy_handeye2_msgs/calibration/LoadSamples_Response.msg
[1.357s] -- Up-to-date: /home/rokae/workspace/rokae_ros2_sim2real/install/easy_handeye2_msgs/share/easy_handeye2_msgs/robot_movements/CheckStartingPose.srv
[1.357s] -- Up-to-date: /home/rokae/workspace/rokae_ros2_sim2real/install/easy_handeye2_msgs/share/easy_handeye2_msgs/robot_movements/CheckStartingPose_Request.msg
[1.357s] -- Up-to-date: /home/rokae/workspace/rokae_ros2_sim2real/install/easy_handeye2_msgs/share/easy_handeye2_msgs/robot_movements/CheckStartingPose_Response.msg
[1.358s] -- Up-to-date: /home/rokae/workspace/rokae_ros2_sim2real/install/easy_handeye2_msgs/share/easy_handeye2_msgs/robot_movements/EnumerateTargetPoses.srv
[1.359s] -- Up-to-date: /home/rokae/workspace/rokae_ros2_sim2real/install/easy_handeye2_msgs/share/easy_handeye2_msgs/robot_movements/EnumerateTargetPoses_Request.msg
[1.359s] -- Up-to-date: /home/rokae/workspace/rokae_ros2_sim2real/install/easy_handeye2_msgs/share/easy_handeye2_msgs/robot_movements/EnumerateTargetPoses_Response.msg
[1.359s] -- Up-to-date: /home/rokae/workspace/rokae_ros2_sim2real/install/easy_handeye2_msgs/share/easy_handeye2_msgs/robot_movements/SelectTargetPose.srv
[1.360s] -- Up-to-date: /home/rokae/workspace/rokae_ros2_sim2real/install/easy_handeye2_msgs/share/easy_handeye2_msgs/robot_movements/SelectTargetPose_Request.msg
[1.360s] -- Up-to-date: /home/rokae/workspace/rokae_ros2_sim2real/install/easy_handeye2_msgs/share/easy_handeye2_msgs/robot_movements/SelectTargetPose_Response.msg
[1.360s] -- Up-to-date: /home/rokae/workspace/rokae_ros2_sim2real/install/easy_handeye2_msgs/share/easy_handeye2_msgs/robot_movements/PlanToSelectedTargetPose.srv
[1.361s] -- Up-to-date: /home/rokae/workspace/rokae_ros2_sim2real/install/easy_handeye2_msgs/share/easy_handeye2_msgs/robot_movements/PlanToSelectedTargetPose_Request.msg
[1.361s] -- Up-to-date: /home/rokae/workspace/rokae_ros2_sim2real/install/easy_handeye2_msgs/share/easy_handeye2_msgs/robot_movements/PlanToSelectedTargetPose_Response.msg
[1.361s] -- Up-to-date: /home/rokae/workspace/rokae_ros2_sim2real/install/easy_handeye2_msgs/share/easy_handeye2_msgs/robot_movements/ExecutePlan.srv
[1.362s] -- Up-to-date: /home/rokae/workspace/rokae_ros2_sim2real/install/easy_handeye2_msgs/share/easy_handeye2_msgs/robot_movements/ExecutePlan_Request.msg
[1.362s] -- Up-to-date: /home/rokae/workspace/rokae_ros2_sim2real/install/easy_handeye2_msgs/share/easy_handeye2_msgs/robot_movements/ExecutePlan_Response.msg
[1.363s] -- Up-to-date: /home/rokae/workspace/rokae_ros2_sim2real/install/easy_handeye2_msgs/share/ament_index/resource_index/package_run_dependencies/easy_handeye2_msgs
[1.363s] -- Up-to-date: /home/rokae/workspace/rokae_ros2_sim2real/install/easy_handeye2_msgs/share/ament_index/resource_index/parent_prefix_path/easy_handeye2_msgs
[1.363s] -- Up-to-date: /home/rokae/workspace/rokae_ros2_sim2real/install/easy_handeye2_msgs/share/easy_handeye2_msgs/environment/ament_prefix_path.sh
[1.363s] -- Up-to-date: /home/rokae/workspace/rokae_ros2_sim2real/install/easy_handeye2_msgs/share/easy_handeye2_msgs/environment/ament_prefix_path.dsv
[1.363s] -- Up-to-date: /home/rokae/workspace/rokae_ros2_sim2real/install/easy_handeye2_msgs/share/easy_handeye2_msgs/environment/path.sh
[1.363s] -- Up-to-date: /home/rokae/workspace/rokae_ros2_sim2real/install/easy_handeye2_msgs/share/easy_handeye2_msgs/environment/path.dsv
[1.363s] -- Up-to-date: /home/rokae/workspace/rokae_ros2_sim2real/install/easy_handeye2_msgs/share/easy_handeye2_msgs/local_setup.bash
[1.364s] -- Up-to-date: /home/rokae/workspace/rokae_ros2_sim2real/install/easy_handeye2_msgs/share/easy_handeye2_msgs/local_setup.sh
[1.364s] -- Up-to-date: /home/rokae/workspace/rokae_ros2_sim2real/install/easy_handeye2_msgs/share/easy_handeye2_msgs/local_setup.zsh
[1.364s] -- Up-to-date: /home/rokae/workspace/rokae_ros2_sim2real/install/easy_handeye2_msgs/share/easy_handeye2_msgs/local_setup.dsv
[1.364s] -- Installing: /home/rokae/workspace/rokae_ros2_sim2real/install/easy_handeye2_msgs/share/easy_handeye2_msgs/package.dsv
[1.364s] -- Up-to-date: /home/rokae/workspace/rokae_ros2_sim2real/install/easy_handeye2_msgs/share/ament_index/resource_index/packages/easy_handeye2_msgs
[1.365s] -- Up-to-date: /home/rokae/workspace/rokae_ros2_sim2real/install/easy_handeye2_msgs/share/easy_handeye2_msgs/cmake/export_easy_handeye2_msgs__rosidl_generator_cExport.cmake
[1.365s] -- Up-to-date: /home/rokae/workspace/rokae_ros2_sim2real/install/easy_handeye2_msgs/share/easy_handeye2_msgs/cmake/export_easy_handeye2_msgs__rosidl_generator_cExport-release.cmake
[1.365s] -- Up-to-date: /home/rokae/workspace/rokae_ros2_sim2real/install/easy_handeye2_msgs/share/easy_handeye2_msgs/cmake/export_easy_handeye2_msgs__rosidl_typesupport_fastrtps_cExport.cmake
[1.365s] -- Up-to-date: /home/rokae/workspace/rokae_ros2_sim2real/install/easy_handeye2_msgs/share/easy_handeye2_msgs/cmake/export_easy_handeye2_msgs__rosidl_typesupport_fastrtps_cExport-release.cmake
[1.366s] -- Up-to-date: /home/rokae/workspace/rokae_ros2_sim2real/install/easy_handeye2_msgs/share/easy_handeye2_msgs/cmake/easy_handeye2_msgs__rosidl_typesupport_introspection_cExport.cmake
[1.366s] -- Up-to-date: /home/rokae/workspace/rokae_ros2_sim2real/install/easy_handeye2_msgs/share/easy_handeye2_msgs/cmake/easy_handeye2_msgs__rosidl_typesupport_introspection_cExport-release.cmake
[1.366s] -- Up-to-date: /home/rokae/workspace/rokae_ros2_sim2real/install/easy_handeye2_msgs/share/easy_handeye2_msgs/cmake/easy_handeye2_msgs__rosidl_typesupport_cExport.cmake
[1.366s] -- Up-to-date: /home/rokae/workspace/rokae_ros2_sim2real/install/easy_handeye2_msgs/share/easy_handeye2_msgs/cmake/easy_handeye2_msgs__rosidl_typesupport_cExport-release.cmake
[1.367s] -- Up-to-date: /home/rokae/workspace/rokae_ros2_sim2real/install/easy_handeye2_msgs/share/easy_handeye2_msgs/cmake/export_easy_handeye2_msgs__rosidl_generator_cppExport.cmake
[1.367s] -- Up-to-date: /home/rokae/workspace/rokae_ros2_sim2real/install/easy_handeye2_msgs/share/easy_handeye2_msgs/cmake/export_easy_handeye2_msgs__rosidl_typesupport_fastrtps_cppExport.cmake
[1.368s] -- Up-to-date: /home/rokae/workspace/rokae_ros2_sim2real/install/easy_handeye2_msgs/share/easy_handeye2_msgs/cmake/export_easy_handeye2_msgs__rosidl_typesupport_fastrtps_cppExport-release.cmake
[1.368s] -- Up-to-date: /home/rokae/workspace/rokae_ros2_sim2real/install/easy_handeye2_msgs/share/easy_handeye2_msgs/cmake/easy_handeye2_msgs__rosidl_typesupport_introspection_cppExport.cmake
[1.368s] -- Up-to-date: /home/rokae/workspace/rokae_ros2_sim2real/install/easy_handeye2_msgs/share/easy_handeye2_msgs/cmake/easy_handeye2_msgs__rosidl_typesupport_introspection_cppExport-release.cmake
[1.368s] -- Up-to-date: /home/rokae/workspace/rokae_ros2_sim2real/install/easy_handeye2_msgs/share/easy_handeye2_msgs/cmake/easy_handeye2_msgs__rosidl_typesupport_cppExport.cmake
[1.369s] -- Up-to-date: /home/rokae/workspace/rokae_ros2_sim2real/install/easy_handeye2_msgs/share/easy_handeye2_msgs/cmake/easy_handeye2_msgs__rosidl_typesupport_cppExport-release.cmake
[1.369s] -- Up-to-date: /home/rokae/workspace/rokae_ros2_sim2real/install/easy_handeye2_msgs/share/easy_handeye2_msgs/cmake/export_easy_handeye2_msgs__rosidl_generator_pyExport.cmake
[1.369s] -- Up-to-date: /home/rokae/workspace/rokae_ros2_sim2real/install/easy_handeye2_msgs/share/easy_handeye2_msgs/cmake/export_easy_handeye2_msgs__rosidl_generator_pyExport-release.cmake
[1.369s] -- Up-to-date: /home/rokae/workspace/rokae_ros2_sim2real/install/easy_handeye2_msgs/share/easy_handeye2_msgs/cmake/rosidl_cmake-extras.cmake
[1.369s] -- Up-to-date: /home/rokae/workspace/rokae_ros2_sim2real/install/easy_handeye2_msgs/share/easy_handeye2_msgs/cmake/ament_cmake_export_dependencies-extras.cmake
[1.369s] -- Up-to-date: /home/rokae/workspace/rokae_ros2_sim2real/install/easy_handeye2_msgs/share/easy_handeye2_msgs/cmake/ament_cmake_export_include_directories-extras.cmake
[1.369s] -- Up-to-date: /home/rokae/workspace/rokae_ros2_sim2real/install/easy_handeye2_msgs/share/easy_handeye2_msgs/cmake/ament_cmake_export_libraries-extras.cmake
[1.369s] -- Up-to-date: /home/rokae/workspace/rokae_ros2_sim2real/install/easy_handeye2_msgs/share/easy_handeye2_msgs/cmake/ament_cmake_export_targets-extras.cmake
[1.369s] -- Up-to-date: /home/rokae/workspace/rokae_ros2_sim2real/install/easy_handeye2_msgs/share/easy_handeye2_msgs/cmake/rosidl_cmake_export_typesupport_targets-extras.cmake
[1.369s] -- Up-to-date: /home/rokae/workspace/rokae_ros2_sim2real/install/easy_handeye2_msgs/share/easy_handeye2_msgs/cmake/rosidl_cmake_export_typesupport_libraries-extras.cmake
[1.370s] -- Up-to-date: /home/rokae/workspace/rokae_ros2_sim2real/install/easy_handeye2_msgs/share/easy_handeye2_msgs/cmake/easy_handeye2_msgsConfig.cmake
[1.370s] -- Up-to-date: /home/rokae/workspace/rokae_ros2_sim2real/install/easy_handeye2_msgs/share/easy_handeye2_msgs/cmake/easy_handeye2_msgsConfig-version.cmake
[1.370s] -- Up-to-date: /home/rokae/workspace/rokae_ros2_sim2real/install/easy_handeye2_msgs/share/easy_handeye2_msgs/package.xml
[1.466s] Invoked command in '/home/rokae/workspace/rokae_ros2_sim2real/build/easy_handeye2_msgs' returned '0': CMAKE_PREFIX_PATH=${CMAKE_PREFIX_PATH}:/home/rokae/workspace/ws_moveit/install/moveit_configs_utils:/home/rokae/workspace/ws_moveit/install/launch_param_builder:/opt/ros/humble /usr/bin/cmake --install /home/rokae/workspace/rokae_ros2_sim2real/build/easy_handeye2_msgs
