[0.108s] Invoking command in '/home/rokae/workspace/rokae_ros2_sim2real/build/realsense2_camera_msgs': CMAKE_PREFIX_PATH=${CMAKE_PREFIX_PATH}:/home/rokae/workspace/rokae_ros2_sim2real/install/easy_handeye2_demo:/home/rokae/workspace/rokae_ros2_sim2real/install/easy_handeye2:/home/rokae/workspace/ws_moveit/install/moveit_configs_utils:/home/rokae/workspace/ws_moveit/install/launch_param_builder:/opt/ros/humble /usr/bin/cmake --build /home/rokae/workspace/rokae_ros2_sim2real/build/realsense2_camera_msgs -- -j32 -l32
[0.277s] [  1%] Built target realsense2_camera_msgs__cpp
[0.279s] [ 12%] Built target realsense2_camera_msgs__rosidl_generator_c
[0.283s] [ 12%] Built target ament_cmake_python_copy_realsense2_camera_msgs
[0.363s] [ 24%] Built target realsense2_camera_msgs__rosidl_typesupport_c
[0.365s] [ 35%] Built target realsense2_camera_msgs__rosidl_typesupport_fastrtps_cpp
[0.365s] [ 47%] Built target realsense2_camera_msgs__rosidl_typesupport_introspection_c
[0.368s] [ 58%] Built target realsense2_camera_msgs__rosidl_typesupport_introspection_cpp
[0.373s] [ 70%] Built target realsense2_camera_msgs__rosidl_typesupport_cpp
[0.374s] [ 81%] Built target realsense2_camera_msgs__rosidl_typesupport_fastrtps_c
[0.440s] [ 81%] Built target realsense2_camera_msgs
[0.503s] [ 82%] Built target realsense2_camera_msgs__py
[0.584s] [ 93%] Built target realsense2_camera_msgs__rosidl_generator_py
[0.657s] [ 95%] Built target realsense2_camera_msgs__rosidl_typesupport_c__pyext
[0.663s] [ 97%] Built target realsense2_camera_msgs__rosidl_typesupport_fastrtps_c__pyext
[0.663s] [100%] Built target realsense2_camera_msgs__rosidl_typesupport_introspection_c__pyext
[0.834s] running egg_info
[0.836s] writing realsense2_camera_msgs.egg-info/PKG-INFO
[0.837s] writing dependency_links to realsense2_camera_msgs.egg-info/dependency_links.txt
[0.837s] writing top-level names to realsense2_camera_msgs.egg-info/top_level.txt
[0.841s] reading manifest file 'realsense2_camera_msgs.egg-info/SOURCES.txt'
[0.843s] writing manifest file 'realsense2_camera_msgs.egg-info/SOURCES.txt'
[0.902s] [100%] Built target ament_cmake_python_build_realsense2_camera_msgs_egg
[0.930s] Invoked command in '/home/rokae/workspace/rokae_ros2_sim2real/build/realsense2_camera_msgs' returned '0': CMAKE_PREFIX_PATH=${CMAKE_PREFIX_PATH}:/home/rokae/workspace/rokae_ros2_sim2real/install/easy_handeye2_demo:/home/rokae/workspace/rokae_ros2_sim2real/install/easy_handeye2:/home/rokae/workspace/ws_moveit/install/moveit_configs_utils:/home/rokae/workspace/ws_moveit/install/launch_param_builder:/opt/ros/humble /usr/bin/cmake --build /home/rokae/workspace/rokae_ros2_sim2real/build/realsense2_camera_msgs -- -j32 -l32
[0.933s] Invoking command in '/home/rokae/workspace/rokae_ros2_sim2real/build/realsense2_camera_msgs': CMAKE_PREFIX_PATH=${CMAKE_PREFIX_PATH}:/home/rokae/workspace/rokae_ros2_sim2real/install/easy_handeye2_demo:/home/rokae/workspace/rokae_ros2_sim2real/install/easy_handeye2:/home/rokae/workspace/ws_moveit/install/moveit_configs_utils:/home/rokae/workspace/ws_moveit/install/launch_param_builder:/opt/ros/humble /usr/bin/cmake --install /home/rokae/workspace/rokae_ros2_sim2real/build/realsense2_camera_msgs
[0.976s] -- Install configuration: "Release"
[0.979s] -- Up-to-date: /home/rokae/workspace/rokae_ros2_sim2real/install/realsense2_camera_msgs/share/ament_index/resource_index/rosidl_interfaces/realsense2_camera_msgs
[0.979s] -- Up-to-date: /home/rokae/workspace/rokae_ros2_sim2real/install/realsense2_camera_msgs/include/realsense2_camera_msgs/realsense2_camera_msgs
[0.984s] -- Up-to-date: /home/rokae/workspace/rokae_ros2_sim2real/install/realsense2_camera_msgs/include/realsense2_camera_msgs/realsense2_camera_msgs/msg
[0.984s] -- Up-to-date: /home/rokae/workspace/rokae_ros2_sim2real/install/realsense2_camera_msgs/include/realsense2_camera_msgs/realsense2_camera_msgs/msg/rgbd.h
[0.984s] -- Up-to-date: /home/rokae/workspace/rokae_ros2_sim2real/install/realsense2_camera_msgs/include/realsense2_camera_msgs/realsense2_camera_msgs/msg/metadata.h
[0.984s] -- Up-to-date: /home/rokae/workspace/rokae_ros2_sim2real/install/realsense2_camera_msgs/include/realsense2_camera_msgs/realsense2_camera_msgs/msg/imu_info.h
[0.984s] -- Up-to-date: /home/rokae/workspace/rokae_ros2_sim2real/install/realsense2_camera_msgs/include/realsense2_camera_msgs/realsense2_camera_msgs/msg/rosidl_generator_c__visibility_control.h
[0.985s] -- Up-to-date: /home/rokae/workspace/rokae_ros2_sim2real/install/realsense2_camera_msgs/include/realsense2_camera_msgs/realsense2_camera_msgs/msg/detail
[0.985s] -- Up-to-date: /home/rokae/workspace/rokae_ros2_sim2real/install/realsense2_camera_msgs/include/realsense2_camera_msgs/realsense2_camera_msgs/msg/detail/metadata__functions.c
[0.985s] -- Up-to-date: /home/rokae/workspace/rokae_ros2_sim2real/install/realsense2_camera_msgs/include/realsense2_camera_msgs/realsense2_camera_msgs/msg/detail/rgbd__type_support.h
[0.985s] -- Up-to-date: /home/rokae/workspace/rokae_ros2_sim2real/install/realsense2_camera_msgs/include/realsense2_camera_msgs/realsense2_camera_msgs/msg/detail/imu_info__type_support.h
[0.985s] -- Up-to-date: /home/rokae/workspace/rokae_ros2_sim2real/install/realsense2_camera_msgs/include/realsense2_camera_msgs/realsense2_camera_msgs/msg/detail/extrinsics__struct.h
[0.985s] -- Up-to-date: /home/rokae/workspace/rokae_ros2_sim2real/install/realsense2_camera_msgs/include/realsense2_camera_msgs/realsense2_camera_msgs/msg/detail/metadata__functions.h
[0.985s] -- Up-to-date: /home/rokae/workspace/rokae_ros2_sim2real/install/realsense2_camera_msgs/include/realsense2_camera_msgs/realsense2_camera_msgs/msg/detail/extrinsics__functions.c
[0.985s] -- Up-to-date: /home/rokae/workspace/rokae_ros2_sim2real/install/realsense2_camera_msgs/include/realsense2_camera_msgs/realsense2_camera_msgs/msg/detail/rgbd__struct.h
[0.985s] -- Up-to-date: /home/rokae/workspace/rokae_ros2_sim2real/install/realsense2_camera_msgs/include/realsense2_camera_msgs/realsense2_camera_msgs/msg/detail/imu_info__functions.c
[0.985s] -- Up-to-date: /home/rokae/workspace/rokae_ros2_sim2real/install/realsense2_camera_msgs/include/realsense2_camera_msgs/realsense2_camera_msgs/msg/detail/rgbd__functions.h
[0.985s] -- Up-to-date: /home/rokae/workspace/rokae_ros2_sim2real/install/realsense2_camera_msgs/include/realsense2_camera_msgs/realsense2_camera_msgs/msg/detail/imu_info__functions.h
[0.986s] -- Up-to-date: /home/rokae/workspace/rokae_ros2_sim2real/install/realsense2_camera_msgs/include/realsense2_camera_msgs/realsense2_camera_msgs/msg/detail/metadata__type_support.h
[0.986s] -- Up-to-date: /home/rokae/workspace/rokae_ros2_sim2real/install/realsense2_camera_msgs/include/realsense2_camera_msgs/realsense2_camera_msgs/msg/detail/imu_info__struct.h
[0.986s] -- Up-to-date: /home/rokae/workspace/rokae_ros2_sim2real/install/realsense2_camera_msgs/include/realsense2_camera_msgs/realsense2_camera_msgs/msg/detail/rgbd__functions.c
[0.986s] -- Up-to-date: /home/rokae/workspace/rokae_ros2_sim2real/install/realsense2_camera_msgs/include/realsense2_camera_msgs/realsense2_camera_msgs/msg/detail/extrinsics__type_support.h
[0.986s] -- Up-to-date: /home/rokae/workspace/rokae_ros2_sim2real/install/realsense2_camera_msgs/include/realsense2_camera_msgs/realsense2_camera_msgs/msg/detail/metadata__struct.h
[0.986s] -- Up-to-date: /home/rokae/workspace/rokae_ros2_sim2real/install/realsense2_camera_msgs/include/realsense2_camera_msgs/realsense2_camera_msgs/msg/detail/extrinsics__functions.h
[0.986s] -- Up-to-date: /home/rokae/workspace/rokae_ros2_sim2real/install/realsense2_camera_msgs/include/realsense2_camera_msgs/realsense2_camera_msgs/msg/extrinsics.h
[0.986s] -- Up-to-date: /home/rokae/workspace/rokae_ros2_sim2real/install/realsense2_camera_msgs/include/realsense2_camera_msgs/realsense2_camera_msgs/action
[0.988s] -- Up-to-date: /home/rokae/workspace/rokae_ros2_sim2real/install/realsense2_camera_msgs/include/realsense2_camera_msgs/realsense2_camera_msgs/action/triggered_calibration.h
[0.988s] -- Up-to-date: /home/rokae/workspace/rokae_ros2_sim2real/install/realsense2_camera_msgs/include/realsense2_camera_msgs/realsense2_camera_msgs/action/detail
[0.989s] -- Up-to-date: /home/rokae/workspace/rokae_ros2_sim2real/install/realsense2_camera_msgs/include/realsense2_camera_msgs/realsense2_camera_msgs/action/detail/triggered_calibration__functions.h
[0.989s] -- Up-to-date: /home/rokae/workspace/rokae_ros2_sim2real/install/realsense2_camera_msgs/include/realsense2_camera_msgs/realsense2_camera_msgs/action/detail/triggered_calibration__struct.h
[0.989s] -- Up-to-date: /home/rokae/workspace/rokae_ros2_sim2real/install/realsense2_camera_msgs/include/realsense2_camera_msgs/realsense2_camera_msgs/action/detail/triggered_calibration__functions.c
[0.989s] -- Up-to-date: /home/rokae/workspace/rokae_ros2_sim2real/install/realsense2_camera_msgs/include/realsense2_camera_msgs/realsense2_camera_msgs/action/detail/triggered_calibration__type_support.h
[0.989s] -- Up-to-date: /home/rokae/workspace/rokae_ros2_sim2real/install/realsense2_camera_msgs/include/realsense2_camera_msgs/realsense2_camera_msgs/srv
[0.989s] -- Up-to-date: /home/rokae/workspace/rokae_ros2_sim2real/install/realsense2_camera_msgs/include/realsense2_camera_msgs/realsense2_camera_msgs/srv/device_info.h
[0.989s] -- Up-to-date: /home/rokae/workspace/rokae_ros2_sim2real/install/realsense2_camera_msgs/include/realsense2_camera_msgs/realsense2_camera_msgs/srv/calib_config_write.h
[0.989s] -- Up-to-date: /home/rokae/workspace/rokae_ros2_sim2real/install/realsense2_camera_msgs/include/realsense2_camera_msgs/realsense2_camera_msgs/srv/detail
[0.989s] -- Up-to-date: /home/rokae/workspace/rokae_ros2_sim2real/install/realsense2_camera_msgs/include/realsense2_camera_msgs/realsense2_camera_msgs/srv/detail/calib_config_read__functions.h
[0.989s] -- Up-to-date: /home/rokae/workspace/rokae_ros2_sim2real/install/realsense2_camera_msgs/include/realsense2_camera_msgs/realsense2_camera_msgs/srv/detail/calib_config_write__struct.h
[0.989s] -- Up-to-date: /home/rokae/workspace/rokae_ros2_sim2real/install/realsense2_camera_msgs/include/realsense2_camera_msgs/realsense2_camera_msgs/srv/detail/calib_config_read__struct.h
[0.990s] -- Up-to-date: /home/rokae/workspace/rokae_ros2_sim2real/install/realsense2_camera_msgs/include/realsense2_camera_msgs/realsense2_camera_msgs/srv/detail/calib_config_write__functions.h
[0.990s] -- Up-to-date: /home/rokae/workspace/rokae_ros2_sim2real/install/realsense2_camera_msgs/include/realsense2_camera_msgs/realsense2_camera_msgs/srv/detail/device_info__functions.c
[0.990s] -- Up-to-date: /home/rokae/workspace/rokae_ros2_sim2real/install/realsense2_camera_msgs/include/realsense2_camera_msgs/realsense2_camera_msgs/srv/detail/calib_config_write__functions.c
[0.990s] -- Up-to-date: /home/rokae/workspace/rokae_ros2_sim2real/install/realsense2_camera_msgs/include/realsense2_camera_msgs/realsense2_camera_msgs/srv/detail/calib_config_write__type_support.h
[0.990s] -- Up-to-date: /home/rokae/workspace/rokae_ros2_sim2real/install/realsense2_camera_msgs/include/realsense2_camera_msgs/realsense2_camera_msgs/srv/detail/device_info__functions.h
[0.990s] -- Up-to-date: /home/rokae/workspace/rokae_ros2_sim2real/install/realsense2_camera_msgs/include/realsense2_camera_msgs/realsense2_camera_msgs/srv/detail/device_info__type_support.h
[0.990s] -- Up-to-date: /home/rokae/workspace/rokae_ros2_sim2real/install/realsense2_camera_msgs/include/realsense2_camera_msgs/realsense2_camera_msgs/srv/detail/device_info__struct.h
[0.990s] -- Up-to-date: /home/rokae/workspace/rokae_ros2_sim2real/install/realsense2_camera_msgs/include/realsense2_camera_msgs/realsense2_camera_msgs/srv/detail/calib_config_read__functions.c
[0.990s] -- Up-to-date: /home/rokae/workspace/rokae_ros2_sim2real/install/realsense2_camera_msgs/include/realsense2_camera_msgs/realsense2_camera_msgs/srv/detail/calib_config_read__type_support.h
[0.990s] -- Up-to-date: /home/rokae/workspace/rokae_ros2_sim2real/install/realsense2_camera_msgs/include/realsense2_camera_msgs/realsense2_camera_msgs/srv/calib_config_read.h
[0.990s] -- Up-to-date: /home/rokae/workspace/rokae_ros2_sim2real/install/realsense2_camera_msgs/share/realsense2_camera_msgs/environment/library_path.sh
[0.991s] -- Up-to-date: /home/rokae/workspace/rokae_ros2_sim2real/install/realsense2_camera_msgs/share/realsense2_camera_msgs/environment/library_path.dsv
[0.991s] -- Up-to-date: /home/rokae/workspace/rokae_ros2_sim2real/install/realsense2_camera_msgs/lib/librealsense2_camera_msgs__rosidl_generator_c.so
[0.991s] -- Up-to-date: /home/rokae/workspace/rokae_ros2_sim2real/install/realsense2_camera_msgs/include/realsense2_camera_msgs/realsense2_camera_msgs
[0.991s] -- Up-to-date: /home/rokae/workspace/rokae_ros2_sim2real/install/realsense2_camera_msgs/include/realsense2_camera_msgs/realsense2_camera_msgs/msg
[0.991s] -- Up-to-date: /home/rokae/workspace/rokae_ros2_sim2real/install/realsense2_camera_msgs/include/realsense2_camera_msgs/realsense2_camera_msgs/msg/detail
[0.991s] -- Up-to-date: /home/rokae/workspace/rokae_ros2_sim2real/install/realsense2_camera_msgs/include/realsense2_camera_msgs/realsense2_camera_msgs/msg/detail/rgbd__rosidl_typesupport_fastrtps_c.h
[0.991s] -- Up-to-date: /home/rokae/workspace/rokae_ros2_sim2real/install/realsense2_camera_msgs/include/realsense2_camera_msgs/realsense2_camera_msgs/msg/detail/extrinsics__rosidl_typesupport_fastrtps_c.h
[0.991s] -- Up-to-date: /home/rokae/workspace/rokae_ros2_sim2real/install/realsense2_camera_msgs/include/realsense2_camera_msgs/realsense2_camera_msgs/msg/detail/imu_info__rosidl_typesupport_fastrtps_c.h
[0.991s] -- Up-to-date: /home/rokae/workspace/rokae_ros2_sim2real/install/realsense2_camera_msgs/include/realsense2_camera_msgs/realsense2_camera_msgs/msg/detail/metadata__rosidl_typesupport_fastrtps_c.h
[0.991s] -- Up-to-date: /home/rokae/workspace/rokae_ros2_sim2real/install/realsense2_camera_msgs/include/realsense2_camera_msgs/realsense2_camera_msgs/msg/rosidl_typesupport_fastrtps_c__visibility_control.h
[0.992s] -- Up-to-date: /home/rokae/workspace/rokae_ros2_sim2real/install/realsense2_camera_msgs/include/realsense2_camera_msgs/realsense2_camera_msgs/action
[0.992s] -- Up-to-date: /home/rokae/workspace/rokae_ros2_sim2real/install/realsense2_camera_msgs/include/realsense2_camera_msgs/realsense2_camera_msgs/action/detail
[0.992s] -- Up-to-date: /home/rokae/workspace/rokae_ros2_sim2real/install/realsense2_camera_msgs/include/realsense2_camera_msgs/realsense2_camera_msgs/action/detail/triggered_calibration__rosidl_typesupport_fastrtps_c.h
[0.992s] -- Up-to-date: /home/rokae/workspace/rokae_ros2_sim2real/install/realsense2_camera_msgs/include/realsense2_camera_msgs/realsense2_camera_msgs/srv
[0.992s] -- Up-to-date: /home/rokae/workspace/rokae_ros2_sim2real/install/realsense2_camera_msgs/include/realsense2_camera_msgs/realsense2_camera_msgs/srv/detail
[0.992s] -- Up-to-date: /home/rokae/workspace/rokae_ros2_sim2real/install/realsense2_camera_msgs/include/realsense2_camera_msgs/realsense2_camera_msgs/srv/detail/calib_config_write__rosidl_typesupport_fastrtps_c.h
[0.992s] -- Up-to-date: /home/rokae/workspace/rokae_ros2_sim2real/install/realsense2_camera_msgs/include/realsense2_camera_msgs/realsense2_camera_msgs/srv/detail/calib_config_read__rosidl_typesupport_fastrtps_c.h
[0.993s] -- Up-to-date: /home/rokae/workspace/rokae_ros2_sim2real/install/realsense2_camera_msgs/include/realsense2_camera_msgs/realsense2_camera_msgs/srv/detail/device_info__rosidl_typesupport_fastrtps_c.h
[0.996s] -- Up-to-date: /home/rokae/workspace/rokae_ros2_sim2real/install/realsense2_camera_msgs/lib/librealsense2_camera_msgs__rosidl_typesupport_fastrtps_c.so
[0.996s] -- Up-to-date: /home/rokae/workspace/rokae_ros2_sim2real/install/realsense2_camera_msgs/include/realsense2_camera_msgs/realsense2_camera_msgs
[0.996s] -- Up-to-date: /home/rokae/workspace/rokae_ros2_sim2real/install/realsense2_camera_msgs/include/realsense2_camera_msgs/realsense2_camera_msgs/msg
[0.996s] -- Up-to-date: /home/rokae/workspace/rokae_ros2_sim2real/install/realsense2_camera_msgs/include/realsense2_camera_msgs/realsense2_camera_msgs/msg/rosidl_typesupport_introspection_c__visibility_control.h
[0.996s] -- Up-to-date: /home/rokae/workspace/rokae_ros2_sim2real/install/realsense2_camera_msgs/include/realsense2_camera_msgs/realsense2_camera_msgs/msg/detail
[0.996s] -- Up-to-date: /home/rokae/workspace/rokae_ros2_sim2real/install/realsense2_camera_msgs/include/realsense2_camera_msgs/realsense2_camera_msgs/msg/detail/metadata__type_support.c
[0.996s] -- Up-to-date: /home/rokae/workspace/rokae_ros2_sim2real/install/realsense2_camera_msgs/include/realsense2_camera_msgs/realsense2_camera_msgs/msg/detail/rgbd__rosidl_typesupport_introspection_c.h
[0.997s] -- Up-to-date: /home/rokae/workspace/rokae_ros2_sim2real/install/realsense2_camera_msgs/include/realsense2_camera_msgs/realsense2_camera_msgs/msg/detail/imu_info__type_support.c
[0.997s] -- Up-to-date: /home/rokae/workspace/rokae_ros2_sim2real/install/realsense2_camera_msgs/include/realsense2_camera_msgs/realsense2_camera_msgs/msg/detail/rgbd__type_support.c
[0.999s] -- Up-to-date: /home/rokae/workspace/rokae_ros2_sim2real/install/realsense2_camera_msgs/include/realsense2_camera_msgs/realsense2_camera_msgs/msg/detail/imu_info__rosidl_typesupport_introspection_c.h
[1.001s] -- Up-to-date: /home/rokae/workspace/rokae_ros2_sim2real/install/realsense2_camera_msgs/include/realsense2_camera_msgs/realsense2_camera_msgs/msg/detail/extrinsics__type_support.c
[1.001s] -- Up-to-date: /home/rokae/workspace/rokae_ros2_sim2real/install/realsense2_camera_msgs/include/realsense2_camera_msgs/realsense2_camera_msgs/msg/detail/extrinsics__rosidl_typesupport_introspection_c.h
[1.001s] -- Up-to-date: /home/rokae/workspace/rokae_ros2_sim2real/install/realsense2_camera_msgs/include/realsense2_camera_msgs/realsense2_camera_msgs/msg/detail/metadata__rosidl_typesupport_introspection_c.h
[1.002s] -- Up-to-date: /home/rokae/workspace/rokae_ros2_sim2real/install/realsense2_camera_msgs/include/realsense2_camera_msgs/realsense2_camera_msgs/action
[1.002s] -- Up-to-date: /home/rokae/workspace/rokae_ros2_sim2real/install/realsense2_camera_msgs/include/realsense2_camera_msgs/realsense2_camera_msgs/action/detail
[1.002s] -- Up-to-date: /home/rokae/workspace/rokae_ros2_sim2real/install/realsense2_camera_msgs/include/realsense2_camera_msgs/realsense2_camera_msgs/action/detail/triggered_calibration__type_support.c
[1.002s] -- Up-to-date: /home/rokae/workspace/rokae_ros2_sim2real/install/realsense2_camera_msgs/include/realsense2_camera_msgs/realsense2_camera_msgs/action/detail/triggered_calibration__rosidl_typesupport_introspection_c.h
[1.002s] -- Up-to-date: /home/rokae/workspace/rokae_ros2_sim2real/install/realsense2_camera_msgs/include/realsense2_camera_msgs/realsense2_camera_msgs/srv
[1.002s] -- Up-to-date: /home/rokae/workspace/rokae_ros2_sim2real/install/realsense2_camera_msgs/include/realsense2_camera_msgs/realsense2_camera_msgs/srv/detail
[1.003s] -- Up-to-date: /home/rokae/workspace/rokae_ros2_sim2real/install/realsense2_camera_msgs/include/realsense2_camera_msgs/realsense2_camera_msgs/srv/detail/calib_config_write__rosidl_typesupport_introspection_c.h
[1.003s] -- Up-to-date: /home/rokae/workspace/rokae_ros2_sim2real/install/realsense2_camera_msgs/include/realsense2_camera_msgs/realsense2_camera_msgs/srv/detail/calib_config_read__rosidl_typesupport_introspection_c.h
[1.003s] -- Up-to-date: /home/rokae/workspace/rokae_ros2_sim2real/install/realsense2_camera_msgs/include/realsense2_camera_msgs/realsense2_camera_msgs/srv/detail/calib_config_write__type_support.c
[1.003s] -- Up-to-date: /home/rokae/workspace/rokae_ros2_sim2real/install/realsense2_camera_msgs/include/realsense2_camera_msgs/realsense2_camera_msgs/srv/detail/calib_config_read__type_support.c
[1.003s] -- Up-to-date: /home/rokae/workspace/rokae_ros2_sim2real/install/realsense2_camera_msgs/include/realsense2_camera_msgs/realsense2_camera_msgs/srv/detail/device_info__rosidl_typesupport_introspection_c.h
[1.003s] -- Up-to-date: /home/rokae/workspace/rokae_ros2_sim2real/install/realsense2_camera_msgs/include/realsense2_camera_msgs/realsense2_camera_msgs/srv/detail/device_info__type_support.c
[1.003s] -- Up-to-date: /home/rokae/workspace/rokae_ros2_sim2real/install/realsense2_camera_msgs/lib/librealsense2_camera_msgs__rosidl_typesupport_introspection_c.so
[1.004s] -- Up-to-date: /home/rokae/workspace/rokae_ros2_sim2real/install/realsense2_camera_msgs/lib/librealsense2_camera_msgs__rosidl_typesupport_c.so
[1.004s] -- Up-to-date: /home/rokae/workspace/rokae_ros2_sim2real/install/realsense2_camera_msgs/include/realsense2_camera_msgs/realsense2_camera_msgs
[1.004s] -- Up-to-date: /home/rokae/workspace/rokae_ros2_sim2real/install/realsense2_camera_msgs/include/realsense2_camera_msgs/realsense2_camera_msgs/msg
[1.004s] -- Up-to-date: /home/rokae/workspace/rokae_ros2_sim2real/install/realsense2_camera_msgs/include/realsense2_camera_msgs/realsense2_camera_msgs/msg/extrinsics.hpp
[1.004s] -- Up-to-date: /home/rokae/workspace/rokae_ros2_sim2real/install/realsense2_camera_msgs/include/realsense2_camera_msgs/realsense2_camera_msgs/msg/imu_info.hpp
[1.004s] -- Up-to-date: /home/rokae/workspace/rokae_ros2_sim2real/install/realsense2_camera_msgs/include/realsense2_camera_msgs/realsense2_camera_msgs/msg/metadata.hpp
[1.005s] -- Up-to-date: /home/rokae/workspace/rokae_ros2_sim2real/install/realsense2_camera_msgs/include/realsense2_camera_msgs/realsense2_camera_msgs/msg/detail
[1.005s] -- Up-to-date: /home/rokae/workspace/rokae_ros2_sim2real/install/realsense2_camera_msgs/include/realsense2_camera_msgs/realsense2_camera_msgs/msg/detail/imu_info__type_support.hpp
[1.007s] -- Up-to-date: /home/rokae/workspace/rokae_ros2_sim2real/install/realsense2_camera_msgs/include/realsense2_camera_msgs/realsense2_camera_msgs/msg/detail/rgbd__type_support.hpp
[1.009s] -- Up-to-date: /home/rokae/workspace/rokae_ros2_sim2real/install/realsense2_camera_msgs/include/realsense2_camera_msgs/realsense2_camera_msgs/msg/detail/rgbd__struct.hpp
[1.009s] -- Up-to-date: /home/rokae/workspace/rokae_ros2_sim2real/install/realsense2_camera_msgs/include/realsense2_camera_msgs/realsense2_camera_msgs/msg/detail/imu_info__traits.hpp
[1.009s] -- Up-to-date: /home/rokae/workspace/rokae_ros2_sim2real/install/realsense2_camera_msgs/include/realsense2_camera_msgs/realsense2_camera_msgs/msg/detail/rgbd__builder.hpp
[1.009s] -- Up-to-date: /home/rokae/workspace/rokae_ros2_sim2real/install/realsense2_camera_msgs/include/realsense2_camera_msgs/realsense2_camera_msgs/msg/detail/rgbd__traits.hpp
[1.009s] -- Up-to-date: /home/rokae/workspace/rokae_ros2_sim2real/install/realsense2_camera_msgs/include/realsense2_camera_msgs/realsense2_camera_msgs/msg/detail/metadata__traits.hpp
[1.009s] -- Up-to-date: /home/rokae/workspace/rokae_ros2_sim2real/install/realsense2_camera_msgs/include/realsense2_camera_msgs/realsense2_camera_msgs/msg/detail/extrinsics__builder.hpp
[1.009s] -- Up-to-date: /home/rokae/workspace/rokae_ros2_sim2real/install/realsense2_camera_msgs/include/realsense2_camera_msgs/realsense2_camera_msgs/msg/detail/metadata__type_support.hpp
[1.009s] -- Up-to-date: /home/rokae/workspace/rokae_ros2_sim2real/install/realsense2_camera_msgs/include/realsense2_camera_msgs/realsense2_camera_msgs/msg/detail/extrinsics__struct.hpp
[1.009s] -- Up-to-date: /home/rokae/workspace/rokae_ros2_sim2real/install/realsense2_camera_msgs/include/realsense2_camera_msgs/realsense2_camera_msgs/msg/detail/metadata__builder.hpp
[1.010s] -- Up-to-date: /home/rokae/workspace/rokae_ros2_sim2real/install/realsense2_camera_msgs/include/realsense2_camera_msgs/realsense2_camera_msgs/msg/detail/metadata__struct.hpp
[1.010s] -- Up-to-date: /home/rokae/workspace/rokae_ros2_sim2real/install/realsense2_camera_msgs/include/realsense2_camera_msgs/realsense2_camera_msgs/msg/detail/imu_info__struct.hpp
[1.010s] -- Up-to-date: /home/rokae/workspace/rokae_ros2_sim2real/install/realsense2_camera_msgs/include/realsense2_camera_msgs/realsense2_camera_msgs/msg/detail/extrinsics__traits.hpp
[1.012s] -- Up-to-date: /home/rokae/workspace/rokae_ros2_sim2real/install/realsense2_camera_msgs/include/realsense2_camera_msgs/realsense2_camera_msgs/msg/detail/imu_info__builder.hpp
[1.012s] -- Up-to-date: /home/rokae/workspace/rokae_ros2_sim2real/install/realsense2_camera_msgs/include/realsense2_camera_msgs/realsense2_camera_msgs/msg/detail/extrinsics__type_support.hpp
[1.012s] -- Up-to-date: /home/rokae/workspace/rokae_ros2_sim2real/install/realsense2_camera_msgs/include/realsense2_camera_msgs/realsense2_camera_msgs/msg/rosidl_generator_cpp__visibility_control.hpp
[1.012s] -- Up-to-date: /home/rokae/workspace/rokae_ros2_sim2real/install/realsense2_camera_msgs/include/realsense2_camera_msgs/realsense2_camera_msgs/msg/rgbd.hpp
[1.012s] -- Up-to-date: /home/rokae/workspace/rokae_ros2_sim2real/install/realsense2_camera_msgs/include/realsense2_camera_msgs/realsense2_camera_msgs/action
[1.012s] -- Up-to-date: /home/rokae/workspace/rokae_ros2_sim2real/install/realsense2_camera_msgs/include/realsense2_camera_msgs/realsense2_camera_msgs/action/detail
[1.012s] -- Up-to-date: /home/rokae/workspace/rokae_ros2_sim2real/install/realsense2_camera_msgs/include/realsense2_camera_msgs/realsense2_camera_msgs/action/detail/triggered_calibration__struct.hpp
[1.013s] -- Up-to-date: /home/rokae/workspace/rokae_ros2_sim2real/install/realsense2_camera_msgs/include/realsense2_camera_msgs/realsense2_camera_msgs/action/detail/triggered_calibration__traits.hpp
[1.013s] -- Up-to-date: /home/rokae/workspace/rokae_ros2_sim2real/install/realsense2_camera_msgs/include/realsense2_camera_msgs/realsense2_camera_msgs/action/detail/triggered_calibration__type_support.hpp
[1.013s] -- Up-to-date: /home/rokae/workspace/rokae_ros2_sim2real/install/realsense2_camera_msgs/include/realsense2_camera_msgs/realsense2_camera_msgs/action/detail/triggered_calibration__builder.hpp
[1.013s] -- Up-to-date: /home/rokae/workspace/rokae_ros2_sim2real/install/realsense2_camera_msgs/include/realsense2_camera_msgs/realsense2_camera_msgs/action/triggered_calibration.hpp
[1.013s] -- Up-to-date: /home/rokae/workspace/rokae_ros2_sim2real/install/realsense2_camera_msgs/include/realsense2_camera_msgs/realsense2_camera_msgs/srv
[1.013s] -- Up-to-date: /home/rokae/workspace/rokae_ros2_sim2real/install/realsense2_camera_msgs/include/realsense2_camera_msgs/realsense2_camera_msgs/srv/calib_config_read.hpp
[1.013s] -- Up-to-date: /home/rokae/workspace/rokae_ros2_sim2real/install/realsense2_camera_msgs/include/realsense2_camera_msgs/realsense2_camera_msgs/srv/detail
[1.013s] -- Up-to-date: /home/rokae/workspace/rokae_ros2_sim2real/install/realsense2_camera_msgs/include/realsense2_camera_msgs/realsense2_camera_msgs/srv/detail/device_info__builder.hpp
[1.013s] -- Up-to-date: /home/rokae/workspace/rokae_ros2_sim2real/install/realsense2_camera_msgs/include/realsense2_camera_msgs/realsense2_camera_msgs/srv/detail/calib_config_read__builder.hpp
[1.013s] -- Up-to-date: /home/rokae/workspace/rokae_ros2_sim2real/install/realsense2_camera_msgs/include/realsense2_camera_msgs/realsense2_camera_msgs/srv/detail/device_info__type_support.hpp
[1.013s] -- Up-to-date: /home/rokae/workspace/rokae_ros2_sim2real/install/realsense2_camera_msgs/include/realsense2_camera_msgs/realsense2_camera_msgs/srv/detail/calib_config_read__type_support.hpp
[1.014s] -- Up-to-date: /home/rokae/workspace/rokae_ros2_sim2real/install/realsense2_camera_msgs/include/realsense2_camera_msgs/realsense2_camera_msgs/srv/detail/device_info__traits.hpp
[1.014s] -- Up-to-date: /home/rokae/workspace/rokae_ros2_sim2real/install/realsense2_camera_msgs/include/realsense2_camera_msgs/realsense2_camera_msgs/srv/detail/calib_config_write__type_support.hpp
[1.014s] -- Up-to-date: /home/rokae/workspace/rokae_ros2_sim2real/install/realsense2_camera_msgs/include/realsense2_camera_msgs/realsense2_camera_msgs/srv/detail/calib_config_write__builder.hpp
[1.014s] -- Up-to-date: /home/rokae/workspace/rokae_ros2_sim2real/install/realsense2_camera_msgs/include/realsense2_camera_msgs/realsense2_camera_msgs/srv/detail/calib_config_read__struct.hpp
[1.014s] -- Up-to-date: /home/rokae/workspace/rokae_ros2_sim2real/install/realsense2_camera_msgs/include/realsense2_camera_msgs/realsense2_camera_msgs/srv/detail/calib_config_write__traits.hpp
[1.015s] -- Up-to-date: /home/rokae/workspace/rokae_ros2_sim2real/install/realsense2_camera_msgs/include/realsense2_camera_msgs/realsense2_camera_msgs/srv/detail/calib_config_write__struct.hpp
[1.015s] -- Up-to-date: /home/rokae/workspace/rokae_ros2_sim2real/install/realsense2_camera_msgs/include/realsense2_camera_msgs/realsense2_camera_msgs/srv/detail/device_info__struct.hpp
[1.015s] -- Up-to-date: /home/rokae/workspace/rokae_ros2_sim2real/install/realsense2_camera_msgs/include/realsense2_camera_msgs/realsense2_camera_msgs/srv/detail/calib_config_read__traits.hpp
[1.015s] -- Up-to-date: /home/rokae/workspace/rokae_ros2_sim2real/install/realsense2_camera_msgs/include/realsense2_camera_msgs/realsense2_camera_msgs/srv/device_info.hpp
[1.016s] -- Up-to-date: /home/rokae/workspace/rokae_ros2_sim2real/install/realsense2_camera_msgs/include/realsense2_camera_msgs/realsense2_camera_msgs/srv/calib_config_write.hpp
[1.016s] -- Up-to-date: /home/rokae/workspace/rokae_ros2_sim2real/install/realsense2_camera_msgs/include/realsense2_camera_msgs/realsense2_camera_msgs
[1.016s] -- Up-to-date: /home/rokae/workspace/rokae_ros2_sim2real/install/realsense2_camera_msgs/include/realsense2_camera_msgs/realsense2_camera_msgs/msg
[1.016s] -- Up-to-date: /home/rokae/workspace/rokae_ros2_sim2real/install/realsense2_camera_msgs/include/realsense2_camera_msgs/realsense2_camera_msgs/msg/detail
[1.016s] -- Up-to-date: /home/rokae/workspace/rokae_ros2_sim2real/install/realsense2_camera_msgs/include/realsense2_camera_msgs/realsense2_camera_msgs/msg/detail/rgbd__rosidl_typesupport_fastrtps_cpp.hpp
[1.016s] -- Up-to-date: /home/rokae/workspace/rokae_ros2_sim2real/install/realsense2_camera_msgs/include/realsense2_camera_msgs/realsense2_camera_msgs/msg/detail/dds_fastrtps
[1.016s] -- Up-to-date: /home/rokae/workspace/rokae_ros2_sim2real/install/realsense2_camera_msgs/include/realsense2_camera_msgs/realsense2_camera_msgs/msg/detail/imu_info__rosidl_typesupport_fastrtps_cpp.hpp
[1.016s] -- Up-to-date: /home/rokae/workspace/rokae_ros2_sim2real/install/realsense2_camera_msgs/include/realsense2_camera_msgs/realsense2_camera_msgs/msg/detail/extrinsics__rosidl_typesupport_fastrtps_cpp.hpp
[1.016s] -- Up-to-date: /home/rokae/workspace/rokae_ros2_sim2real/install/realsense2_camera_msgs/include/realsense2_camera_msgs/realsense2_camera_msgs/msg/detail/metadata__rosidl_typesupport_fastrtps_cpp.hpp
[1.016s] -- Up-to-date: /home/rokae/workspace/rokae_ros2_sim2real/install/realsense2_camera_msgs/include/realsense2_camera_msgs/realsense2_camera_msgs/msg/rosidl_typesupport_fastrtps_cpp__visibility_control.h
[1.016s] -- Up-to-date: /home/rokae/workspace/rokae_ros2_sim2real/install/realsense2_camera_msgs/include/realsense2_camera_msgs/realsense2_camera_msgs/action
[1.016s] -- Up-to-date: /home/rokae/workspace/rokae_ros2_sim2real/install/realsense2_camera_msgs/include/realsense2_camera_msgs/realsense2_camera_msgs/action/detail
[1.017s] -- Up-to-date: /home/rokae/workspace/rokae_ros2_sim2real/install/realsense2_camera_msgs/include/realsense2_camera_msgs/realsense2_camera_msgs/action/detail/triggered_calibration__rosidl_typesupport_fastrtps_cpp.hpp
[1.017s] -- Up-to-date: /home/rokae/workspace/rokae_ros2_sim2real/install/realsense2_camera_msgs/include/realsense2_camera_msgs/realsense2_camera_msgs/action/detail/dds_fastrtps
[1.017s] -- Up-to-date: /home/rokae/workspace/rokae_ros2_sim2real/install/realsense2_camera_msgs/include/realsense2_camera_msgs/realsense2_camera_msgs/srv
[1.017s] -- Up-to-date: /home/rokae/workspace/rokae_ros2_sim2real/install/realsense2_camera_msgs/include/realsense2_camera_msgs/realsense2_camera_msgs/srv/detail
[1.017s] -- Up-to-date: /home/rokae/workspace/rokae_ros2_sim2real/install/realsense2_camera_msgs/include/realsense2_camera_msgs/realsense2_camera_msgs/srv/detail/calib_config_read__rosidl_typesupport_fastrtps_cpp.hpp
[1.017s] -- Up-to-date: /home/rokae/workspace/rokae_ros2_sim2real/install/realsense2_camera_msgs/include/realsense2_camera_msgs/realsense2_camera_msgs/srv/detail/dds_fastrtps
[1.017s] -- Up-to-date: /home/rokae/workspace/rokae_ros2_sim2real/install/realsense2_camera_msgs/include/realsense2_camera_msgs/realsense2_camera_msgs/srv/detail/device_info__rosidl_typesupport_fastrtps_cpp.hpp
[1.017s] -- Up-to-date: /home/rokae/workspace/rokae_ros2_sim2real/install/realsense2_camera_msgs/include/realsense2_camera_msgs/realsense2_camera_msgs/srv/detail/calib_config_write__rosidl_typesupport_fastrtps_cpp.hpp
[1.017s] -- Up-to-date: /home/rokae/workspace/rokae_ros2_sim2real/install/realsense2_camera_msgs/lib/librealsense2_camera_msgs__rosidl_typesupport_fastrtps_cpp.so
[1.017s] -- Up-to-date: /home/rokae/workspace/rokae_ros2_sim2real/install/realsense2_camera_msgs/include/realsense2_camera_msgs/realsense2_camera_msgs
[1.017s] -- Up-to-date: /home/rokae/workspace/rokae_ros2_sim2real/install/realsense2_camera_msgs/include/realsense2_camera_msgs/realsense2_camera_msgs/msg
[1.018s] -- Up-to-date: /home/rokae/workspace/rokae_ros2_sim2real/install/realsense2_camera_msgs/include/realsense2_camera_msgs/realsense2_camera_msgs/msg/detail
[1.018s] -- Up-to-date: /home/rokae/workspace/rokae_ros2_sim2real/install/realsense2_camera_msgs/include/realsense2_camera_msgs/realsense2_camera_msgs/msg/detail/imu_info__rosidl_typesupport_introspection_cpp.hpp
[1.018s] -- Up-to-date: /home/rokae/workspace/rokae_ros2_sim2real/install/realsense2_camera_msgs/include/realsense2_camera_msgs/realsense2_camera_msgs/msg/detail/metadata__rosidl_typesupport_introspection_cpp.hpp
[1.018s] -- Up-to-date: /home/rokae/workspace/rokae_ros2_sim2real/install/realsense2_camera_msgs/include/realsense2_camera_msgs/realsense2_camera_msgs/msg/detail/rgbd__rosidl_typesupport_introspection_cpp.hpp
[1.018s] -- Up-to-date: /home/rokae/workspace/rokae_ros2_sim2real/install/realsense2_camera_msgs/include/realsense2_camera_msgs/realsense2_camera_msgs/msg/detail/extrinsics__type_support.cpp
[1.018s] -- Up-to-date: /home/rokae/workspace/rokae_ros2_sim2real/install/realsense2_camera_msgs/include/realsense2_camera_msgs/realsense2_camera_msgs/msg/detail/imu_info__type_support.cpp
[1.018s] -- Up-to-date: /home/rokae/workspace/rokae_ros2_sim2real/install/realsense2_camera_msgs/include/realsense2_camera_msgs/realsense2_camera_msgs/msg/detail/extrinsics__rosidl_typesupport_introspection_cpp.hpp
[1.019s] -- Up-to-date: /home/rokae/workspace/rokae_ros2_sim2real/install/realsense2_camera_msgs/include/realsense2_camera_msgs/realsense2_camera_msgs/msg/detail/metadata__type_support.cpp
[1.019s] -- Up-to-date: /home/rokae/workspace/rokae_ros2_sim2real/install/realsense2_camera_msgs/include/realsense2_camera_msgs/realsense2_camera_msgs/msg/detail/rgbd__type_support.cpp
[1.019s] -- Up-to-date: /home/rokae/workspace/rokae_ros2_sim2real/install/realsense2_camera_msgs/include/realsense2_camera_msgs/realsense2_camera_msgs/action
[1.019s] -- Up-to-date: /home/rokae/workspace/rokae_ros2_sim2real/install/realsense2_camera_msgs/include/realsense2_camera_msgs/realsense2_camera_msgs/action/detail
[1.019s] -- Up-to-date: /home/rokae/workspace/rokae_ros2_sim2real/install/realsense2_camera_msgs/include/realsense2_camera_msgs/realsense2_camera_msgs/action/detail/triggered_calibration__type_support.cpp
[1.020s] -- Up-to-date: /home/rokae/workspace/rokae_ros2_sim2real/install/realsense2_camera_msgs/include/realsense2_camera_msgs/realsense2_camera_msgs/action/detail/triggered_calibration__rosidl_typesupport_introspection_cpp.hpp
[1.020s] -- Up-to-date: /home/rokae/workspace/rokae_ros2_sim2real/install/realsense2_camera_msgs/include/realsense2_camera_msgs/realsense2_camera_msgs/srv
[1.020s] -- Up-to-date: /home/rokae/workspace/rokae_ros2_sim2real/install/realsense2_camera_msgs/include/realsense2_camera_msgs/realsense2_camera_msgs/srv/detail
[1.020s] -- Up-to-date: /home/rokae/workspace/rokae_ros2_sim2real/install/realsense2_camera_msgs/include/realsense2_camera_msgs/realsense2_camera_msgs/srv/detail/device_info__type_support.cpp
[1.020s] -- Up-to-date: /home/rokae/workspace/rokae_ros2_sim2real/install/realsense2_camera_msgs/include/realsense2_camera_msgs/realsense2_camera_msgs/srv/detail/calib_config_write__type_support.cpp
[1.020s] -- Up-to-date: /home/rokae/workspace/rokae_ros2_sim2real/install/realsense2_camera_msgs/include/realsense2_camera_msgs/realsense2_camera_msgs/srv/detail/device_info__rosidl_typesupport_introspection_cpp.hpp
[1.020s] -- Up-to-date: /home/rokae/workspace/rokae_ros2_sim2real/install/realsense2_camera_msgs/include/realsense2_camera_msgs/realsense2_camera_msgs/srv/detail/calib_config_write__rosidl_typesupport_introspection_cpp.hpp
[1.020s] -- Up-to-date: /home/rokae/workspace/rokae_ros2_sim2real/install/realsense2_camera_msgs/include/realsense2_camera_msgs/realsense2_camera_msgs/srv/detail/calib_config_read__rosidl_typesupport_introspection_cpp.hpp
[1.020s] -- Up-to-date: /home/rokae/workspace/rokae_ros2_sim2real/install/realsense2_camera_msgs/include/realsense2_camera_msgs/realsense2_camera_msgs/srv/detail/calib_config_read__type_support.cpp
[1.020s] -- Up-to-date: /home/rokae/workspace/rokae_ros2_sim2real/install/realsense2_camera_msgs/lib/librealsense2_camera_msgs__rosidl_typesupport_introspection_cpp.so
[1.020s] -- Up-to-date: /home/rokae/workspace/rokae_ros2_sim2real/install/realsense2_camera_msgs/lib/librealsense2_camera_msgs__rosidl_typesupport_cpp.so
[1.021s] -- Up-to-date: /home/rokae/workspace/rokae_ros2_sim2real/install/realsense2_camera_msgs/share/realsense2_camera_msgs/environment/pythonpath.sh
[1.021s] -- Up-to-date: /home/rokae/workspace/rokae_ros2_sim2real/install/realsense2_camera_msgs/share/realsense2_camera_msgs/environment/pythonpath.dsv
[1.021s] -- Up-to-date: /home/rokae/workspace/rokae_ros2_sim2real/install/realsense2_camera_msgs/local/lib/python3.10/dist-packages/realsense2_camera_msgs-4.56.4-py3.10.egg-info
[1.021s] -- Installing: /home/rokae/workspace/rokae_ros2_sim2real/install/realsense2_camera_msgs/local/lib/python3.10/dist-packages/realsense2_camera_msgs-4.56.4-py3.10.egg-info/dependency_links.txt
[1.021s] -- Installing: /home/rokae/workspace/rokae_ros2_sim2real/install/realsense2_camera_msgs/local/lib/python3.10/dist-packages/realsense2_camera_msgs-4.56.4-py3.10.egg-info/PKG-INFO
[1.021s] -- Installing: /home/rokae/workspace/rokae_ros2_sim2real/install/realsense2_camera_msgs/local/lib/python3.10/dist-packages/realsense2_camera_msgs-4.56.4-py3.10.egg-info/SOURCES.txt
[1.021s] -- Installing: /home/rokae/workspace/rokae_ros2_sim2real/install/realsense2_camera_msgs/local/lib/python3.10/dist-packages/realsense2_camera_msgs-4.56.4-py3.10.egg-info/top_level.txt
[1.021s] -- Up-to-date: /home/rokae/workspace/rokae_ros2_sim2real/install/realsense2_camera_msgs/local/lib/python3.10/dist-packages/realsense2_camera_msgs
[1.021s] -- Up-to-date: /home/rokae/workspace/rokae_ros2_sim2real/install/realsense2_camera_msgs/local/lib/python3.10/dist-packages/realsense2_camera_msgs/realsense2_camera_msgs_s__rosidl_typesupport_introspection_c.cpython-310-x86_64-linux-gnu.so
[1.021s] -- Up-to-date: /home/rokae/workspace/rokae_ros2_sim2real/install/realsense2_camera_msgs/local/lib/python3.10/dist-packages/realsense2_camera_msgs/msg
[1.021s] -- Up-to-date: /home/rokae/workspace/rokae_ros2_sim2real/install/realsense2_camera_msgs/local/lib/python3.10/dist-packages/realsense2_camera_msgs/msg/_imu_info.py
[1.022s] -- Up-to-date: /home/rokae/workspace/rokae_ros2_sim2real/install/realsense2_camera_msgs/local/lib/python3.10/dist-packages/realsense2_camera_msgs/msg/_rgbd.py
[1.022s] -- Up-to-date: /home/rokae/workspace/rokae_ros2_sim2real/install/realsense2_camera_msgs/local/lib/python3.10/dist-packages/realsense2_camera_msgs/msg/_extrinsics.py
[1.022s] -- Up-to-date: /home/rokae/workspace/rokae_ros2_sim2real/install/realsense2_camera_msgs/local/lib/python3.10/dist-packages/realsense2_camera_msgs/msg/_extrinsics_s.c
[1.022s] -- Up-to-date: /home/rokae/workspace/rokae_ros2_sim2real/install/realsense2_camera_msgs/local/lib/python3.10/dist-packages/realsense2_camera_msgs/msg/_imu_info_s.c
[1.022s] -- Up-to-date: /home/rokae/workspace/rokae_ros2_sim2real/install/realsense2_camera_msgs/local/lib/python3.10/dist-packages/realsense2_camera_msgs/msg/_metadata.py
[1.022s] -- Up-to-date: /home/rokae/workspace/rokae_ros2_sim2real/install/realsense2_camera_msgs/local/lib/python3.10/dist-packages/realsense2_camera_msgs/msg/__init__.py
[1.022s] -- Up-to-date: /home/rokae/workspace/rokae_ros2_sim2real/install/realsense2_camera_msgs/local/lib/python3.10/dist-packages/realsense2_camera_msgs/msg/_rgbd_s.c
[1.022s] -- Up-to-date: /home/rokae/workspace/rokae_ros2_sim2real/install/realsense2_camera_msgs/local/lib/python3.10/dist-packages/realsense2_camera_msgs/msg/_metadata_s.c
[1.022s] -- Up-to-date: /home/rokae/workspace/rokae_ros2_sim2real/install/realsense2_camera_msgs/local/lib/python3.10/dist-packages/realsense2_camera_msgs/action
[1.022s] -- Up-to-date: /home/rokae/workspace/rokae_ros2_sim2real/install/realsense2_camera_msgs/local/lib/python3.10/dist-packages/realsense2_camera_msgs/action/_triggered_calibration_s.c
[1.022s] -- Up-to-date: /home/rokae/workspace/rokae_ros2_sim2real/install/realsense2_camera_msgs/local/lib/python3.10/dist-packages/realsense2_camera_msgs/action/__init__.py
[1.023s] -- Up-to-date: /home/rokae/workspace/rokae_ros2_sim2real/install/realsense2_camera_msgs/local/lib/python3.10/dist-packages/realsense2_camera_msgs/action/_triggered_calibration.py
[1.023s] -- Up-to-date: /home/rokae/workspace/rokae_ros2_sim2real/install/realsense2_camera_msgs/local/lib/python3.10/dist-packages/realsense2_camera_msgs/_realsense2_camera_msgs_s.ep.rosidl_typesupport_fastrtps_c.c
[1.023s] -- Up-to-date: /home/rokae/workspace/rokae_ros2_sim2real/install/realsense2_camera_msgs/local/lib/python3.10/dist-packages/realsense2_camera_msgs/_realsense2_camera_msgs_s.ep.rosidl_typesupport_c.c
[1.023s] -- Up-to-date: /home/rokae/workspace/rokae_ros2_sim2real/install/realsense2_camera_msgs/local/lib/python3.10/dist-packages/realsense2_camera_msgs/srv
[1.024s] -- Up-to-date: /home/rokae/workspace/rokae_ros2_sim2real/install/realsense2_camera_msgs/local/lib/python3.10/dist-packages/realsense2_camera_msgs/srv/_device_info_s.c
[1.024s] -- Up-to-date: /home/rokae/workspace/rokae_ros2_sim2real/install/realsense2_camera_msgs/local/lib/python3.10/dist-packages/realsense2_camera_msgs/srv/_calib_config_read.py
[1.024s] -- Up-to-date: /home/rokae/workspace/rokae_ros2_sim2real/install/realsense2_camera_msgs/local/lib/python3.10/dist-packages/realsense2_camera_msgs/srv/_calib_config_write.py
[1.024s] -- Up-to-date: /home/rokae/workspace/rokae_ros2_sim2real/install/realsense2_camera_msgs/local/lib/python3.10/dist-packages/realsense2_camera_msgs/srv/_calib_config_read_s.c
[1.024s] -- Up-to-date: /home/rokae/workspace/rokae_ros2_sim2real/install/realsense2_camera_msgs/local/lib/python3.10/dist-packages/realsense2_camera_msgs/srv/_calib_config_write_s.c
[1.024s] -- Up-to-date: /home/rokae/workspace/rokae_ros2_sim2real/install/realsense2_camera_msgs/local/lib/python3.10/dist-packages/realsense2_camera_msgs/srv/__init__.py
[1.024s] -- Up-to-date: /home/rokae/workspace/rokae_ros2_sim2real/install/realsense2_camera_msgs/local/lib/python3.10/dist-packages/realsense2_camera_msgs/srv/_device_info.py
[1.025s] -- Up-to-date: /home/rokae/workspace/rokae_ros2_sim2real/install/realsense2_camera_msgs/local/lib/python3.10/dist-packages/realsense2_camera_msgs/__init__.py
[1.025s] -- Up-to-date: /home/rokae/workspace/rokae_ros2_sim2real/install/realsense2_camera_msgs/local/lib/python3.10/dist-packages/realsense2_camera_msgs/librealsense2_camera_msgs__rosidl_generator_py.so
[1.025s] -- Up-to-date: /home/rokae/workspace/rokae_ros2_sim2real/install/realsense2_camera_msgs/local/lib/python3.10/dist-packages/realsense2_camera_msgs/_realsense2_camera_msgs_s.ep.rosidl_typesupport_introspection_c.c
[1.025s] -- Up-to-date: /home/rokae/workspace/rokae_ros2_sim2real/install/realsense2_camera_msgs/local/lib/python3.10/dist-packages/realsense2_camera_msgs/realsense2_camera_msgs_s__rosidl_typesupport_c.cpython-310-x86_64-linux-gnu.so
[1.025s] -- Up-to-date: /home/rokae/workspace/rokae_ros2_sim2real/install/realsense2_camera_msgs/local/lib/python3.10/dist-packages/realsense2_camera_msgs/realsense2_camera_msgs_s__rosidl_typesupport_fastrtps_c.cpython-310-x86_64-linux-gnu.so
[1.053s] Listing '/home/rokae/workspace/rokae_ros2_sim2real/install/realsense2_camera_msgs/local/lib/python3.10/dist-packages/realsense2_camera_msgs'...
[1.053s] Listing '/home/rokae/workspace/rokae_ros2_sim2real/install/realsense2_camera_msgs/local/lib/python3.10/dist-packages/realsense2_camera_msgs/action'...
[1.053s] Listing '/home/rokae/workspace/rokae_ros2_sim2real/install/realsense2_camera_msgs/local/lib/python3.10/dist-packages/realsense2_camera_msgs/msg'...
[1.053s] Listing '/home/rokae/workspace/rokae_ros2_sim2real/install/realsense2_camera_msgs/local/lib/python3.10/dist-packages/realsense2_camera_msgs/srv'...
[1.065s] -- Up-to-date: /home/rokae/workspace/rokae_ros2_sim2real/install/realsense2_camera_msgs/local/lib/python3.10/dist-packages/realsense2_camera_msgs/realsense2_camera_msgs_s__rosidl_typesupport_fastrtps_c.cpython-310-x86_64-linux-gnu.so
[1.065s] -- Up-to-date: /home/rokae/workspace/rokae_ros2_sim2real/install/realsense2_camera_msgs/local/lib/python3.10/dist-packages/realsense2_camera_msgs/realsense2_camera_msgs_s__rosidl_typesupport_introspection_c.cpython-310-x86_64-linux-gnu.so
[1.065s] -- Up-to-date: /home/rokae/workspace/rokae_ros2_sim2real/install/realsense2_camera_msgs/local/lib/python3.10/dist-packages/realsense2_camera_msgs/realsense2_camera_msgs_s__rosidl_typesupport_c.cpython-310-x86_64-linux-gnu.so
[1.066s] -- Up-to-date: /home/rokae/workspace/rokae_ros2_sim2real/install/realsense2_camera_msgs/lib/librealsense2_camera_msgs__rosidl_generator_py.so
[1.067s] -- Up-to-date: /home/rokae/workspace/rokae_ros2_sim2real/install/realsense2_camera_msgs/share/realsense2_camera_msgs/msg/IMUInfo.idl
[1.067s] -- Up-to-date: /home/rokae/workspace/rokae_ros2_sim2real/install/realsense2_camera_msgs/share/realsense2_camera_msgs/msg/Extrinsics.idl
[1.067s] -- Up-to-date: /home/rokae/workspace/rokae_ros2_sim2real/install/realsense2_camera_msgs/share/realsense2_camera_msgs/msg/Metadata.idl
[1.067s] -- Up-to-date: /home/rokae/workspace/rokae_ros2_sim2real/install/realsense2_camera_msgs/share/realsense2_camera_msgs/msg/RGBD.idl
[1.068s] -- Up-to-date: /home/rokae/workspace/rokae_ros2_sim2real/install/realsense2_camera_msgs/share/realsense2_camera_msgs/srv/DeviceInfo.idl
[1.068s] -- Up-to-date: /home/rokae/workspace/rokae_ros2_sim2real/install/realsense2_camera_msgs/share/realsense2_camera_msgs/srv/CalibConfigRead.idl
[1.068s] -- Up-to-date: /home/rokae/workspace/rokae_ros2_sim2real/install/realsense2_camera_msgs/share/realsense2_camera_msgs/srv/CalibConfigWrite.idl
[1.068s] -- Up-to-date: /home/rokae/workspace/rokae_ros2_sim2real/install/realsense2_camera_msgs/share/realsense2_camera_msgs/action/TriggeredCalibration.idl
[1.068s] -- Up-to-date: /home/rokae/workspace/rokae_ros2_sim2real/install/realsense2_camera_msgs/share/realsense2_camera_msgs/msg/IMUInfo.msg
[1.068s] -- Up-to-date: /home/rokae/workspace/rokae_ros2_sim2real/install/realsense2_camera_msgs/share/realsense2_camera_msgs/msg/Extrinsics.msg
[1.069s] -- Up-to-date: /home/rokae/workspace/rokae_ros2_sim2real/install/realsense2_camera_msgs/share/realsense2_camera_msgs/msg/Metadata.msg
[1.069s] -- Up-to-date: /home/rokae/workspace/rokae_ros2_sim2real/install/realsense2_camera_msgs/share/realsense2_camera_msgs/msg/RGBD.msg
[1.069s] -- Up-to-date: /home/rokae/workspace/rokae_ros2_sim2real/install/realsense2_camera_msgs/share/realsense2_camera_msgs/srv/DeviceInfo.srv
[1.069s] -- Up-to-date: /home/rokae/workspace/rokae_ros2_sim2real/install/realsense2_camera_msgs/share/realsense2_camera_msgs/srv/DeviceInfo_Request.msg
[1.069s] -- Up-to-date: /home/rokae/workspace/rokae_ros2_sim2real/install/realsense2_camera_msgs/share/realsense2_camera_msgs/srv/DeviceInfo_Response.msg
[1.069s] -- Up-to-date: /home/rokae/workspace/rokae_ros2_sim2real/install/realsense2_camera_msgs/share/realsense2_camera_msgs/srv/CalibConfigRead.srv
[1.069s] -- Up-to-date: /home/rokae/workspace/rokae_ros2_sim2real/install/realsense2_camera_msgs/share/realsense2_camera_msgs/srv/CalibConfigRead_Request.msg
[1.069s] -- Up-to-date: /home/rokae/workspace/rokae_ros2_sim2real/install/realsense2_camera_msgs/share/realsense2_camera_msgs/srv/CalibConfigRead_Response.msg
[1.069s] -- Up-to-date: /home/rokae/workspace/rokae_ros2_sim2real/install/realsense2_camera_msgs/share/realsense2_camera_msgs/srv/CalibConfigWrite.srv
[1.070s] -- Up-to-date: /home/rokae/workspace/rokae_ros2_sim2real/install/realsense2_camera_msgs/share/realsense2_camera_msgs/srv/CalibConfigWrite_Request.msg
[1.070s] -- Up-to-date: /home/rokae/workspace/rokae_ros2_sim2real/install/realsense2_camera_msgs/share/realsense2_camera_msgs/srv/CalibConfigWrite_Response.msg
[1.070s] -- Up-to-date: /home/rokae/workspace/rokae_ros2_sim2real/install/realsense2_camera_msgs/share/realsense2_camera_msgs/action/TriggeredCalibration.action
[1.070s] -- Up-to-date: /home/rokae/workspace/rokae_ros2_sim2real/install/realsense2_camera_msgs/share/ament_index/resource_index/package_run_dependencies/realsense2_camera_msgs
[1.070s] -- Up-to-date: /home/rokae/workspace/rokae_ros2_sim2real/install/realsense2_camera_msgs/share/ament_index/resource_index/parent_prefix_path/realsense2_camera_msgs
[1.071s] -- Up-to-date: /home/rokae/workspace/rokae_ros2_sim2real/install/realsense2_camera_msgs/share/realsense2_camera_msgs/environment/ament_prefix_path.sh
[1.071s] -- Up-to-date: /home/rokae/workspace/rokae_ros2_sim2real/install/realsense2_camera_msgs/share/realsense2_camera_msgs/environment/ament_prefix_path.dsv
[1.071s] -- Up-to-date: /home/rokae/workspace/rokae_ros2_sim2real/install/realsense2_camera_msgs/share/realsense2_camera_msgs/environment/path.sh
[1.071s] -- Up-to-date: /home/rokae/workspace/rokae_ros2_sim2real/install/realsense2_camera_msgs/share/realsense2_camera_msgs/environment/path.dsv
[1.071s] -- Up-to-date: /home/rokae/workspace/rokae_ros2_sim2real/install/realsense2_camera_msgs/share/realsense2_camera_msgs/local_setup.bash
[1.071s] -- Up-to-date: /home/rokae/workspace/rokae_ros2_sim2real/install/realsense2_camera_msgs/share/realsense2_camera_msgs/local_setup.sh
[1.071s] -- Up-to-date: /home/rokae/workspace/rokae_ros2_sim2real/install/realsense2_camera_msgs/share/realsense2_camera_msgs/local_setup.zsh
[1.071s] -- Up-to-date: /home/rokae/workspace/rokae_ros2_sim2real/install/realsense2_camera_msgs/share/realsense2_camera_msgs/local_setup.dsv
[1.071s] -- Installing: /home/rokae/workspace/rokae_ros2_sim2real/install/realsense2_camera_msgs/share/realsense2_camera_msgs/package.dsv
[1.071s] -- Up-to-date: /home/rokae/workspace/rokae_ros2_sim2real/install/realsense2_camera_msgs/share/ament_index/resource_index/packages/realsense2_camera_msgs
[1.072s] -- Up-to-date: /home/rokae/workspace/rokae_ros2_sim2real/install/realsense2_camera_msgs/share/realsense2_camera_msgs/cmake/export_realsense2_camera_msgs__rosidl_generator_cExport.cmake
[1.072s] -- Up-to-date: /home/rokae/workspace/rokae_ros2_sim2real/install/realsense2_camera_msgs/share/realsense2_camera_msgs/cmake/export_realsense2_camera_msgs__rosidl_generator_cExport-release.cmake
[1.072s] -- Up-to-date: /home/rokae/workspace/rokae_ros2_sim2real/install/realsense2_camera_msgs/share/realsense2_camera_msgs/cmake/export_realsense2_camera_msgs__rosidl_typesupport_fastrtps_cExport.cmake
[1.074s] -- Up-to-date: /home/rokae/workspace/rokae_ros2_sim2real/install/realsense2_camera_msgs/share/realsense2_camera_msgs/cmake/export_realsense2_camera_msgs__rosidl_typesupport_fastrtps_cExport-release.cmake
[1.074s] -- Up-to-date: /home/rokae/workspace/rokae_ros2_sim2real/install/realsense2_camera_msgs/share/realsense2_camera_msgs/cmake/realsense2_camera_msgs__rosidl_typesupport_introspection_cExport.cmake
[1.074s] -- Up-to-date: /home/rokae/workspace/rokae_ros2_sim2real/install/realsense2_camera_msgs/share/realsense2_camera_msgs/cmake/realsense2_camera_msgs__rosidl_typesupport_introspection_cExport-release.cmake
[1.074s] -- Up-to-date: /home/rokae/workspace/rokae_ros2_sim2real/install/realsense2_camera_msgs/share/realsense2_camera_msgs/cmake/realsense2_camera_msgs__rosidl_typesupport_cExport.cmake
[1.075s] -- Up-to-date: /home/rokae/workspace/rokae_ros2_sim2real/install/realsense2_camera_msgs/share/realsense2_camera_msgs/cmake/realsense2_camera_msgs__rosidl_typesupport_cExport-release.cmake
[1.075s] -- Up-to-date: /home/rokae/workspace/rokae_ros2_sim2real/install/realsense2_camera_msgs/share/realsense2_camera_msgs/cmake/export_realsense2_camera_msgs__rosidl_generator_cppExport.cmake
[1.075s] -- Up-to-date: /home/rokae/workspace/rokae_ros2_sim2real/install/realsense2_camera_msgs/share/realsense2_camera_msgs/cmake/export_realsense2_camera_msgs__rosidl_typesupport_fastrtps_cppExport.cmake
[1.075s] -- Up-to-date: /home/rokae/workspace/rokae_ros2_sim2real/install/realsense2_camera_msgs/share/realsense2_camera_msgs/cmake/export_realsense2_camera_msgs__rosidl_typesupport_fastrtps_cppExport-release.cmake
[1.075s] -- Up-to-date: /home/rokae/workspace/rokae_ros2_sim2real/install/realsense2_camera_msgs/share/realsense2_camera_msgs/cmake/realsense2_camera_msgs__rosidl_typesupport_introspection_cppExport.cmake
[1.075s] -- Up-to-date: /home/rokae/workspace/rokae_ros2_sim2real/install/realsense2_camera_msgs/share/realsense2_camera_msgs/cmake/realsense2_camera_msgs__rosidl_typesupport_introspection_cppExport-release.cmake
[1.075s] -- Up-to-date: /home/rokae/workspace/rokae_ros2_sim2real/install/realsense2_camera_msgs/share/realsense2_camera_msgs/cmake/realsense2_camera_msgs__rosidl_typesupport_cppExport.cmake
[1.076s] -- Up-to-date: /home/rokae/workspace/rokae_ros2_sim2real/install/realsense2_camera_msgs/share/realsense2_camera_msgs/cmake/realsense2_camera_msgs__rosidl_typesupport_cppExport-release.cmake
[1.076s] -- Up-to-date: /home/rokae/workspace/rokae_ros2_sim2real/install/realsense2_camera_msgs/share/realsense2_camera_msgs/cmake/export_realsense2_camera_msgs__rosidl_generator_pyExport.cmake
[1.076s] -- Up-to-date: /home/rokae/workspace/rokae_ros2_sim2real/install/realsense2_camera_msgs/share/realsense2_camera_msgs/cmake/export_realsense2_camera_msgs__rosidl_generator_pyExport-release.cmake
[1.076s] -- Up-to-date: /home/rokae/workspace/rokae_ros2_sim2real/install/realsense2_camera_msgs/share/realsense2_camera_msgs/cmake/rosidl_cmake-extras.cmake
[1.077s] -- Up-to-date: /home/rokae/workspace/rokae_ros2_sim2real/install/realsense2_camera_msgs/share/realsense2_camera_msgs/cmake/ament_cmake_export_dependencies-extras.cmake
[1.077s] -- Up-to-date: /home/rokae/workspace/rokae_ros2_sim2real/install/realsense2_camera_msgs/share/realsense2_camera_msgs/cmake/ament_cmake_export_include_directories-extras.cmake
[1.077s] -- Up-to-date: /home/rokae/workspace/rokae_ros2_sim2real/install/realsense2_camera_msgs/share/realsense2_camera_msgs/cmake/ament_cmake_export_libraries-extras.cmake
[1.077s] -- Up-to-date: /home/rokae/workspace/rokae_ros2_sim2real/install/realsense2_camera_msgs/share/realsense2_camera_msgs/cmake/ament_cmake_export_targets-extras.cmake
[1.077s] -- Up-to-date: /home/rokae/workspace/rokae_ros2_sim2real/install/realsense2_camera_msgs/share/realsense2_camera_msgs/cmake/rosidl_cmake_export_typesupport_targets-extras.cmake
[1.077s] -- Up-to-date: /home/rokae/workspace/rokae_ros2_sim2real/install/realsense2_camera_msgs/share/realsense2_camera_msgs/cmake/rosidl_cmake_export_typesupport_libraries-extras.cmake
[1.077s] -- Up-to-date: /home/rokae/workspace/rokae_ros2_sim2real/install/realsense2_camera_msgs/share/realsense2_camera_msgs/cmake/realsense2_camera_msgsConfig.cmake
[1.077s] -- Up-to-date: /home/rokae/workspace/rokae_ros2_sim2real/install/realsense2_camera_msgs/share/realsense2_camera_msgs/cmake/realsense2_camera_msgsConfig-version.cmake
[1.077s] -- Up-to-date: /home/rokae/workspace/rokae_ros2_sim2real/install/realsense2_camera_msgs/share/realsense2_camera_msgs/package.xml
[1.143s] Invoked command in '/home/rokae/workspace/rokae_ros2_sim2real/build/realsense2_camera_msgs' returned '0': CMAKE_PREFIX_PATH=${CMAKE_PREFIX_PATH}:/home/rokae/workspace/rokae_ros2_sim2real/install/easy_handeye2_demo:/home/rokae/workspace/rokae_ros2_sim2real/install/easy_handeye2:/home/rokae/workspace/ws_moveit/install/moveit_configs_utils:/home/rokae/workspace/ws_moveit/install/launch_param_builder:/opt/ros/humble /usr/bin/cmake --install /home/rokae/workspace/rokae_ros2_sim2real/build/realsense2_camera_msgs
