-- Found ament_cmake: 1.3.11 (/opt/ros/humble/share/ament_cmake/cmake)
-- Found rclcpp: 16.0.11 (/opt/ros/humble/share/rclcpp/cmake)
-- Found rosidl_generator_c: 3.1.6 (/opt/ros/humble/share/rosidl_generator_c/cmake)
-- Found rosidl_adapter: 3.1.6 (/opt/ros/humble/share/rosidl_adapter/cmake)
-- Found rosidl_generator_cpp: 3.1.6 (/opt/ros/humble/share/rosidl_generator_cpp/cmake)
-- Using all available rosidl_typesupport_c: rosidl_typesupport_fastrtps_c;rosidl_typesupport_introspection_c
-- Using all available rosidl_typesupport_cpp: rosidl_typesupport_fastrtps_cpp;rosidl_typesupport_introspection_cpp
-- Found rmw_implementation_cmake: 6.1.2 (/opt/ros/humble/share/rmw_implementation_cmake/cmake)
-- Found rmw_fastrtps_cpp: 6.2.7 (/opt/ros/humble/share/rmw_fastrtps_cpp/cmake)
-- Using RMW implementation 'rmw_fastrtps_cpp' as default
-- Found std_srvs: 4.2.4 (/opt/ros/humble/share/std_srvs/cmake)
-- Found geometry_msgs: 4.2.4 (/opt/ros/humble/share/geometry_msgs/cmake)
-- Found sensor_msgs: 4.2.4 (/opt/ros/humble/share/sensor_msgs/cmake)
-- Found control_msgs: 4.7.0 (/opt/ros/humble/share/control_msgs/cmake)
-- Found ament_lint_auto: 0.12.11 (/opt/ros/humble/share/ament_lint_auto/cmake)
-- Added test 'cppcheck' to perform static code analysis on C / C++ code
-- Configured cppcheck include dirs: /home/rokae/workspace/rokae_ros2_sim2real/src/robot_driver/rokae_driver/include
-- Configured cppcheck exclude dirs and/or files: 
-- Added test 'lint_cmake' to check CMake code style
-- Added test 'uncrustify' to check C / C++ code style
-- Configured uncrustify additional arguments: 
-- Added test 'xmllint' to check XML markup files
-- Configuring done
-- Generating done
-- Build files have been written to: /home/rokae/workspace/rokae_ros2_sim2real/build/rokae_driver
[  3%] [34m[1mAutomatic MOC and UIC for target read_force[0m
[  7%] [34m[1mAutomatic MOC and UIC for target driver_pentu[0m
[ 10%] [34m[1mAutomatic MOC and UIC for target My_joint_publisher_gui[0m
[ 14%] [34m[1mAutomatic MOC and UIC for target rokae_controller[0m
[ 17%] [34m[1mAutomatic MOC and UIC for target sdk_example[0m
[ 21%] [34m[1mAutomatic MOC and UIC for target read_robot_state[0m
[ 25%] [34m[1mAutomatic MOC and UIC for target move_example[0m
[ 25%] Built target My_joint_publisher_gui_autogen
[ 25%] Built target read_force_autogen
[ 25%] Built target rokae_controller_autogen
[ 25%] Built target driver_pentu_autogen
[ 25%] Built target sdk_example_autogen
[ 25%] Built target read_robot_state_autogen
[ 25%] Built target move_example_autogen
[35m[1mConsolidate compiler generated dependencies of target driver_pentu[0m
[35m[1mConsolidate compiler generated dependencies of target read_robot_state[0m
[35m[1mConsolidate compiler generated dependencies of target rokae_controller[0m
[35m[1mConsolidate compiler generated dependencies of target My_joint_publisher_gui[0m
[35m[1mConsolidate compiler generated dependencies of target read_force[0m
[35m[1mConsolidate compiler generated dependencies of target sdk_example[0m
[35m[1mConsolidate compiler generated dependencies of target move_example[0m
[ 28%] [32mBuilding CXX object CMakeFiles/read_robot_state.dir/read_robot_state_autogen/mocs_compilation.cpp.o[0m
[ 32%] [32mBuilding CXX object CMakeFiles/read_robot_state.dir/src/read_robot_state.cpp.o[0m
[ 35%] [32mBuilding CXX object CMakeFiles/sdk_example.dir/src/sdk_example.cpp.o[0m
[ 39%] [32mBuilding CXX object CMakeFiles/driver_pentu.dir/src/driver_pentu.cpp.o[0m
[ 42%] [32mBuilding CXX object CMakeFiles/move_example.dir/src/move_example.cpp.o[0m
[ 46%] [32mBuilding CXX object CMakeFiles/sdk_example.dir/sdk_example_autogen/mocs_compilation.cpp.o[0m
[ 57%] [32mBuilding CXX object CMakeFiles/driver_pentu.dir/driver_pentu_autogen/mocs_compilation.cpp.o[0m
[ 57%] [32mBuilding CXX object CMakeFiles/My_joint_publisher_gui.dir/My_joint_publisher_gui_autogen/mocs_compilation.cpp.o[0m
[ 57%] [32mBuilding CXX object CMakeFiles/move_example.dir/move_example_autogen/mocs_compilation.cpp.o[0m
[ 60%] [32mBuilding CXX object CMakeFiles/read_force.dir/read_force_autogen/mocs_compilation.cpp.o[0m
[ 64%] [32mBuilding CXX object CMakeFiles/rokae_controller.dir/rokae_controller_autogen/mocs_compilation.cpp.o[0m
[ 67%] [32mBuilding CXX object CMakeFiles/rokae_controller.dir/src/rokae_controller.cpp.o[0m
[ 71%] [32mBuilding CXX object CMakeFiles/read_force.dir/src/read_force.cpp.o[0m
[ 75%] [32mBuilding CXX object CMakeFiles/My_joint_publisher_gui.dir/src/My_joint_publisher_gui.cpp.o[0m
[ 78%] [32m[1mLinking CXX executable read_robot_state[0m
[ 78%] Built target read_robot_state
[ 82%] [32m[1mLinking CXX executable move_example[0m
[ 82%] Built target move_example
[ 85%] [32m[1mLinking CXX executable sdk_example[0m
[ 85%] Built target sdk_example
[ 89%] [32m[1mLinking CXX executable driver_pentu[0m
[ 89%] Built target driver_pentu
[ 92%] [32m[1mLinking CXX executable read_force[0m
[ 92%] Built target read_force
[ 96%] [32m[1mLinking CXX executable My_joint_publisher_gui[0m
[ 96%] Built target My_joint_publisher_gui
