[0.077s] Invoking command in '/home/rokae/workspace/rokae_ros2_sim2real/build/rokae_driver': CMAKE_PREFIX_PATH=${CMAKE_PREFIX_PATH}:/home/rokae/workspace/rokae_ros2_sim2real/install/easy_handeye2_demo:/home/rokae/workspace/rokae_ros2_sim2real/install/easy_handeye2:/home/rokae/workspace/ws_moveit/install/moveit_configs_utils:/home/rokae/workspace/ws_moveit/install/launch_param_builder:/opt/ros/humble /usr/bin/cmake --build /home/rokae/workspace/rokae_ros2_sim2real/build/rokae_driver -- -j32 -l32
[0.209s] [  3%] [34m[1mAutomatic MOC and UIC for target move_example[0m
[0.211s] [  7%] [34m[1mAutomatic MOC and UIC for target My_joint_publisher_gui[0m
[0.218s] [ 10%] [34m[1mAutomatic MOC and UIC for target read_robot_state[0m
[0.235s] [ 14%] [34m[1mAutomatic MOC and UIC for target sdk_example[0m
[0.236s] [ 17%] [34m[1mAutomatic MOC and UIC for target driver_pentu[0m
[0.246s] [ 21%] [34m[1mAutomatic MOC and UIC for target rokae_controller[0m
[0.246s] [ 25%] [34m[1mAutomatic MOC and UIC for target read_force[0m
[0.283s] [ 25%] Built target move_example_autogen
[0.285s] [ 25%] Built target My_joint_publisher_gui_autogen
[0.287s] [ 25%] Built target read_robot_state_autogen
[0.292s] [ 25%] Built target sdk_example_autogen
[0.293s] [ 25%] Built target driver_pentu_autogen
[0.299s] [ 25%] Built target read_force_autogen
[0.304s] [ 25%] Built target rokae_controller_autogen
[0.359s] [ 35%] Built target move_example
[0.362s] [ 46%] Built target My_joint_publisher_gui
[0.364s] [ 57%] Built target sdk_example
[0.365s] [ 67%] Built target driver_pentu
[0.369s] [ 78%] Built target read_robot_state
[0.374s] [ 89%] Built target read_force
[0.389s] [100%] Built target rokae_controller
[0.416s] Invoked command in '/home/rokae/workspace/rokae_ros2_sim2real/build/rokae_driver' returned '0': CMAKE_PREFIX_PATH=${CMAKE_PREFIX_PATH}:/home/rokae/workspace/rokae_ros2_sim2real/install/easy_handeye2_demo:/home/rokae/workspace/rokae_ros2_sim2real/install/easy_handeye2:/home/rokae/workspace/ws_moveit/install/moveit_configs_utils:/home/rokae/workspace/ws_moveit/install/launch_param_builder:/opt/ros/humble /usr/bin/cmake --build /home/rokae/workspace/rokae_ros2_sim2real/build/rokae_driver -- -j32 -l32
[0.420s] Invoking command in '/home/rokae/workspace/rokae_ros2_sim2real/build/rokae_driver': CMAKE_PREFIX_PATH=${CMAKE_PREFIX_PATH}:/home/rokae/workspace/rokae_ros2_sim2real/install/easy_handeye2_demo:/home/rokae/workspace/rokae_ros2_sim2real/install/easy_handeye2:/home/rokae/workspace/ws_moveit/install/moveit_configs_utils:/home/rokae/workspace/ws_moveit/install/launch_param_builder:/opt/ros/humble /usr/bin/cmake --install /home/rokae/workspace/rokae_ros2_sim2real/build/rokae_driver
[0.443s] -- Install configuration: "Release"
[0.443s] -- Up-to-date: /home/rokae/workspace/rokae_ros2_sim2real/install/rokae_driver/lib/rokae_driver/My_joint_publisher_gui
[0.444s] -- Up-to-date: /home/rokae/workspace/rokae_ros2_sim2real/install/rokae_driver/lib/rokae_driver/driver_pentu
[0.444s] -- Up-to-date: /home/rokae/workspace/rokae_ros2_sim2real/install/rokae_driver/lib/rokae_driver/move_example
[0.444s] -- Up-to-date: /home/rokae/workspace/rokae_ros2_sim2real/install/rokae_driver/lib/rokae_driver/read_force
[0.445s] -- Up-to-date: /home/rokae/workspace/rokae_ros2_sim2real/install/rokae_driver/lib/rokae_driver/read_robot_state
[0.445s] -- Up-to-date: /home/rokae/workspace/rokae_ros2_sim2real/install/rokae_driver/lib/rokae_driver/rokae_controller
[0.446s] -- Up-to-date: /home/rokae/workspace/rokae_ros2_sim2real/install/rokae_driver/lib/rokae_driver/sdk_example
[0.446s] -- Up-to-date: /home/rokae/workspace/rokae_ros2_sim2real/install/rokae_driver/share/ament_index/resource_index/package_run_dependencies/rokae_driver
[0.446s] -- Up-to-date: /home/rokae/workspace/rokae_ros2_sim2real/install/rokae_driver/share/ament_index/resource_index/parent_prefix_path/rokae_driver
[0.447s] -- Up-to-date: /home/rokae/workspace/rokae_ros2_sim2real/install/rokae_driver/share/rokae_driver/environment/ament_prefix_path.sh
[0.447s] -- Up-to-date: /home/rokae/workspace/rokae_ros2_sim2real/install/rokae_driver/share/rokae_driver/environment/ament_prefix_path.dsv
[0.447s] -- Up-to-date: /home/rokae/workspace/rokae_ros2_sim2real/install/rokae_driver/share/rokae_driver/environment/path.sh
[0.447s] -- Up-to-date: /home/rokae/workspace/rokae_ros2_sim2real/install/rokae_driver/share/rokae_driver/environment/path.dsv
[0.448s] -- Up-to-date: /home/rokae/workspace/rokae_ros2_sim2real/install/rokae_driver/share/rokae_driver/local_setup.bash
[0.448s] -- Up-to-date: /home/rokae/workspace/rokae_ros2_sim2real/install/rokae_driver/share/rokae_driver/local_setup.sh
[0.448s] -- Up-to-date: /home/rokae/workspace/rokae_ros2_sim2real/install/rokae_driver/share/rokae_driver/local_setup.zsh
[0.448s] -- Up-to-date: /home/rokae/workspace/rokae_ros2_sim2real/install/rokae_driver/share/rokae_driver/local_setup.dsv
[0.448s] -- Installing: /home/rokae/workspace/rokae_ros2_sim2real/install/rokae_driver/share/rokae_driver/package.dsv
[0.448s] -- Up-to-date: /home/rokae/workspace/rokae_ros2_sim2real/install/rokae_driver/share/ament_index/resource_index/packages/rokae_driver
[0.449s] -- Up-to-date: /home/rokae/workspace/rokae_ros2_sim2real/install/rokae_driver/share/rokae_driver/cmake/rokae_driverConfig.cmake
[0.449s] -- Up-to-date: /home/rokae/workspace/rokae_ros2_sim2real/install/rokae_driver/share/rokae_driver/cmake/rokae_driverConfig-version.cmake
[0.449s] -- Up-to-date: /home/rokae/workspace/rokae_ros2_sim2real/install/rokae_driver/share/rokae_driver/package.xml
[0.452s] Invoked command in '/home/rokae/workspace/rokae_ros2_sim2real/build/rokae_driver' returned '0': CMAKE_PREFIX_PATH=${CMAKE_PREFIX_PATH}:/home/rokae/workspace/rokae_ros2_sim2real/install/easy_handeye2_demo:/home/rokae/workspace/rokae_ros2_sim2real/install/easy_handeye2:/home/rokae/workspace/ws_moveit/install/moveit_configs_utils:/home/rokae/workspace/ws_moveit/install/launch_param_builder:/opt/ros/humble /usr/bin/cmake --install /home/rokae/workspace/rokae_ros2_sim2real/build/rokae_driver
