[0.117s] Invoking command in '/home/rokae/workspace/rokae_ros2_sim2real/build/easy_handeye2_msgs': CMAKE_PREFIX_PATH=${CMAKE_PREFIX_PATH}:/home/rokae/workspace/rokae_ros2_sim2real/install/easy_handeye2_demo:/home/rokae/workspace/rokae_ros2_sim2real/install/easy_handeye2:/home/rokae/workspace/ws_moveit/install/moveit_configs_utils:/home/rokae/workspace/ws_moveit/install/launch_param_builder:/opt/ros/humble /usr/bin/cmake --build /home/rokae/workspace/rokae_ros2_sim2real/build/easy_handeye2_msgs -- -j32 -l32
[0.282s] [  0%] Built target easy_handeye2_msgs__cpp
[0.283s] [ 12%] Built target easy_handeye2_msgs__rosidl_generator_c
[0.333s] [ 12%] Built target ament_cmake_python_copy_easy_handeye2_msgs
[0.367s] [ 24%] Built target easy_handeye2_msgs__rosidl_typesupport_cpp
[0.369s] [ 38%] Built target easy_handeye2_msgs__rosidl_typesupport_c
[0.371s] [ 56%] Built target easy_handeye2_msgs__rosidl_typesupport_introspection_c
[0.371s] [ 60%] Built target easy_handeye2_msgs__rosidl_typesupport_fastrtps_cpp
[0.378s] [ 72%] Built target easy_handeye2_msgs__rosidl_typesupport_fastrtps_c
[0.382s] [ 84%] Built target easy_handeye2_msgs__rosidl_typesupport_introspection_cpp
[0.443s] [ 84%] Built target easy_handeye2_msgs
[0.506s] [ 85%] Built target easy_handeye2_msgs__py
[0.587s] [ 96%] Built target easy_handeye2_msgs__rosidl_generator_py
[0.652s] [ 97%] Built target easy_handeye2_msgs__rosidl_typesupport_fastrtps_c__pyext
[0.654s] Traceback (most recent call last):
[0.654s]   File "/home/rokae/workspace/rokae_ros2_sim2real/build/easy_handeye2_msgs/ament_cmake_python/easy_handeye2_msgs/setup.py", line 1, in <module>
[0.655s]     from setuptools import find_packages
[0.655s]   File "/usr/lib/python3/dist-packages/setuptools/__init__.py", line 16, in <module>
[0.656s] gmake[1]: *** [CMakeFiles/Makefile2:565: CMakeFiles/easy_handeye2_msgs__rosidl_typesupport_c__pyext.dir/all] 中断
[0.656s] gmake[1]: *** [CMakeFiles/Makefile2:506: CMakeFiles/easy_handeye2_msgs__rosidl_typesupport_fastrtps_c__pyext.dir/all] 中断
[0.657s] gmake[1]: *** [CMakeFiles/Makefile2:536: CMakeFiles/easy_handeye2_msgs__rosidl_typesupport_introspection_c__pyext.dir/all] 中断
[0.657s]     import setuptools.version
[0.657s]   File "/usr/lib/python3/dist-packages/setuptools/version.py", line 1, in <module>
[0.657s]     import pkg_resources
[0.657s]   File "/usr/lib/python3/dist-packages/pkg_resources/__init__.py", line 3267, in <module>
[0.676s]     def _initialize_master_working_set():
[0.676s]   File "/usr/lib/python3/dist-packages/pkg_resources/__init__.py", line 3241, in _call_aside
[0.677s]     f(*args, **kwargs)
[0.677s]   File "/usr/lib/python3/dist-packages/pkg_resources/__init__.py", line 3279, in _initialize_master_working_set
[0.679s]     working_set = WorkingSet._build_master()
[0.679s]   File "/usr/lib/python3/dist-packages/pkg_resources/__init__.py", line 564, in _build_master
[0.679s]     ws = cls()
[0.679s]   File "/usr/lib/python3/dist-packages/pkg_resources/__init__.py", line 557, in __init__
[0.679s]     self.add_entry(entry)
[0.679s]   File "/usr/lib/python3/dist-packages/pkg_resources/__init__.py", line 613, in add_entry
[0.679s]     for dist in find_distributions(entry, True):
[0.680s]   File "/usr/lib/python3/dist-packages/pkg_resources/__init__.py", line 2077, in find_on_path
[0.681s]     for dist in factory(fullpath):
[0.682s]   File "/usr/lib/python3/dist-packages/pkg_resources/__init__.py", line 2142, in distributions_from_metadata
[0.682s]     yield Distribution.from_location(
[0.683s]   File "/usr/lib/python3/dist-packages/pkg_resources/__init__.py", line 2606, in from_location
[0.685s]     )._reload_version()
[0.685s]   File "/usr/lib/python3/dist-packages/pkg_resources/__init__.py", line 3004, in _reload_version
[0.686s]     md_version = self._get_version()
[0.686s]   File "/usr/lib/python3/dist-packages/pkg_resources/__init__.py", line 2785, in _get_version
[0.686s]     version = _version_from_file(lines)
[0.686s]   File "/usr/lib/python3/dist-packages/pkg_resources/__init__.py", line 2571, in _version_from_file
[0.686s]     return safe_version(value.strip()) or None
[0.687s]   File "/usr/lib/python3/dist-packages/pkg_resources/__init__.py", line 1323, in safe_version
[0.687s]     return str(packaging.version.Version(version))
[0.687s]   File "/usr/lib/python3/dist-packages/pkg_resources/_vendor/packaging/version.py", line 301, in __str__
[0.687s]     parts.append(".".join(str(x) for x in self.release))
[0.687s] KeyboardInterrupt
[0.711s] gmake[2]: *** [CMakeFiles/ament_cmake_python_build_easy_handeye2_msgs_egg.dir/build.make:70: CMakeFiles/ament_cmake_python_build_easy_handeye2_msgs_egg] 中断
[0.712s] gmake[1]: *** [CMakeFiles/Makefile2:447: CMakeFiles/ament_cmake_python_build_easy_handeye2_msgs_egg.dir/all] 中断
[0.712s] gmake: *** [Makefile:146: all] 中断
