[0.097s] Invoking command in '/home/rokae/workspace/rokae_ros2_sim2real/build/realsense2_camera_msgs': CMAKE_PREFIX_PATH=${CMAKE_PREFIX_PATH}:/home/rokae/workspace/rokae_ros2_sim2real/install/easy_handeye2_demo:/home/rokae/workspace/rokae_ros2_sim2real/install/easy_handeye2:/home/rokae/workspace/ws_moveit/install/moveit_configs_utils:/home/rokae/workspace/ws_moveit/install/launch_param_builder:/opt/ros/humble /usr/bin/cmake --build /home/rokae/workspace/rokae_ros2_sim2real/build/realsense2_camera_msgs -- -j32 -l32
[0.254s] [  1%] Built target realsense2_camera_msgs__cpp
[0.262s] [ 12%] Built target realsense2_camera_msgs__rosidl_generator_c
[0.288s] [ 12%] Built target ament_cmake_python_copy_realsense2_camera_msgs
[0.344s] [ 24%] Built target realsense2_camera_msgs__rosidl_typesupport_introspection_c
[0.346s] [ 35%] Built target realsense2_camera_msgs__rosidl_typesupport_c
[0.346s] [ 47%] Built target realsense2_camera_msgs__rosidl_typesupport_cpp
[0.347s] [ 70%] Built target realsense2_camera_msgs__rosidl_typesupport_fastrtps_cpp
[0.347s] [ 70%] Built target realsense2_camera_msgs__rosidl_typesupport_introspection_cpp
[0.351s] [ 81%] Built target realsense2_camera_msgs__rosidl_typesupport_fastrtps_c
[0.412s] [ 81%] Built target realsense2_camera_msgs
[0.471s] [ 82%] Built target realsense2_camera_msgs__py
[0.541s] [ 93%] Built target realsense2_camera_msgs__rosidl_generator_py
[0.606s] [ 95%] Built target realsense2_camera_msgs__rosidl_typesupport_fastrtps_c__pyext
[0.614s] [ 97%] Built target realsense2_camera_msgs__rosidl_typesupport_introspection_c__pyext
[0.617s] [100%] Built target realsense2_camera_msgs__rosidl_typesupport_c__pyext
[0.808s] running egg_info
[0.810s] writing realsense2_camera_msgs.egg-info/PKG-INFO
[0.810s] writing dependency_links to realsense2_camera_msgs.egg-info/dependency_links.txt
[0.810s] writing top-level names to realsense2_camera_msgs.egg-info/top_level.txt
[0.815s] reading manifest file 'realsense2_camera_msgs.egg-info/SOURCES.txt'
[0.817s] writing manifest file 'realsense2_camera_msgs.egg-info/SOURCES.txt'
[0.879s] [100%] Built target ament_cmake_python_build_realsense2_camera_msgs_egg
[0.909s] Invoked command in '/home/rokae/workspace/rokae_ros2_sim2real/build/realsense2_camera_msgs' returned '0': CMAKE_PREFIX_PATH=${CMAKE_PREFIX_PATH}:/home/rokae/workspace/rokae_ros2_sim2real/install/easy_handeye2_demo:/home/rokae/workspace/rokae_ros2_sim2real/install/easy_handeye2:/home/rokae/workspace/ws_moveit/install/moveit_configs_utils:/home/rokae/workspace/ws_moveit/install/launch_param_builder:/opt/ros/humble /usr/bin/cmake --build /home/rokae/workspace/rokae_ros2_sim2real/build/realsense2_camera_msgs -- -j32 -l32
[0.912s] Invoking command in '/home/rokae/workspace/rokae_ros2_sim2real/build/realsense2_camera_msgs': CMAKE_PREFIX_PATH=${CMAKE_PREFIX_PATH}:/home/rokae/workspace/rokae_ros2_sim2real/install/easy_handeye2_demo:/home/rokae/workspace/rokae_ros2_sim2real/install/easy_handeye2:/home/rokae/workspace/ws_moveit/install/moveit_configs_utils:/home/rokae/workspace/ws_moveit/install/launch_param_builder:/opt/ros/humble /usr/bin/cmake --install /home/rokae/workspace/rokae_ros2_sim2real/build/realsense2_camera_msgs
[0.954s] -- Install configuration: "Release"
[0.964s] -- Up-to-date: /home/rokae/workspace/rokae_ros2_sim2real/install/realsense2_camera_msgs/share/ament_index/resource_index/rosidl_interfaces/realsense2_camera_msgs
[0.964s] -- Up-to-date: /home/rokae/workspace/rokae_ros2_sim2real/install/realsense2_camera_msgs/include/realsense2_camera_msgs/realsense2_camera_msgs
[0.964s] -- Up-to-date: /home/rokae/workspace/rokae_ros2_sim2real/install/realsense2_camera_msgs/include/realsense2_camera_msgs/realsense2_camera_msgs/msg
[0.964s] -- Up-to-date: /home/rokae/workspace/rokae_ros2_sim2real/install/realsense2_camera_msgs/include/realsense2_camera_msgs/realsense2_camera_msgs/msg/rgbd.h
[0.964s] -- Up-to-date: /home/rokae/workspace/rokae_ros2_sim2real/install/realsense2_camera_msgs/include/realsense2_camera_msgs/realsense2_camera_msgs/msg/metadata.h
[0.964s] -- Up-to-date: /home/rokae/workspace/rokae_ros2_sim2real/install/realsense2_camera_msgs/include/realsense2_camera_msgs/realsense2_camera_msgs/msg/imu_info.h
[0.964s] -- Up-to-date: /home/rokae/workspace/rokae_ros2_sim2real/install/realsense2_camera_msgs/include/realsense2_camera_msgs/realsense2_camera_msgs/msg/rosidl_generator_c__visibility_control.h
[0.964s] -- Up-to-date: /home/rokae/workspace/rokae_ros2_sim2real/install/realsense2_camera_msgs/include/realsense2_camera_msgs/realsense2_camera_msgs/msg/detail
[0.964s] -- Up-to-date: /home/rokae/workspace/rokae_ros2_sim2real/install/realsense2_camera_msgs/include/realsense2_camera_msgs/realsense2_camera_msgs/msg/detail/metadata__functions.c
[0.965s] -- Up-to-date: /home/rokae/workspace/rokae_ros2_sim2real/install/realsense2_camera_msgs/include/realsense2_camera_msgs/realsense2_camera_msgs/msg/detail/rgbd__type_support.h
[0.965s] -- Up-to-date: /home/rokae/workspace/rokae_ros2_sim2real/install/realsense2_camera_msgs/include/realsense2_camera_msgs/realsense2_camera_msgs/msg/detail/imu_info__type_support.h
[0.965s] -- Up-to-date: /home/rokae/workspace/rokae_ros2_sim2real/install/realsense2_camera_msgs/include/realsense2_camera_msgs/realsense2_camera_msgs/msg/detail/extrinsics__struct.h
[0.965s] -- Up-to-date: /home/rokae/workspace/rokae_ros2_sim2real/install/realsense2_camera_msgs/include/realsense2_camera_msgs/realsense2_camera_msgs/msg/detail/metadata__functions.h
[0.965s] -- Up-to-date: /home/rokae/workspace/rokae_ros2_sim2real/install/realsense2_camera_msgs/include/realsense2_camera_msgs/realsense2_camera_msgs/msg/detail/extrinsics__functions.c
[0.965s] -- Up-to-date: /home/rokae/workspace/rokae_ros2_sim2real/install/realsense2_camera_msgs/include/realsense2_camera_msgs/realsense2_camera_msgs/msg/detail/rgbd__struct.h
[0.965s] -- Up-to-date: /home/rokae/workspace/rokae_ros2_sim2real/install/realsense2_camera_msgs/include/realsense2_camera_msgs/realsense2_camera_msgs/msg/detail/imu_info__functions.c
[0.965s] -- Up-to-date: /home/rokae/workspace/rokae_ros2_sim2real/install/realsense2_camera_msgs/include/realsense2_camera_msgs/realsense2_camera_msgs/msg/detail/rgbd__functions.h
[0.965s] -- Up-to-date: /home/rokae/workspace/rokae_ros2_sim2real/install/realsense2_camera_msgs/include/realsense2_camera_msgs/realsense2_camera_msgs/msg/detail/imu_info__functions.h
[0.965s] -- Up-to-date: /home/rokae/workspace/rokae_ros2_sim2real/install/realsense2_camera_msgs/include/realsense2_camera_msgs/realsense2_camera_msgs/msg/detail/metadata__type_support.h
[0.965s] -- Up-to-date: /home/rokae/workspace/rokae_ros2_sim2real/install/realsense2_camera_msgs/include/realsense2_camera_msgs/realsense2_camera_msgs/msg/detail/imu_info__struct.h
[0.966s] -- Up-to-date: /home/rokae/workspace/rokae_ros2_sim2real/install/realsense2_camera_msgs/include/realsense2_camera_msgs/realsense2_camera_msgs/msg/detail/rgbd__functions.c
[0.966s] -- Up-to-date: /home/rokae/workspace/rokae_ros2_sim2real/install/realsense2_camera_msgs/include/realsense2_camera_msgs/realsense2_camera_msgs/msg/detail/extrinsics__type_support.h
[0.966s] -- Up-to-date: /home/rokae/workspace/rokae_ros2_sim2real/install/realsense2_camera_msgs/include/realsense2_camera_msgs/realsense2_camera_msgs/msg/detail/metadata__struct.h
[0.966s] -- Up-to-date: /home/rokae/workspace/rokae_ros2_sim2real/install/realsense2_camera_msgs/include/realsense2_camera_msgs/realsense2_camera_msgs/msg/detail/extrinsics__functions.h
[0.966s] -- Up-to-date: /home/rokae/workspace/rokae_ros2_sim2real/install/realsense2_camera_msgs/include/realsense2_camera_msgs/realsense2_camera_msgs/msg/extrinsics.h
[0.966s] -- Up-to-date: /home/rokae/workspace/rokae_ros2_sim2real/install/realsense2_camera_msgs/include/realsense2_camera_msgs/realsense2_camera_msgs/action
[0.966s] -- Up-to-date: /home/rokae/workspace/rokae_ros2_sim2real/install/realsense2_camera_msgs/include/realsense2_camera_msgs/realsense2_camera_msgs/action/triggered_calibration.h
[0.966s] -- Up-to-date: /home/rokae/workspace/rokae_ros2_sim2real/install/realsense2_camera_msgs/include/realsense2_camera_msgs/realsense2_camera_msgs/action/detail
[0.966s] -- Up-to-date: /home/rokae/workspace/rokae_ros2_sim2real/install/realsense2_camera_msgs/include/realsense2_camera_msgs/realsense2_camera_msgs/action/detail/triggered_calibration__functions.h
[0.966s] -- Up-to-date: /home/rokae/workspace/rokae_ros2_sim2real/install/realsense2_camera_msgs/include/realsense2_camera_msgs/realsense2_camera_msgs/action/detail/triggered_calibration__struct.h
[0.966s] -- Up-to-date: /home/rokae/workspace/rokae_ros2_sim2real/install/realsense2_camera_msgs/include/realsense2_camera_msgs/realsense2_camera_msgs/action/detail/triggered_calibration__functions.c
[0.966s] -- Up-to-date: /home/rokae/workspace/rokae_ros2_sim2real/install/realsense2_camera_msgs/include/realsense2_camera_msgs/realsense2_camera_msgs/action/detail/triggered_calibration__type_support.h
[0.967s] -- Up-to-date: /home/rokae/workspace/rokae_ros2_sim2real/install/realsense2_camera_msgs/include/realsense2_camera_msgs/realsense2_camera_msgs/srv
[0.967s] -- Up-to-date: /home/rokae/workspace/rokae_ros2_sim2real/install/realsense2_camera_msgs/include/realsense2_camera_msgs/realsense2_camera_msgs/srv/device_info.h
[0.967s] -- Up-to-date: /home/rokae/workspace/rokae_ros2_sim2real/install/realsense2_camera_msgs/include/realsense2_camera_msgs/realsense2_camera_msgs/srv/calib_config_write.h
[0.967s] -- Up-to-date: /home/rokae/workspace/rokae_ros2_sim2real/install/realsense2_camera_msgs/include/realsense2_camera_msgs/realsense2_camera_msgs/srv/detail
[0.967s] -- Up-to-date: /home/rokae/workspace/rokae_ros2_sim2real/install/realsense2_camera_msgs/include/realsense2_camera_msgs/realsense2_camera_msgs/srv/detail/calib_config_read__functions.h
[0.967s] -- Up-to-date: /home/rokae/workspace/rokae_ros2_sim2real/install/realsense2_camera_msgs/include/realsense2_camera_msgs/realsense2_camera_msgs/srv/detail/calib_config_write__struct.h
[0.967s] -- Up-to-date: /home/rokae/workspace/rokae_ros2_sim2real/install/realsense2_camera_msgs/include/realsense2_camera_msgs/realsense2_camera_msgs/srv/detail/calib_config_read__struct.h
[0.967s] -- Up-to-date: /home/rokae/workspace/rokae_ros2_sim2real/install/realsense2_camera_msgs/include/realsense2_camera_msgs/realsense2_camera_msgs/srv/detail/calib_config_write__functions.h
[0.967s] -- Up-to-date: /home/rokae/workspace/rokae_ros2_sim2real/install/realsense2_camera_msgs/include/realsense2_camera_msgs/realsense2_camera_msgs/srv/detail/device_info__functions.c
[0.967s] -- Up-to-date: /home/rokae/workspace/rokae_ros2_sim2real/install/realsense2_camera_msgs/include/realsense2_camera_msgs/realsense2_camera_msgs/srv/detail/calib_config_write__functions.c
[0.967s] -- Up-to-date: /home/rokae/workspace/rokae_ros2_sim2real/install/realsense2_camera_msgs/include/realsense2_camera_msgs/realsense2_camera_msgs/srv/detail/calib_config_write__type_support.h
[0.967s] -- Up-to-date: /home/rokae/workspace/rokae_ros2_sim2real/install/realsense2_camera_msgs/include/realsense2_camera_msgs/realsense2_camera_msgs/srv/detail/device_info__functions.h
[0.968s] -- Up-to-date: /home/rokae/workspace/rokae_ros2_sim2real/install/realsense2_camera_msgs/include/realsense2_camera_msgs/realsense2_camera_msgs/srv/detail/device_info__type_support.h
[0.968s] -- Up-to-date: /home/rokae/workspace/rokae_ros2_sim2real/install/realsense2_camera_msgs/include/realsense2_camera_msgs/realsense2_camera_msgs/srv/detail/device_info__struct.h
[0.968s] -- Up-to-date: /home/rokae/workspace/rokae_ros2_sim2real/install/realsense2_camera_msgs/include/realsense2_camera_msgs/realsense2_camera_msgs/srv/detail/calib_config_read__functions.c
[0.970s] -- Up-to-date: /home/rokae/workspace/rokae_ros2_sim2real/install/realsense2_camera_msgs/include/realsense2_camera_msgs/realsense2_camera_msgs/srv/detail/calib_config_read__type_support.h
[0.970s] -- Up-to-date: /home/rokae/workspace/rokae_ros2_sim2real/install/realsense2_camera_msgs/include/realsense2_camera_msgs/realsense2_camera_msgs/srv/calib_config_read.h
[0.970s] -- Up-to-date: /home/rokae/workspace/rokae_ros2_sim2real/install/realsense2_camera_msgs/share/realsense2_camera_msgs/environment/library_path.sh
[0.970s] -- Up-to-date: /home/rokae/workspace/rokae_ros2_sim2real/install/realsense2_camera_msgs/share/realsense2_camera_msgs/environment/library_path.dsv
[0.970s] -- Up-to-date: /home/rokae/workspace/rokae_ros2_sim2real/install/realsense2_camera_msgs/lib/librealsense2_camera_msgs__rosidl_generator_c.so
[0.970s] -- Up-to-date: /home/rokae/workspace/rokae_ros2_sim2real/install/realsense2_camera_msgs/include/realsense2_camera_msgs/realsense2_camera_msgs
[0.970s] -- Up-to-date: /home/rokae/workspace/rokae_ros2_sim2real/install/realsense2_camera_msgs/include/realsense2_camera_msgs/realsense2_camera_msgs/msg
[0.970s] -- Up-to-date: /home/rokae/workspace/rokae_ros2_sim2real/install/realsense2_camera_msgs/include/realsense2_camera_msgs/realsense2_camera_msgs/msg/detail
[0.971s] -- Up-to-date: /home/rokae/workspace/rokae_ros2_sim2real/install/realsense2_camera_msgs/include/realsense2_camera_msgs/realsense2_camera_msgs/msg/detail/rgbd__rosidl_typesupport_fastrtps_c.h
[0.971s] -- Up-to-date: /home/rokae/workspace/rokae_ros2_sim2real/install/realsense2_camera_msgs/include/realsense2_camera_msgs/realsense2_camera_msgs/msg/detail/extrinsics__rosidl_typesupport_fastrtps_c.h
[0.971s] -- Up-to-date: /home/rokae/workspace/rokae_ros2_sim2real/install/realsense2_camera_msgs/include/realsense2_camera_msgs/realsense2_camera_msgs/msg/detail/imu_info__rosidl_typesupport_fastrtps_c.h
[0.971s] -- Up-to-date: /home/rokae/workspace/rokae_ros2_sim2real/install/realsense2_camera_msgs/include/realsense2_camera_msgs/realsense2_camera_msgs/msg/detail/metadata__rosidl_typesupport_fastrtps_c.h
[0.971s] -- Up-to-date: /home/rokae/workspace/rokae_ros2_sim2real/install/realsense2_camera_msgs/include/realsense2_camera_msgs/realsense2_camera_msgs/msg/rosidl_typesupport_fastrtps_c__visibility_control.h
[0.971s] -- Up-to-date: /home/rokae/workspace/rokae_ros2_sim2real/install/realsense2_camera_msgs/include/realsense2_camera_msgs/realsense2_camera_msgs/action
[0.971s] -- Up-to-date: /home/rokae/workspace/rokae_ros2_sim2real/install/realsense2_camera_msgs/include/realsense2_camera_msgs/realsense2_camera_msgs/action/detail
[0.971s] -- Up-to-date: /home/rokae/workspace/rokae_ros2_sim2real/install/realsense2_camera_msgs/include/realsense2_camera_msgs/realsense2_camera_msgs/action/detail/triggered_calibration__rosidl_typesupport_fastrtps_c.h
[0.971s] -- Up-to-date: /home/rokae/workspace/rokae_ros2_sim2real/install/realsense2_camera_msgs/include/realsense2_camera_msgs/realsense2_camera_msgs/srv
[0.971s] -- Up-to-date: /home/rokae/workspace/rokae_ros2_sim2real/install/realsense2_camera_msgs/include/realsense2_camera_msgs/realsense2_camera_msgs/srv/detail
[0.971s] -- Up-to-date: /home/rokae/workspace/rokae_ros2_sim2real/install/realsense2_camera_msgs/include/realsense2_camera_msgs/realsense2_camera_msgs/srv/detail/calib_config_write__rosidl_typesupport_fastrtps_c.h
[0.971s] -- Up-to-date: /home/rokae/workspace/rokae_ros2_sim2real/install/realsense2_camera_msgs/include/realsense2_camera_msgs/realsense2_camera_msgs/srv/detail/calib_config_read__rosidl_typesupport_fastrtps_c.h
[0.972s] -- Up-to-date: /home/rokae/workspace/rokae_ros2_sim2real/install/realsense2_camera_msgs/include/realsense2_camera_msgs/realsense2_camera_msgs/srv/detail/device_info__rosidl_typesupport_fastrtps_c.h
[0.972s] -- Up-to-date: /home/rokae/workspace/rokae_ros2_sim2real/install/realsense2_camera_msgs/lib/librealsense2_camera_msgs__rosidl_typesupport_fastrtps_c.so
[0.972s] -- Up-to-date: /home/rokae/workspace/rokae_ros2_sim2real/install/realsense2_camera_msgs/include/realsense2_camera_msgs/realsense2_camera_msgs
[0.972s] -- Up-to-date: /home/rokae/workspace/rokae_ros2_sim2real/install/realsense2_camera_msgs/include/realsense2_camera_msgs/realsense2_camera_msgs/msg
[0.972s] -- Up-to-date: /home/rokae/workspace/rokae_ros2_sim2real/install/realsense2_camera_msgs/include/realsense2_camera_msgs/realsense2_camera_msgs/msg/rosidl_typesupport_introspection_c__visibility_control.h
[0.972s] -- Up-to-date: /home/rokae/workspace/rokae_ros2_sim2real/install/realsense2_camera_msgs/include/realsense2_camera_msgs/realsense2_camera_msgs/msg/detail
[0.972s] -- Up-to-date: /home/rokae/workspace/rokae_ros2_sim2real/install/realsense2_camera_msgs/include/realsense2_camera_msgs/realsense2_camera_msgs/msg/detail/metadata__type_support.c
[0.972s] -- Up-to-date: /home/rokae/workspace/rokae_ros2_sim2real/install/realsense2_camera_msgs/include/realsense2_camera_msgs/realsense2_camera_msgs/msg/detail/rgbd__rosidl_typesupport_introspection_c.h
[0.972s] -- Up-to-date: /home/rokae/workspace/rokae_ros2_sim2real/install/realsense2_camera_msgs/include/realsense2_camera_msgs/realsense2_camera_msgs/msg/detail/imu_info__type_support.c
[0.972s] -- Up-to-date: /home/rokae/workspace/rokae_ros2_sim2real/install/realsense2_camera_msgs/include/realsense2_camera_msgs/realsense2_camera_msgs/msg/detail/rgbd__type_support.c
[0.972s] -- Up-to-date: /home/rokae/workspace/rokae_ros2_sim2real/install/realsense2_camera_msgs/include/realsense2_camera_msgs/realsense2_camera_msgs/msg/detail/imu_info__rosidl_typesupport_introspection_c.h
[0.972s] -- Up-to-date: /home/rokae/workspace/rokae_ros2_sim2real/install/realsense2_camera_msgs/include/realsense2_camera_msgs/realsense2_camera_msgs/msg/detail/extrinsics__type_support.c
[0.973s] -- Up-to-date: /home/rokae/workspace/rokae_ros2_sim2real/install/realsense2_camera_msgs/include/realsense2_camera_msgs/realsense2_camera_msgs/msg/detail/extrinsics__rosidl_typesupport_introspection_c.h
[0.973s] -- Up-to-date: /home/rokae/workspace/rokae_ros2_sim2real/install/realsense2_camera_msgs/include/realsense2_camera_msgs/realsense2_camera_msgs/msg/detail/metadata__rosidl_typesupport_introspection_c.h
[0.973s] -- Up-to-date: /home/rokae/workspace/rokae_ros2_sim2real/install/realsense2_camera_msgs/include/realsense2_camera_msgs/realsense2_camera_msgs/action
[0.973s] -- Up-to-date: /home/rokae/workspace/rokae_ros2_sim2real/install/realsense2_camera_msgs/include/realsense2_camera_msgs/realsense2_camera_msgs/action/detail
[0.973s] -- Up-to-date: /home/rokae/workspace/rokae_ros2_sim2real/install/realsense2_camera_msgs/include/realsense2_camera_msgs/realsense2_camera_msgs/action/detail/triggered_calibration__type_support.c
[0.973s] -- Up-to-date: /home/rokae/workspace/rokae_ros2_sim2real/install/realsense2_camera_msgs/include/realsense2_camera_msgs/realsense2_camera_msgs/action/detail/triggered_calibration__rosidl_typesupport_introspection_c.h
[0.973s] -- Up-to-date: /home/rokae/workspace/rokae_ros2_sim2real/install/realsense2_camera_msgs/include/realsense2_camera_msgs/realsense2_camera_msgs/srv
[0.973s] -- Up-to-date: /home/rokae/workspace/rokae_ros2_sim2real/install/realsense2_camera_msgs/include/realsense2_camera_msgs/realsense2_camera_msgs/srv/detail
[0.973s] -- Up-to-date: /home/rokae/workspace/rokae_ros2_sim2real/install/realsense2_camera_msgs/include/realsense2_camera_msgs/realsense2_camera_msgs/srv/detail/calib_config_write__rosidl_typesupport_introspection_c.h
[0.973s] -- Up-to-date: /home/rokae/workspace/rokae_ros2_sim2real/install/realsense2_camera_msgs/include/realsense2_camera_msgs/realsense2_camera_msgs/srv/detail/calib_config_read__rosidl_typesupport_introspection_c.h
[0.973s] -- Up-to-date: /home/rokae/workspace/rokae_ros2_sim2real/install/realsense2_camera_msgs/include/realsense2_camera_msgs/realsense2_camera_msgs/srv/detail/calib_config_write__type_support.c
[0.974s] -- Up-to-date: /home/rokae/workspace/rokae_ros2_sim2real/install/realsense2_camera_msgs/include/realsense2_camera_msgs/realsense2_camera_msgs/srv/detail/calib_config_read__type_support.c
[0.980s] -- Up-to-date: /home/rokae/workspace/rokae_ros2_sim2real/install/realsense2_camera_msgs/include/realsense2_camera_msgs/realsense2_camera_msgs/srv/detail/device_info__rosidl_typesupport_introspection_c.h
[0.981s] -- Up-to-date: /home/rokae/workspace/rokae_ros2_sim2real/install/realsense2_camera_msgs/include/realsense2_camera_msgs/realsense2_camera_msgs/srv/detail/device_info__type_support.c
[0.981s] -- Up-to-date: /home/rokae/workspace/rokae_ros2_sim2real/install/realsense2_camera_msgs/lib/librealsense2_camera_msgs__rosidl_typesupport_introspection_c.so
[0.981s] -- Up-to-date: /home/rokae/workspace/rokae_ros2_sim2real/install/realsense2_camera_msgs/lib/librealsense2_camera_msgs__rosidl_typesupport_c.so
[0.981s] -- Up-to-date: /home/rokae/workspace/rokae_ros2_sim2real/install/realsense2_camera_msgs/include/realsense2_camera_msgs/realsense2_camera_msgs
[0.981s] -- Up-to-date: /home/rokae/workspace/rokae_ros2_sim2real/install/realsense2_camera_msgs/include/realsense2_camera_msgs/realsense2_camera_msgs/msg
[0.981s] -- Up-to-date: /home/rokae/workspace/rokae_ros2_sim2real/install/realsense2_camera_msgs/include/realsense2_camera_msgs/realsense2_camera_msgs/msg/extrinsics.hpp
[0.981s] -- Up-to-date: /home/rokae/workspace/rokae_ros2_sim2real/install/realsense2_camera_msgs/include/realsense2_camera_msgs/realsense2_camera_msgs/msg/imu_info.hpp
[0.981s] -- Up-to-date: /home/rokae/workspace/rokae_ros2_sim2real/install/realsense2_camera_msgs/include/realsense2_camera_msgs/realsense2_camera_msgs/msg/metadata.hpp
[0.981s] -- Up-to-date: /home/rokae/workspace/rokae_ros2_sim2real/install/realsense2_camera_msgs/include/realsense2_camera_msgs/realsense2_camera_msgs/msg/detail
[0.981s] -- Up-to-date: /home/rokae/workspace/rokae_ros2_sim2real/install/realsense2_camera_msgs/include/realsense2_camera_msgs/realsense2_camera_msgs/msg/detail/imu_info__type_support.hpp
[0.981s] -- Up-to-date: /home/rokae/workspace/rokae_ros2_sim2real/install/realsense2_camera_msgs/include/realsense2_camera_msgs/realsense2_camera_msgs/msg/detail/rgbd__type_support.hpp
[0.982s] -- Up-to-date: /home/rokae/workspace/rokae_ros2_sim2real/install/realsense2_camera_msgs/include/realsense2_camera_msgs/realsense2_camera_msgs/msg/detail/rgbd__struct.hpp
[0.982s] -- Up-to-date: /home/rokae/workspace/rokae_ros2_sim2real/install/realsense2_camera_msgs/include/realsense2_camera_msgs/realsense2_camera_msgs/msg/detail/imu_info__traits.hpp
[0.982s] -- Up-to-date: /home/rokae/workspace/rokae_ros2_sim2real/install/realsense2_camera_msgs/include/realsense2_camera_msgs/realsense2_camera_msgs/msg/detail/rgbd__builder.hpp
[0.982s] -- Up-to-date: /home/rokae/workspace/rokae_ros2_sim2real/install/realsense2_camera_msgs/include/realsense2_camera_msgs/realsense2_camera_msgs/msg/detail/rgbd__traits.hpp
[0.982s] -- Up-to-date: /home/rokae/workspace/rokae_ros2_sim2real/install/realsense2_camera_msgs/include/realsense2_camera_msgs/realsense2_camera_msgs/msg/detail/metadata__traits.hpp
[0.982s] -- Up-to-date: /home/rokae/workspace/rokae_ros2_sim2real/install/realsense2_camera_msgs/include/realsense2_camera_msgs/realsense2_camera_msgs/msg/detail/extrinsics__builder.hpp
[0.982s] -- Up-to-date: /home/rokae/workspace/rokae_ros2_sim2real/install/realsense2_camera_msgs/include/realsense2_camera_msgs/realsense2_camera_msgs/msg/detail/metadata__type_support.hpp
[0.982s] -- Up-to-date: /home/rokae/workspace/rokae_ros2_sim2real/install/realsense2_camera_msgs/include/realsense2_camera_msgs/realsense2_camera_msgs/msg/detail/extrinsics__struct.hpp
[0.983s] -- Up-to-date: /home/rokae/workspace/rokae_ros2_sim2real/install/realsense2_camera_msgs/include/realsense2_camera_msgs/realsense2_camera_msgs/msg/detail/metadata__builder.hpp
[0.983s] -- Up-to-date: /home/rokae/workspace/rokae_ros2_sim2real/install/realsense2_camera_msgs/include/realsense2_camera_msgs/realsense2_camera_msgs/msg/detail/metadata__struct.hpp
[0.983s] -- Up-to-date: /home/rokae/workspace/rokae_ros2_sim2real/install/realsense2_camera_msgs/include/realsense2_camera_msgs/realsense2_camera_msgs/msg/detail/imu_info__struct.hpp
[0.983s] -- Up-to-date: /home/rokae/workspace/rokae_ros2_sim2real/install/realsense2_camera_msgs/include/realsense2_camera_msgs/realsense2_camera_msgs/msg/detail/extrinsics__traits.hpp
[0.983s] -- Up-to-date: /home/rokae/workspace/rokae_ros2_sim2real/install/realsense2_camera_msgs/include/realsense2_camera_msgs/realsense2_camera_msgs/msg/detail/imu_info__builder.hpp
[0.983s] -- Up-to-date: /home/rokae/workspace/rokae_ros2_sim2real/install/realsense2_camera_msgs/include/realsense2_camera_msgs/realsense2_camera_msgs/msg/detail/extrinsics__type_support.hpp
[0.983s] -- Up-to-date: /home/rokae/workspace/rokae_ros2_sim2real/install/realsense2_camera_msgs/include/realsense2_camera_msgs/realsense2_camera_msgs/msg/rosidl_generator_cpp__visibility_control.hpp
[0.983s] -- Up-to-date: /home/rokae/workspace/rokae_ros2_sim2real/install/realsense2_camera_msgs/include/realsense2_camera_msgs/realsense2_camera_msgs/msg/rgbd.hpp
[0.983s] -- Up-to-date: /home/rokae/workspace/rokae_ros2_sim2real/install/realsense2_camera_msgs/include/realsense2_camera_msgs/realsense2_camera_msgs/action
[0.983s] -- Up-to-date: /home/rokae/workspace/rokae_ros2_sim2real/install/realsense2_camera_msgs/include/realsense2_camera_msgs/realsense2_camera_msgs/action/detail
[0.984s] -- Up-to-date: /home/rokae/workspace/rokae_ros2_sim2real/install/realsense2_camera_msgs/include/realsense2_camera_msgs/realsense2_camera_msgs/action/detail/triggered_calibration__struct.hpp
[0.984s] -- Up-to-date: /home/rokae/workspace/rokae_ros2_sim2real/install/realsense2_camera_msgs/include/realsense2_camera_msgs/realsense2_camera_msgs/action/detail/triggered_calibration__traits.hpp
[0.984s] -- Up-to-date: /home/rokae/workspace/rokae_ros2_sim2real/install/realsense2_camera_msgs/include/realsense2_camera_msgs/realsense2_camera_msgs/action/detail/triggered_calibration__type_support.hpp
[0.984s] -- Up-to-date: /home/rokae/workspace/rokae_ros2_sim2real/install/realsense2_camera_msgs/include/realsense2_camera_msgs/realsense2_camera_msgs/action/detail/triggered_calibration__builder.hpp
[0.984s] -- Up-to-date: /home/rokae/workspace/rokae_ros2_sim2real/install/realsense2_camera_msgs/include/realsense2_camera_msgs/realsense2_camera_msgs/action/triggered_calibration.hpp
[0.984s] -- Up-to-date: /home/rokae/workspace/rokae_ros2_sim2real/install/realsense2_camera_msgs/include/realsense2_camera_msgs/realsense2_camera_msgs/srv
[0.984s] -- Up-to-date: /home/rokae/workspace/rokae_ros2_sim2real/install/realsense2_camera_msgs/include/realsense2_camera_msgs/realsense2_camera_msgs/srv/calib_config_read.hpp
[0.984s] -- Up-to-date: /home/rokae/workspace/rokae_ros2_sim2real/install/realsense2_camera_msgs/include/realsense2_camera_msgs/realsense2_camera_msgs/srv/detail
[0.984s] -- Up-to-date: /home/rokae/workspace/rokae_ros2_sim2real/install/realsense2_camera_msgs/include/realsense2_camera_msgs/realsense2_camera_msgs/srv/detail/device_info__builder.hpp
[0.984s] -- Up-to-date: /home/rokae/workspace/rokae_ros2_sim2real/install/realsense2_camera_msgs/include/realsense2_camera_msgs/realsense2_camera_msgs/srv/detail/calib_config_read__builder.hpp
[0.984s] -- Up-to-date: /home/rokae/workspace/rokae_ros2_sim2real/install/realsense2_camera_msgs/include/realsense2_camera_msgs/realsense2_camera_msgs/srv/detail/device_info__type_support.hpp
[0.985s] -- Up-to-date: /home/rokae/workspace/rokae_ros2_sim2real/install/realsense2_camera_msgs/include/realsense2_camera_msgs/realsense2_camera_msgs/srv/detail/calib_config_read__type_support.hpp
[0.985s] -- Up-to-date: /home/rokae/workspace/rokae_ros2_sim2real/install/realsense2_camera_msgs/include/realsense2_camera_msgs/realsense2_camera_msgs/srv/detail/device_info__traits.hpp
[0.985s] -- Up-to-date: /home/rokae/workspace/rokae_ros2_sim2real/install/realsense2_camera_msgs/include/realsense2_camera_msgs/realsense2_camera_msgs/srv/detail/calib_config_write__type_support.hpp
[0.985s] -- Up-to-date: /home/rokae/workspace/rokae_ros2_sim2real/install/realsense2_camera_msgs/include/realsense2_camera_msgs/realsense2_camera_msgs/srv/detail/calib_config_write__builder.hpp
[0.985s] -- Up-to-date: /home/rokae/workspace/rokae_ros2_sim2real/install/realsense2_camera_msgs/include/realsense2_camera_msgs/realsense2_camera_msgs/srv/detail/calib_config_read__struct.hpp
[0.985s] -- Up-to-date: /home/rokae/workspace/rokae_ros2_sim2real/install/realsense2_camera_msgs/include/realsense2_camera_msgs/realsense2_camera_msgs/srv/detail/calib_config_write__traits.hpp
[0.985s] -- Up-to-date: /home/rokae/workspace/rokae_ros2_sim2real/install/realsense2_camera_msgs/include/realsense2_camera_msgs/realsense2_camera_msgs/srv/detail/calib_config_write__struct.hpp
[0.985s] -- Up-to-date: /home/rokae/workspace/rokae_ros2_sim2real/install/realsense2_camera_msgs/include/realsense2_camera_msgs/realsense2_camera_msgs/srv/detail/device_info__struct.hpp
[0.985s] -- Up-to-date: /home/rokae/workspace/rokae_ros2_sim2real/install/realsense2_camera_msgs/include/realsense2_camera_msgs/realsense2_camera_msgs/srv/detail/calib_config_read__traits.hpp
[0.986s] -- Up-to-date: /home/rokae/workspace/rokae_ros2_sim2real/install/realsense2_camera_msgs/include/realsense2_camera_msgs/realsense2_camera_msgs/srv/device_info.hpp
[0.986s] -- Up-to-date: /home/rokae/workspace/rokae_ros2_sim2real/install/realsense2_camera_msgs/include/realsense2_camera_msgs/realsense2_camera_msgs/srv/calib_config_write.hpp
[0.986s] -- Up-to-date: /home/rokae/workspace/rokae_ros2_sim2real/install/realsense2_camera_msgs/include/realsense2_camera_msgs/realsense2_camera_msgs
[0.986s] -- Up-to-date: /home/rokae/workspace/rokae_ros2_sim2real/install/realsense2_camera_msgs/include/realsense2_camera_msgs/realsense2_camera_msgs/msg
[0.987s] -- Up-to-date: /home/rokae/workspace/rokae_ros2_sim2real/install/realsense2_camera_msgs/include/realsense2_camera_msgs/realsense2_camera_msgs/msg/detail
[0.987s] -- Up-to-date: /home/rokae/workspace/rokae_ros2_sim2real/install/realsense2_camera_msgs/include/realsense2_camera_msgs/realsense2_camera_msgs/msg/detail/rgbd__rosidl_typesupport_fastrtps_cpp.hpp
[0.987s] -- Up-to-date: /home/rokae/workspace/rokae_ros2_sim2real/install/realsense2_camera_msgs/include/realsense2_camera_msgs/realsense2_camera_msgs/msg/detail/dds_fastrtps
[0.987s] -- Up-to-date: /home/rokae/workspace/rokae_ros2_sim2real/install/realsense2_camera_msgs/include/realsense2_camera_msgs/realsense2_camera_msgs/msg/detail/imu_info__rosidl_typesupport_fastrtps_cpp.hpp
[0.988s] -- Up-to-date: /home/rokae/workspace/rokae_ros2_sim2real/install/realsense2_camera_msgs/include/realsense2_camera_msgs/realsense2_camera_msgs/msg/detail/extrinsics__rosidl_typesupport_fastrtps_cpp.hpp
[0.988s] -- Up-to-date: /home/rokae/workspace/rokae_ros2_sim2real/install/realsense2_camera_msgs/include/realsense2_camera_msgs/realsense2_camera_msgs/msg/detail/metadata__rosidl_typesupport_fastrtps_cpp.hpp
[0.988s] -- Up-to-date: /home/rokae/workspace/rokae_ros2_sim2real/install/realsense2_camera_msgs/include/realsense2_camera_msgs/realsense2_camera_msgs/msg/rosidl_typesupport_fastrtps_cpp__visibility_control.h
[0.988s] -- Up-to-date: /home/rokae/workspace/rokae_ros2_sim2real/install/realsense2_camera_msgs/include/realsense2_camera_msgs/realsense2_camera_msgs/action
[0.988s] -- Up-to-date: /home/rokae/workspace/rokae_ros2_sim2real/install/realsense2_camera_msgs/include/realsense2_camera_msgs/realsense2_camera_msgs/action/detail
[0.988s] -- Up-to-date: /home/rokae/workspace/rokae_ros2_sim2real/install/realsense2_camera_msgs/include/realsense2_camera_msgs/realsense2_camera_msgs/action/detail/triggered_calibration__rosidl_typesupport_fastrtps_cpp.hpp
[0.988s] -- Up-to-date: /home/rokae/workspace/rokae_ros2_sim2real/install/realsense2_camera_msgs/include/realsense2_camera_msgs/realsense2_camera_msgs/action/detail/dds_fastrtps
[0.988s] -- Up-to-date: /home/rokae/workspace/rokae_ros2_sim2real/install/realsense2_camera_msgs/include/realsense2_camera_msgs/realsense2_camera_msgs/srv
[0.988s] -- Up-to-date: /home/rokae/workspace/rokae_ros2_sim2real/install/realsense2_camera_msgs/include/realsense2_camera_msgs/realsense2_camera_msgs/srv/detail
[0.988s] -- Up-to-date: /home/rokae/workspace/rokae_ros2_sim2real/install/realsense2_camera_msgs/include/realsense2_camera_msgs/realsense2_camera_msgs/srv/detail/calib_config_read__rosidl_typesupport_fastrtps_cpp.hpp
[0.988s] -- Up-to-date: /home/rokae/workspace/rokae_ros2_sim2real/install/realsense2_camera_msgs/include/realsense2_camera_msgs/realsense2_camera_msgs/srv/detail/dds_fastrtps
[0.989s] -- Up-to-date: /home/rokae/workspace/rokae_ros2_sim2real/install/realsense2_camera_msgs/include/realsense2_camera_msgs/realsense2_camera_msgs/srv/detail/device_info__rosidl_typesupport_fastrtps_cpp.hpp
[0.989s] -- Up-to-date: /home/rokae/workspace/rokae_ros2_sim2real/install/realsense2_camera_msgs/include/realsense2_camera_msgs/realsense2_camera_msgs/srv/detail/calib_config_write__rosidl_typesupport_fastrtps_cpp.hpp
[0.989s] -- Up-to-date: /home/rokae/workspace/rokae_ros2_sim2real/install/realsense2_camera_msgs/lib/librealsense2_camera_msgs__rosidl_typesupport_fastrtps_cpp.so
[0.989s] -- Up-to-date: /home/rokae/workspace/rokae_ros2_sim2real/install/realsense2_camera_msgs/include/realsense2_camera_msgs/realsense2_camera_msgs
[0.989s] -- Up-to-date: /home/rokae/workspace/rokae_ros2_sim2real/install/realsense2_camera_msgs/include/realsense2_camera_msgs/realsense2_camera_msgs/msg
[0.989s] -- Up-to-date: /home/rokae/workspace/rokae_ros2_sim2real/install/realsense2_camera_msgs/include/realsense2_camera_msgs/realsense2_camera_msgs/msg/detail
[0.989s] -- Up-to-date: /home/rokae/workspace/rokae_ros2_sim2real/install/realsense2_camera_msgs/include/realsense2_camera_msgs/realsense2_camera_msgs/msg/detail/imu_info__rosidl_typesupport_introspection_cpp.hpp
[0.989s] -- Up-to-date: /home/rokae/workspace/rokae_ros2_sim2real/install/realsense2_camera_msgs/include/realsense2_camera_msgs/realsense2_camera_msgs/msg/detail/metadata__rosidl_typesupport_introspection_cpp.hpp
[0.989s] -- Up-to-date: /home/rokae/workspace/rokae_ros2_sim2real/install/realsense2_camera_msgs/include/realsense2_camera_msgs/realsense2_camera_msgs/msg/detail/rgbd__rosidl_typesupport_introspection_cpp.hpp
[0.989s] -- Up-to-date: /home/rokae/workspace/rokae_ros2_sim2real/install/realsense2_camera_msgs/include/realsense2_camera_msgs/realsense2_camera_msgs/msg/detail/extrinsics__type_support.cpp
[0.989s] -- Up-to-date: /home/rokae/workspace/rokae_ros2_sim2real/install/realsense2_camera_msgs/include/realsense2_camera_msgs/realsense2_camera_msgs/msg/detail/imu_info__type_support.cpp
[0.989s] -- Up-to-date: /home/rokae/workspace/rokae_ros2_sim2real/install/realsense2_camera_msgs/include/realsense2_camera_msgs/realsense2_camera_msgs/msg/detail/extrinsics__rosidl_typesupport_introspection_cpp.hpp
[0.989s] -- Up-to-date: /home/rokae/workspace/rokae_ros2_sim2real/install/realsense2_camera_msgs/include/realsense2_camera_msgs/realsense2_camera_msgs/msg/detail/metadata__type_support.cpp
[0.990s] -- Up-to-date: /home/rokae/workspace/rokae_ros2_sim2real/install/realsense2_camera_msgs/include/realsense2_camera_msgs/realsense2_camera_msgs/msg/detail/rgbd__type_support.cpp
[0.990s] -- Up-to-date: /home/rokae/workspace/rokae_ros2_sim2real/install/realsense2_camera_msgs/include/realsense2_camera_msgs/realsense2_camera_msgs/action
[0.990s] -- Up-to-date: /home/rokae/workspace/rokae_ros2_sim2real/install/realsense2_camera_msgs/include/realsense2_camera_msgs/realsense2_camera_msgs/action/detail
[0.990s] -- Up-to-date: /home/rokae/workspace/rokae_ros2_sim2real/install/realsense2_camera_msgs/include/realsense2_camera_msgs/realsense2_camera_msgs/action/detail/triggered_calibration__type_support.cpp
[0.990s] -- Up-to-date: /home/rokae/workspace/rokae_ros2_sim2real/install/realsense2_camera_msgs/include/realsense2_camera_msgs/realsense2_camera_msgs/action/detail/triggered_calibration__rosidl_typesupport_introspection_cpp.hpp
[0.990s] -- Up-to-date: /home/rokae/workspace/rokae_ros2_sim2real/install/realsense2_camera_msgs/include/realsense2_camera_msgs/realsense2_camera_msgs/srv
[0.990s] -- Up-to-date: /home/rokae/workspace/rokae_ros2_sim2real/install/realsense2_camera_msgs/include/realsense2_camera_msgs/realsense2_camera_msgs/srv/detail
[0.990s] -- Up-to-date: /home/rokae/workspace/rokae_ros2_sim2real/install/realsense2_camera_msgs/include/realsense2_camera_msgs/realsense2_camera_msgs/srv/detail/device_info__type_support.cpp
[0.990s] -- Up-to-date: /home/rokae/workspace/rokae_ros2_sim2real/install/realsense2_camera_msgs/include/realsense2_camera_msgs/realsense2_camera_msgs/srv/detail/calib_config_write__type_support.cpp
[0.990s] -- Up-to-date: /home/rokae/workspace/rokae_ros2_sim2real/install/realsense2_camera_msgs/include/realsense2_camera_msgs/realsense2_camera_msgs/srv/detail/device_info__rosidl_typesupport_introspection_cpp.hpp
[0.991s] -- Up-to-date: /home/rokae/workspace/rokae_ros2_sim2real/install/realsense2_camera_msgs/include/realsense2_camera_msgs/realsense2_camera_msgs/srv/detail/calib_config_write__rosidl_typesupport_introspection_cpp.hpp
[0.991s] -- Up-to-date: /home/rokae/workspace/rokae_ros2_sim2real/install/realsense2_camera_msgs/include/realsense2_camera_msgs/realsense2_camera_msgs/srv/detail/calib_config_read__rosidl_typesupport_introspection_cpp.hpp
[0.991s] -- Up-to-date: /home/rokae/workspace/rokae_ros2_sim2real/install/realsense2_camera_msgs/include/realsense2_camera_msgs/realsense2_camera_msgs/srv/detail/calib_config_read__type_support.cpp
[0.991s] -- Up-to-date: /home/rokae/workspace/rokae_ros2_sim2real/install/realsense2_camera_msgs/lib/librealsense2_camera_msgs__rosidl_typesupport_introspection_cpp.so
[0.995s] -- Up-to-date: /home/rokae/workspace/rokae_ros2_sim2real/install/realsense2_camera_msgs/lib/librealsense2_camera_msgs__rosidl_typesupport_cpp.so
[0.995s] -- Up-to-date: /home/rokae/workspace/rokae_ros2_sim2real/install/realsense2_camera_msgs/share/realsense2_camera_msgs/environment/pythonpath.sh
[0.995s] -- Up-to-date: /home/rokae/workspace/rokae_ros2_sim2real/install/realsense2_camera_msgs/share/realsense2_camera_msgs/environment/pythonpath.dsv
[0.995s] -- Up-to-date: /home/rokae/workspace/rokae_ros2_sim2real/install/realsense2_camera_msgs/local/lib/python3.10/dist-packages/realsense2_camera_msgs-4.56.4-py3.10.egg-info
[0.995s] -- Installing: /home/rokae/workspace/rokae_ros2_sim2real/install/realsense2_camera_msgs/local/lib/python3.10/dist-packages/realsense2_camera_msgs-4.56.4-py3.10.egg-info/dependency_links.txt
[0.996s] -- Installing: /home/rokae/workspace/rokae_ros2_sim2real/install/realsense2_camera_msgs/local/lib/python3.10/dist-packages/realsense2_camera_msgs-4.56.4-py3.10.egg-info/PKG-INFO
[0.996s] -- Installing: /home/rokae/workspace/rokae_ros2_sim2real/install/realsense2_camera_msgs/local/lib/python3.10/dist-packages/realsense2_camera_msgs-4.56.4-py3.10.egg-info/SOURCES.txt
[0.996s] -- Installing: /home/rokae/workspace/rokae_ros2_sim2real/install/realsense2_camera_msgs/local/lib/python3.10/dist-packages/realsense2_camera_msgs-4.56.4-py3.10.egg-info/top_level.txt
[0.996s] -- Up-to-date: /home/rokae/workspace/rokae_ros2_sim2real/install/realsense2_camera_msgs/local/lib/python3.10/dist-packages/realsense2_camera_msgs
[0.996s] -- Up-to-date: /home/rokae/workspace/rokae_ros2_sim2real/install/realsense2_camera_msgs/local/lib/python3.10/dist-packages/realsense2_camera_msgs/realsense2_camera_msgs_s__rosidl_typesupport_introspection_c.cpython-310-x86_64-linux-gnu.so
[0.996s] -- Up-to-date: /home/rokae/workspace/rokae_ros2_sim2real/install/realsense2_camera_msgs/local/lib/python3.10/dist-packages/realsense2_camera_msgs/msg
[0.996s] -- Up-to-date: /home/rokae/workspace/rokae_ros2_sim2real/install/realsense2_camera_msgs/local/lib/python3.10/dist-packages/realsense2_camera_msgs/msg/_imu_info.py
[0.996s] -- Up-to-date: /home/rokae/workspace/rokae_ros2_sim2real/install/realsense2_camera_msgs/local/lib/python3.10/dist-packages/realsense2_camera_msgs/msg/_rgbd.py
[0.996s] -- Up-to-date: /home/rokae/workspace/rokae_ros2_sim2real/install/realsense2_camera_msgs/local/lib/python3.10/dist-packages/realsense2_camera_msgs/msg/_extrinsics.py
[0.997s] -- Up-to-date: /home/rokae/workspace/rokae_ros2_sim2real/install/realsense2_camera_msgs/local/lib/python3.10/dist-packages/realsense2_camera_msgs/msg/_extrinsics_s.c
[0.997s] -- Up-to-date: /home/rokae/workspace/rokae_ros2_sim2real/install/realsense2_camera_msgs/local/lib/python3.10/dist-packages/realsense2_camera_msgs/msg/_imu_info_s.c
[0.997s] -- Up-to-date: /home/rokae/workspace/rokae_ros2_sim2real/install/realsense2_camera_msgs/local/lib/python3.10/dist-packages/realsense2_camera_msgs/msg/_metadata.py
[0.997s] -- Up-to-date: /home/rokae/workspace/rokae_ros2_sim2real/install/realsense2_camera_msgs/local/lib/python3.10/dist-packages/realsense2_camera_msgs/msg/__init__.py
[0.997s] -- Up-to-date: /home/rokae/workspace/rokae_ros2_sim2real/install/realsense2_camera_msgs/local/lib/python3.10/dist-packages/realsense2_camera_msgs/msg/_rgbd_s.c
[0.997s] -- Up-to-date: /home/rokae/workspace/rokae_ros2_sim2real/install/realsense2_camera_msgs/local/lib/python3.10/dist-packages/realsense2_camera_msgs/msg/_metadata_s.c
[0.997s] -- Up-to-date: /home/rokae/workspace/rokae_ros2_sim2real/install/realsense2_camera_msgs/local/lib/python3.10/dist-packages/realsense2_camera_msgs/action
[0.997s] -- Up-to-date: /home/rokae/workspace/rokae_ros2_sim2real/install/realsense2_camera_msgs/local/lib/python3.10/dist-packages/realsense2_camera_msgs/action/_triggered_calibration_s.c
[0.998s] -- Up-to-date: /home/rokae/workspace/rokae_ros2_sim2real/install/realsense2_camera_msgs/local/lib/python3.10/dist-packages/realsense2_camera_msgs/action/__init__.py
[0.998s] -- Up-to-date: /home/rokae/workspace/rokae_ros2_sim2real/install/realsense2_camera_msgs/local/lib/python3.10/dist-packages/realsense2_camera_msgs/action/_triggered_calibration.py
[0.998s] -- Up-to-date: /home/rokae/workspace/rokae_ros2_sim2real/install/realsense2_camera_msgs/local/lib/python3.10/dist-packages/realsense2_camera_msgs/_realsense2_camera_msgs_s.ep.rosidl_typesupport_fastrtps_c.c
[0.998s] -- Up-to-date: /home/rokae/workspace/rokae_ros2_sim2real/install/realsense2_camera_msgs/local/lib/python3.10/dist-packages/realsense2_camera_msgs/_realsense2_camera_msgs_s.ep.rosidl_typesupport_c.c
[0.998s] -- Up-to-date: /home/rokae/workspace/rokae_ros2_sim2real/install/realsense2_camera_msgs/local/lib/python3.10/dist-packages/realsense2_camera_msgs/srv
[0.998s] -- Up-to-date: /home/rokae/workspace/rokae_ros2_sim2real/install/realsense2_camera_msgs/local/lib/python3.10/dist-packages/realsense2_camera_msgs/srv/_device_info_s.c
[0.998s] -- Up-to-date: /home/rokae/workspace/rokae_ros2_sim2real/install/realsense2_camera_msgs/local/lib/python3.10/dist-packages/realsense2_camera_msgs/srv/_calib_config_read.py
[0.998s] -- Up-to-date: /home/rokae/workspace/rokae_ros2_sim2real/install/realsense2_camera_msgs/local/lib/python3.10/dist-packages/realsense2_camera_msgs/srv/_calib_config_write.py
[0.998s] -- Up-to-date: /home/rokae/workspace/rokae_ros2_sim2real/install/realsense2_camera_msgs/local/lib/python3.10/dist-packages/realsense2_camera_msgs/srv/_calib_config_read_s.c
[0.998s] -- Up-to-date: /home/rokae/workspace/rokae_ros2_sim2real/install/realsense2_camera_msgs/local/lib/python3.10/dist-packages/realsense2_camera_msgs/srv/_calib_config_write_s.c
[0.998s] -- Up-to-date: /home/rokae/workspace/rokae_ros2_sim2real/install/realsense2_camera_msgs/local/lib/python3.10/dist-packages/realsense2_camera_msgs/srv/__init__.py
[0.999s] -- Up-to-date: /home/rokae/workspace/rokae_ros2_sim2real/install/realsense2_camera_msgs/local/lib/python3.10/dist-packages/realsense2_camera_msgs/srv/_device_info.py
[0.999s] -- Up-to-date: /home/rokae/workspace/rokae_ros2_sim2real/install/realsense2_camera_msgs/local/lib/python3.10/dist-packages/realsense2_camera_msgs/__init__.py
[0.999s] -- Up-to-date: /home/rokae/workspace/rokae_ros2_sim2real/install/realsense2_camera_msgs/local/lib/python3.10/dist-packages/realsense2_camera_msgs/librealsense2_camera_msgs__rosidl_generator_py.so
[0.999s] -- Up-to-date: /home/rokae/workspace/rokae_ros2_sim2real/install/realsense2_camera_msgs/local/lib/python3.10/dist-packages/realsense2_camera_msgs/_realsense2_camera_msgs_s.ep.rosidl_typesupport_introspection_c.c
[0.999s] -- Up-to-date: /home/rokae/workspace/rokae_ros2_sim2real/install/realsense2_camera_msgs/local/lib/python3.10/dist-packages/realsense2_camera_msgs/realsense2_camera_msgs_s__rosidl_typesupport_c.cpython-310-x86_64-linux-gnu.so
[0.999s] -- Up-to-date: /home/rokae/workspace/rokae_ros2_sim2real/install/realsense2_camera_msgs/local/lib/python3.10/dist-packages/realsense2_camera_msgs/realsense2_camera_msgs_s__rosidl_typesupport_fastrtps_c.cpython-310-x86_64-linux-gnu.so
[1.001s] Invoked command in '/home/rokae/workspace/rokae_ros2_sim2real/build/realsense2_camera_msgs' returned '-2': CMAKE_PREFIX_PATH=${CMAKE_PREFIX_PATH}:/home/rokae/workspace/rokae_ros2_sim2real/install/easy_handeye2_demo:/home/rokae/workspace/rokae_ros2_sim2real/install/easy_handeye2:/home/rokae/workspace/ws_moveit/install/moveit_configs_utils:/home/rokae/workspace/ws_moveit/install/launch_param_builder:/opt/ros/humble /usr/bin/cmake --install /home/rokae/workspace/rokae_ros2_sim2real/build/realsense2_camera_msgs
