[0.075s] Invoking command in '/home/rokae/workspace/rokae_ros2_sim2real/build/aruco_msgs': CMAKE_PREFIX_PATH=${CMAKE_PREFIX_PATH}:/home/rokae/workspace/ws_moveit/install/moveit_configs_utils:/home/rokae/workspace/ws_moveit/install/launch_param_builder:/opt/ros/humble /usr/bin/cmake --build /home/rokae/workspace/rokae_ros2_sim2real/build/aruco_msgs -- -j32 -l32
[0.205s] [ 10%] Built target aruco_msgs__rosidl_generator_c
[0.215s] [ 12%] Built target aruco_msgs__cpp
[0.252s] [ 12%] Built target ament_cmake_python_copy_aruco_msgs
[0.279s] [ 23%] Built target aruco_msgs__rosidl_typesupport_c
[0.286s] [ 33%] Built target aruco_msgs__rosidl_typesupport_fastrtps_c
[0.288s] [ 43%] Built target aruco_msgs__rosidl_typesupport_introspection_c
[0.296s] [ 53%] Built target aruco_msgs__rosidl_typesupport_fastrtps_cpp
[0.297s] [ 74%] Built target aruco_msgs__rosidl_typesupport_cpp
[0.297s] [ 74%] Built target aruco_msgs__rosidl_typesupport_introspection_cpp
[0.357s] [ 74%] Built target aruco_msgs
[0.421s] [ 76%] Built target aruco_msgs__py
[0.487s] [ 84%] Built target aruco_msgs__rosidl_generator_py
[0.553s] [ 89%] Built target aruco_msgs__rosidl_typesupport_fastrtps_c__pyext
[0.559s] [ 94%] Built target aruco_msgs__rosidl_typesupport_introspection_c__pyext
[0.561s] [100%] Built target aruco_msgs__rosidl_typesupport_c__pyext
[0.842s] running egg_info
[0.845s] writing aruco_msgs.egg-info/PKG-INFO
[0.845s] writing dependency_links to aruco_msgs.egg-info/dependency_links.txt
[0.846s] writing top-level names to aruco_msgs.egg-info/top_level.txt
[0.848s] reading manifest file 'aruco_msgs.egg-info/SOURCES.txt'
[0.850s] writing manifest file 'aruco_msgs.egg-info/SOURCES.txt'
[0.955s] [100%] Built target ament_cmake_python_build_aruco_msgs_egg
