[0.033s] Invoking command in '/home/rokae/workspace/rokae_ros2_sim2real/build/easy_handeye2_msgs': CMAKE_PREFIX_PATH=${CMAKE_PREFIX_PATH}:/home/rokae/workspace/rokae_ros2_sim2real/install/easy_handeye2_demo:/home/rokae/workspace/rokae_ros2_sim2real/install/easy_handeye2:/home/rokae/workspace/ws_moveit/install/moveit_configs_utils:/home/rokae/workspace/ws_moveit/install/launch_param_builder:/opt/ros/humble /usr/bin/cmake --build /home/rokae/workspace/rokae_ros2_sim2real/build/easy_handeye2_msgs -- -j32 -l32
[0.085s] [  0%] Built target easy_handeye2_msgs__cpp
[0.087s] [ 12%] Built target easy_handeye2_msgs__rosidl_generator_c
[0.097s] [ 12%] Built target ament_cmake_python_copy_easy_handeye2_msgs
[0.112s] [ 24%] Built target easy_handeye2_msgs__rosidl_typesupport_c
[0.115s] [ 36%] Built target easy_handeye2_msgs__rosidl_typesupport_introspection_cpp
[0.115s] [ 48%] Built target easy_handeye2_msgs__rosidl_typesupport_introspection_c
[0.115s] [ 60%] Built target easy_handeye2_msgs__rosidl_typesupport_cpp
[0.116s] [ 72%] Built target easy_handeye2_msgs__rosidl_typesupport_fastrtps_cpp
[0.119s] [ 84%] Built target easy_handeye2_msgs__rosidl_typesupport_fastrtps_c
[0.137s] [ 84%] Built target easy_handeye2_msgs
[0.156s] [ 85%] Built target easy_handeye2_msgs__py
[0.182s] [ 96%] Built target easy_handeye2_msgs__rosidl_generator_py
[0.201s] [ 97%] Built target easy_handeye2_msgs__rosidl_typesupport_fastrtps_c__pyext
[0.203s] [ 99%] Built target easy_handeye2_msgs__rosidl_typesupport_introspection_c__pyext
[0.203s] [100%] Built target easy_handeye2_msgs__rosidl_typesupport_c__pyext
[0.249s] running egg_info
[0.250s] writing easy_handeye2_msgs.egg-info/PKG-INFO
[0.250s] writing dependency_links to easy_handeye2_msgs.egg-info/dependency_links.txt
[0.250s] writing top-level names to easy_handeye2_msgs.egg-info/top_level.txt
[0.252s] reading manifest file 'easy_handeye2_msgs.egg-info/SOURCES.txt'
[0.252s] writing manifest file 'easy_handeye2_msgs.egg-info/SOURCES.txt'
[0.271s] [100%] Built target ament_cmake_python_build_easy_handeye2_msgs_egg
