-- Found ament_cmake: 1.3.11 (/opt/ros/humble/share/ament_cmake/cmake)
-- Found rclcpp: 16.0.11 (/opt/ros/humble/share/rclcpp/cmake)
-- Found rosidl_generator_c: 3.1.6 (/opt/ros/humble/share/rosidl_generator_c/cmake)
-- Found rosidl_adapter: 3.1.6 (/opt/ros/humble/share/rosidl_adapter/cmake)
-- Found rosidl_generator_cpp: 3.1.6 (/opt/ros/humble/share/rosidl_generator_cpp/cmake)
-- Using all available rosidl_typesupport_c: rosidl_typesupport_fastrtps_c;rosidl_typesupport_introspection_c
-- Using all available rosidl_typesupport_cpp: rosidl_typesupport_fastrtps_cpp;rosidl_typesupport_introspection_cpp
-- Found rmw_implementation_cmake: 6.1.2 (/opt/ros/humble/share/rmw_implementation_cmake/cmake)
-- Found rmw_fastrtps_cpp: 6.2.7 (/opt/ros/humble/share/rmw_fastrtps_cpp/cmake)
-- Using RMW implementation 'rmw_fastrtps_cpp' as default
-- Found std_srvs: 4.2.4 (/opt/ros/humble/share/std_srvs/cmake)
-- Found geometry_msgs: 4.2.4 (/opt/ros/humble/share/geometry_msgs/cmake)
-- Found ament_lint_auto: 0.12.11 (/opt/ros/humble/share/ament_lint_auto/cmake)
-- Added test 'cppcheck' to perform static code analysis on C / C++ code
-- Configured cppcheck include dirs: /home/rokae/workspace/rokae_ros2_sim2real/src/robot_driver/rokae_driver/include
-- Configured cppcheck exclude dirs and/or files: 
-- Added test 'lint_cmake' to check CMake code style
-- Added test 'uncrustify' to check C / C++ code style
-- Configured uncrustify additional arguments: 
-- Added test 'xmllint' to check XML markup files
-- Configuring done
-- Generating done
-- Build files have been written to: /home/rokae/workspace/rokae_ros2_sim2real/build/rokae_driver
[35m[1mConsolidate compiler generated dependencies of target driver_fenjian[0m
[35m[1mConsolidate compiler generated dependencies of target driver_home[0m
[35m[1mConsolidate compiler generated dependencies of target driver_maduo[0m
[35m[1mConsolidate compiler generated dependencies of target driver_pentu[0m
[35m[1mConsolidate compiler generated dependencies of target read_force[0m
[35m[1mConsolidate compiler generated dependencies of target driver_hanjie[0m
[35m[1mConsolidate compiler generated dependencies of target sdk_example[0m
[35m[1mConsolidate compiler generated dependencies of target rokae_driver[0m
[35m[1mConsolidate compiler generated dependencies of target move_example[0m
[ 11%] [32mBuilding CXX object CMakeFiles/driver_pentu.dir/src/driver_pentu.cpp.o[0m
[ 11%] [32mBuilding CXX object CMakeFiles/sdk_example.dir/src/sdk_example.cpp.o[0m
[ 16%] [32mBuilding CXX object CMakeFiles/driver_maduo.dir/src/driver_maduo.cpp.o[0m
[ 22%] [32mBuilding CXX object CMakeFiles/driver_home.dir/src/driver_home.cpp.o[0m
[ 27%] [32mBuilding CXX object CMakeFiles/read_force.dir/src/read_force.cpp.o[0m
[ 33%] [32mBuilding CXX object CMakeFiles/driver_fenjian.dir/src/driver_fenjian.cpp.o[0m
[ 38%] [32mBuilding CXX object CMakeFiles/move_example.dir/src/move_example.cpp.o[0m
[ 44%] [32mBuilding CXX object CMakeFiles/rokae_driver.dir/src/rokae_driver.cpp.o[0m
[ 50%] [32mBuilding CXX object CMakeFiles/driver_hanjie.dir/src/driver_hanjie.cpp.o[0m
[ 55%] [32m[1mLinking CXX executable move_example[0m
[ 61%] [32m[1mLinking CXX executable sdk_example[0m
[ 61%] Built target sdk_example
[ 61%] Built target move_example
[ 66%] [32m[1mLinking CXX executable driver_hanjie[0m
[ 72%] [32m[1mLinking CXX executable rokae_driver[0m
[ 77%] [32m[1mLinking CXX executable driver_home[0m
[ 83%] [32m[1mLinking CXX executable driver_maduo[0m
[ 88%] [32m[1mLinking CXX executable driver_fenjian[0m
[ 94%] [32m[1mLinking CXX executable driver_pentu[0m
[ 94%] Built target driver_hanjie
[ 94%] Built target rokae_driver
[ 94%] Built target driver_home
[ 94%] Built target driver_maduo
[ 94%] Built target driver_fenjian
[ 94%] Built target driver_pentu
[100%] [32m[1mLinking CXX executable read_force[0m
[100%] Built target read_force
-- Install configuration: ""
-- Installing: /home/rokae/workspace/rokae_ros2_sim2real/install/rokae_driver/share/ament_index/resource_index/package_run_dependencies/rokae_driver
-- Installing: /home/rokae/workspace/rokae_ros2_sim2real/install/rokae_driver/share/ament_index/resource_index/parent_prefix_path/rokae_driver
-- Installing: /home/rokae/workspace/rokae_ros2_sim2real/install/rokae_driver/share/rokae_driver/environment/ament_prefix_path.sh
-- Installing: /home/rokae/workspace/rokae_ros2_sim2real/install/rokae_driver/share/rokae_driver/environment/ament_prefix_path.dsv
-- Installing: /home/rokae/workspace/rokae_ros2_sim2real/install/rokae_driver/share/rokae_driver/environment/path.sh
-- Installing: /home/rokae/workspace/rokae_ros2_sim2real/install/rokae_driver/share/rokae_driver/environment/path.dsv
-- Installing: /home/rokae/workspace/rokae_ros2_sim2real/install/rokae_driver/share/rokae_driver/local_setup.bash
-- Installing: /home/rokae/workspace/rokae_ros2_sim2real/install/rokae_driver/share/rokae_driver/local_setup.sh
-- Installing: /home/rokae/workspace/rokae_ros2_sim2real/install/rokae_driver/share/rokae_driver/local_setup.zsh
-- Installing: /home/rokae/workspace/rokae_ros2_sim2real/install/rokae_driver/share/rokae_driver/local_setup.dsv
-- Installing: /home/rokae/workspace/rokae_ros2_sim2real/install/rokae_driver/share/rokae_driver/package.dsv
-- Installing: /home/rokae/workspace/rokae_ros2_sim2real/install/rokae_driver/share/ament_index/resource_index/packages/rokae_driver
-- Installing: /home/rokae/workspace/rokae_ros2_sim2real/install/rokae_driver/share/rokae_driver/cmake/rokae_driverConfig.cmake
-- Installing: /home/rokae/workspace/rokae_ros2_sim2real/install/rokae_driver/share/rokae_driver/cmake/rokae_driverConfig-version.cmake
-- Installing: /home/rokae/workspace/rokae_ros2_sim2real/install/rokae_driver/share/rokae_driver/package.xml
