[0.019s] Invoking command in '/home/rokae/workspace/rokae_ros2_sim2real/build/rokae_description': CMAKE_PREFIX_PATH=${CMAKE_PREFIX_PATH}:/home/rokae/workspace/rokae_ros2_sim2real/install/easy_handeye2_demo:/home/rokae/workspace/rokae_ros2_sim2real/install/easy_handeye2:/home/rokae/workspace/ws_moveit/install/moveit_configs_utils:/home/rokae/workspace/ws_moveit/install/launch_param_builder:/opt/ros/humble /usr/bin/cmake /home/rokae/workspace/rokae_ros2_sim2real/src/robot_driver/rokae_description -DCMAKE_INSTALL_PREFIX=/home/rokae/workspace/rokae_ros2_sim2real/install/rokae_description
[0.064s] -- The C compiler identification is GNU 11.4.0
[0.127s] -- The CXX compiler identification is GNU 11.4.0
[0.133s] -- Detecting C compiler ABI info
[0.191s] -- Detecting C compiler ABI info - done
[0.196s] -- Check for working C compiler: /usr/bin/cc - skipped
[0.197s] -- Detecting C compile features
[0.197s] -- Detecting C compile features - done
[0.199s] -- Detecting CXX compiler ABI info
[0.263s] -- Detecting CXX compiler ABI info - done
[0.268s] -- Check for working CXX compiler: /usr/bin/c++ - skipped
[0.268s] -- Detecting CXX compile features
[0.269s] -- Detecting CXX compile features - done
[0.274s] -- Found ament_cmake: 1.3.11 (/opt/ros/humble/share/ament_cmake/cmake)
[0.393s] -- Found Python3: /usr/bin/python3 (found version "3.10.12") found components: Interpreter 
[0.545s] -- Configuring done
[0.546s] -- Generating done
[0.547s] -- Build files have been written to: /home/rokae/workspace/rokae_ros2_sim2real/build/rokae_description
[0.551s] Invoked command in '/home/rokae/workspace/rokae_ros2_sim2real/build/rokae_description' returned '0': CMAKE_PREFIX_PATH=${CMAKE_PREFIX_PATH}:/home/rokae/workspace/rokae_ros2_sim2real/install/easy_handeye2_demo:/home/rokae/workspace/rokae_ros2_sim2real/install/easy_handeye2:/home/rokae/workspace/ws_moveit/install/moveit_configs_utils:/home/rokae/workspace/ws_moveit/install/launch_param_builder:/opt/ros/humble /usr/bin/cmake /home/rokae/workspace/rokae_ros2_sim2real/src/robot_driver/rokae_description -DCMAKE_INSTALL_PREFIX=/home/rokae/workspace/rokae_ros2_sim2real/install/rokae_description
[0.555s] Invoking command in '/home/rokae/workspace/rokae_ros2_sim2real/build/rokae_description': CMAKE_PREFIX_PATH=${CMAKE_PREFIX_PATH}:/home/rokae/workspace/rokae_ros2_sim2real/install/easy_handeye2_demo:/home/rokae/workspace/rokae_ros2_sim2real/install/easy_handeye2:/home/rokae/workspace/ws_moveit/install/moveit_configs_utils:/home/rokae/workspace/ws_moveit/install/launch_param_builder:/opt/ros/humble /usr/bin/cmake --build /home/rokae/workspace/rokae_ros2_sim2real/build/rokae_description -- -j32 -l32
[0.586s] Invoked command in '/home/rokae/workspace/rokae_ros2_sim2real/build/rokae_description' returned '0': CMAKE_PREFIX_PATH=${CMAKE_PREFIX_PATH}:/home/rokae/workspace/rokae_ros2_sim2real/install/easy_handeye2_demo:/home/rokae/workspace/rokae_ros2_sim2real/install/easy_handeye2:/home/rokae/workspace/ws_moveit/install/moveit_configs_utils:/home/rokae/workspace/ws_moveit/install/launch_param_builder:/opt/ros/humble /usr/bin/cmake --build /home/rokae/workspace/rokae_ros2_sim2real/build/rokae_description -- -j32 -l32
[0.587s] Invoking command in '/home/rokae/workspace/rokae_ros2_sim2real/build/rokae_description': CMAKE_PREFIX_PATH=${CMAKE_PREFIX_PATH}:/home/rokae/workspace/rokae_ros2_sim2real/install/easy_handeye2_demo:/home/rokae/workspace/rokae_ros2_sim2real/install/easy_handeye2:/home/rokae/workspace/ws_moveit/install/moveit_configs_utils:/home/rokae/workspace/ws_moveit/install/launch_param_builder:/opt/ros/humble /usr/bin/cmake --install /home/rokae/workspace/rokae_ros2_sim2real/build/rokae_description
[0.593s] -- Install configuration: ""
[0.593s] -- Installing: /home/rokae/workspace/rokae_ros2_sim2real/install/rokae_description/share/ament_index/resource_index/package_run_dependencies/rokae_description
[0.593s] -- Installing: /home/rokae/workspace/rokae_ros2_sim2real/install/rokae_description/share/ament_index/resource_index/parent_prefix_path/rokae_description
[0.593s] -- Installing: /home/rokae/workspace/rokae_ros2_sim2real/install/rokae_description/share/rokae_description/environment/ament_prefix_path.sh
[0.593s] -- Installing: /home/rokae/workspace/rokae_ros2_sim2real/install/rokae_description/share/rokae_description/environment/ament_prefix_path.dsv
[0.593s] -- Installing: /home/rokae/workspace/rokae_ros2_sim2real/install/rokae_description/share/rokae_description/environment/path.sh
[0.593s] -- Installing: /home/rokae/workspace/rokae_ros2_sim2real/install/rokae_description/share/rokae_description/environment/path.dsv
[0.594s] -- Installing: /home/rokae/workspace/rokae_ros2_sim2real/install/rokae_description/share/rokae_description/local_setup.bash
[0.594s] -- Installing: /home/rokae/workspace/rokae_ros2_sim2real/install/rokae_description/share/rokae_description/local_setup.sh
[0.594s] -- Installing: /home/rokae/workspace/rokae_ros2_sim2real/install/rokae_description/share/rokae_description/local_setup.zsh
[0.594s] -- Installing: /home/rokae/workspace/rokae_ros2_sim2real/install/rokae_description/share/rokae_description/local_setup.dsv
[0.594s] -- Installing: /home/rokae/workspace/rokae_ros2_sim2real/install/rokae_description/share/rokae_description/package.dsv
[0.594s] -- Installing: /home/rokae/workspace/rokae_ros2_sim2real/install/rokae_description/share/ament_index/resource_index/packages/rokae_description
[0.594s] -- Installing: /home/rokae/workspace/rokae_ros2_sim2real/install/rokae_description/share/rokae_description/cmake/rokae_descriptionConfig.cmake
[0.594s] -- Installing: /home/rokae/workspace/rokae_ros2_sim2real/install/rokae_description/share/rokae_description/cmake/rokae_descriptionConfig-version.cmake
[0.594s] -- Installing: /home/rokae/workspace/rokae_ros2_sim2real/install/rokae_description/share/rokae_description/package.xml
[0.594s] -- Installing: /home/rokae/workspace/rokae_ros2_sim2real/install/rokae_description/share/rokae_description/meshes
[0.594s] -- Installing: /home/rokae/workspace/rokae_ros2_sim2real/install/rokae_description/share/rokae_description/meshes/visual
[0.594s] -- Installing: /home/rokae/workspace/rokae_ros2_sim2real/install/rokae_description/share/rokae_description/meshes/visual/xMatePro7_link3.stl
[0.595s] -- Installing: /home/rokae/workspace/rokae_ros2_sim2real/install/rokae_description/share/rokae_description/meshes/visual/xMatePro7_link6.stl
[0.595s] -- Installing: /home/rokae/workspace/rokae_ros2_sim2real/install/rokae_description/share/rokae_description/meshes/visual/2f_85
[0.595s] -- Installing: /home/rokae/workspace/rokae_ros2_sim2real/install/rokae_description/share/rokae_description/meshes/visual/2f_85/left_knuckle.dae
[0.595s] -- Installing: /home/rokae/workspace/rokae_ros2_sim2real/install/rokae_description/share/rokae_description/meshes/visual/2f_85/robotiq_base.dae
[0.596s] -- Installing: /home/rokae/workspace/rokae_ros2_sim2real/install/rokae_description/share/rokae_description/meshes/visual/2f_85/left_finger.dae
[0.597s] -- Installing: /home/rokae/workspace/rokae_ros2_sim2real/install/rokae_description/share/rokae_description/meshes/visual/2f_85/left_finger_tip.dae
[0.597s] -- Installing: /home/rokae/workspace/rokae_ros2_sim2real/install/rokae_description/share/rokae_description/meshes/visual/2f_85/ur_to_robotiq_adapter.dae
[0.597s] -- Installing: /home/rokae/workspace/rokae_ros2_sim2real/install/rokae_description/share/rokae_description/meshes/visual/2f_85/right_knuckle.dae
[0.597s] -- Installing: /home/rokae/workspace/rokae_ros2_sim2real/install/rokae_description/share/rokae_description/meshes/visual/2f_85/left_inner_knuckle.dae
[0.597s] -- Installing: /home/rokae/workspace/rokae_ros2_sim2real/install/rokae_description/share/rokae_description/meshes/visual/2f_85/right_finger.dae
[0.597s] -- Installing: /home/rokae/workspace/rokae_ros2_sim2real/install/rokae_description/share/rokae_description/meshes/visual/2f_85/right_inner_knuckle.dae
[0.597s] -- Installing: /home/rokae/workspace/rokae_ros2_sim2real/install/rokae_description/share/rokae_description/meshes/visual/2f_85/right_finger_tip.dae
[0.597s] -- Installing: /home/rokae/workspace/rokae_ros2_sim2real/install/rokae_description/share/rokae_description/meshes/visual/xMatePro7_link7.stl
[0.598s] -- Installing: /home/rokae/workspace/rokae_ros2_sim2real/install/rokae_description/share/rokae_description/meshes/visual/xMatePro7_link2.stl
[0.598s] -- Installing: /home/rokae/workspace/rokae_ros2_sim2real/install/rokae_description/share/rokae_description/meshes/visual/xMatePro7_base.stl
[0.599s] -- Installing: /home/rokae/workspace/rokae_ros2_sim2real/install/rokae_description/share/rokae_description/meshes/visual/xMatePro7_link4.stl
[0.600s] -- Installing: /home/rokae/workspace/rokae_ros2_sim2real/install/rokae_description/share/rokae_description/meshes/visual/xMatePro7_link1.stl
[0.600s] -- Installing: /home/rokae/workspace/rokae_ros2_sim2real/install/rokae_description/share/rokae_description/meshes/visual/xMatePro7_link5.stl
[0.601s] -- Installing: /home/rokae/workspace/rokae_ros2_sim2real/install/rokae_description/share/rokae_description/meshes/collision
[0.601s] -- Installing: /home/rokae/workspace/rokae_ros2_sim2real/install/rokae_description/share/rokae_description/meshes/collision/xMatePro7_link3.stl
[0.601s] -- Installing: /home/rokae/workspace/rokae_ros2_sim2real/install/rokae_description/share/rokae_description/meshes/collision/xMatePro7_link6.stl
[0.601s] -- Installing: /home/rokae/workspace/rokae_ros2_sim2real/install/rokae_description/share/rokae_description/meshes/collision/2f_85
[0.601s] -- Installing: /home/rokae/workspace/rokae_ros2_sim2real/install/rokae_description/share/rokae_description/meshes/collision/2f_85/robotiq_base.stl
[0.602s] -- Installing: /home/rokae/workspace/rokae_ros2_sim2real/install/rokae_description/share/rokae_description/meshes/collision/2f_85/right_finger_tip.stl
[0.602s] -- Installing: /home/rokae/workspace/rokae_ros2_sim2real/install/rokae_description/share/rokae_description/meshes/collision/2f_85/right_inner_knuckle.stl
[0.602s] -- Installing: /home/rokae/workspace/rokae_ros2_sim2real/install/rokae_description/share/rokae_description/meshes/collision/2f_85/left_finger_tip.stl
[0.602s] -- Installing: /home/rokae/workspace/rokae_ros2_sim2real/install/rokae_description/share/rokae_description/meshes/collision/2f_85/right_finger.stl
[0.602s] -- Installing: /home/rokae/workspace/rokae_ros2_sim2real/install/rokae_description/share/rokae_description/meshes/collision/2f_85/left_finger.stl
[0.602s] -- Installing: /home/rokae/workspace/rokae_ros2_sim2real/install/rokae_description/share/rokae_description/meshes/collision/2f_85/left_inner_knuckle.stl
[0.602s] -- Installing: /home/rokae/workspace/rokae_ros2_sim2real/install/rokae_description/share/rokae_description/meshes/collision/2f_85/left_knuckle.stl
[0.602s] -- Installing: /home/rokae/workspace/rokae_ros2_sim2real/install/rokae_description/share/rokae_description/meshes/collision/2f_85/ur_to_robotiq_adapter.stl
[0.602s] -- Installing: /home/rokae/workspace/rokae_ros2_sim2real/install/rokae_description/share/rokae_description/meshes/collision/2f_85/right_knuckle.stl
[0.602s] -- Installing: /home/rokae/workspace/rokae_ros2_sim2real/install/rokae_description/share/rokae_description/meshes/collision/xMatePro7_link7.stl
[0.603s] -- Installing: /home/rokae/workspace/rokae_ros2_sim2real/install/rokae_description/share/rokae_description/meshes/collision/xMatePro7_link2.stl
[0.603s] -- Installing: /home/rokae/workspace/rokae_ros2_sim2real/install/rokae_description/share/rokae_description/meshes/collision/xMatePro7_base.stl
[0.604s] -- Installing: /home/rokae/workspace/rokae_ros2_sim2real/install/rokae_description/share/rokae_description/meshes/collision/xMatePro7_link4.stl
[0.604s] -- Installing: /home/rokae/workspace/rokae_ros2_sim2real/install/rokae_description/share/rokae_description/meshes/collision/xMatePro7_link1.stl
[0.605s] -- Installing: /home/rokae/workspace/rokae_ros2_sim2real/install/rokae_description/share/rokae_description/meshes/collision/xMatePro7_link5.stl
[0.605s] -- Installing: /home/rokae/workspace/rokae_ros2_sim2real/install/rokae_description/share/rokae_description/urdf
[0.605s] -- Installing: /home/rokae/workspace/rokae_ros2_sim2real/install/rokae_description/share/rokae_description/urdf/xMatePro7.urdf
[0.605s] -- Installing: /home/rokae/workspace/rokae_ros2_sim2real/install/rokae_description/share/rokae_description/urdf/xMatePro7.xacro
[0.607s] Invoked command in '/home/rokae/workspace/rokae_ros2_sim2real/build/rokae_description' returned '0': CMAKE_PREFIX_PATH=${CMAKE_PREFIX_PATH}:/home/rokae/workspace/rokae_ros2_sim2real/install/easy_handeye2_demo:/home/rokae/workspace/rokae_ros2_sim2real/install/easy_handeye2:/home/rokae/workspace/ws_moveit/install/moveit_configs_utils:/home/rokae/workspace/ws_moveit/install/launch_param_builder:/opt/ros/humble /usr/bin/cmake --install /home/rokae/workspace/rokae_ros2_sim2real/build/rokae_description
