[0.098s] Invoking command in '/home/rokae/workspace/rokae_ros2_sim2real/build/realsense2_camera_msgs': CMAKE_PREFIX_PATH=${CMAKE_PREFIX_PATH}:/home/rokae/workspace/rokae_ros2_sim2real/install/easy_handeye2_demo:/home/rokae/workspace/rokae_ros2_sim2real/install/easy_handeye2:/home/rokae/workspace/ws_moveit/install/moveit_configs_utils:/home/rokae/workspace/ws_moveit/install/launch_param_builder:/opt/ros/humble /usr/bin/cmake --build /home/rokae/workspace/rokae_ros2_sim2real/build/realsense2_camera_msgs -- -j32 -l32
[0.244s] [  1%] Built target realsense2_camera_msgs__cpp
[0.256s] [ 12%] Built target realsense2_camera_msgs__rosidl_generator_c
[0.264s] [ 12%] Built target ament_cmake_python_copy_realsense2_camera_msgs
[0.329s] [ 24%] Built target realsense2_camera_msgs__rosidl_typesupport_introspection_cpp
[0.335s] [ 35%] Built target realsense2_camera_msgs__rosidl_typesupport_cpp
[0.337s] [ 47%] Built target realsense2_camera_msgs__rosidl_typesupport_c
[0.342s] [ 59%] Built target realsense2_camera_msgs__rosidl_typesupport_fastrtps_cpp
[0.343s] [ 70%] Built target realsense2_camera_msgs__rosidl_typesupport_introspection_c
[0.350s] [ 81%] Built target realsense2_camera_msgs__rosidl_typesupport_fastrtps_c
[0.410s] [ 81%] Built target realsense2_camera_msgs
[0.473s] [ 82%] Built target realsense2_camera_msgs__py
[0.540s] [ 93%] Built target realsense2_camera_msgs__rosidl_generator_py
[0.600s] [ 95%] Built target realsense2_camera_msgs__rosidl_typesupport_introspection_c__pyext
[0.609s] [ 97%] Built target realsense2_camera_msgs__rosidl_typesupport_c__pyext
[0.610s] [100%] Built target realsense2_camera_msgs__rosidl_typesupport_fastrtps_c__pyext
[0.760s] running egg_info
[0.761s] writing realsense2_camera_msgs.egg-info/PKG-INFO
[0.762s] writing dependency_links to realsense2_camera_msgs.egg-info/dependency_links.txt
[0.762s] writing top-level names to realsense2_camera_msgs.egg-info/top_level.txt
[0.766s] reading manifest file 'realsense2_camera_msgs.egg-info/SOURCES.txt'
[0.768s] writing manifest file 'realsense2_camera_msgs.egg-info/SOURCES.txt'
[0.829s] [100%] Built target ament_cmake_python_build_realsense2_camera_msgs_egg
[0.857s] Invoked command in '/home/rokae/workspace/rokae_ros2_sim2real/build/realsense2_camera_msgs' returned '0': CMAKE_PREFIX_PATH=${CMAKE_PREFIX_PATH}:/home/rokae/workspace/rokae_ros2_sim2real/install/easy_handeye2_demo:/home/rokae/workspace/rokae_ros2_sim2real/install/easy_handeye2:/home/rokae/workspace/ws_moveit/install/moveit_configs_utils:/home/rokae/workspace/ws_moveit/install/launch_param_builder:/opt/ros/humble /usr/bin/cmake --build /home/rokae/workspace/rokae_ros2_sim2real/build/realsense2_camera_msgs -- -j32 -l32
[0.861s] Invoking command in '/home/rokae/workspace/rokae_ros2_sim2real/build/realsense2_camera_msgs': CMAKE_PREFIX_PATH=${CMAKE_PREFIX_PATH}:/home/rokae/workspace/rokae_ros2_sim2real/install/easy_handeye2_demo:/home/rokae/workspace/rokae_ros2_sim2real/install/easy_handeye2:/home/rokae/workspace/ws_moveit/install/moveit_configs_utils:/home/rokae/workspace/ws_moveit/install/launch_param_builder:/opt/ros/humble /usr/bin/cmake --install /home/rokae/workspace/rokae_ros2_sim2real/build/realsense2_camera_msgs
[0.884s] -- Install configuration: "Release"
[0.884s] -- Up-to-date: /home/rokae/workspace/rokae_ros2_sim2real/install/realsense2_camera_msgs/share/ament_index/resource_index/rosidl_interfaces/realsense2_camera_msgs
[0.884s] -- Up-to-date: /home/rokae/workspace/rokae_ros2_sim2real/install/realsense2_camera_msgs/include/realsense2_camera_msgs/realsense2_camera_msgs
[0.884s] -- Up-to-date: /home/rokae/workspace/rokae_ros2_sim2real/install/realsense2_camera_msgs/include/realsense2_camera_msgs/realsense2_camera_msgs/msg
[0.884s] -- Up-to-date: /home/rokae/workspace/rokae_ros2_sim2real/install/realsense2_camera_msgs/include/realsense2_camera_msgs/realsense2_camera_msgs/msg/rgbd.h
[0.884s] -- Up-to-date: /home/rokae/workspace/rokae_ros2_sim2real/install/realsense2_camera_msgs/include/realsense2_camera_msgs/realsense2_camera_msgs/msg/metadata.h
[0.884s] -- Up-to-date: /home/rokae/workspace/rokae_ros2_sim2real/install/realsense2_camera_msgs/include/realsense2_camera_msgs/realsense2_camera_msgs/msg/imu_info.h
[0.885s] -- Up-to-date: /home/rokae/workspace/rokae_ros2_sim2real/install/realsense2_camera_msgs/include/realsense2_camera_msgs/realsense2_camera_msgs/msg/rosidl_generator_c__visibility_control.h
[0.885s] -- Up-to-date: /home/rokae/workspace/rokae_ros2_sim2real/install/realsense2_camera_msgs/include/realsense2_camera_msgs/realsense2_camera_msgs/msg/detail
[0.885s] -- Up-to-date: /home/rokae/workspace/rokae_ros2_sim2real/install/realsense2_camera_msgs/include/realsense2_camera_msgs/realsense2_camera_msgs/msg/detail/metadata__functions.c
[0.885s] -- Up-to-date: /home/rokae/workspace/rokae_ros2_sim2real/install/realsense2_camera_msgs/include/realsense2_camera_msgs/realsense2_camera_msgs/msg/detail/rgbd__type_support.h
[0.885s] -- Up-to-date: /home/rokae/workspace/rokae_ros2_sim2real/install/realsense2_camera_msgs/include/realsense2_camera_msgs/realsense2_camera_msgs/msg/detail/imu_info__type_support.h
[0.885s] -- Up-to-date: /home/rokae/workspace/rokae_ros2_sim2real/install/realsense2_camera_msgs/include/realsense2_camera_msgs/realsense2_camera_msgs/msg/detail/extrinsics__struct.h
[0.885s] -- Up-to-date: /home/rokae/workspace/rokae_ros2_sim2real/install/realsense2_camera_msgs/include/realsense2_camera_msgs/realsense2_camera_msgs/msg/detail/metadata__functions.h
[0.886s] -- Up-to-date: /home/rokae/workspace/rokae_ros2_sim2real/install/realsense2_camera_msgs/include/realsense2_camera_msgs/realsense2_camera_msgs/msg/detail/extrinsics__functions.c
[0.886s] -- Up-to-date: /home/rokae/workspace/rokae_ros2_sim2real/install/realsense2_camera_msgs/include/realsense2_camera_msgs/realsense2_camera_msgs/msg/detail/rgbd__struct.h
[0.886s] -- Up-to-date: /home/rokae/workspace/rokae_ros2_sim2real/install/realsense2_camera_msgs/include/realsense2_camera_msgs/realsense2_camera_msgs/msg/detail/imu_info__functions.c
[0.886s] -- Up-to-date: /home/rokae/workspace/rokae_ros2_sim2real/install/realsense2_camera_msgs/include/realsense2_camera_msgs/realsense2_camera_msgs/msg/detail/rgbd__functions.h
[0.886s] -- Up-to-date: /home/rokae/workspace/rokae_ros2_sim2real/install/realsense2_camera_msgs/include/realsense2_camera_msgs/realsense2_camera_msgs/msg/detail/imu_info__functions.h
[0.886s] -- Up-to-date: /home/rokae/workspace/rokae_ros2_sim2real/install/realsense2_camera_msgs/include/realsense2_camera_msgs/realsense2_camera_msgs/msg/detail/metadata__type_support.h
[0.886s] -- Up-to-date: /home/rokae/workspace/rokae_ros2_sim2real/install/realsense2_camera_msgs/include/realsense2_camera_msgs/realsense2_camera_msgs/msg/detail/imu_info__struct.h
[0.887s] -- Up-to-date: /home/rokae/workspace/rokae_ros2_sim2real/install/realsense2_camera_msgs/include/realsense2_camera_msgs/realsense2_camera_msgs/msg/detail/rgbd__functions.c
[0.887s] -- Up-to-date: /home/rokae/workspace/rokae_ros2_sim2real/install/realsense2_camera_msgs/include/realsense2_camera_msgs/realsense2_camera_msgs/msg/detail/extrinsics__type_support.h
[0.887s] -- Up-to-date: /home/rokae/workspace/rokae_ros2_sim2real/install/realsense2_camera_msgs/include/realsense2_camera_msgs/realsense2_camera_msgs/msg/detail/metadata__struct.h
[0.887s] -- Up-to-date: /home/rokae/workspace/rokae_ros2_sim2real/install/realsense2_camera_msgs/include/realsense2_camera_msgs/realsense2_camera_msgs/msg/detail/extrinsics__functions.h
[0.887s] -- Up-to-date: /home/rokae/workspace/rokae_ros2_sim2real/install/realsense2_camera_msgs/include/realsense2_camera_msgs/realsense2_camera_msgs/msg/extrinsics.h
[0.887s] -- Up-to-date: /home/rokae/workspace/rokae_ros2_sim2real/install/realsense2_camera_msgs/include/realsense2_camera_msgs/realsense2_camera_msgs/action
[0.887s] -- Up-to-date: /home/rokae/workspace/rokae_ros2_sim2real/install/realsense2_camera_msgs/include/realsense2_camera_msgs/realsense2_camera_msgs/action/triggered_calibration.h
[0.887s] -- Up-to-date: /home/rokae/workspace/rokae_ros2_sim2real/install/realsense2_camera_msgs/include/realsense2_camera_msgs/realsense2_camera_msgs/action/detail
[0.887s] -- Up-to-date: /home/rokae/workspace/rokae_ros2_sim2real/install/realsense2_camera_msgs/include/realsense2_camera_msgs/realsense2_camera_msgs/action/detail/triggered_calibration__functions.h
[0.888s] -- Up-to-date: /home/rokae/workspace/rokae_ros2_sim2real/install/realsense2_camera_msgs/include/realsense2_camera_msgs/realsense2_camera_msgs/action/detail/triggered_calibration__struct.h
[0.888s] -- Up-to-date: /home/rokae/workspace/rokae_ros2_sim2real/install/realsense2_camera_msgs/include/realsense2_camera_msgs/realsense2_camera_msgs/action/detail/triggered_calibration__functions.c
[0.888s] -- Up-to-date: /home/rokae/workspace/rokae_ros2_sim2real/install/realsense2_camera_msgs/include/realsense2_camera_msgs/realsense2_camera_msgs/action/detail/triggered_calibration__type_support.h
[0.888s] -- Up-to-date: /home/rokae/workspace/rokae_ros2_sim2real/install/realsense2_camera_msgs/include/realsense2_camera_msgs/realsense2_camera_msgs/srv
[0.888s] -- Up-to-date: /home/rokae/workspace/rokae_ros2_sim2real/install/realsense2_camera_msgs/include/realsense2_camera_msgs/realsense2_camera_msgs/srv/device_info.h
[0.888s] -- Up-to-date: /home/rokae/workspace/rokae_ros2_sim2real/install/realsense2_camera_msgs/include/realsense2_camera_msgs/realsense2_camera_msgs/srv/calib_config_write.h
[0.888s] -- Up-to-date: /home/rokae/workspace/rokae_ros2_sim2real/install/realsense2_camera_msgs/include/realsense2_camera_msgs/realsense2_camera_msgs/srv/detail
[0.889s] -- Up-to-date: /home/rokae/workspace/rokae_ros2_sim2real/install/realsense2_camera_msgs/include/realsense2_camera_msgs/realsense2_camera_msgs/srv/detail/calib_config_read__functions.h
[0.889s] -- Up-to-date: /home/rokae/workspace/rokae_ros2_sim2real/install/realsense2_camera_msgs/include/realsense2_camera_msgs/realsense2_camera_msgs/srv/detail/calib_config_write__struct.h
[0.889s] -- Up-to-date: /home/rokae/workspace/rokae_ros2_sim2real/install/realsense2_camera_msgs/include/realsense2_camera_msgs/realsense2_camera_msgs/srv/detail/calib_config_read__struct.h
[0.889s] -- Up-to-date: /home/rokae/workspace/rokae_ros2_sim2real/install/realsense2_camera_msgs/include/realsense2_camera_msgs/realsense2_camera_msgs/srv/detail/calib_config_write__functions.h
[0.889s] -- Up-to-date: /home/rokae/workspace/rokae_ros2_sim2real/install/realsense2_camera_msgs/include/realsense2_camera_msgs/realsense2_camera_msgs/srv/detail/device_info__functions.c
[0.889s] -- Up-to-date: /home/rokae/workspace/rokae_ros2_sim2real/install/realsense2_camera_msgs/include/realsense2_camera_msgs/realsense2_camera_msgs/srv/detail/calib_config_write__functions.c
[0.889s] -- Up-to-date: /home/rokae/workspace/rokae_ros2_sim2real/install/realsense2_camera_msgs/include/realsense2_camera_msgs/realsense2_camera_msgs/srv/detail/calib_config_write__type_support.h
[0.889s] -- Up-to-date: /home/rokae/workspace/rokae_ros2_sim2real/install/realsense2_camera_msgs/include/realsense2_camera_msgs/realsense2_camera_msgs/srv/detail/device_info__functions.h
[0.889s] -- Up-to-date: /home/rokae/workspace/rokae_ros2_sim2real/install/realsense2_camera_msgs/include/realsense2_camera_msgs/realsense2_camera_msgs/srv/detail/device_info__type_support.h
[0.889s] -- Up-to-date: /home/rokae/workspace/rokae_ros2_sim2real/install/realsense2_camera_msgs/include/realsense2_camera_msgs/realsense2_camera_msgs/srv/detail/device_info__struct.h
[0.889s] -- Up-to-date: /home/rokae/workspace/rokae_ros2_sim2real/install/realsense2_camera_msgs/include/realsense2_camera_msgs/realsense2_camera_msgs/srv/detail/calib_config_read__functions.c
[0.890s] -- Up-to-date: /home/rokae/workspace/rokae_ros2_sim2real/install/realsense2_camera_msgs/include/realsense2_camera_msgs/realsense2_camera_msgs/srv/detail/calib_config_read__type_support.h
[0.890s] -- Up-to-date: /home/rokae/workspace/rokae_ros2_sim2real/install/realsense2_camera_msgs/include/realsense2_camera_msgs/realsense2_camera_msgs/srv/calib_config_read.h
[0.890s] -- Up-to-date: /home/rokae/workspace/rokae_ros2_sim2real/install/realsense2_camera_msgs/share/realsense2_camera_msgs/environment/library_path.sh
[0.890s] -- Up-to-date: /home/rokae/workspace/rokae_ros2_sim2real/install/realsense2_camera_msgs/share/realsense2_camera_msgs/environment/library_path.dsv
[0.890s] -- Up-to-date: /home/rokae/workspace/rokae_ros2_sim2real/install/realsense2_camera_msgs/lib/librealsense2_camera_msgs__rosidl_generator_c.so
[0.890s] -- Up-to-date: /home/rokae/workspace/rokae_ros2_sim2real/install/realsense2_camera_msgs/include/realsense2_camera_msgs/realsense2_camera_msgs
[0.890s] -- Up-to-date: /home/rokae/workspace/rokae_ros2_sim2real/install/realsense2_camera_msgs/include/realsense2_camera_msgs/realsense2_camera_msgs/msg
[0.890s] -- Up-to-date: /home/rokae/workspace/rokae_ros2_sim2real/install/realsense2_camera_msgs/include/realsense2_camera_msgs/realsense2_camera_msgs/msg/detail
[0.890s] -- Up-to-date: /home/rokae/workspace/rokae_ros2_sim2real/install/realsense2_camera_msgs/include/realsense2_camera_msgs/realsense2_camera_msgs/msg/detail/rgbd__rosidl_typesupport_fastrtps_c.h
[0.890s] -- Up-to-date: /home/rokae/workspace/rokae_ros2_sim2real/install/realsense2_camera_msgs/include/realsense2_camera_msgs/realsense2_camera_msgs/msg/detail/extrinsics__rosidl_typesupport_fastrtps_c.h
[0.890s] -- Up-to-date: /home/rokae/workspace/rokae_ros2_sim2real/install/realsense2_camera_msgs/include/realsense2_camera_msgs/realsense2_camera_msgs/msg/detail/imu_info__rosidl_typesupport_fastrtps_c.h
[0.891s] -- Up-to-date: /home/rokae/workspace/rokae_ros2_sim2real/install/realsense2_camera_msgs/include/realsense2_camera_msgs/realsense2_camera_msgs/msg/detail/metadata__rosidl_typesupport_fastrtps_c.h
[0.891s] -- Up-to-date: /home/rokae/workspace/rokae_ros2_sim2real/install/realsense2_camera_msgs/include/realsense2_camera_msgs/realsense2_camera_msgs/msg/rosidl_typesupport_fastrtps_c__visibility_control.h
[0.891s] -- Up-to-date: /home/rokae/workspace/rokae_ros2_sim2real/install/realsense2_camera_msgs/include/realsense2_camera_msgs/realsense2_camera_msgs/action
[0.891s] -- Up-to-date: /home/rokae/workspace/rokae_ros2_sim2real/install/realsense2_camera_msgs/include/realsense2_camera_msgs/realsense2_camera_msgs/action/detail
[0.891s] -- Up-to-date: /home/rokae/workspace/rokae_ros2_sim2real/install/realsense2_camera_msgs/include/realsense2_camera_msgs/realsense2_camera_msgs/action/detail/triggered_calibration__rosidl_typesupport_fastrtps_c.h
[0.891s] -- Up-to-date: /home/rokae/workspace/rokae_ros2_sim2real/install/realsense2_camera_msgs/include/realsense2_camera_msgs/realsense2_camera_msgs/srv
[0.891s] -- Up-to-date: /home/rokae/workspace/rokae_ros2_sim2real/install/realsense2_camera_msgs/include/realsense2_camera_msgs/realsense2_camera_msgs/srv/detail
[0.891s] -- Up-to-date: /home/rokae/workspace/rokae_ros2_sim2real/install/realsense2_camera_msgs/include/realsense2_camera_msgs/realsense2_camera_msgs/srv/detail/calib_config_write__rosidl_typesupport_fastrtps_c.h
[0.891s] -- Up-to-date: /home/rokae/workspace/rokae_ros2_sim2real/install/realsense2_camera_msgs/include/realsense2_camera_msgs/realsense2_camera_msgs/srv/detail/calib_config_read__rosidl_typesupport_fastrtps_c.h
[0.891s] -- Up-to-date: /home/rokae/workspace/rokae_ros2_sim2real/install/realsense2_camera_msgs/include/realsense2_camera_msgs/realsense2_camera_msgs/srv/detail/device_info__rosidl_typesupport_fastrtps_c.h
[0.891s] -- Up-to-date: /home/rokae/workspace/rokae_ros2_sim2real/install/realsense2_camera_msgs/lib/librealsense2_camera_msgs__rosidl_typesupport_fastrtps_c.so
[0.892s] -- Up-to-date: /home/rokae/workspace/rokae_ros2_sim2real/install/realsense2_camera_msgs/include/realsense2_camera_msgs/realsense2_camera_msgs
[0.892s] -- Up-to-date: /home/rokae/workspace/rokae_ros2_sim2real/install/realsense2_camera_msgs/include/realsense2_camera_msgs/realsense2_camera_msgs/msg
[0.892s] -- Up-to-date: /home/rokae/workspace/rokae_ros2_sim2real/install/realsense2_camera_msgs/include/realsense2_camera_msgs/realsense2_camera_msgs/msg/rosidl_typesupport_introspection_c__visibility_control.h
[0.892s] -- Up-to-date: /home/rokae/workspace/rokae_ros2_sim2real/install/realsense2_camera_msgs/include/realsense2_camera_msgs/realsense2_camera_msgs/msg/detail
[0.892s] -- Up-to-date: /home/rokae/workspace/rokae_ros2_sim2real/install/realsense2_camera_msgs/include/realsense2_camera_msgs/realsense2_camera_msgs/msg/detail/metadata__type_support.c
[0.892s] -- Up-to-date: /home/rokae/workspace/rokae_ros2_sim2real/install/realsense2_camera_msgs/include/realsense2_camera_msgs/realsense2_camera_msgs/msg/detail/rgbd__rosidl_typesupport_introspection_c.h
[0.892s] -- Up-to-date: /home/rokae/workspace/rokae_ros2_sim2real/install/realsense2_camera_msgs/include/realsense2_camera_msgs/realsense2_camera_msgs/msg/detail/imu_info__type_support.c
[0.892s] -- Up-to-date: /home/rokae/workspace/rokae_ros2_sim2real/install/realsense2_camera_msgs/include/realsense2_camera_msgs/realsense2_camera_msgs/msg/detail/rgbd__type_support.c
[0.892s] -- Up-to-date: /home/rokae/workspace/rokae_ros2_sim2real/install/realsense2_camera_msgs/include/realsense2_camera_msgs/realsense2_camera_msgs/msg/detail/imu_info__rosidl_typesupport_introspection_c.h
[0.892s] -- Up-to-date: /home/rokae/workspace/rokae_ros2_sim2real/install/realsense2_camera_msgs/include/realsense2_camera_msgs/realsense2_camera_msgs/msg/detail/extrinsics__type_support.c
[0.892s] -- Up-to-date: /home/rokae/workspace/rokae_ros2_sim2real/install/realsense2_camera_msgs/include/realsense2_camera_msgs/realsense2_camera_msgs/msg/detail/extrinsics__rosidl_typesupport_introspection_c.h
[0.893s] -- Up-to-date: /home/rokae/workspace/rokae_ros2_sim2real/install/realsense2_camera_msgs/include/realsense2_camera_msgs/realsense2_camera_msgs/msg/detail/metadata__rosidl_typesupport_introspection_c.h
[0.893s] -- Up-to-date: /home/rokae/workspace/rokae_ros2_sim2real/install/realsense2_camera_msgs/include/realsense2_camera_msgs/realsense2_camera_msgs/action
[0.893s] -- Up-to-date: /home/rokae/workspace/rokae_ros2_sim2real/install/realsense2_camera_msgs/include/realsense2_camera_msgs/realsense2_camera_msgs/action/detail
[0.893s] -- Up-to-date: /home/rokae/workspace/rokae_ros2_sim2real/install/realsense2_camera_msgs/include/realsense2_camera_msgs/realsense2_camera_msgs/action/detail/triggered_calibration__type_support.c
[0.893s] -- Up-to-date: /home/rokae/workspace/rokae_ros2_sim2real/install/realsense2_camera_msgs/include/realsense2_camera_msgs/realsense2_camera_msgs/action/detail/triggered_calibration__rosidl_typesupport_introspection_c.h
[0.893s] -- Up-to-date: /home/rokae/workspace/rokae_ros2_sim2real/install/realsense2_camera_msgs/include/realsense2_camera_msgs/realsense2_camera_msgs/srv
[0.893s] -- Up-to-date: /home/rokae/workspace/rokae_ros2_sim2real/install/realsense2_camera_msgs/include/realsense2_camera_msgs/realsense2_camera_msgs/srv/detail
[0.893s] -- Up-to-date: /home/rokae/workspace/rokae_ros2_sim2real/install/realsense2_camera_msgs/include/realsense2_camera_msgs/realsense2_camera_msgs/srv/detail/calib_config_write__rosidl_typesupport_introspection_c.h
[0.893s] -- Up-to-date: /home/rokae/workspace/rokae_ros2_sim2real/install/realsense2_camera_msgs/include/realsense2_camera_msgs/realsense2_camera_msgs/srv/detail/calib_config_read__rosidl_typesupport_introspection_c.h
[0.893s] -- Up-to-date: /home/rokae/workspace/rokae_ros2_sim2real/install/realsense2_camera_msgs/include/realsense2_camera_msgs/realsense2_camera_msgs/srv/detail/calib_config_write__type_support.c
[0.893s] -- Up-to-date: /home/rokae/workspace/rokae_ros2_sim2real/install/realsense2_camera_msgs/include/realsense2_camera_msgs/realsense2_camera_msgs/srv/detail/calib_config_read__type_support.c
[0.894s] -- Up-to-date: /home/rokae/workspace/rokae_ros2_sim2real/install/realsense2_camera_msgs/include/realsense2_camera_msgs/realsense2_camera_msgs/srv/detail/device_info__rosidl_typesupport_introspection_c.h
[0.894s] -- Up-to-date: /home/rokae/workspace/rokae_ros2_sim2real/install/realsense2_camera_msgs/include/realsense2_camera_msgs/realsense2_camera_msgs/srv/detail/device_info__type_support.c
[0.894s] -- Up-to-date: /home/rokae/workspace/rokae_ros2_sim2real/install/realsense2_camera_msgs/lib/librealsense2_camera_msgs__rosidl_typesupport_introspection_c.so
[0.894s] -- Up-to-date: /home/rokae/workspace/rokae_ros2_sim2real/install/realsense2_camera_msgs/lib/librealsense2_camera_msgs__rosidl_typesupport_c.so
[0.894s] -- Up-to-date: /home/rokae/workspace/rokae_ros2_sim2real/install/realsense2_camera_msgs/include/realsense2_camera_msgs/realsense2_camera_msgs
[0.894s] -- Up-to-date: /home/rokae/workspace/rokae_ros2_sim2real/install/realsense2_camera_msgs/include/realsense2_camera_msgs/realsense2_camera_msgs/msg
[0.894s] -- Up-to-date: /home/rokae/workspace/rokae_ros2_sim2real/install/realsense2_camera_msgs/include/realsense2_camera_msgs/realsense2_camera_msgs/msg/extrinsics.hpp
[0.894s] -- Up-to-date: /home/rokae/workspace/rokae_ros2_sim2real/install/realsense2_camera_msgs/include/realsense2_camera_msgs/realsense2_camera_msgs/msg/imu_info.hpp
[0.894s] -- Up-to-date: /home/rokae/workspace/rokae_ros2_sim2real/install/realsense2_camera_msgs/include/realsense2_camera_msgs/realsense2_camera_msgs/msg/metadata.hpp
[0.894s] -- Up-to-date: /home/rokae/workspace/rokae_ros2_sim2real/install/realsense2_camera_msgs/include/realsense2_camera_msgs/realsense2_camera_msgs/msg/detail
[0.895s] -- Up-to-date: /home/rokae/workspace/rokae_ros2_sim2real/install/realsense2_camera_msgs/include/realsense2_camera_msgs/realsense2_camera_msgs/msg/detail/imu_info__type_support.hpp
[0.895s] -- Up-to-date: /home/rokae/workspace/rokae_ros2_sim2real/install/realsense2_camera_msgs/include/realsense2_camera_msgs/realsense2_camera_msgs/msg/detail/rgbd__type_support.hpp
[0.895s] -- Up-to-date: /home/rokae/workspace/rokae_ros2_sim2real/install/realsense2_camera_msgs/include/realsense2_camera_msgs/realsense2_camera_msgs/msg/detail/rgbd__struct.hpp
[0.895s] -- Up-to-date: /home/rokae/workspace/rokae_ros2_sim2real/install/realsense2_camera_msgs/include/realsense2_camera_msgs/realsense2_camera_msgs/msg/detail/imu_info__traits.hpp
[0.895s] -- Up-to-date: /home/rokae/workspace/rokae_ros2_sim2real/install/realsense2_camera_msgs/include/realsense2_camera_msgs/realsense2_camera_msgs/msg/detail/rgbd__builder.hpp
[0.895s] -- Up-to-date: /home/rokae/workspace/rokae_ros2_sim2real/install/realsense2_camera_msgs/include/realsense2_camera_msgs/realsense2_camera_msgs/msg/detail/rgbd__traits.hpp
[0.895s] -- Up-to-date: /home/rokae/workspace/rokae_ros2_sim2real/install/realsense2_camera_msgs/include/realsense2_camera_msgs/realsense2_camera_msgs/msg/detail/metadata__traits.hpp
[0.895s] -- Up-to-date: /home/rokae/workspace/rokae_ros2_sim2real/install/realsense2_camera_msgs/include/realsense2_camera_msgs/realsense2_camera_msgs/msg/detail/extrinsics__builder.hpp
[0.895s] -- Up-to-date: /home/rokae/workspace/rokae_ros2_sim2real/install/realsense2_camera_msgs/include/realsense2_camera_msgs/realsense2_camera_msgs/msg/detail/metadata__type_support.hpp
[0.895s] -- Up-to-date: /home/rokae/workspace/rokae_ros2_sim2real/install/realsense2_camera_msgs/include/realsense2_camera_msgs/realsense2_camera_msgs/msg/detail/extrinsics__struct.hpp
[0.896s] -- Up-to-date: /home/rokae/workspace/rokae_ros2_sim2real/install/realsense2_camera_msgs/include/realsense2_camera_msgs/realsense2_camera_msgs/msg/detail/metadata__builder.hpp
[0.896s] -- Up-to-date: /home/rokae/workspace/rokae_ros2_sim2real/install/realsense2_camera_msgs/include/realsense2_camera_msgs/realsense2_camera_msgs/msg/detail/metadata__struct.hpp
[0.896s] -- Up-to-date: /home/rokae/workspace/rokae_ros2_sim2real/install/realsense2_camera_msgs/include/realsense2_camera_msgs/realsense2_camera_msgs/msg/detail/imu_info__struct.hpp
[0.896s] -- Up-to-date: /home/rokae/workspace/rokae_ros2_sim2real/install/realsense2_camera_msgs/include/realsense2_camera_msgs/realsense2_camera_msgs/msg/detail/extrinsics__traits.hpp
[0.896s] -- Up-to-date: /home/rokae/workspace/rokae_ros2_sim2real/install/realsense2_camera_msgs/include/realsense2_camera_msgs/realsense2_camera_msgs/msg/detail/imu_info__builder.hpp
[0.896s] -- Up-to-date: /home/rokae/workspace/rokae_ros2_sim2real/install/realsense2_camera_msgs/include/realsense2_camera_msgs/realsense2_camera_msgs/msg/detail/extrinsics__type_support.hpp
[0.896s] -- Up-to-date: /home/rokae/workspace/rokae_ros2_sim2real/install/realsense2_camera_msgs/include/realsense2_camera_msgs/realsense2_camera_msgs/msg/rosidl_generator_cpp__visibility_control.hpp
[0.896s] -- Up-to-date: /home/rokae/workspace/rokae_ros2_sim2real/install/realsense2_camera_msgs/include/realsense2_camera_msgs/realsense2_camera_msgs/msg/rgbd.hpp
[0.896s] -- Up-to-date: /home/rokae/workspace/rokae_ros2_sim2real/install/realsense2_camera_msgs/include/realsense2_camera_msgs/realsense2_camera_msgs/action
[0.896s] -- Up-to-date: /home/rokae/workspace/rokae_ros2_sim2real/install/realsense2_camera_msgs/include/realsense2_camera_msgs/realsense2_camera_msgs/action/detail
[0.896s] -- Up-to-date: /home/rokae/workspace/rokae_ros2_sim2real/install/realsense2_camera_msgs/include/realsense2_camera_msgs/realsense2_camera_msgs/action/detail/triggered_calibration__struct.hpp
[0.897s] -- Up-to-date: /home/rokae/workspace/rokae_ros2_sim2real/install/realsense2_camera_msgs/include/realsense2_camera_msgs/realsense2_camera_msgs/action/detail/triggered_calibration__traits.hpp
[0.897s] -- Up-to-date: /home/rokae/workspace/rokae_ros2_sim2real/install/realsense2_camera_msgs/include/realsense2_camera_msgs/realsense2_camera_msgs/action/detail/triggered_calibration__type_support.hpp
[0.897s] -- Up-to-date: /home/rokae/workspace/rokae_ros2_sim2real/install/realsense2_camera_msgs/include/realsense2_camera_msgs/realsense2_camera_msgs/action/detail/triggered_calibration__builder.hpp
[0.897s] -- Up-to-date: /home/rokae/workspace/rokae_ros2_sim2real/install/realsense2_camera_msgs/include/realsense2_camera_msgs/realsense2_camera_msgs/action/triggered_calibration.hpp
[0.897s] -- Up-to-date: /home/rokae/workspace/rokae_ros2_sim2real/install/realsense2_camera_msgs/include/realsense2_camera_msgs/realsense2_camera_msgs/srv
[0.897s] -- Up-to-date: /home/rokae/workspace/rokae_ros2_sim2real/install/realsense2_camera_msgs/include/realsense2_camera_msgs/realsense2_camera_msgs/srv/calib_config_read.hpp
[0.897s] -- Up-to-date: /home/rokae/workspace/rokae_ros2_sim2real/install/realsense2_camera_msgs/include/realsense2_camera_msgs/realsense2_camera_msgs/srv/detail
[0.897s] -- Up-to-date: /home/rokae/workspace/rokae_ros2_sim2real/install/realsense2_camera_msgs/include/realsense2_camera_msgs/realsense2_camera_msgs/srv/detail/device_info__builder.hpp
[0.897s] -- Up-to-date: /home/rokae/workspace/rokae_ros2_sim2real/install/realsense2_camera_msgs/include/realsense2_camera_msgs/realsense2_camera_msgs/srv/detail/calib_config_read__builder.hpp
[0.897s] -- Up-to-date: /home/rokae/workspace/rokae_ros2_sim2real/install/realsense2_camera_msgs/include/realsense2_camera_msgs/realsense2_camera_msgs/srv/detail/device_info__type_support.hpp
[0.897s] -- Up-to-date: /home/rokae/workspace/rokae_ros2_sim2real/install/realsense2_camera_msgs/include/realsense2_camera_msgs/realsense2_camera_msgs/srv/detail/calib_config_read__type_support.hpp
[0.898s] -- Up-to-date: /home/rokae/workspace/rokae_ros2_sim2real/install/realsense2_camera_msgs/include/realsense2_camera_msgs/realsense2_camera_msgs/srv/detail/device_info__traits.hpp
[0.898s] -- Up-to-date: /home/rokae/workspace/rokae_ros2_sim2real/install/realsense2_camera_msgs/include/realsense2_camera_msgs/realsense2_camera_msgs/srv/detail/calib_config_write__type_support.hpp
[0.898s] -- Up-to-date: /home/rokae/workspace/rokae_ros2_sim2real/install/realsense2_camera_msgs/include/realsense2_camera_msgs/realsense2_camera_msgs/srv/detail/calib_config_write__builder.hpp
[0.898s] -- Up-to-date: /home/rokae/workspace/rokae_ros2_sim2real/install/realsense2_camera_msgs/include/realsense2_camera_msgs/realsense2_camera_msgs/srv/detail/calib_config_read__struct.hpp
[0.898s] -- Up-to-date: /home/rokae/workspace/rokae_ros2_sim2real/install/realsense2_camera_msgs/include/realsense2_camera_msgs/realsense2_camera_msgs/srv/detail/calib_config_write__traits.hpp
[0.898s] -- Up-to-date: /home/rokae/workspace/rokae_ros2_sim2real/install/realsense2_camera_msgs/include/realsense2_camera_msgs/realsense2_camera_msgs/srv/detail/calib_config_write__struct.hpp
[0.898s] -- Up-to-date: /home/rokae/workspace/rokae_ros2_sim2real/install/realsense2_camera_msgs/include/realsense2_camera_msgs/realsense2_camera_msgs/srv/detail/device_info__struct.hpp
[0.899s] -- Up-to-date: /home/rokae/workspace/rokae_ros2_sim2real/install/realsense2_camera_msgs/include/realsense2_camera_msgs/realsense2_camera_msgs/srv/detail/calib_config_read__traits.hpp
[0.899s] -- Up-to-date: /home/rokae/workspace/rokae_ros2_sim2real/install/realsense2_camera_msgs/include/realsense2_camera_msgs/realsense2_camera_msgs/srv/device_info.hpp
[0.899s] -- Up-to-date: /home/rokae/workspace/rokae_ros2_sim2real/install/realsense2_camera_msgs/include/realsense2_camera_msgs/realsense2_camera_msgs/srv/calib_config_write.hpp
[0.899s] -- Up-to-date: /home/rokae/workspace/rokae_ros2_sim2real/install/realsense2_camera_msgs/include/realsense2_camera_msgs/realsense2_camera_msgs
[0.899s] -- Up-to-date: /home/rokae/workspace/rokae_ros2_sim2real/install/realsense2_camera_msgs/include/realsense2_camera_msgs/realsense2_camera_msgs/msg
[0.899s] -- Up-to-date: /home/rokae/workspace/rokae_ros2_sim2real/install/realsense2_camera_msgs/include/realsense2_camera_msgs/realsense2_camera_msgs/msg/detail
[0.899s] -- Up-to-date: /home/rokae/workspace/rokae_ros2_sim2real/install/realsense2_camera_msgs/include/realsense2_camera_msgs/realsense2_camera_msgs/msg/detail/rgbd__rosidl_typesupport_fastrtps_cpp.hpp
[0.899s] -- Up-to-date: /home/rokae/workspace/rokae_ros2_sim2real/install/realsense2_camera_msgs/include/realsense2_camera_msgs/realsense2_camera_msgs/msg/detail/dds_fastrtps
[0.899s] -- Up-to-date: /home/rokae/workspace/rokae_ros2_sim2real/install/realsense2_camera_msgs/include/realsense2_camera_msgs/realsense2_camera_msgs/msg/detail/imu_info__rosidl_typesupport_fastrtps_cpp.hpp
[0.899s] -- Up-to-date: /home/rokae/workspace/rokae_ros2_sim2real/install/realsense2_camera_msgs/include/realsense2_camera_msgs/realsense2_camera_msgs/msg/detail/extrinsics__rosidl_typesupport_fastrtps_cpp.hpp
[0.899s] -- Up-to-date: /home/rokae/workspace/rokae_ros2_sim2real/install/realsense2_camera_msgs/include/realsense2_camera_msgs/realsense2_camera_msgs/msg/detail/metadata__rosidl_typesupport_fastrtps_cpp.hpp
[0.900s] -- Up-to-date: /home/rokae/workspace/rokae_ros2_sim2real/install/realsense2_camera_msgs/include/realsense2_camera_msgs/realsense2_camera_msgs/msg/rosidl_typesupport_fastrtps_cpp__visibility_control.h
[0.900s] -- Up-to-date: /home/rokae/workspace/rokae_ros2_sim2real/install/realsense2_camera_msgs/include/realsense2_camera_msgs/realsense2_camera_msgs/action
[0.900s] -- Up-to-date: /home/rokae/workspace/rokae_ros2_sim2real/install/realsense2_camera_msgs/include/realsense2_camera_msgs/realsense2_camera_msgs/action/detail
[0.900s] -- Up-to-date: /home/rokae/workspace/rokae_ros2_sim2real/install/realsense2_camera_msgs/include/realsense2_camera_msgs/realsense2_camera_msgs/action/detail/triggered_calibration__rosidl_typesupport_fastrtps_cpp.hpp
[0.900s] -- Up-to-date: /home/rokae/workspace/rokae_ros2_sim2real/install/realsense2_camera_msgs/include/realsense2_camera_msgs/realsense2_camera_msgs/action/detail/dds_fastrtps
[0.900s] -- Up-to-date: /home/rokae/workspace/rokae_ros2_sim2real/install/realsense2_camera_msgs/include/realsense2_camera_msgs/realsense2_camera_msgs/srv
[0.900s] -- Up-to-date: /home/rokae/workspace/rokae_ros2_sim2real/install/realsense2_camera_msgs/include/realsense2_camera_msgs/realsense2_camera_msgs/srv/detail
[0.900s] -- Up-to-date: /home/rokae/workspace/rokae_ros2_sim2real/install/realsense2_camera_msgs/include/realsense2_camera_msgs/realsense2_camera_msgs/srv/detail/calib_config_read__rosidl_typesupport_fastrtps_cpp.hpp
[0.900s] -- Up-to-date: /home/rokae/workspace/rokae_ros2_sim2real/install/realsense2_camera_msgs/include/realsense2_camera_msgs/realsense2_camera_msgs/srv/detail/dds_fastrtps
[0.900s] -- Up-to-date: /home/rokae/workspace/rokae_ros2_sim2real/install/realsense2_camera_msgs/include/realsense2_camera_msgs/realsense2_camera_msgs/srv/detail/device_info__rosidl_typesupport_fastrtps_cpp.hpp
[0.900s] -- Up-to-date: /home/rokae/workspace/rokae_ros2_sim2real/install/realsense2_camera_msgs/include/realsense2_camera_msgs/realsense2_camera_msgs/srv/detail/calib_config_write__rosidl_typesupport_fastrtps_cpp.hpp
[0.901s] -- Up-to-date: /home/rokae/workspace/rokae_ros2_sim2real/install/realsense2_camera_msgs/lib/librealsense2_camera_msgs__rosidl_typesupport_fastrtps_cpp.so
[0.901s] -- Up-to-date: /home/rokae/workspace/rokae_ros2_sim2real/install/realsense2_camera_msgs/include/realsense2_camera_msgs/realsense2_camera_msgs
[0.901s] -- Up-to-date: /home/rokae/workspace/rokae_ros2_sim2real/install/realsense2_camera_msgs/include/realsense2_camera_msgs/realsense2_camera_msgs/msg
[0.901s] -- Up-to-date: /home/rokae/workspace/rokae_ros2_sim2real/install/realsense2_camera_msgs/include/realsense2_camera_msgs/realsense2_camera_msgs/msg/detail
[0.901s] -- Up-to-date: /home/rokae/workspace/rokae_ros2_sim2real/install/realsense2_camera_msgs/include/realsense2_camera_msgs/realsense2_camera_msgs/msg/detail/imu_info__rosidl_typesupport_introspection_cpp.hpp
[0.901s] -- Up-to-date: /home/rokae/workspace/rokae_ros2_sim2real/install/realsense2_camera_msgs/include/realsense2_camera_msgs/realsense2_camera_msgs/msg/detail/metadata__rosidl_typesupport_introspection_cpp.hpp
[0.901s] -- Up-to-date: /home/rokae/workspace/rokae_ros2_sim2real/install/realsense2_camera_msgs/include/realsense2_camera_msgs/realsense2_camera_msgs/msg/detail/rgbd__rosidl_typesupport_introspection_cpp.hpp
[0.901s] -- Up-to-date: /home/rokae/workspace/rokae_ros2_sim2real/install/realsense2_camera_msgs/include/realsense2_camera_msgs/realsense2_camera_msgs/msg/detail/extrinsics__type_support.cpp
[0.901s] -- Up-to-date: /home/rokae/workspace/rokae_ros2_sim2real/install/realsense2_camera_msgs/include/realsense2_camera_msgs/realsense2_camera_msgs/msg/detail/imu_info__type_support.cpp
[0.901s] -- Up-to-date: /home/rokae/workspace/rokae_ros2_sim2real/install/realsense2_camera_msgs/include/realsense2_camera_msgs/realsense2_camera_msgs/msg/detail/extrinsics__rosidl_typesupport_introspection_cpp.hpp
[0.901s] -- Up-to-date: /home/rokae/workspace/rokae_ros2_sim2real/install/realsense2_camera_msgs/include/realsense2_camera_msgs/realsense2_camera_msgs/msg/detail/metadata__type_support.cpp
[0.902s] -- Up-to-date: /home/rokae/workspace/rokae_ros2_sim2real/install/realsense2_camera_msgs/include/realsense2_camera_msgs/realsense2_camera_msgs/msg/detail/rgbd__type_support.cpp
[0.902s] -- Up-to-date: /home/rokae/workspace/rokae_ros2_sim2real/install/realsense2_camera_msgs/include/realsense2_camera_msgs/realsense2_camera_msgs/action
[0.902s] -- Up-to-date: /home/rokae/workspace/rokae_ros2_sim2real/install/realsense2_camera_msgs/include/realsense2_camera_msgs/realsense2_camera_msgs/action/detail
[0.902s] -- Up-to-date: /home/rokae/workspace/rokae_ros2_sim2real/install/realsense2_camera_msgs/include/realsense2_camera_msgs/realsense2_camera_msgs/action/detail/triggered_calibration__type_support.cpp
[0.902s] -- Up-to-date: /home/rokae/workspace/rokae_ros2_sim2real/install/realsense2_camera_msgs/include/realsense2_camera_msgs/realsense2_camera_msgs/action/detail/triggered_calibration__rosidl_typesupport_introspection_cpp.hpp
[0.902s] -- Up-to-date: /home/rokae/workspace/rokae_ros2_sim2real/install/realsense2_camera_msgs/include/realsense2_camera_msgs/realsense2_camera_msgs/srv
[0.902s] -- Up-to-date: /home/rokae/workspace/rokae_ros2_sim2real/install/realsense2_camera_msgs/include/realsense2_camera_msgs/realsense2_camera_msgs/srv/detail
[0.902s] -- Up-to-date: /home/rokae/workspace/rokae_ros2_sim2real/install/realsense2_camera_msgs/include/realsense2_camera_msgs/realsense2_camera_msgs/srv/detail/device_info__type_support.cpp
[0.903s] -- Up-to-date: /home/rokae/workspace/rokae_ros2_sim2real/install/realsense2_camera_msgs/include/realsense2_camera_msgs/realsense2_camera_msgs/srv/detail/calib_config_write__type_support.cpp
[0.903s] -- Up-to-date: /home/rokae/workspace/rokae_ros2_sim2real/install/realsense2_camera_msgs/include/realsense2_camera_msgs/realsense2_camera_msgs/srv/detail/device_info__rosidl_typesupport_introspection_cpp.hpp
[0.903s] -- Up-to-date: /home/rokae/workspace/rokae_ros2_sim2real/install/realsense2_camera_msgs/include/realsense2_camera_msgs/realsense2_camera_msgs/srv/detail/calib_config_write__rosidl_typesupport_introspection_cpp.hpp
[0.903s] -- Up-to-date: /home/rokae/workspace/rokae_ros2_sim2real/install/realsense2_camera_msgs/include/realsense2_camera_msgs/realsense2_camera_msgs/srv/detail/calib_config_read__rosidl_typesupport_introspection_cpp.hpp
[0.903s] -- Up-to-date: /home/rokae/workspace/rokae_ros2_sim2real/install/realsense2_camera_msgs/include/realsense2_camera_msgs/realsense2_camera_msgs/srv/detail/calib_config_read__type_support.cpp
[0.903s] -- Up-to-date: /home/rokae/workspace/rokae_ros2_sim2real/install/realsense2_camera_msgs/lib/librealsense2_camera_msgs__rosidl_typesupport_introspection_cpp.so
[0.903s] -- Up-to-date: /home/rokae/workspace/rokae_ros2_sim2real/install/realsense2_camera_msgs/lib/librealsense2_camera_msgs__rosidl_typesupport_cpp.so
[0.903s] -- Up-to-date: /home/rokae/workspace/rokae_ros2_sim2real/install/realsense2_camera_msgs/share/realsense2_camera_msgs/environment/pythonpath.sh
[0.903s] -- Up-to-date: /home/rokae/workspace/rokae_ros2_sim2real/install/realsense2_camera_msgs/share/realsense2_camera_msgs/environment/pythonpath.dsv
[0.904s] -- Up-to-date: /home/rokae/workspace/rokae_ros2_sim2real/install/realsense2_camera_msgs/local/lib/python3.10/dist-packages/realsense2_camera_msgs-4.56.4-py3.10.egg-info
[0.904s] -- Installing: /home/rokae/workspace/rokae_ros2_sim2real/install/realsense2_camera_msgs/local/lib/python3.10/dist-packages/realsense2_camera_msgs-4.56.4-py3.10.egg-info/dependency_links.txt
[0.904s] -- Installing: /home/rokae/workspace/rokae_ros2_sim2real/install/realsense2_camera_msgs/local/lib/python3.10/dist-packages/realsense2_camera_msgs-4.56.4-py3.10.egg-info/PKG-INFO
[0.904s] -- Installing: /home/rokae/workspace/rokae_ros2_sim2real/install/realsense2_camera_msgs/local/lib/python3.10/dist-packages/realsense2_camera_msgs-4.56.4-py3.10.egg-info/SOURCES.txt
[0.904s] -- Installing: /home/rokae/workspace/rokae_ros2_sim2real/install/realsense2_camera_msgs/local/lib/python3.10/dist-packages/realsense2_camera_msgs-4.56.4-py3.10.egg-info/top_level.txt
[0.904s] -- Up-to-date: /home/rokae/workspace/rokae_ros2_sim2real/install/realsense2_camera_msgs/local/lib/python3.10/dist-packages/realsense2_camera_msgs
[0.904s] -- Up-to-date: /home/rokae/workspace/rokae_ros2_sim2real/install/realsense2_camera_msgs/local/lib/python3.10/dist-packages/realsense2_camera_msgs/realsense2_camera_msgs_s__rosidl_typesupport_introspection_c.cpython-310-x86_64-linux-gnu.so
[0.904s] -- Up-to-date: /home/rokae/workspace/rokae_ros2_sim2real/install/realsense2_camera_msgs/local/lib/python3.10/dist-packages/realsense2_camera_msgs/msg
[0.904s] -- Up-to-date: /home/rokae/workspace/rokae_ros2_sim2real/install/realsense2_camera_msgs/local/lib/python3.10/dist-packages/realsense2_camera_msgs/msg/_imu_info.py
[0.904s] -- Up-to-date: /home/rokae/workspace/rokae_ros2_sim2real/install/realsense2_camera_msgs/local/lib/python3.10/dist-packages/realsense2_camera_msgs/msg/_rgbd.py
[0.905s] -- Up-to-date: /home/rokae/workspace/rokae_ros2_sim2real/install/realsense2_camera_msgs/local/lib/python3.10/dist-packages/realsense2_camera_msgs/msg/_extrinsics.py
[0.905s] -- Up-to-date: /home/rokae/workspace/rokae_ros2_sim2real/install/realsense2_camera_msgs/local/lib/python3.10/dist-packages/realsense2_camera_msgs/msg/_extrinsics_s.c
[0.905s] -- Up-to-date: /home/rokae/workspace/rokae_ros2_sim2real/install/realsense2_camera_msgs/local/lib/python3.10/dist-packages/realsense2_camera_msgs/msg/_imu_info_s.c
[0.905s] -- Up-to-date: /home/rokae/workspace/rokae_ros2_sim2real/install/realsense2_camera_msgs/local/lib/python3.10/dist-packages/realsense2_camera_msgs/msg/_metadata.py
[0.905s] -- Up-to-date: /home/rokae/workspace/rokae_ros2_sim2real/install/realsense2_camera_msgs/local/lib/python3.10/dist-packages/realsense2_camera_msgs/msg/__init__.py
[0.905s] -- Up-to-date: /home/rokae/workspace/rokae_ros2_sim2real/install/realsense2_camera_msgs/local/lib/python3.10/dist-packages/realsense2_camera_msgs/msg/_rgbd_s.c
[0.907s] -- Up-to-date: /home/rokae/workspace/rokae_ros2_sim2real/install/realsense2_camera_msgs/local/lib/python3.10/dist-packages/realsense2_camera_msgs/msg/_metadata_s.c
[0.908s] -- Up-to-date: /home/rokae/workspace/rokae_ros2_sim2real/install/realsense2_camera_msgs/local/lib/python3.10/dist-packages/realsense2_camera_msgs/action
[0.908s] -- Up-to-date: /home/rokae/workspace/rokae_ros2_sim2real/install/realsense2_camera_msgs/local/lib/python3.10/dist-packages/realsense2_camera_msgs/action/_triggered_calibration_s.c
[0.908s] -- Up-to-date: /home/rokae/workspace/rokae_ros2_sim2real/install/realsense2_camera_msgs/local/lib/python3.10/dist-packages/realsense2_camera_msgs/action/__init__.py
[0.908s] -- Up-to-date: /home/rokae/workspace/rokae_ros2_sim2real/install/realsense2_camera_msgs/local/lib/python3.10/dist-packages/realsense2_camera_msgs/action/_triggered_calibration.py
[0.909s] -- Up-to-date: /home/rokae/workspace/rokae_ros2_sim2real/install/realsense2_camera_msgs/local/lib/python3.10/dist-packages/realsense2_camera_msgs/_realsense2_camera_msgs_s.ep.rosidl_typesupport_fastrtps_c.c
[0.909s] -- Up-to-date: /home/rokae/workspace/rokae_ros2_sim2real/install/realsense2_camera_msgs/local/lib/python3.10/dist-packages/realsense2_camera_msgs/_realsense2_camera_msgs_s.ep.rosidl_typesupport_c.c
[0.909s] -- Up-to-date: /home/rokae/workspace/rokae_ros2_sim2real/install/realsense2_camera_msgs/local/lib/python3.10/dist-packages/realsense2_camera_msgs/srv
[0.909s] -- Up-to-date: /home/rokae/workspace/rokae_ros2_sim2real/install/realsense2_camera_msgs/local/lib/python3.10/dist-packages/realsense2_camera_msgs/srv/_device_info_s.c
[0.909s] -- Up-to-date: /home/rokae/workspace/rokae_ros2_sim2real/install/realsense2_camera_msgs/local/lib/python3.10/dist-packages/realsense2_camera_msgs/srv/_calib_config_read.py
[0.910s] -- Up-to-date: /home/rokae/workspace/rokae_ros2_sim2real/install/realsense2_camera_msgs/local/lib/python3.10/dist-packages/realsense2_camera_msgs/srv/_calib_config_write.py
[0.910s] -- Up-to-date: /home/rokae/workspace/rokae_ros2_sim2real/install/realsense2_camera_msgs/local/lib/python3.10/dist-packages/realsense2_camera_msgs/srv/_calib_config_read_s.c
[0.910s] -- Up-to-date: /home/rokae/workspace/rokae_ros2_sim2real/install/realsense2_camera_msgs/local/lib/python3.10/dist-packages/realsense2_camera_msgs/srv/_calib_config_write_s.c
[0.910s] -- Up-to-date: /home/rokae/workspace/rokae_ros2_sim2real/install/realsense2_camera_msgs/local/lib/python3.10/dist-packages/realsense2_camera_msgs/srv/__init__.py
[0.910s] -- Up-to-date: /home/rokae/workspace/rokae_ros2_sim2real/install/realsense2_camera_msgs/local/lib/python3.10/dist-packages/realsense2_camera_msgs/srv/_device_info.py
[0.910s] -- Up-to-date: /home/rokae/workspace/rokae_ros2_sim2real/install/realsense2_camera_msgs/local/lib/python3.10/dist-packages/realsense2_camera_msgs/__init__.py
[0.911s] -- Up-to-date: /home/rokae/workspace/rokae_ros2_sim2real/install/realsense2_camera_msgs/local/lib/python3.10/dist-packages/realsense2_camera_msgs/librealsense2_camera_msgs__rosidl_generator_py.so
[0.911s] -- Up-to-date: /home/rokae/workspace/rokae_ros2_sim2real/install/realsense2_camera_msgs/local/lib/python3.10/dist-packages/realsense2_camera_msgs/_realsense2_camera_msgs_s.ep.rosidl_typesupport_introspection_c.c
[0.911s] -- Up-to-date: /home/rokae/workspace/rokae_ros2_sim2real/install/realsense2_camera_msgs/local/lib/python3.10/dist-packages/realsense2_camera_msgs/realsense2_camera_msgs_s__rosidl_typesupport_c.cpython-310-x86_64-linux-gnu.so
[0.911s] -- Up-to-date: /home/rokae/workspace/rokae_ros2_sim2real/install/realsense2_camera_msgs/local/lib/python3.10/dist-packages/realsense2_camera_msgs/realsense2_camera_msgs_s__rosidl_typesupport_fastrtps_c.cpython-310-x86_64-linux-gnu.so
[0.970s] Listing '/home/rokae/workspace/rokae_ros2_sim2real/install/realsense2_camera_msgs/local/lib/python3.10/dist-packages/realsense2_camera_msgs'...
[0.970s] Listing '/home/rokae/workspace/rokae_ros2_sim2real/install/realsense2_camera_msgs/local/lib/python3.10/dist-packages/realsense2_camera_msgs/action'...
[0.970s] Listing '/home/rokae/workspace/rokae_ros2_sim2real/install/realsense2_camera_msgs/local/lib/python3.10/dist-packages/realsense2_camera_msgs/msg'...
[0.970s] Listing '/home/rokae/workspace/rokae_ros2_sim2real/install/realsense2_camera_msgs/local/lib/python3.10/dist-packages/realsense2_camera_msgs/srv'...
[0.978s] -- Up-to-date: /home/rokae/workspace/rokae_ros2_sim2real/install/realsense2_camera_msgs/local/lib/python3.10/dist-packages/realsense2_camera_msgs/realsense2_camera_msgs_s__rosidl_typesupport_fastrtps_c.cpython-310-x86_64-linux-gnu.so
[0.979s] -- Up-to-date: /home/rokae/workspace/rokae_ros2_sim2real/install/realsense2_camera_msgs/local/lib/python3.10/dist-packages/realsense2_camera_msgs/realsense2_camera_msgs_s__rosidl_typesupport_introspection_c.cpython-310-x86_64-linux-gnu.so
[0.979s] -- Up-to-date: /home/rokae/workspace/rokae_ros2_sim2real/install/realsense2_camera_msgs/local/lib/python3.10/dist-packages/realsense2_camera_msgs/realsense2_camera_msgs_s__rosidl_typesupport_c.cpython-310-x86_64-linux-gnu.so
[0.980s] -- Up-to-date: /home/rokae/workspace/rokae_ros2_sim2real/install/realsense2_camera_msgs/lib/librealsense2_camera_msgs__rosidl_generator_py.so
[0.980s] -- Up-to-date: /home/rokae/workspace/rokae_ros2_sim2real/install/realsense2_camera_msgs/share/realsense2_camera_msgs/msg/IMUInfo.idl
[0.980s] -- Up-to-date: /home/rokae/workspace/rokae_ros2_sim2real/install/realsense2_camera_msgs/share/realsense2_camera_msgs/msg/Extrinsics.idl
[0.980s] -- Up-to-date: /home/rokae/workspace/rokae_ros2_sim2real/install/realsense2_camera_msgs/share/realsense2_camera_msgs/msg/Metadata.idl
[0.980s] -- Up-to-date: /home/rokae/workspace/rokae_ros2_sim2real/install/realsense2_camera_msgs/share/realsense2_camera_msgs/msg/RGBD.idl
[0.980s] -- Up-to-date: /home/rokae/workspace/rokae_ros2_sim2real/install/realsense2_camera_msgs/share/realsense2_camera_msgs/srv/DeviceInfo.idl
[0.980s] -- Up-to-date: /home/rokae/workspace/rokae_ros2_sim2real/install/realsense2_camera_msgs/share/realsense2_camera_msgs/srv/CalibConfigRead.idl
[0.981s] -- Up-to-date: /home/rokae/workspace/rokae_ros2_sim2real/install/realsense2_camera_msgs/share/realsense2_camera_msgs/srv/CalibConfigWrite.idl
[0.981s] -- Up-to-date: /home/rokae/workspace/rokae_ros2_sim2real/install/realsense2_camera_msgs/share/realsense2_camera_msgs/action/TriggeredCalibration.idl
[0.981s] -- Up-to-date: /home/rokae/workspace/rokae_ros2_sim2real/install/realsense2_camera_msgs/share/realsense2_camera_msgs/msg/IMUInfo.msg
[0.981s] -- Up-to-date: /home/rokae/workspace/rokae_ros2_sim2real/install/realsense2_camera_msgs/share/realsense2_camera_msgs/msg/Extrinsics.msg
[0.981s] -- Up-to-date: /home/rokae/workspace/rokae_ros2_sim2real/install/realsense2_camera_msgs/share/realsense2_camera_msgs/msg/Metadata.msg
[0.981s] -- Up-to-date: /home/rokae/workspace/rokae_ros2_sim2real/install/realsense2_camera_msgs/share/realsense2_camera_msgs/msg/RGBD.msg
[0.981s] -- Up-to-date: /home/rokae/workspace/rokae_ros2_sim2real/install/realsense2_camera_msgs/share/realsense2_camera_msgs/srv/DeviceInfo.srv
[0.981s] -- Up-to-date: /home/rokae/workspace/rokae_ros2_sim2real/install/realsense2_camera_msgs/share/realsense2_camera_msgs/srv/DeviceInfo_Request.msg
[0.982s] -- Up-to-date: /home/rokae/workspace/rokae_ros2_sim2real/install/realsense2_camera_msgs/share/realsense2_camera_msgs/srv/DeviceInfo_Response.msg
[0.982s] -- Up-to-date: /home/rokae/workspace/rokae_ros2_sim2real/install/realsense2_camera_msgs/share/realsense2_camera_msgs/srv/CalibConfigRead.srv
[0.982s] -- Up-to-date: /home/rokae/workspace/rokae_ros2_sim2real/install/realsense2_camera_msgs/share/realsense2_camera_msgs/srv/CalibConfigRead_Request.msg
[0.982s] -- Up-to-date: /home/rokae/workspace/rokae_ros2_sim2real/install/realsense2_camera_msgs/share/realsense2_camera_msgs/srv/CalibConfigRead_Response.msg
[0.982s] -- Up-to-date: /home/rokae/workspace/rokae_ros2_sim2real/install/realsense2_camera_msgs/share/realsense2_camera_msgs/srv/CalibConfigWrite.srv
[0.982s] -- Up-to-date: /home/rokae/workspace/rokae_ros2_sim2real/install/realsense2_camera_msgs/share/realsense2_camera_msgs/srv/CalibConfigWrite_Request.msg
[0.983s] -- Up-to-date: /home/rokae/workspace/rokae_ros2_sim2real/install/realsense2_camera_msgs/share/realsense2_camera_msgs/srv/CalibConfigWrite_Response.msg
[0.983s] -- Up-to-date: /home/rokae/workspace/rokae_ros2_sim2real/install/realsense2_camera_msgs/share/realsense2_camera_msgs/action/TriggeredCalibration.action
[0.983s] -- Up-to-date: /home/rokae/workspace/rokae_ros2_sim2real/install/realsense2_camera_msgs/share/ament_index/resource_index/package_run_dependencies/realsense2_camera_msgs
[0.983s] -- Up-to-date: /home/rokae/workspace/rokae_ros2_sim2real/install/realsense2_camera_msgs/share/ament_index/resource_index/parent_prefix_path/realsense2_camera_msgs
[0.984s] -- Up-to-date: /home/rokae/workspace/rokae_ros2_sim2real/install/realsense2_camera_msgs/share/realsense2_camera_msgs/environment/ament_prefix_path.sh
[0.984s] -- Up-to-date: /home/rokae/workspace/rokae_ros2_sim2real/install/realsense2_camera_msgs/share/realsense2_camera_msgs/environment/ament_prefix_path.dsv
[0.984s] -- Up-to-date: /home/rokae/workspace/rokae_ros2_sim2real/install/realsense2_camera_msgs/share/realsense2_camera_msgs/environment/path.sh
[0.984s] -- Up-to-date: /home/rokae/workspace/rokae_ros2_sim2real/install/realsense2_camera_msgs/share/realsense2_camera_msgs/environment/path.dsv
[0.984s] -- Up-to-date: /home/rokae/workspace/rokae_ros2_sim2real/install/realsense2_camera_msgs/share/realsense2_camera_msgs/local_setup.bash
[0.984s] -- Up-to-date: /home/rokae/workspace/rokae_ros2_sim2real/install/realsense2_camera_msgs/share/realsense2_camera_msgs/local_setup.sh
[0.984s] -- Up-to-date: /home/rokae/workspace/rokae_ros2_sim2real/install/realsense2_camera_msgs/share/realsense2_camera_msgs/local_setup.zsh
[0.985s] -- Up-to-date: /home/rokae/workspace/rokae_ros2_sim2real/install/realsense2_camera_msgs/share/realsense2_camera_msgs/local_setup.dsv
[0.985s] -- Installing: /home/rokae/workspace/rokae_ros2_sim2real/install/realsense2_camera_msgs/share/realsense2_camera_msgs/package.dsv
[0.985s] -- Up-to-date: /home/rokae/workspace/rokae_ros2_sim2real/install/realsense2_camera_msgs/share/ament_index/resource_index/packages/realsense2_camera_msgs
[0.985s] -- Up-to-date: /home/rokae/workspace/rokae_ros2_sim2real/install/realsense2_camera_msgs/share/realsense2_camera_msgs/cmake/export_realsense2_camera_msgs__rosidl_generator_cExport.cmake
[0.985s] -- Up-to-date: /home/rokae/workspace/rokae_ros2_sim2real/install/realsense2_camera_msgs/share/realsense2_camera_msgs/cmake/export_realsense2_camera_msgs__rosidl_generator_cExport-release.cmake
[0.985s] -- Up-to-date: /home/rokae/workspace/rokae_ros2_sim2real/install/realsense2_camera_msgs/share/realsense2_camera_msgs/cmake/export_realsense2_camera_msgs__rosidl_typesupport_fastrtps_cExport.cmake
[0.985s] -- Up-to-date: /home/rokae/workspace/rokae_ros2_sim2real/install/realsense2_camera_msgs/share/realsense2_camera_msgs/cmake/export_realsense2_camera_msgs__rosidl_typesupport_fastrtps_cExport-release.cmake
[0.986s] -- Up-to-date: /home/rokae/workspace/rokae_ros2_sim2real/install/realsense2_camera_msgs/share/realsense2_camera_msgs/cmake/realsense2_camera_msgs__rosidl_typesupport_introspection_cExport.cmake
[0.986s] -- Up-to-date: /home/rokae/workspace/rokae_ros2_sim2real/install/realsense2_camera_msgs/share/realsense2_camera_msgs/cmake/realsense2_camera_msgs__rosidl_typesupport_introspection_cExport-release.cmake
[0.986s] -- Up-to-date: /home/rokae/workspace/rokae_ros2_sim2real/install/realsense2_camera_msgs/share/realsense2_camera_msgs/cmake/realsense2_camera_msgs__rosidl_typesupport_cExport.cmake
[0.986s] -- Up-to-date: /home/rokae/workspace/rokae_ros2_sim2real/install/realsense2_camera_msgs/share/realsense2_camera_msgs/cmake/realsense2_camera_msgs__rosidl_typesupport_cExport-release.cmake
[0.986s] -- Up-to-date: /home/rokae/workspace/rokae_ros2_sim2real/install/realsense2_camera_msgs/share/realsense2_camera_msgs/cmake/export_realsense2_camera_msgs__rosidl_generator_cppExport.cmake
[0.986s] -- Up-to-date: /home/rokae/workspace/rokae_ros2_sim2real/install/realsense2_camera_msgs/share/realsense2_camera_msgs/cmake/export_realsense2_camera_msgs__rosidl_typesupport_fastrtps_cppExport.cmake
[0.986s] -- Up-to-date: /home/rokae/workspace/rokae_ros2_sim2real/install/realsense2_camera_msgs/share/realsense2_camera_msgs/cmake/export_realsense2_camera_msgs__rosidl_typesupport_fastrtps_cppExport-release.cmake
[0.986s] -- Up-to-date: /home/rokae/workspace/rokae_ros2_sim2real/install/realsense2_camera_msgs/share/realsense2_camera_msgs/cmake/realsense2_camera_msgs__rosidl_typesupport_introspection_cppExport.cmake
[0.986s] -- Up-to-date: /home/rokae/workspace/rokae_ros2_sim2real/install/realsense2_camera_msgs/share/realsense2_camera_msgs/cmake/realsense2_camera_msgs__rosidl_typesupport_introspection_cppExport-release.cmake
[0.987s] -- Up-to-date: /home/rokae/workspace/rokae_ros2_sim2real/install/realsense2_camera_msgs/share/realsense2_camera_msgs/cmake/realsense2_camera_msgs__rosidl_typesupport_cppExport.cmake
[0.987s] -- Up-to-date: /home/rokae/workspace/rokae_ros2_sim2real/install/realsense2_camera_msgs/share/realsense2_camera_msgs/cmake/realsense2_camera_msgs__rosidl_typesupport_cppExport-release.cmake
[0.987s] -- Up-to-date: /home/rokae/workspace/rokae_ros2_sim2real/install/realsense2_camera_msgs/share/realsense2_camera_msgs/cmake/export_realsense2_camera_msgs__rosidl_generator_pyExport.cmake
[0.987s] -- Up-to-date: /home/rokae/workspace/rokae_ros2_sim2real/install/realsense2_camera_msgs/share/realsense2_camera_msgs/cmake/export_realsense2_camera_msgs__rosidl_generator_pyExport-release.cmake
[0.987s] -- Up-to-date: /home/rokae/workspace/rokae_ros2_sim2real/install/realsense2_camera_msgs/share/realsense2_camera_msgs/cmake/rosidl_cmake-extras.cmake
[0.987s] -- Up-to-date: /home/rokae/workspace/rokae_ros2_sim2real/install/realsense2_camera_msgs/share/realsense2_camera_msgs/cmake/ament_cmake_export_dependencies-extras.cmake
[0.987s] -- Up-to-date: /home/rokae/workspace/rokae_ros2_sim2real/install/realsense2_camera_msgs/share/realsense2_camera_msgs/cmake/ament_cmake_export_include_directories-extras.cmake
[0.987s] -- Up-to-date: /home/rokae/workspace/rokae_ros2_sim2real/install/realsense2_camera_msgs/share/realsense2_camera_msgs/cmake/ament_cmake_export_libraries-extras.cmake
[0.987s] -- Up-to-date: /home/rokae/workspace/rokae_ros2_sim2real/install/realsense2_camera_msgs/share/realsense2_camera_msgs/cmake/ament_cmake_export_targets-extras.cmake
[0.987s] -- Up-to-date: /home/rokae/workspace/rokae_ros2_sim2real/install/realsense2_camera_msgs/share/realsense2_camera_msgs/cmake/rosidl_cmake_export_typesupport_targets-extras.cmake
[0.987s] -- Up-to-date: /home/rokae/workspace/rokae_ros2_sim2real/install/realsense2_camera_msgs/share/realsense2_camera_msgs/cmake/rosidl_cmake_export_typesupport_libraries-extras.cmake
[0.987s] -- Up-to-date: /home/rokae/workspace/rokae_ros2_sim2real/install/realsense2_camera_msgs/share/realsense2_camera_msgs/cmake/realsense2_camera_msgsConfig.cmake
[0.987s] -- Up-to-date: /home/rokae/workspace/rokae_ros2_sim2real/install/realsense2_camera_msgs/share/realsense2_camera_msgs/cmake/realsense2_camera_msgsConfig-version.cmake
[0.988s] -- Up-to-date: /home/rokae/workspace/rokae_ros2_sim2real/install/realsense2_camera_msgs/share/realsense2_camera_msgs/package.xml
[0.989s] Invoked command in '/home/rokae/workspace/rokae_ros2_sim2real/build/realsense2_camera_msgs' returned '0': CMAKE_PREFIX_PATH=${CMAKE_PREFIX_PATH}:/home/rokae/workspace/rokae_ros2_sim2real/install/easy_handeye2_demo:/home/rokae/workspace/rokae_ros2_sim2real/install/easy_handeye2:/home/rokae/workspace/ws_moveit/install/moveit_configs_utils:/home/rokae/workspace/ws_moveit/install/launch_param_builder:/opt/ros/humble /usr/bin/cmake --install /home/rokae/workspace/rokae_ros2_sim2real/build/realsense2_camera_msgs
