[0.034s] Invoking command in '/home/rokae/workspace/rokae_ros2_sim2real/build/g_maduo_model': CMAKE_PREFIX_PATH=${CMAKE_PREFIX_PATH}:/home/rokae/workspace/rokae_ros2_sim2real/install/easy_handeye2_demo:/home/rokae/workspace/rokae_ros2_sim2real/install/easy_handeye2:/home/rokae/workspace/ws_moveit/install/moveit_configs_utils:/home/rokae/workspace/ws_moveit/install/launch_param_builder:/opt/ros/humble /usr/bin/cmake /home/rokae/workspace/rokae_ros2_sim2real/src/robot_driver/rokae_description -DCMAKE_INSTALL_PREFIX=/home/rokae/workspace/rokae_ros2_sim2real/install/g_maduo_model
[0.318s] -- The C compiler identification is GNU 11.4.0
[1.716s] -- The CXX compiler identification is GNU 11.4.0
[1.736s] -- Detecting C compiler ABI info
[1.801s] -- Detecting C compiler ABI info - done
[1.806s] -- Check for working C compiler: /usr/bin/cc - skipped
[1.806s] -- Detecting C compile features
[1.807s] -- Detecting C compile features - done
[1.809s] -- Detecting CXX compiler ABI info
[1.971s] -- Detecting CXX compiler ABI info - done
[1.976s] -- Check for working CXX compiler: /usr/bin/c++ - skipped
[1.976s] -- Detecting CXX compile features
[1.976s] -- Detecting CXX compile features - done
[1.986s] -- Found ament_cmake: 1.3.11 (/opt/ros/humble/share/ament_cmake/cmake)
[2.124s] -- Found Python3: /usr/bin/python3 (found version "3.10.12") found components: Interpreter 
[2.435s] -- Configuring done
[2.436s] -- Generating done
[2.437s] -- Build files have been written to: /home/rokae/workspace/rokae_ros2_sim2real/build/g_maduo_model
[2.440s] Invoked command in '/home/rokae/workspace/rokae_ros2_sim2real/build/g_maduo_model' returned '0': CMAKE_PREFIX_PATH=${CMAKE_PREFIX_PATH}:/home/rokae/workspace/rokae_ros2_sim2real/install/easy_handeye2_demo:/home/rokae/workspace/rokae_ros2_sim2real/install/easy_handeye2:/home/rokae/workspace/ws_moveit/install/moveit_configs_utils:/home/rokae/workspace/ws_moveit/install/launch_param_builder:/opt/ros/humble /usr/bin/cmake /home/rokae/workspace/rokae_ros2_sim2real/src/robot_driver/rokae_description -DCMAKE_INSTALL_PREFIX=/home/rokae/workspace/rokae_ros2_sim2real/install/g_maduo_model
[2.440s] Invoking command in '/home/rokae/workspace/rokae_ros2_sim2real/build/g_maduo_model': CMAKE_PREFIX_PATH=${CMAKE_PREFIX_PATH}:/home/rokae/workspace/rokae_ros2_sim2real/install/easy_handeye2_demo:/home/rokae/workspace/rokae_ros2_sim2real/install/easy_handeye2:/home/rokae/workspace/ws_moveit/install/moveit_configs_utils:/home/rokae/workspace/ws_moveit/install/launch_param_builder:/opt/ros/humble /usr/bin/cmake --build /home/rokae/workspace/rokae_ros2_sim2real/build/g_maduo_model -- -j32 -l32
[2.622s] Invoked command in '/home/rokae/workspace/rokae_ros2_sim2real/build/g_maduo_model' returned '0': CMAKE_PREFIX_PATH=${CMAKE_PREFIX_PATH}:/home/rokae/workspace/rokae_ros2_sim2real/install/easy_handeye2_demo:/home/rokae/workspace/rokae_ros2_sim2real/install/easy_handeye2:/home/rokae/workspace/ws_moveit/install/moveit_configs_utils:/home/rokae/workspace/ws_moveit/install/launch_param_builder:/opt/ros/humble /usr/bin/cmake --build /home/rokae/workspace/rokae_ros2_sim2real/build/g_maduo_model -- -j32 -l32
[2.623s] Invoking command in '/home/rokae/workspace/rokae_ros2_sim2real/build/g_maduo_model': CMAKE_PREFIX_PATH=${CMAKE_PREFIX_PATH}:/home/rokae/workspace/rokae_ros2_sim2real/install/easy_handeye2_demo:/home/rokae/workspace/rokae_ros2_sim2real/install/easy_handeye2:/home/rokae/workspace/ws_moveit/install/moveit_configs_utils:/home/rokae/workspace/ws_moveit/install/launch_param_builder:/opt/ros/humble /usr/bin/cmake --install /home/rokae/workspace/rokae_ros2_sim2real/build/g_maduo_model
[2.632s] -- Install configuration: ""
[2.632s] -- Installing: /home/rokae/workspace/rokae_ros2_sim2real/install/g_maduo_model/share/ament_index/resource_index/package_run_dependencies/g_maduo_model
[2.632s] -- Installing: /home/rokae/workspace/rokae_ros2_sim2real/install/g_maduo_model/share/ament_index/resource_index/parent_prefix_path/g_maduo_model
[2.632s] -- Installing: /home/rokae/workspace/rokae_ros2_sim2real/install/g_maduo_model/share/g_maduo_model/environment/ament_prefix_path.sh
[2.632s] -- Installing: /home/rokae/workspace/rokae_ros2_sim2real/install/g_maduo_model/share/g_maduo_model/environment/ament_prefix_path.dsv
[2.632s] -- Installing: /home/rokae/workspace/rokae_ros2_sim2real/install/g_maduo_model/share/g_maduo_model/environment/path.sh
[2.632s] -- Installing: /home/rokae/workspace/rokae_ros2_sim2real/install/g_maduo_model/share/g_maduo_model/environment/path.dsv
[2.632s] -- Installing: /home/rokae/workspace/rokae_ros2_sim2real/install/g_maduo_model/share/g_maduo_model/local_setup.bash
[2.633s] -- Installing: /home/rokae/workspace/rokae_ros2_sim2real/install/g_maduo_model/share/g_maduo_model/local_setup.sh
[2.633s] -- Installing: /home/rokae/workspace/rokae_ros2_sim2real/install/g_maduo_model/share/g_maduo_model/local_setup.zsh
[2.633s] -- Installing: /home/rokae/workspace/rokae_ros2_sim2real/install/g_maduo_model/share/g_maduo_model/local_setup.dsv
[2.633s] -- Installing: /home/rokae/workspace/rokae_ros2_sim2real/install/g_maduo_model/share/g_maduo_model/package.dsv
[2.633s] -- Installing: /home/rokae/workspace/rokae_ros2_sim2real/install/g_maduo_model/share/ament_index/resource_index/packages/g_maduo_model
[2.633s] -- Installing: /home/rokae/workspace/rokae_ros2_sim2real/install/g_maduo_model/share/g_maduo_model/cmake/g_maduo_modelConfig.cmake
[2.633s] -- Installing: /home/rokae/workspace/rokae_ros2_sim2real/install/g_maduo_model/share/g_maduo_model/cmake/g_maduo_modelConfig-version.cmake
[2.633s] -- Installing: /home/rokae/workspace/rokae_ros2_sim2real/install/g_maduo_model/share/g_maduo_model/package.xml
[2.633s] -- Installing: /home/rokae/workspace/rokae_ros2_sim2real/install/g_maduo_model/share/g_maduo_model/meshes
[2.633s] -- Installing: /home/rokae/workspace/rokae_ros2_sim2real/install/g_maduo_model/share/g_maduo_model/meshes/visual
[2.633s] -- Installing: /home/rokae/workspace/rokae_ros2_sim2real/install/g_maduo_model/share/g_maduo_model/meshes/visual/xMatePro7_link3.stl
[2.673s] -- Installing: /home/rokae/workspace/rokae_ros2_sim2real/install/g_maduo_model/share/g_maduo_model/meshes/visual/xMatePro7_link6.stl
[2.699s] -- Installing: /home/rokae/workspace/rokae_ros2_sim2real/install/g_maduo_model/share/g_maduo_model/meshes/visual/2f_85
[2.699s] -- Installing: /home/rokae/workspace/rokae_ros2_sim2real/install/g_maduo_model/share/g_maduo_model/meshes/visual/2f_85/left_knuckle.dae
[2.706s] -- Installing: /home/rokae/workspace/rokae_ros2_sim2real/install/g_maduo_model/share/g_maduo_model/meshes/visual/2f_85/robotiq_base.dae
[2.787s] -- Installing: /home/rokae/workspace/rokae_ros2_sim2real/install/g_maduo_model/share/g_maduo_model/meshes/visual/2f_85/left_finger.dae
[2.791s] -- Installing: /home/rokae/workspace/rokae_ros2_sim2real/install/g_maduo_model/share/g_maduo_model/meshes/visual/2f_85/left_finger_tip.dae
[2.799s] -- Installing: /home/rokae/workspace/rokae_ros2_sim2real/install/g_maduo_model/share/g_maduo_model/meshes/visual/2f_85/ur_to_robotiq_adapter.dae
[2.806s] -- Installing: /home/rokae/workspace/rokae_ros2_sim2real/install/g_maduo_model/share/g_maduo_model/meshes/visual/2f_85/right_knuckle.dae
[2.807s] -- Installing: /home/rokae/workspace/rokae_ros2_sim2real/install/g_maduo_model/share/g_maduo_model/meshes/visual/2f_85/left_inner_knuckle.dae
[2.817s] -- Installing: /home/rokae/workspace/rokae_ros2_sim2real/install/g_maduo_model/share/g_maduo_model/meshes/visual/2f_85/right_finger.dae
[2.825s] -- Installing: /home/rokae/workspace/rokae_ros2_sim2real/install/g_maduo_model/share/g_maduo_model/meshes/visual/2f_85/right_inner_knuckle.dae
[2.831s] -- Installing: /home/rokae/workspace/rokae_ros2_sim2real/install/g_maduo_model/share/g_maduo_model/meshes/visual/2f_85/right_finger_tip.dae
[2.841s] -- Installing: /home/rokae/workspace/rokae_ros2_sim2real/install/g_maduo_model/share/g_maduo_model/meshes/visual/xMatePro7_link7.stl
[2.875s] -- Installing: /home/rokae/workspace/rokae_ros2_sim2real/install/g_maduo_model/share/g_maduo_model/meshes/visual/xMatePro7_link2.stl
[2.904s] -- Installing: /home/rokae/workspace/rokae_ros2_sim2real/install/g_maduo_model/share/g_maduo_model/meshes/visual/xMatePro7_base.stl
[2.975s] -- Installing: /home/rokae/workspace/rokae_ros2_sim2real/install/g_maduo_model/share/g_maduo_model/meshes/visual/xMatePro7_link4.stl
[3.007s] -- Installing: /home/rokae/workspace/rokae_ros2_sim2real/install/g_maduo_model/share/g_maduo_model/meshes/visual/xMatePro7_link1.stl
[3.049s] -- Installing: /home/rokae/workspace/rokae_ros2_sim2real/install/g_maduo_model/share/g_maduo_model/meshes/visual/xMatePro7_link5.stl
[3.069s] -- Installing: /home/rokae/workspace/rokae_ros2_sim2real/install/g_maduo_model/share/g_maduo_model/meshes/collision
[3.070s] -- Installing: /home/rokae/workspace/rokae_ros2_sim2real/install/g_maduo_model/share/g_maduo_model/meshes/collision/xMatePro7_link3.stl
[3.091s] -- Installing: /home/rokae/workspace/rokae_ros2_sim2real/install/g_maduo_model/share/g_maduo_model/meshes/collision/xMatePro7_link6.stl
[3.107s] -- Installing: /home/rokae/workspace/rokae_ros2_sim2real/install/g_maduo_model/share/g_maduo_model/meshes/collision/2f_85
[3.108s] -- Installing: /home/rokae/workspace/rokae_ros2_sim2real/install/g_maduo_model/share/g_maduo_model/meshes/collision/2f_85/robotiq_base.stl
[3.108s] -- Installing: /home/rokae/workspace/rokae_ros2_sim2real/install/g_maduo_model/share/g_maduo_model/meshes/collision/2f_85/right_finger_tip.stl
[3.110s] -- Installing: /home/rokae/workspace/rokae_ros2_sim2real/install/g_maduo_model/share/g_maduo_model/meshes/collision/2f_85/right_inner_knuckle.stl
[3.113s] -- Installing: /home/rokae/workspace/rokae_ros2_sim2real/install/g_maduo_model/share/g_maduo_model/meshes/collision/2f_85/left_finger_tip.stl
[3.113s] -- Installing: /home/rokae/workspace/rokae_ros2_sim2real/install/g_maduo_model/share/g_maduo_model/meshes/collision/2f_85/right_finger.stl
[3.115s] -- Installing: /home/rokae/workspace/rokae_ros2_sim2real/install/g_maduo_model/share/g_maduo_model/meshes/collision/2f_85/left_finger.stl
[3.117s] -- Installing: /home/rokae/workspace/rokae_ros2_sim2real/install/g_maduo_model/share/g_maduo_model/meshes/collision/2f_85/left_inner_knuckle.stl
[3.118s] -- Installing: /home/rokae/workspace/rokae_ros2_sim2real/install/g_maduo_model/share/g_maduo_model/meshes/collision/2f_85/left_knuckle.stl
[3.119s] -- Installing: /home/rokae/workspace/rokae_ros2_sim2real/install/g_maduo_model/share/g_maduo_model/meshes/collision/2f_85/ur_to_robotiq_adapter.stl
[3.120s] -- Installing: /home/rokae/workspace/rokae_ros2_sim2real/install/g_maduo_model/share/g_maduo_model/meshes/collision/2f_85/right_knuckle.stl
[3.120s] -- Installing: /home/rokae/workspace/rokae_ros2_sim2real/install/g_maduo_model/share/g_maduo_model/meshes/collision/xMatePro7_link7.stl
[3.145s] -- Installing: /home/rokae/workspace/rokae_ros2_sim2real/install/g_maduo_model/share/g_maduo_model/meshes/collision/xMatePro7_link2.stl
[3.174s] -- Installing: /home/rokae/workspace/rokae_ros2_sim2real/install/g_maduo_model/share/g_maduo_model/meshes/collision/xMatePro7_base.stl
[3.211s] -- Installing: /home/rokae/workspace/rokae_ros2_sim2real/install/g_maduo_model/share/g_maduo_model/meshes/collision/xMatePro7_link4.stl
[3.226s] -- Installing: /home/rokae/workspace/rokae_ros2_sim2real/install/g_maduo_model/share/g_maduo_model/meshes/collision/xMatePro7_link1.stl
[3.250s] -- Installing: /home/rokae/workspace/rokae_ros2_sim2real/install/g_maduo_model/share/g_maduo_model/meshes/collision/xMatePro7_link5.stl
[3.269s] -- Installing: /home/rokae/workspace/rokae_ros2_sim2real/install/g_maduo_model/share/g_maduo_model/urdf
[3.269s] -- Installing: /home/rokae/workspace/rokae_ros2_sim2real/install/g_maduo_model/share/g_maduo_model/urdf/xMatePro7.urdf
[3.269s] -- Installing: /home/rokae/workspace/rokae_ros2_sim2real/install/g_maduo_model/share/g_maduo_model/urdf/xMatePro7.xacro
[3.274s] Invoked command in '/home/rokae/workspace/rokae_ros2_sim2real/build/g_maduo_model' returned '0': CMAKE_PREFIX_PATH=${CMAKE_PREFIX_PATH}:/home/rokae/workspace/rokae_ros2_sim2real/install/easy_handeye2_demo:/home/rokae/workspace/rokae_ros2_sim2real/install/easy_handeye2:/home/rokae/workspace/ws_moveit/install/moveit_configs_utils:/home/rokae/workspace/ws_moveit/install/launch_param_builder:/opt/ros/humble /usr/bin/cmake --install /home/rokae/workspace/rokae_ros2_sim2real/build/g_maduo_model
