-- Found ament_cmake: 1.3.11 (/opt/ros/humble/share/ament_cmake/cmake)
-- Found rclcpp: 16.0.11 (/opt/ros/humble/share/rclcpp/cmake)
-- Found rosidl_generator_c: 3.1.6 (/opt/ros/humble/share/rosidl_generator_c/cmake)
-- Found rosidl_adapter: 3.1.6 (/opt/ros/humble/share/rosidl_adapter/cmake)
-- Found rosidl_generator_cpp: 3.1.6 (/opt/ros/humble/share/rosidl_generator_cpp/cmake)
-- Using all available rosidl_typesupport_c: rosidl_typesupport_fastrtps_c;rosidl_typesupport_introspection_c
-- Using all available rosidl_typesupport_cpp: rosidl_typesupport_fastrtps_cpp;rosidl_typesupport_introspection_cpp
-- Found rmw_implementation_cmake: 6.1.2 (/opt/ros/humble/share/rmw_implementation_cmake/cmake)
-- Found rmw_fastrtps_cpp: 6.2.7 (/opt/ros/humble/share/rmw_fastrtps_cpp/cmake)
-- Using RMW implementation 'rmw_fastrtps_cpp' as default
-- Found sensor_msgs: 4.2.4 (/opt/ros/humble/share/sensor_msgs/cmake)
-- Found control_msgs: 4.7.0 (/opt/ros/humble/share/control_msgs/cmake)
-- Configuring done
-- Generating done
-- Build files have been written to: /home/rokae/workspace/rokae_ros2_sim2real/build/rokae_udp_bridge
[35m[1mConsolidate compiler generated dependencies of target rokae_udp_bridge[0m
[100%] Built target rokae_udp_bridge
-- Install configuration: ""
-- Up-to-date: /home/rokae/workspace/rokae_ros2_sim2real/install/rokae_udp_bridge/lib/rokae_udp_bridge/rokae_udp_bridge
-- Up-to-date: /home/rokae/workspace/rokae_ros2_sim2real/install/rokae_udp_bridge/share/rokae_udp_bridge/launch
-- Up-to-date: /home/rokae/workspace/rokae_ros2_sim2real/install/rokae_udp_bridge/share/rokae_udp_bridge/launch/config.yaml
-- Up-to-date: /home/rokae/workspace/rokae_ros2_sim2real/install/rokae_udp_bridge/share/rokae_udp_bridge/launch/rokae_bridge.launch.py
-- Installing: /home/rokae/workspace/rokae_ros2_sim2real/install/rokae_udp_bridge/share/ament_index/resource_index/package_run_dependencies/rokae_udp_bridge
-- Installing: /home/rokae/workspace/rokae_ros2_sim2real/install/rokae_udp_bridge/share/ament_index/resource_index/parent_prefix_path/rokae_udp_bridge
-- Installing: /home/rokae/workspace/rokae_ros2_sim2real/install/rokae_udp_bridge/share/rokae_udp_bridge/environment/ament_prefix_path.sh
-- Installing: /home/rokae/workspace/rokae_ros2_sim2real/install/rokae_udp_bridge/share/rokae_udp_bridge/environment/ament_prefix_path.dsv
-- Installing: /home/rokae/workspace/rokae_ros2_sim2real/install/rokae_udp_bridge/share/rokae_udp_bridge/environment/path.sh
-- Installing: /home/rokae/workspace/rokae_ros2_sim2real/install/rokae_udp_bridge/share/rokae_udp_bridge/environment/path.dsv
-- Installing: /home/rokae/workspace/rokae_ros2_sim2real/install/rokae_udp_bridge/share/rokae_udp_bridge/local_setup.bash
-- Installing: /home/rokae/workspace/rokae_ros2_sim2real/install/rokae_udp_bridge/share/rokae_udp_bridge/local_setup.sh
-- Installing: /home/rokae/workspace/rokae_ros2_sim2real/install/rokae_udp_bridge/share/rokae_udp_bridge/local_setup.zsh
-- Installing: /home/rokae/workspace/rokae_ros2_sim2real/install/rokae_udp_bridge/share/rokae_udp_bridge/local_setup.dsv
-- Installing: /home/rokae/workspace/rokae_ros2_sim2real/install/rokae_udp_bridge/share/rokae_udp_bridge/package.dsv
-- Installing: /home/rokae/workspace/rokae_ros2_sim2real/install/rokae_udp_bridge/share/ament_index/resource_index/packages/rokae_udp_bridge
-- Installing: /home/rokae/workspace/rokae_ros2_sim2real/install/rokae_udp_bridge/share/rokae_udp_bridge/cmake/rokae_udp_bridgeConfig.cmake
-- Installing: /home/rokae/workspace/rokae_ros2_sim2real/install/rokae_udp_bridge/share/rokae_udp_bridge/cmake/rokae_udp_bridgeConfig-version.cmake
-- Installing: /home/rokae/workspace/rokae_ros2_sim2real/install/rokae_udp_bridge/share/rokae_udp_bridge/package.xml
