[0.074s] Invoking command in '/home/rokae/workspace/rokae_ros2_sim2real/build/rokae_udp_bridge': CMAKE_PREFIX_PATH=${CMAKE_PREFIX_PATH}:/home/rokae/workspace/ws_moveit/install/moveit_configs_utils:/home/rokae/workspace/ws_moveit/install/launch_param_builder:/opt/ros/humble /usr/bin/cmake --build /home/rokae/workspace/rokae_ros2_sim2real/build/rokae_udp_bridge -- -j32 -l32
[0.139s] -- Found ament_cmake: 1.3.11 (/opt/ros/humble/share/ament_cmake/cmake)
[0.454s] -- Found rclcpp: 16.0.11 (/opt/ros/humble/share/rclcpp/cmake)
[0.521s] -- Found rosidl_generator_c: 3.1.6 (/opt/ros/humble/share/rosidl_generator_c/cmake)
[0.526s] -- Found rosidl_adapter: 3.1.6 (/opt/ros/humble/share/rosidl_adapter/cmake)
[0.538s] -- Found rosidl_generator_cpp: 3.1.6 (/opt/ros/humble/share/rosidl_generator_cpp/cmake)
[0.568s] -- Using all available rosidl_typesupport_c: rosidl_typesupport_fastrtps_c;rosidl_typesupport_introspection_c
[0.603s] -- Using all available rosidl_typesupport_cpp: rosidl_typesupport_fastrtps_cpp;rosidl_typesupport_introspection_cpp
[0.679s] -- Found rmw_implementation_cmake: 6.1.2 (/opt/ros/humble/share/rmw_implementation_cmake/cmake)
[0.690s] -- Found rmw_fastrtps_cpp: 6.2.7 (/opt/ros/humble/share/rmw_fastrtps_cpp/cmake)
[0.988s] -- Using RMW implementation 'rmw_fastrtps_cpp' as default
[1.094s] -- Found sensor_msgs: 4.2.4 (/opt/ros/humble/share/sensor_msgs/cmake)
[1.154s] -- Found control_msgs: 4.7.0 (/opt/ros/humble/share/control_msgs/cmake)
[1.454s] -- Configuring done
[1.475s] -- Generating done
[1.483s] -- Build files have been written to: /home/rokae/workspace/rokae_ros2_sim2real/build/rokae_udp_bridge
[1.550s] [35m[1mConsolidate compiler generated dependencies of target rokae_udp_bridge[0m
[1.591s] [100%] Built target rokae_udp_bridge
[1.735s] Invoked command in '/home/rokae/workspace/rokae_ros2_sim2real/build/rokae_udp_bridge' returned '0': CMAKE_PREFIX_PATH=${CMAKE_PREFIX_PATH}:/home/rokae/workspace/ws_moveit/install/moveit_configs_utils:/home/rokae/workspace/ws_moveit/install/launch_param_builder:/opt/ros/humble /usr/bin/cmake --build /home/rokae/workspace/rokae_ros2_sim2real/build/rokae_udp_bridge -- -j32 -l32
[1.737s] Invoking command in '/home/rokae/workspace/rokae_ros2_sim2real/build/rokae_udp_bridge': CMAKE_PREFIX_PATH=${CMAKE_PREFIX_PATH}:/home/rokae/workspace/ws_moveit/install/moveit_configs_utils:/home/rokae/workspace/ws_moveit/install/launch_param_builder:/opt/ros/humble /usr/bin/cmake --install /home/rokae/workspace/rokae_ros2_sim2real/build/rokae_udp_bridge
[1.768s] -- Install configuration: ""
[1.769s] -- Up-to-date: /home/rokae/workspace/rokae_ros2_sim2real/install/rokae_udp_bridge/lib/rokae_udp_bridge/rokae_udp_bridge
[1.769s] -- Up-to-date: /home/rokae/workspace/rokae_ros2_sim2real/install/rokae_udp_bridge/share/rokae_udp_bridge/launch
[1.769s] -- Up-to-date: /home/rokae/workspace/rokae_ros2_sim2real/install/rokae_udp_bridge/share/rokae_udp_bridge/launch/config.yaml
[1.769s] -- Up-to-date: /home/rokae/workspace/rokae_ros2_sim2real/install/rokae_udp_bridge/share/rokae_udp_bridge/launch/rokae_bridge.launch.py
[1.773s] -- Installing: /home/rokae/workspace/rokae_ros2_sim2real/install/rokae_udp_bridge/share/ament_index/resource_index/package_run_dependencies/rokae_udp_bridge
[1.775s] -- Installing: /home/rokae/workspace/rokae_ros2_sim2real/install/rokae_udp_bridge/share/ament_index/resource_index/parent_prefix_path/rokae_udp_bridge
[1.776s] -- Installing: /home/rokae/workspace/rokae_ros2_sim2real/install/rokae_udp_bridge/share/rokae_udp_bridge/environment/ament_prefix_path.sh
[1.776s] -- Installing: /home/rokae/workspace/rokae_ros2_sim2real/install/rokae_udp_bridge/share/rokae_udp_bridge/environment/ament_prefix_path.dsv
[1.777s] -- Installing: /home/rokae/workspace/rokae_ros2_sim2real/install/rokae_udp_bridge/share/rokae_udp_bridge/environment/path.sh
[1.777s] -- Installing: /home/rokae/workspace/rokae_ros2_sim2real/install/rokae_udp_bridge/share/rokae_udp_bridge/environment/path.dsv
[1.777s] -- Installing: /home/rokae/workspace/rokae_ros2_sim2real/install/rokae_udp_bridge/share/rokae_udp_bridge/local_setup.bash
[1.777s] -- Installing: /home/rokae/workspace/rokae_ros2_sim2real/install/rokae_udp_bridge/share/rokae_udp_bridge/local_setup.sh
[1.777s] -- Installing: /home/rokae/workspace/rokae_ros2_sim2real/install/rokae_udp_bridge/share/rokae_udp_bridge/local_setup.zsh
[1.777s] -- Installing: /home/rokae/workspace/rokae_ros2_sim2real/install/rokae_udp_bridge/share/rokae_udp_bridge/local_setup.dsv
[1.777s] -- Installing: /home/rokae/workspace/rokae_ros2_sim2real/install/rokae_udp_bridge/share/rokae_udp_bridge/package.dsv
[1.777s] -- Installing: /home/rokae/workspace/rokae_ros2_sim2real/install/rokae_udp_bridge/share/ament_index/resource_index/packages/rokae_udp_bridge
[1.777s] -- Installing: /home/rokae/workspace/rokae_ros2_sim2real/install/rokae_udp_bridge/share/rokae_udp_bridge/cmake/rokae_udp_bridgeConfig.cmake
[1.778s] -- Installing: /home/rokae/workspace/rokae_ros2_sim2real/install/rokae_udp_bridge/share/rokae_udp_bridge/cmake/rokae_udp_bridgeConfig-version.cmake
[1.778s] -- Installing: /home/rokae/workspace/rokae_ros2_sim2real/install/rokae_udp_bridge/share/rokae_udp_bridge/package.xml
[1.833s] Invoked command in '/home/rokae/workspace/rokae_ros2_sim2real/build/rokae_udp_bridge' returned '0': CMAKE_PREFIX_PATH=${CMAKE_PREFIX_PATH}:/home/rokae/workspace/ws_moveit/install/moveit_configs_utils:/home/rokae/workspace/ws_moveit/install/launch_param_builder:/opt/ros/humble /usr/bin/cmake --install /home/rokae/workspace/rokae_ros2_sim2real/build/rokae_udp_bridge
