[01m[K/home/rokae/workspace/rokae_ros2_sim2real/src/robot_driver/rokae_driver/src/rokae_controller.cpp:142:13:[m[K [01;31m[Kerror: [m[K‘[01m[KTimeBase[m[K’ in namespace ‘[01m[Krclcpp[m[K’ does not name a type; did you mean ‘[01m[KTimerBase[m[K’?
  142 |     rclcpp::[01;31m[KTimeBase[m[K::SharedPtr timer_;
      |             [01;31m[K^~~~~~~~[m[K
      |             [32m[KTimerBase[m[K
[01m[K/home/rokae/workspace/rokae_ros2_sim2real/src/robot_driver/rokae_driver/src/rokae_controller.cpp:154:17:[m[K [01;31m[Kerror: [m[K‘[01m[KJointData[m[K’ was not declared in this scope
  154 |     std::vector<[01;31m[KJointData[m[K> joint_data;
      |                 [01;31m[K^~~~~~~~~[m[K
[01m[K/home/rokae/workspace/rokae_ros2_sim2real/src/robot_driver/rokae_driver/src/rokae_controller.cpp:154:26:[m[K [01;31m[Kerror: [m[Ktemplate argument 1 is invalid
  154 |     std::vector<JointData[01;31m[K>[m[K joint_data;
      |                          [01;31m[K^[m[K
[01m[K/home/rokae/workspace/rokae_ros2_sim2real/src/robot_driver/rokae_driver/src/rokae_controller.cpp:154:26:[m[K [01;31m[Kerror: [m[Ktemplate argument 2 is invalid
[01m[K/home/rokae/workspace/rokae_ros2_sim2real/src/robot_driver/rokae_driver/src/rokae_controller.cpp:[m[K In constructor ‘[01m[KRobotController::RobotController(const string&, const string&)[m[K’:
[01m[K/home/rokae/workspace/rokae_ros2_sim2real/src/robot_driver/rokae_driver/src/rokae_controller.cpp:28:135:[m[K [01;31m[Kerror: [m[Kclass ‘[01m[KRobotController[m[K’ does not have any field named ‘[01m[Ktimer_[m[K’
   28 |         : Node("robot_controller"), remoteIP_(remoteIP), localIP_(localIP), running(false), index_(0), stepCount_(0), pauseCount_(0), [01;31m[Ktimer_[m[K(0.0) {
      |                                                                                                                                       [01;31m[K^~~~~~[m[K
[01m[K/home/rokae/workspace/rokae_ros2_sim2real/src/robot_driver/rokae_driver/src/rokae_controller.cpp:32:95:[m[K [01;31m[Kerror: [m[Kno matching function for call to ‘[01m[KRobotController::create_publisher<trajectory_msgs::msg::JointTrajectory>(const char [17], int, std::_Bind_helper<false, void (RobotController::*)(std::shared_ptr<trajectory_msgs::msg::JointTrajectory_<std::allocator<void> > >), RobotController*, const std::_Placeholder<1>&>::type)[m[K’
   32 |         trajectory_subscriber_ = [01;31m[Kthis->create_publisher<trajectory_msgs::msg::JointTrajectory>([m[K
      |                                  [01;31m[K~~~~~~~~~~~~~~~~~~~~~~~~~~~~~~~~~~~~~~~~~~~~~~~~~~~~~~~~~~~~~^[m[K
   33 | [01;31m[K            "joint_trajectory",10,[m[K
      |             [01;31m[K~~~~~~~~~~~~~~~~~~~~~~[m[K                                                             
   34 | [01;31m[K            std::bind(&RobotController::trajectory_callback,this,std::placeholders::_1)[m[K
      |             [01;31m[K~~~~~~~~~~~~~~~~~~~~~~~~~~~~~~~~~~~~~~~~~~~~~~~~~~~~~~~~~~~~~~~~~~~~~~~~~~~[m[K        
   35 | [01;31m[K        )[m[K;
      |         [01;31m[K~[m[K                                                                                      
In file included from [01m[K/opt/ros/humble/include/rclcpp/rclcpp/node.hpp:1321[m[K,
                 from [01m[K/opt/ros/humble/include/rclcpp/rclcpp/executors/single_threaded_executor.hpp:28[m[K,
                 from [01m[K/opt/ros/humble/include/rclcpp/rclcpp/executors.hpp:22[m[K,
                 from [01m[K/opt/ros/humble/include/rclcpp/rclcpp/rclcpp.hpp:155[m[K,
                 from [01m[K/home/rokae/workspace/rokae_ros2_sim2real/src/robot_driver/rokae_driver/src/rokae_controller.cpp:14[m[K:
[01m[K/opt/ros/humble/include/rclcpp/rclcpp/node_impl.hpp:73:1:[m[K [01;36m[Knote: [m[Kcandidate: ‘[01m[Ktemplate<class MessageT, class AllocatorT, class PublisherT> std::shared_ptr<PublisherT> rclcpp::Node::create_publisher(const string&, const rclcpp::QoS&, const rclcpp::PublisherOptionsWithAllocator<AllocatorT>&)[m[K’
   73 | [01;36m[KNode[m[K::create_publisher(
      | [01;36m[K^~~~[m[K
[01m[K/opt/ros/humble/include/rclcpp/rclcpp/node_impl.hpp:73:1:[m[K [01;36m[Knote: [m[K  template argument deduction/substitution failed:
[01m[K/home/rokae/workspace/rokae_ros2_sim2real/src/robot_driver/rokae_driver/src/rokae_controller.cpp:32:95:[m[K [01;36m[Knote: [m[K  ‘[01m[Kstd::_Bind_helper<false, void (RobotController::*)(std::shared_ptr<trajectory_msgs::msg::JointTrajectory_<std::allocator<void> > >), RobotController*, const std::_Placeholder<1>&>::type[m[K’ is not derived from ‘[01m[Kconst rclcpp::PublisherOptionsWithAllocator<AllocatorT>[m[K’
   32 |         trajectory_subscriber_ = [01;36m[Kthis->create_publisher<trajectory_msgs::msg::JointTrajectory>([m[K
      |                                  [01;36m[K~~~~~~~~~~~~~~~~~~~~~~~~~~~~~~~~~~~~~~~~~~~~~~~~~~~~~~~~~~~~~^[m[K
   33 | [01;36m[K            "joint_trajectory",10,[m[K
      |             [01;36m[K~~~~~~~~~~~~~~~~~~~~~~[m[K                                                             
   34 | [01;36m[K            std::bind(&RobotController::trajectory_callback,this,std::placeholders::_1)[m[K
      |             [01;36m[K~~~~~~~~~~~~~~~~~~~~~~~~~~~~~~~~~~~~~~~~~~~~~~~~~~~~~~~~~~~~~~~~~~~~~~~~~~~[m[K        
   35 | [01;36m[K        )[m[K;
      |         [01;36m[K~[m[K                                                                                      
[01m[K/home/rokae/workspace/rokae_ros2_sim2real/src/robot_driver/rokae_driver/src/rokae_controller.cpp:39:41:[m[K [01;31m[Kerror: [m[K‘[01m[Kjoint_command_callback[m[K’ is not a member of ‘[01m[KRobotController[m[K’
   39 |             std::bind(&RobotController::[01;31m[Kjoint_command_callback[m[K,this,std::placeholders::_1)
      |                                         [01;31m[K^~~~~~~~~~~~~~~~~~~~~~[m[K
[01m[K/home/rokae/workspace/rokae_ros2_sim2real/src/robot_driver/rokae_driver/src/rokae_controller.cpp:43:9:[m[K [01;31m[Kerror: [m[K‘[01m[Ktimer_[m[K’ was not declared in this scope; did you mean ‘[01m[Ktimer_t[m[K’?
   43 |         [01;31m[Ktimer_[m[K = this->create_wall_timer(
      |         [01;31m[K^~~~~~[m[K
      |         [32m[Ktimer_t[m[K
[01m[K/home/rokae/workspace/rokae_ros2_sim2real/src/robot_driver/rokae_driver/src/rokae_controller.cpp:51:40:[m[K [01;31m[Kerror: [m[Kno matching function for call to ‘[01m[Kstd::vector<double>::resize(std::vector<std::__cxx11::basic_string<char> >::size_type, int, int)[m[K’
   51 |         [01;31m[Kcurrent_joint_positions_.resize(joint_names_.size(),0,0)[m[K;
      |         [01;31m[K~~~~~~~~~~~~~~~~~~~~~~~~~~~~~~~^~~~~~~~~~~~~~~~~~~~~~~~~[m[K
In file included from [01m[K/usr/include/c++/11/vector:67[m[K,
                 from [01m[K/home/rokae/workspace/rokae_ros2_sim2real/src/robot_driver/rokae_driver/src/rokae_controller.cpp:7[m[K:
[01m[K/usr/include/c++/11/bits/stl_vector.h:937:7:[m[K [01;36m[Knote: [m[Kcandidate: ‘[01m[Kvoid std::vector<_Tp, _Alloc>::resize(std::vector<_Tp, _Alloc>::size_type) [with _Tp = double; _Alloc = std::allocator<double>; std::vector<_Tp, _Alloc>::size_type = long unsigned int][m[K’
  937 |       [01;36m[Kresize[m[K(size_type __new_size)
      |       [01;36m[K^~~~~~[m[K
[01m[K/usr/include/c++/11/bits/stl_vector.h:937:7:[m[K [01;36m[Knote: [m[K  candidate expects 1 argument, 3 provided
[01m[K/usr/include/c++/11/bits/stl_vector.h:957:7:[m[K [01;36m[Knote: [m[Kcandidate: ‘[01m[Kvoid std::vector<_Tp, _Alloc>::resize(std::vector<_Tp, _Alloc>::size_type, const value_type&) [with _Tp = double; _Alloc = std::allocator<double>; std::vector<_Tp, _Alloc>::size_type = long unsigned int; std::vector<_Tp, _Alloc>::value_type = double][m[K’
  957 |       [01;36m[Kresize[m[K(size_type __new_size, const value_type& __x)
      |       [01;36m[K^~~~~~[m[K
[01m[K/usr/include/c++/11/bits/stl_vector.h:957:7:[m[K [01;36m[Knote: [m[K  candidate expects 2 arguments, 3 provided
[01m[K/home/rokae/workspace/rokae_ros2_sim2real/src/robot_driver/rokae_driver/src/rokae_controller.cpp:52:39:[m[K [01;31m[Kerror: [m[Kno matching function for call to ‘[01m[Kstd::vector<double>::resize(std::vector<std::__cxx11::basic_string<char> >::size_type, int, int)[m[K’
   52 |         [01;31m[Ktarget_joint_positions_.resize(joint_names_.size(),0,0)[m[K;
      |         [01;31m[K~~~~~~~~~~~~~~~~~~~~~~~~~~~~~~^~~~~~~~~~~~~~~~~~~~~~~~~[m[K
In file included from [01m[K/usr/include/c++/11/vector:67[m[K,
                 from [01m[K/home/rokae/workspace/rokae_ros2_sim2real/src/robot_driver/rokae_driver/src/rokae_controller.cpp:7[m[K:
[01m[K/usr/include/c++/11/bits/stl_vector.h:937:7:[m[K [01;36m[Knote: [m[Kcandidate: ‘[01m[Kvoid std::vector<_Tp, _Alloc>::resize(std::vector<_Tp, _Alloc>::size_type) [with _Tp = double; _Alloc = std::allocator<double>; std::vector<_Tp, _Alloc>::size_type = long unsigned int][m[K’
  937 |       [01;36m[Kresize[m[K(size_type __new_size)
      |       [01;36m[K^~~~~~[m[K
[01m[K/usr/include/c++/11/bits/stl_vector.h:937:7:[m[K [01;36m[Knote: [m[K  candidate expects 1 argument, 3 provided
[01m[K/usr/include/c++/11/bits/stl_vector.h:957:7:[m[K [01;36m[Knote: [m[Kcandidate: ‘[01m[Kvoid std::vector<_Tp, _Alloc>::resize(std::vector<_Tp, _Alloc>::size_type, const value_type&) [with _Tp = double; _Alloc = std::allocator<double>; std::vector<_Tp, _Alloc>::size_type = long unsigned int; std::vector<_Tp, _Alloc>::value_type = double][m[K’
  957 |       [01;36m[Kresize[m[K(size_type __new_size, const value_type& __x)
      |       [01;36m[K^~~~~~[m[K
[01m[K/usr/include/c++/11/bits/stl_vector.h:957:7:[m[K [01;36m[Knote: [m[K  candidate expects 2 arguments, 3 provided
[01m[K/home/rokae/workspace/rokae_ros2_sim2real/src/robot_driver/rokae_driver/src/rokae_controller.cpp:[m[K In member function ‘[01m[Kstd::vector<double> RobotController::example_basicOperation(rokae::xMateErProRobot&)[m[K’:
[01m[K/home/rokae/workspace/rokae_ros2_sim2real/src/robot_driver/rokae_driver/src/rokae_controller.cpp:101:57:[m[K [01;31m[Kerror: [m[Kconversion from ‘[01m[Kstd::array<double, 7>[m[K’ to non-scalar type ‘[01m[Kstd::vector<double>[m[K’ requested
  101 |           std::vector<double> joint_pos = [01;31m[Krobot.jointPos(ec)[m[K; // 轴角度 [rad]
      |                                           [01;31m[K~~~~~~~~~~~~~~^~~~[m[K
gmake[2]: *** [CMakeFiles/rokae_controller.dir/build.make:76：CMakeFiles/rokae_controller.dir/src/rokae_controller.cpp.o] 错误 1
gmake[1]: *** [CMakeFiles/Makefile2:251：CMakeFiles/rokae_controller.dir/all] 错误 2
gmake: *** [Makefile:146：all] 错误 2
