[1.344s] Invoking command in '/home/rokae/workspace/rokae_ros2_sim2real/src/easy_handeye2_demo': AMENT_PREFIX_PATH=/home/rokae/workspace/rokae_ros2_sim2real/install/easy_handeye2:/home/rokae/workspace/rokae_ros2_sim2real/install/easy_handeye2_msgs:${AMENT_PREFIX_PATH} CMAKE_PREFIX_PATH=/home/rokae/workspace/rokae_ros2_sim2real/install/easy_handeye2_msgs:${CMAKE_PREFIX_PATH} LD_LIBRARY_PATH=/home/rokae/workspace/rokae_ros2_sim2real/install/easy_handeye2_msgs/lib:${LD_LIBRARY_PATH} PYTHONPATH=/home/rokae/workspace/rokae_ros2_sim2real/build/easy_handeye2_demo/prefix_override:/usr/lib/python3/dist-packages/colcon_core/task/python/colcon_distutils_commands:/home/rokae/workspace/rokae_ros2_sim2real/install/easy_handeye2_demo/lib/python3.10/site-packages:/home/rokae/workspace/rokae_ros2_sim2real/install/easy_handeye2/lib/python3.10/site-packages:/home/rokae/workspace/rokae_ros2_sim2real/install/easy_handeye2_msgs/local/lib/python3.10/dist-packages:${PYTHONPATH} /usr/bin/python3 -W ignore:setup.py install is deprecated -W ignore:easy_install command is deprecated setup.py egg_info --egg-base ../../build/easy_handeye2_demo build --build-base /home/rokae/workspace/rokae_ros2_sim2real/build/easy_handeye2_demo/build install --record /home/rokae/workspace/rokae_ros2_sim2real/build/easy_handeye2_demo/install.log --single-version-externally-managed install_data
[1.850s] running egg_info
[1.852s] writing ../../build/easy_handeye2_demo/easy_handeye2_demo.egg-info/PKG-INFO
[1.852s] writing dependency_links to ../../build/easy_handeye2_demo/easy_handeye2_demo.egg-info/dependency_links.txt
[1.853s] writing entry points to ../../build/easy_handeye2_demo/easy_handeye2_demo.egg-info/entry_points.txt
[1.853s] writing requirements to ../../build/easy_handeye2_demo/easy_handeye2_demo.egg-info/requires.txt
[1.853s] writing top-level names to ../../build/easy_handeye2_demo/easy_handeye2_demo.egg-info/top_level.txt
[1.856s] reading manifest file '../../build/easy_handeye2_demo/easy_handeye2_demo.egg-info/SOURCES.txt'
[1.857s] adding license file 'LICENSE.md'
[1.858s] writing manifest file '../../build/easy_handeye2_demo/easy_handeye2_demo.egg-info/SOURCES.txt'
[1.858s] running build
[1.858s] running build_py
[1.859s] running install
[1.860s] running install_lib
[1.862s] running install_data
[1.862s] running install_egg_info
[1.868s] removing '/home/rokae/workspace/rokae_ros2_sim2real/install/easy_handeye2_demo/lib/python3.10/site-packages/easy_handeye2_demo-0.5.0-py3.10.egg-info' (and everything under it)
[1.868s] Copying ../../build/easy_handeye2_demo/easy_handeye2_demo.egg-info to /home/rokae/workspace/rokae_ros2_sim2real/install/easy_handeye2_demo/lib/python3.10/site-packages/easy_handeye2_demo-0.5.0-py3.10.egg-info
[1.869s] running install_scripts
[1.917s] Installing tracking_simulator script to /home/rokae/workspace/rokae_ros2_sim2real/install/easy_handeye2_demo/lib/easy_handeye2_demo
[1.918s] writing list of installed files to '/home/rokae/workspace/rokae_ros2_sim2real/build/easy_handeye2_demo/install.log'
[1.965s] Invoked command in '/home/rokae/workspace/rokae_ros2_sim2real/src/easy_handeye2_demo' returned '0': AMENT_PREFIX_PATH=/home/rokae/workspace/rokae_ros2_sim2real/install/easy_handeye2:/home/rokae/workspace/rokae_ros2_sim2real/install/easy_handeye2_msgs:${AMENT_PREFIX_PATH} CMAKE_PREFIX_PATH=/home/rokae/workspace/rokae_ros2_sim2real/install/easy_handeye2_msgs:${CMAKE_PREFIX_PATH} LD_LIBRARY_PATH=/home/rokae/workspace/rokae_ros2_sim2real/install/easy_handeye2_msgs/lib:${LD_LIBRARY_PATH} PYTHONPATH=/home/rokae/workspace/rokae_ros2_sim2real/build/easy_handeye2_demo/prefix_override:/usr/lib/python3/dist-packages/colcon_core/task/python/colcon_distutils_commands:/home/rokae/workspace/rokae_ros2_sim2real/install/easy_handeye2_demo/lib/python3.10/site-packages:/home/rokae/workspace/rokae_ros2_sim2real/install/easy_handeye2/lib/python3.10/site-packages:/home/rokae/workspace/rokae_ros2_sim2real/install/easy_handeye2_msgs/local/lib/python3.10/dist-packages:${PYTHONPATH} /usr/bin/python3 -W ignore:setup.py install is deprecated -W ignore:easy_install command is deprecated setup.py egg_info --egg-base ../../build/easy_handeye2_demo build --build-base /home/rokae/workspace/rokae_ros2_sim2real/build/easy_handeye2_demo/build install --record /home/rokae/workspace/rokae_ros2_sim2real/build/easy_handeye2_demo/install.log --single-version-externally-managed install_data
