[0.068s] Invoking command in '/home/rokae/workspace/rokae_ros2_sim2real/build/rokae_description': CMAKE_PREFIX_PATH=${CMAKE_PREFIX_PATH}:/home/rokae/workspace/rokae_ros2_sim2real/install/easy_handeye2_demo:/home/rokae/workspace/rokae_ros2_sim2real/install/easy_handeye2:/home/rokae/workspace/ws_moveit/install/moveit_configs_utils:/home/rokae/workspace/ws_moveit/install/launch_param_builder:/opt/ros/humble /usr/bin/cmake --build /home/rokae/workspace/rokae_ros2_sim2real/build/rokae_description -- -j32 -l32
[0.164s] Invoked command in '/home/rokae/workspace/rokae_ros2_sim2real/build/rokae_description' returned '0': CMAKE_PREFIX_PATH=${CMAKE_PREFIX_PATH}:/home/rokae/workspace/rokae_ros2_sim2real/install/easy_handeye2_demo:/home/rokae/workspace/rokae_ros2_sim2real/install/easy_handeye2:/home/rokae/workspace/ws_moveit/install/moveit_configs_utils:/home/rokae/workspace/ws_moveit/install/launch_param_builder:/opt/ros/humble /usr/bin/cmake --build /home/rokae/workspace/rokae_ros2_sim2real/build/rokae_description -- -j32 -l32
[0.198s] Invoking command in '/home/rokae/workspace/rokae_ros2_sim2real/build/rokae_description': CMAKE_PREFIX_PATH=${CMAKE_PREFIX_PATH}:/home/rokae/workspace/rokae_ros2_sim2real/install/easy_handeye2_demo:/home/rokae/workspace/rokae_ros2_sim2real/install/easy_handeye2:/home/rokae/workspace/ws_moveit/install/moveit_configs_utils:/home/rokae/workspace/ws_moveit/install/launch_param_builder:/opt/ros/humble /usr/bin/cmake --install /home/rokae/workspace/rokae_ros2_sim2real/build/rokae_description
[0.223s] -- Install configuration: "Release"
[0.223s] -- Up-to-date: /home/rokae/workspace/rokae_ros2_sim2real/install/rokae_description/share/ament_index/resource_index/package_run_dependencies/rokae_description
[0.224s] -- Up-to-date: /home/rokae/workspace/rokae_ros2_sim2real/install/rokae_description/share/ament_index/resource_index/parent_prefix_path/rokae_description
[0.224s] -- Up-to-date: /home/rokae/workspace/rokae_ros2_sim2real/install/rokae_description/share/rokae_description/environment/ament_prefix_path.sh
[0.227s] -- Up-to-date: /home/rokae/workspace/rokae_ros2_sim2real/install/rokae_description/share/rokae_description/environment/ament_prefix_path.dsv
[0.227s] -- Up-to-date: /home/rokae/workspace/rokae_ros2_sim2real/install/rokae_description/share/rokae_description/environment/path.sh
[0.228s] -- Up-to-date: /home/rokae/workspace/rokae_ros2_sim2real/install/rokae_description/share/rokae_description/environment/path.dsv
[0.229s] -- Up-to-date: /home/rokae/workspace/rokae_ros2_sim2real/install/rokae_description/share/rokae_description/local_setup.bash
[0.229s] -- Up-to-date: /home/rokae/workspace/rokae_ros2_sim2real/install/rokae_description/share/rokae_description/local_setup.sh
[0.229s] -- Up-to-date: /home/rokae/workspace/rokae_ros2_sim2real/install/rokae_description/share/rokae_description/local_setup.zsh
[0.229s] -- Up-to-date: /home/rokae/workspace/rokae_ros2_sim2real/install/rokae_description/share/rokae_description/local_setup.dsv
[0.229s] -- Installing: /home/rokae/workspace/rokae_ros2_sim2real/install/rokae_description/share/rokae_description/package.dsv
[0.229s] -- Up-to-date: /home/rokae/workspace/rokae_ros2_sim2real/install/rokae_description/share/ament_index/resource_index/packages/rokae_description
[0.230s] -- Up-to-date: /home/rokae/workspace/rokae_ros2_sim2real/install/rokae_description/share/rokae_description/cmake/rokae_descriptionConfig.cmake
[0.230s] -- Up-to-date: /home/rokae/workspace/rokae_ros2_sim2real/install/rokae_description/share/rokae_description/cmake/rokae_descriptionConfig-version.cmake
[0.230s] -- Up-to-date: /home/rokae/workspace/rokae_ros2_sim2real/install/rokae_description/share/rokae_description/package.xml
[0.230s] -- Up-to-date: /home/rokae/workspace/rokae_ros2_sim2real/install/rokae_description/share/rokae_description/meshes
[0.230s] -- Up-to-date: /home/rokae/workspace/rokae_ros2_sim2real/install/rokae_description/share/rokae_description/meshes/visual
[0.231s] -- Up-to-date: /home/rokae/workspace/rokae_ros2_sim2real/install/rokae_description/share/rokae_description/meshes/visual/xMatePro7_link3.stl
[0.232s] -- Up-to-date: /home/rokae/workspace/rokae_ros2_sim2real/install/rokae_description/share/rokae_description/meshes/visual/xMatePro7_link6.stl
[0.233s] -- Up-to-date: /home/rokae/workspace/rokae_ros2_sim2real/install/rokae_description/share/rokae_description/meshes/visual/2f_85
[0.233s] -- Up-to-date: /home/rokae/workspace/rokae_ros2_sim2real/install/rokae_description/share/rokae_description/meshes/visual/2f_85/left_knuckle.dae
[0.233s] -- Up-to-date: /home/rokae/workspace/rokae_ros2_sim2real/install/rokae_description/share/rokae_description/meshes/visual/2f_85/robotiq_base.dae
[0.233s] -- Up-to-date: /home/rokae/workspace/rokae_ros2_sim2real/install/rokae_description/share/rokae_description/meshes/visual/2f_85/left_finger.dae
[0.233s] -- Up-to-date: /home/rokae/workspace/rokae_ros2_sim2real/install/rokae_description/share/rokae_description/meshes/visual/2f_85/left_finger_tip.dae
[0.233s] -- Up-to-date: /home/rokae/workspace/rokae_ros2_sim2real/install/rokae_description/share/rokae_description/meshes/visual/2f_85/ur_to_robotiq_adapter.dae
[0.233s] -- Up-to-date: /home/rokae/workspace/rokae_ros2_sim2real/install/rokae_description/share/rokae_description/meshes/visual/2f_85/right_knuckle.dae
[0.234s] -- Up-to-date: /home/rokae/workspace/rokae_ros2_sim2real/install/rokae_description/share/rokae_description/meshes/visual/2f_85/left_inner_knuckle.dae
[0.236s] -- Up-to-date: /home/rokae/workspace/rokae_ros2_sim2real/install/rokae_description/share/rokae_description/meshes/visual/2f_85/right_finger.dae
[0.236s] -- Up-to-date: /home/rokae/workspace/rokae_ros2_sim2real/install/rokae_description/share/rokae_description/meshes/visual/2f_85/right_inner_knuckle.dae
[0.236s] -- Up-to-date: /home/rokae/workspace/rokae_ros2_sim2real/install/rokae_description/share/rokae_description/meshes/visual/2f_85/right_finger_tip.dae
[0.236s] -- Up-to-date: /home/rokae/workspace/rokae_ros2_sim2real/install/rokae_description/share/rokae_description/meshes/visual/xMatePro7_link7.stl
[0.237s] -- Up-to-date: /home/rokae/workspace/rokae_ros2_sim2real/install/rokae_description/share/rokae_description/meshes/visual/xMatePro7_link2.stl
[0.237s] -- Up-to-date: /home/rokae/workspace/rokae_ros2_sim2real/install/rokae_description/share/rokae_description/meshes/visual/xMatePro7_base.stl
[0.237s] -- Up-to-date: /home/rokae/workspace/rokae_ros2_sim2real/install/rokae_description/share/rokae_description/meshes/visual/xMatePro7_link4.stl
[0.238s] -- Up-to-date: /home/rokae/workspace/rokae_ros2_sim2real/install/rokae_description/share/rokae_description/meshes/visual/xMatePro7_link1.stl
[0.238s] -- Up-to-date: /home/rokae/workspace/rokae_ros2_sim2real/install/rokae_description/share/rokae_description/meshes/visual/xMatePro7_link5.stl
[0.239s] -- Up-to-date: /home/rokae/workspace/rokae_ros2_sim2real/install/rokae_description/share/rokae_description/meshes/collision
[0.239s] -- Up-to-date: /home/rokae/workspace/rokae_ros2_sim2real/install/rokae_description/share/rokae_description/meshes/collision/xMatePro7_link3.stl
[0.240s] -- Up-to-date: /home/rokae/workspace/rokae_ros2_sim2real/install/rokae_description/share/rokae_description/meshes/collision/xMatePro7_link6.stl
[0.240s] -- Up-to-date: /home/rokae/workspace/rokae_ros2_sim2real/install/rokae_description/share/rokae_description/meshes/collision/2f_85
[0.240s] -- Up-to-date: /home/rokae/workspace/rokae_ros2_sim2real/install/rokae_description/share/rokae_description/meshes/collision/2f_85/robotiq_base.stl
[0.241s] -- Up-to-date: /home/rokae/workspace/rokae_ros2_sim2real/install/rokae_description/share/rokae_description/meshes/collision/2f_85/right_finger_tip.stl
[0.241s] -- Up-to-date: /home/rokae/workspace/rokae_ros2_sim2real/install/rokae_description/share/rokae_description/meshes/collision/2f_85/right_inner_knuckle.stl
[0.242s] -- Up-to-date: /home/rokae/workspace/rokae_ros2_sim2real/install/rokae_description/share/rokae_description/meshes/collision/2f_85/left_finger_tip.stl
[0.243s] -- Up-to-date: /home/rokae/workspace/rokae_ros2_sim2real/install/rokae_description/share/rokae_description/meshes/collision/2f_85/right_finger.stl
[0.243s] -- Up-to-date: /home/rokae/workspace/rokae_ros2_sim2real/install/rokae_description/share/rokae_description/meshes/collision/2f_85/left_finger.stl
[0.244s] -- Up-to-date: /home/rokae/workspace/rokae_ros2_sim2real/install/rokae_description/share/rokae_description/meshes/collision/2f_85/left_inner_knuckle.stl
[0.245s] -- Up-to-date: /home/rokae/workspace/rokae_ros2_sim2real/install/rokae_description/share/rokae_description/meshes/collision/2f_85/left_knuckle.stl
[0.245s] -- Up-to-date: /home/rokae/workspace/rokae_ros2_sim2real/install/rokae_description/share/rokae_description/meshes/collision/2f_85/ur_to_robotiq_adapter.stl
[0.246s] -- Up-to-date: /home/rokae/workspace/rokae_ros2_sim2real/install/rokae_description/share/rokae_description/meshes/collision/2f_85/right_knuckle.stl
[0.246s] -- Up-to-date: /home/rokae/workspace/rokae_ros2_sim2real/install/rokae_description/share/rokae_description/meshes/collision/xMatePro7_link7.stl
[0.246s] -- Up-to-date: /home/rokae/workspace/rokae_ros2_sim2real/install/rokae_description/share/rokae_description/meshes/collision/xMatePro7_link2.stl
[0.246s] -- Up-to-date: /home/rokae/workspace/rokae_ros2_sim2real/install/rokae_description/share/rokae_description/meshes/collision/xMatePro7_base.stl
[0.247s] -- Up-to-date: /home/rokae/workspace/rokae_ros2_sim2real/install/rokae_description/share/rokae_description/meshes/collision/xMatePro7_link4.stl
[0.247s] -- Up-to-date: /home/rokae/workspace/rokae_ros2_sim2real/install/rokae_description/share/rokae_description/meshes/collision/xMatePro7_link1.stl
[0.247s] -- Up-to-date: /home/rokae/workspace/rokae_ros2_sim2real/install/rokae_description/share/rokae_description/meshes/collision/xMatePro7_link5.stl
[0.247s] -- Up-to-date: /home/rokae/workspace/rokae_ros2_sim2real/install/rokae_description/share/rokae_description/urdf
[0.248s] -- Up-to-date: /home/rokae/workspace/rokae_ros2_sim2real/install/rokae_description/share/rokae_description/urdf/xMatePro7.urdf
[0.248s] -- Up-to-date: /home/rokae/workspace/rokae_ros2_sim2real/install/rokae_description/share/rokae_description/urdf/xMatePro7.xacro
[0.249s] -- Up-to-date: /home/rokae/workspace/rokae_ros2_sim2real/install/rokae_description/share/rokae_description/launch
[0.249s] -- Installing: /home/rokae/workspace/rokae_ros2_sim2real/install/rokae_description/share/rokae_description/launch/display.launch.py
[0.249s] -- Up-to-date: /home/rokae/workspace/rokae_ros2_sim2real/install/rokae_description/share/rokae_description/launch/xMatePro7.rviz
[0.250s] -- Up-to-date: /home/rokae/workspace/rokae_ros2_sim2real/install/rokae_description/share/rokae_description/launch/direct_teach.launch
[0.251s] Invoked command in '/home/rokae/workspace/rokae_ros2_sim2real/build/rokae_description' returned '0': CMAKE_PREFIX_PATH=${CMAKE_PREFIX_PATH}:/home/rokae/workspace/rokae_ros2_sim2real/install/easy_handeye2_demo:/home/rokae/workspace/rokae_ros2_sim2real/install/easy_handeye2:/home/rokae/workspace/ws_moveit/install/moveit_configs_utils:/home/rokae/workspace/ws_moveit/install/launch_param_builder:/opt/ros/humble /usr/bin/cmake --install /home/rokae/workspace/rokae_ros2_sim2real/build/rokae_description
