[0.086s] Invoking command in '/home/rokae/workspace/rokae_ros2_sim2real/build/rokae_driver': CMAKE_PREFIX_PATH=${CMAKE_PREFIX_PATH}:/home/rokae/workspace/ws_moveit/install/moveit_configs_utils:/home/rokae/workspace/ws_moveit/install/launch_param_builder:/opt/ros/humble /usr/bin/cmake --build /home/rokae/workspace/rokae_ros2_sim2real/build/rokae_driver -- -j32 -l32
[0.261s] [  3%] [34m[1mAutomatic MOC and UIC for target driver_pentu[0m
[0.262s] [  7%] [34m[1mAutomatic MOC and UIC for target My_joint_publisher_gui[0m
[0.262s] [ 10%] [34m[1mAutomatic MOC and UIC for target sdk_example[0m
[0.262s] [ 14%] [34m[1mAutomatic MOC and UIC for target read_robot_state[0m
[0.262s] [ 17%] [34m[1mAutomatic MOC and UIC for target move_example[0m
[0.263s] [ 21%] [34m[1mAutomatic MOC and UIC for target read_force[0m
[0.263s] [ 25%] [34m[1mAutomatic MOC and UIC for target rokae_controller[0m
[0.320s] [ 25%] Built target My_joint_publisher_gui_autogen
[0.327s] [ 25%] Built target driver_pentu_autogen
[0.337s] [ 25%] Built target sdk_example_autogen
[0.341s] [ 25%] Built target read_force_autogen
[0.344s] [ 25%] Built target read_robot_state_autogen
[0.352s] [ 25%] Built target rokae_controller_autogen
[0.354s] [ 25%] Built target move_example_autogen
[0.401s] [ 35%] Built target driver_pentu
[0.409s] [ 46%] Built target sdk_example
[0.416s] [ 57%] Built target read_force
[0.416s] [ 67%] Built target My_joint_publisher_gui
[0.418s] [ 78%] Built target read_robot_state
[0.419s] [ 89%] Built target move_example
[0.439s] [100%] Built target rokae_controller
[0.466s] Invoked command in '/home/rokae/workspace/rokae_ros2_sim2real/build/rokae_driver' returned '0': CMAKE_PREFIX_PATH=${CMAKE_PREFIX_PATH}:/home/rokae/workspace/ws_moveit/install/moveit_configs_utils:/home/rokae/workspace/ws_moveit/install/launch_param_builder:/opt/ros/humble /usr/bin/cmake --build /home/rokae/workspace/rokae_ros2_sim2real/build/rokae_driver -- -j32 -l32
[0.470s] Invoking command in '/home/rokae/workspace/rokae_ros2_sim2real/build/rokae_driver': CMAKE_PREFIX_PATH=${CMAKE_PREFIX_PATH}:/home/rokae/workspace/ws_moveit/install/moveit_configs_utils:/home/rokae/workspace/ws_moveit/install/launch_param_builder:/opt/ros/humble /usr/bin/cmake --install /home/rokae/workspace/rokae_ros2_sim2real/build/rokae_driver
[0.494s] -- Install configuration: "Release"
[0.495s] -- Up-to-date: /home/rokae/workspace/rokae_ros2_sim2real/install/rokae_driver/lib/rokae_driver/My_joint_publisher_gui
[0.495s] -- Up-to-date: /home/rokae/workspace/rokae_ros2_sim2real/install/rokae_driver/lib/rokae_driver/driver_pentu
[0.496s] -- Up-to-date: /home/rokae/workspace/rokae_ros2_sim2real/install/rokae_driver/lib/rokae_driver/move_example
[0.496s] -- Up-to-date: /home/rokae/workspace/rokae_ros2_sim2real/install/rokae_driver/lib/rokae_driver/read_force
[0.496s] -- Up-to-date: /home/rokae/workspace/rokae_ros2_sim2real/install/rokae_driver/lib/rokae_driver/read_robot_state
[0.497s] -- Up-to-date: /home/rokae/workspace/rokae_ros2_sim2real/install/rokae_driver/lib/rokae_driver/rokae_controller
[0.497s] -- Up-to-date: /home/rokae/workspace/rokae_ros2_sim2real/install/rokae_driver/lib/rokae_driver/sdk_example
[0.498s] -- Up-to-date: /home/rokae/workspace/rokae_ros2_sim2real/install/rokae_driver/share/ament_index/resource_index/package_run_dependencies/rokae_driver
[0.498s] -- Up-to-date: /home/rokae/workspace/rokae_ros2_sim2real/install/rokae_driver/share/ament_index/resource_index/parent_prefix_path/rokae_driver
[0.498s] -- Up-to-date: /home/rokae/workspace/rokae_ros2_sim2real/install/rokae_driver/share/rokae_driver/environment/ament_prefix_path.sh
[0.499s] -- Up-to-date: /home/rokae/workspace/rokae_ros2_sim2real/install/rokae_driver/share/rokae_driver/environment/ament_prefix_path.dsv
[0.499s] -- Up-to-date: /home/rokae/workspace/rokae_ros2_sim2real/install/rokae_driver/share/rokae_driver/environment/path.sh
[0.499s] -- Up-to-date: /home/rokae/workspace/rokae_ros2_sim2real/install/rokae_driver/share/rokae_driver/environment/path.dsv
[0.499s] -- Up-to-date: /home/rokae/workspace/rokae_ros2_sim2real/install/rokae_driver/share/rokae_driver/local_setup.bash
[0.499s] -- Up-to-date: /home/rokae/workspace/rokae_ros2_sim2real/install/rokae_driver/share/rokae_driver/local_setup.sh
[0.500s] -- Up-to-date: /home/rokae/workspace/rokae_ros2_sim2real/install/rokae_driver/share/rokae_driver/local_setup.zsh
[0.500s] -- Up-to-date: /home/rokae/workspace/rokae_ros2_sim2real/install/rokae_driver/share/rokae_driver/local_setup.dsv
[0.500s] -- Installing: /home/rokae/workspace/rokae_ros2_sim2real/install/rokae_driver/share/rokae_driver/package.dsv
[0.500s] -- Up-to-date: /home/rokae/workspace/rokae_ros2_sim2real/install/rokae_driver/share/ament_index/resource_index/packages/rokae_driver
[0.500s] -- Up-to-date: /home/rokae/workspace/rokae_ros2_sim2real/install/rokae_driver/share/rokae_driver/cmake/rokae_driverConfig.cmake
[0.501s] -- Up-to-date: /home/rokae/workspace/rokae_ros2_sim2real/install/rokae_driver/share/rokae_driver/cmake/rokae_driverConfig-version.cmake
[0.501s] -- Up-to-date: /home/rokae/workspace/rokae_ros2_sim2real/install/rokae_driver/share/rokae_driver/package.xml
[0.504s] Invoked command in '/home/rokae/workspace/rokae_ros2_sim2real/build/rokae_driver' returned '0': CMAKE_PREFIX_PATH=${CMAKE_PREFIX_PATH}:/home/rokae/workspace/ws_moveit/install/moveit_configs_utils:/home/rokae/workspace/ws_moveit/install/launch_param_builder:/opt/ros/humble /usr/bin/cmake --install /home/rokae/workspace/rokae_ros2_sim2real/build/rokae_driver
