[0.076s] Invoking command in '/home/rokae/workspace/rokae_ros2_sim2real/build/aruco_msgs': CMAKE_PREFIX_PATH=${CMAKE_PREFIX_PATH}:/home/rokae/workspace/rokae_ros2_sim2real/install/easy_handeye2_demo:/home/rokae/workspace/rokae_ros2_sim2real/install/easy_handeye2:/home/rokae/workspace/ws_moveit/install/moveit_configs_utils:/home/rokae/workspace/ws_moveit/install/launch_param_builder:/opt/ros/humble /usr/bin/cmake --build /home/rokae/workspace/rokae_ros2_sim2real/build/aruco_msgs -- -j32 -l32
[0.218s] [ 10%] Built target aruco_msgs__rosidl_generator_c
[0.223s] [ 12%] Built target aruco_msgs__cpp
[0.264s] [ 12%] Built target ament_cmake_python_copy_aruco_msgs
[0.292s] [ 23%] Built target aruco_msgs__rosidl_typesupport_fastrtps_c
[0.299s] [ 33%] Built target aruco_msgs__rosidl_typesupport_cpp
[0.301s] [ 53%] Built target aruco_msgs__rosidl_typesupport_c
[0.301s] [ 53%] Built target aruco_msgs__rosidl_typesupport_introspection_c
[0.301s] [ 64%] Built target aruco_msgs__rosidl_typesupport_introspection_cpp
[0.311s] [ 74%] Built target aruco_msgs__rosidl_typesupport_fastrtps_cpp
[0.373s] [ 74%] Built target aruco_msgs
[0.437s] [ 76%] Built target aruco_msgs__py
[0.501s] [ 84%] Built target aruco_msgs__rosidl_generator_py
[0.565s] [ 89%] Built target aruco_msgs__rosidl_typesupport_fastrtps_c__pyext
[0.568s] [ 94%] Built target aruco_msgs__rosidl_typesupport_c__pyext
[0.573s] [100%] Built target aruco_msgs__rosidl_typesupport_introspection_c__pyext
[0.771s] running egg_info
[0.772s] writing aruco_msgs.egg-info/PKG-INFO
[0.773s] writing dependency_links to aruco_msgs.egg-info/dependency_links.txt
[0.773s] writing top-level names to aruco_msgs.egg-info/top_level.txt
[0.777s] reading manifest file 'aruco_msgs.egg-info/SOURCES.txt'
[0.778s] writing manifest file 'aruco_msgs.egg-info/SOURCES.txt'
[0.841s] [100%] Built target ament_cmake_python_build_aruco_msgs_egg
[0.871s] Invoked command in '/home/rokae/workspace/rokae_ros2_sim2real/build/aruco_msgs' returned '0': CMAKE_PREFIX_PATH=${CMAKE_PREFIX_PATH}:/home/rokae/workspace/rokae_ros2_sim2real/install/easy_handeye2_demo:/home/rokae/workspace/rokae_ros2_sim2real/install/easy_handeye2:/home/rokae/workspace/ws_moveit/install/moveit_configs_utils:/home/rokae/workspace/ws_moveit/install/launch_param_builder:/opt/ros/humble /usr/bin/cmake --build /home/rokae/workspace/rokae_ros2_sim2real/build/aruco_msgs -- -j32 -l32
[0.874s] Invoking command in '/home/rokae/workspace/rokae_ros2_sim2real/build/aruco_msgs': CMAKE_PREFIX_PATH=${CMAKE_PREFIX_PATH}:/home/rokae/workspace/rokae_ros2_sim2real/install/easy_handeye2_demo:/home/rokae/workspace/rokae_ros2_sim2real/install/easy_handeye2:/home/rokae/workspace/ws_moveit/install/moveit_configs_utils:/home/rokae/workspace/ws_moveit/install/launch_param_builder:/opt/ros/humble /usr/bin/cmake --install /home/rokae/workspace/rokae_ros2_sim2real/build/aruco_msgs
[0.901s] -- Install configuration: "Release"
[0.905s] -- Up-to-date: /home/rokae/workspace/rokae_ros2_sim2real/install/aruco_msgs/share/ament_index/resource_index/rosidl_interfaces/aruco_msgs
[0.905s] -- Up-to-date: /home/rokae/workspace/rokae_ros2_sim2real/install/aruco_msgs/include/aruco_msgs/aruco_msgs
[0.905s] -- Up-to-date: /home/rokae/workspace/rokae_ros2_sim2real/install/aruco_msgs/include/aruco_msgs/aruco_msgs/msg
[0.905s] -- Up-to-date: /home/rokae/workspace/rokae_ros2_sim2real/install/aruco_msgs/include/aruco_msgs/aruco_msgs/msg/marker.h
[0.905s] -- Up-to-date: /home/rokae/workspace/rokae_ros2_sim2real/install/aruco_msgs/include/aruco_msgs/aruco_msgs/msg/rosidl_generator_c__visibility_control.h
[0.905s] -- Up-to-date: /home/rokae/workspace/rokae_ros2_sim2real/install/aruco_msgs/include/aruco_msgs/aruco_msgs/msg/detail
[0.906s] -- Up-to-date: /home/rokae/workspace/rokae_ros2_sim2real/install/aruco_msgs/include/aruco_msgs/aruco_msgs/msg/detail/marker_array__type_support.h
[0.906s] -- Up-to-date: /home/rokae/workspace/rokae_ros2_sim2real/install/aruco_msgs/include/aruco_msgs/aruco_msgs/msg/detail/marker__functions.c
[0.906s] -- Up-to-date: /home/rokae/workspace/rokae_ros2_sim2real/install/aruco_msgs/include/aruco_msgs/aruco_msgs/msg/detail/marker__type_support.h
[0.908s] -- Up-to-date: /home/rokae/workspace/rokae_ros2_sim2real/install/aruco_msgs/include/aruco_msgs/aruco_msgs/msg/detail/marker_array__functions.c
[0.908s] -- Up-to-date: /home/rokae/workspace/rokae_ros2_sim2real/install/aruco_msgs/include/aruco_msgs/aruco_msgs/msg/detail/marker_array__struct.h
[0.908s] -- Up-to-date: /home/rokae/workspace/rokae_ros2_sim2real/install/aruco_msgs/include/aruco_msgs/aruco_msgs/msg/detail/marker__functions.h
[0.908s] -- Up-to-date: /home/rokae/workspace/rokae_ros2_sim2real/install/aruco_msgs/include/aruco_msgs/aruco_msgs/msg/detail/marker_array__functions.h
[0.908s] -- Up-to-date: /home/rokae/workspace/rokae_ros2_sim2real/install/aruco_msgs/include/aruco_msgs/aruco_msgs/msg/detail/marker__struct.h
[0.908s] -- Up-to-date: /home/rokae/workspace/rokae_ros2_sim2real/install/aruco_msgs/include/aruco_msgs/aruco_msgs/msg/marker_array.h
[0.908s] -- Up-to-date: /home/rokae/workspace/rokae_ros2_sim2real/install/aruco_msgs/share/aruco_msgs/environment/library_path.sh
[0.909s] -- Up-to-date: /home/rokae/workspace/rokae_ros2_sim2real/install/aruco_msgs/share/aruco_msgs/environment/library_path.dsv
[0.909s] -- Up-to-date: /home/rokae/workspace/rokae_ros2_sim2real/install/aruco_msgs/lib/libaruco_msgs__rosidl_generator_c.so
[0.914s] -- Up-to-date: /home/rokae/workspace/rokae_ros2_sim2real/install/aruco_msgs/include/aruco_msgs/aruco_msgs
[0.914s] -- Up-to-date: /home/rokae/workspace/rokae_ros2_sim2real/install/aruco_msgs/include/aruco_msgs/aruco_msgs/msg
[0.914s] -- Up-to-date: /home/rokae/workspace/rokae_ros2_sim2real/install/aruco_msgs/include/aruco_msgs/aruco_msgs/msg/detail
[0.914s] -- Up-to-date: /home/rokae/workspace/rokae_ros2_sim2real/install/aruco_msgs/include/aruco_msgs/aruco_msgs/msg/detail/marker__rosidl_typesupport_fastrtps_c.h
[0.914s] -- Up-to-date: /home/rokae/workspace/rokae_ros2_sim2real/install/aruco_msgs/include/aruco_msgs/aruco_msgs/msg/detail/marker_array__rosidl_typesupport_fastrtps_c.h
[0.914s] -- Up-to-date: /home/rokae/workspace/rokae_ros2_sim2real/install/aruco_msgs/include/aruco_msgs/aruco_msgs/msg/rosidl_typesupport_fastrtps_c__visibility_control.h
[0.914s] -- Up-to-date: /home/rokae/workspace/rokae_ros2_sim2real/install/aruco_msgs/lib/libaruco_msgs__rosidl_typesupport_fastrtps_c.so
[0.914s] -- Up-to-date: /home/rokae/workspace/rokae_ros2_sim2real/install/aruco_msgs/include/aruco_msgs/aruco_msgs
[0.915s] -- Up-to-date: /home/rokae/workspace/rokae_ros2_sim2real/install/aruco_msgs/include/aruco_msgs/aruco_msgs/msg
[0.915s] -- Up-to-date: /home/rokae/workspace/rokae_ros2_sim2real/install/aruco_msgs/include/aruco_msgs/aruco_msgs/msg/marker.hpp
[0.915s] -- Up-to-date: /home/rokae/workspace/rokae_ros2_sim2real/install/aruco_msgs/include/aruco_msgs/aruco_msgs/msg/detail
[0.915s] -- Up-to-date: /home/rokae/workspace/rokae_ros2_sim2real/install/aruco_msgs/include/aruco_msgs/aruco_msgs/msg/detail/marker_array__builder.hpp
[0.915s] -- Up-to-date: /home/rokae/workspace/rokae_ros2_sim2real/install/aruco_msgs/include/aruco_msgs/aruco_msgs/msg/detail/marker__struct.hpp
[0.915s] -- Up-to-date: /home/rokae/workspace/rokae_ros2_sim2real/install/aruco_msgs/include/aruco_msgs/aruco_msgs/msg/detail/marker__type_support.hpp
[0.915s] -- Up-to-date: /home/rokae/workspace/rokae_ros2_sim2real/install/aruco_msgs/include/aruco_msgs/aruco_msgs/msg/detail/marker__builder.hpp
[0.915s] -- Up-to-date: /home/rokae/workspace/rokae_ros2_sim2real/install/aruco_msgs/include/aruco_msgs/aruco_msgs/msg/detail/marker__traits.hpp
[0.915s] -- Up-to-date: /home/rokae/workspace/rokae_ros2_sim2real/install/aruco_msgs/include/aruco_msgs/aruco_msgs/msg/detail/marker_array__type_support.hpp
[0.915s] -- Up-to-date: /home/rokae/workspace/rokae_ros2_sim2real/install/aruco_msgs/include/aruco_msgs/aruco_msgs/msg/detail/marker_array__traits.hpp
[0.915s] -- Up-to-date: /home/rokae/workspace/rokae_ros2_sim2real/install/aruco_msgs/include/aruco_msgs/aruco_msgs/msg/detail/marker_array__struct.hpp
[0.915s] -- Up-to-date: /home/rokae/workspace/rokae_ros2_sim2real/install/aruco_msgs/include/aruco_msgs/aruco_msgs/msg/marker_array.hpp
[0.916s] -- Up-to-date: /home/rokae/workspace/rokae_ros2_sim2real/install/aruco_msgs/include/aruco_msgs/aruco_msgs/msg/rosidl_generator_cpp__visibility_control.hpp
[0.916s] -- Up-to-date: /home/rokae/workspace/rokae_ros2_sim2real/install/aruco_msgs/include/aruco_msgs/aruco_msgs
[0.920s] -- Up-to-date: /home/rokae/workspace/rokae_ros2_sim2real/install/aruco_msgs/include/aruco_msgs/aruco_msgs/msg
[0.920s] -- Up-to-date: /home/rokae/workspace/rokae_ros2_sim2real/install/aruco_msgs/include/aruco_msgs/aruco_msgs/msg/detail
[0.921s] -- Up-to-date: /home/rokae/workspace/rokae_ros2_sim2real/install/aruco_msgs/include/aruco_msgs/aruco_msgs/msg/detail/marker_array__rosidl_typesupport_fastrtps_cpp.hpp
[0.921s] -- Up-to-date: /home/rokae/workspace/rokae_ros2_sim2real/install/aruco_msgs/include/aruco_msgs/aruco_msgs/msg/detail/marker__rosidl_typesupport_fastrtps_cpp.hpp
[0.921s] -- Up-to-date: /home/rokae/workspace/rokae_ros2_sim2real/install/aruco_msgs/include/aruco_msgs/aruco_msgs/msg/detail/dds_fastrtps
[0.921s] -- Up-to-date: /home/rokae/workspace/rokae_ros2_sim2real/install/aruco_msgs/include/aruco_msgs/aruco_msgs/msg/rosidl_typesupport_fastrtps_cpp__visibility_control.h
[0.921s] -- Up-to-date: /home/rokae/workspace/rokae_ros2_sim2real/install/aruco_msgs/lib/libaruco_msgs__rosidl_typesupport_fastrtps_cpp.so
[0.921s] -- Up-to-date: /home/rokae/workspace/rokae_ros2_sim2real/install/aruco_msgs/include/aruco_msgs/aruco_msgs
[0.921s] -- Up-to-date: /home/rokae/workspace/rokae_ros2_sim2real/install/aruco_msgs/include/aruco_msgs/aruco_msgs/msg
[0.921s] -- Up-to-date: /home/rokae/workspace/rokae_ros2_sim2real/install/aruco_msgs/include/aruco_msgs/aruco_msgs/msg/rosidl_typesupport_introspection_c__visibility_control.h
[0.921s] -- Up-to-date: /home/rokae/workspace/rokae_ros2_sim2real/install/aruco_msgs/include/aruco_msgs/aruco_msgs/msg/detail
[0.921s] -- Up-to-date: /home/rokae/workspace/rokae_ros2_sim2real/install/aruco_msgs/include/aruco_msgs/aruco_msgs/msg/detail/marker__rosidl_typesupport_introspection_c.h
[0.921s] -- Up-to-date: /home/rokae/workspace/rokae_ros2_sim2real/install/aruco_msgs/include/aruco_msgs/aruco_msgs/msg/detail/marker_array__type_support.c
[0.922s] -- Up-to-date: /home/rokae/workspace/rokae_ros2_sim2real/install/aruco_msgs/include/aruco_msgs/aruco_msgs/msg/detail/marker_array__rosidl_typesupport_introspection_c.h
[0.922s] -- Up-to-date: /home/rokae/workspace/rokae_ros2_sim2real/install/aruco_msgs/include/aruco_msgs/aruco_msgs/msg/detail/marker__type_support.c
[0.922s] -- Up-to-date: /home/rokae/workspace/rokae_ros2_sim2real/install/aruco_msgs/lib/libaruco_msgs__rosidl_typesupport_introspection_c.so
[0.926s] -- Up-to-date: /home/rokae/workspace/rokae_ros2_sim2real/install/aruco_msgs/lib/libaruco_msgs__rosidl_typesupport_c.so
[0.926s] -- Up-to-date: /home/rokae/workspace/rokae_ros2_sim2real/install/aruco_msgs/include/aruco_msgs/aruco_msgs
[0.926s] -- Up-to-date: /home/rokae/workspace/rokae_ros2_sim2real/install/aruco_msgs/include/aruco_msgs/aruco_msgs/msg
[0.926s] -- Up-to-date: /home/rokae/workspace/rokae_ros2_sim2real/install/aruco_msgs/include/aruco_msgs/aruco_msgs/msg/detail
[0.927s] -- Up-to-date: /home/rokae/workspace/rokae_ros2_sim2real/install/aruco_msgs/include/aruco_msgs/aruco_msgs/msg/detail/marker__type_support.cpp
[0.927s] -- Up-to-date: /home/rokae/workspace/rokae_ros2_sim2real/install/aruco_msgs/include/aruco_msgs/aruco_msgs/msg/detail/marker_array__rosidl_typesupport_introspection_cpp.hpp
[0.927s] -- Up-to-date: /home/rokae/workspace/rokae_ros2_sim2real/install/aruco_msgs/include/aruco_msgs/aruco_msgs/msg/detail/marker_array__type_support.cpp
[0.927s] -- Up-to-date: /home/rokae/workspace/rokae_ros2_sim2real/install/aruco_msgs/include/aruco_msgs/aruco_msgs/msg/detail/marker__rosidl_typesupport_introspection_cpp.hpp
[0.927s] -- Up-to-date: /home/rokae/workspace/rokae_ros2_sim2real/install/aruco_msgs/lib/libaruco_msgs__rosidl_typesupport_introspection_cpp.so
[0.927s] -- Up-to-date: /home/rokae/workspace/rokae_ros2_sim2real/install/aruco_msgs/lib/libaruco_msgs__rosidl_typesupport_cpp.so
[0.927s] -- Up-to-date: /home/rokae/workspace/rokae_ros2_sim2real/install/aruco_msgs/share/aruco_msgs/environment/pythonpath.sh
[0.927s] -- Up-to-date: /home/rokae/workspace/rokae_ros2_sim2real/install/aruco_msgs/share/aruco_msgs/environment/pythonpath.dsv
[0.927s] -- Up-to-date: /home/rokae/workspace/rokae_ros2_sim2real/install/aruco_msgs/local/lib/python3.10/dist-packages/aruco_msgs-5.0.5-py3.10.egg-info
[0.927s] -- Installing: /home/rokae/workspace/rokae_ros2_sim2real/install/aruco_msgs/local/lib/python3.10/dist-packages/aruco_msgs-5.0.5-py3.10.egg-info/dependency_links.txt
[0.927s] -- Installing: /home/rokae/workspace/rokae_ros2_sim2real/install/aruco_msgs/local/lib/python3.10/dist-packages/aruco_msgs-5.0.5-py3.10.egg-info/PKG-INFO
[0.928s] -- Installing: /home/rokae/workspace/rokae_ros2_sim2real/install/aruco_msgs/local/lib/python3.10/dist-packages/aruco_msgs-5.0.5-py3.10.egg-info/SOURCES.txt
[0.928s] -- Installing: /home/rokae/workspace/rokae_ros2_sim2real/install/aruco_msgs/local/lib/python3.10/dist-packages/aruco_msgs-5.0.5-py3.10.egg-info/top_level.txt
[0.928s] -- Up-to-date: /home/rokae/workspace/rokae_ros2_sim2real/install/aruco_msgs/local/lib/python3.10/dist-packages/aruco_msgs
[0.928s] -- Up-to-date: /home/rokae/workspace/rokae_ros2_sim2real/install/aruco_msgs/local/lib/python3.10/dist-packages/aruco_msgs/msg
[0.928s] -- Up-to-date: /home/rokae/workspace/rokae_ros2_sim2real/install/aruco_msgs/local/lib/python3.10/dist-packages/aruco_msgs/msg/_marker_array_s.c
[0.928s] -- Up-to-date: /home/rokae/workspace/rokae_ros2_sim2real/install/aruco_msgs/local/lib/python3.10/dist-packages/aruco_msgs/msg/_marker.py
[0.928s] -- Up-to-date: /home/rokae/workspace/rokae_ros2_sim2real/install/aruco_msgs/local/lib/python3.10/dist-packages/aruco_msgs/msg/_marker_array.py
[0.928s] -- Up-to-date: /home/rokae/workspace/rokae_ros2_sim2real/install/aruco_msgs/local/lib/python3.10/dist-packages/aruco_msgs/msg/__init__.py
[0.928s] -- Up-to-date: /home/rokae/workspace/rokae_ros2_sim2real/install/aruco_msgs/local/lib/python3.10/dist-packages/aruco_msgs/msg/_marker_s.c
[0.928s] -- Up-to-date: /home/rokae/workspace/rokae_ros2_sim2real/install/aruco_msgs/local/lib/python3.10/dist-packages/aruco_msgs/aruco_msgs_s__rosidl_typesupport_introspection_c.cpython-310-x86_64-linux-gnu.so
[0.928s] -- Up-to-date: /home/rokae/workspace/rokae_ros2_sim2real/install/aruco_msgs/local/lib/python3.10/dist-packages/aruco_msgs/aruco_msgs_s__rosidl_typesupport_fastrtps_c.cpython-310-x86_64-linux-gnu.so
[0.928s] -- Up-to-date: /home/rokae/workspace/rokae_ros2_sim2real/install/aruco_msgs/local/lib/python3.10/dist-packages/aruco_msgs/aruco_msgs_s__rosidl_typesupport_c.cpython-310-x86_64-linux-gnu.so
[0.929s] -- Up-to-date: /home/rokae/workspace/rokae_ros2_sim2real/install/aruco_msgs/local/lib/python3.10/dist-packages/aruco_msgs/_aruco_msgs_s.ep.rosidl_typesupport_c.c
[0.929s] -- Up-to-date: /home/rokae/workspace/rokae_ros2_sim2real/install/aruco_msgs/local/lib/python3.10/dist-packages/aruco_msgs/__init__.py
[0.929s] -- Up-to-date: /home/rokae/workspace/rokae_ros2_sim2real/install/aruco_msgs/local/lib/python3.10/dist-packages/aruco_msgs/_aruco_msgs_s.ep.rosidl_typesupport_introspection_c.c
[0.929s] -- Up-to-date: /home/rokae/workspace/rokae_ros2_sim2real/install/aruco_msgs/local/lib/python3.10/dist-packages/aruco_msgs/libaruco_msgs__rosidl_generator_py.so
[0.929s] -- Up-to-date: /home/rokae/workspace/rokae_ros2_sim2real/install/aruco_msgs/local/lib/python3.10/dist-packages/aruco_msgs/_aruco_msgs_s.ep.rosidl_typesupport_fastrtps_c.c
