[ 11%] Built target realsense2_camera_msgs__rosidl_generator_c
[ 12%] Built target realsense2_camera_msgs__cpp
[ 12%] Built target ament_cmake_python_copy_realsense2_camera_msgs
[ 24%] Built target realsense2_camera_msgs__rosidl_typesupport_introspection_c
[ 35%] Built target realsense2_camera_msgs__rosidl_typesupport_c
[ 47%] Built target realsense2_camera_msgs__rosidl_typesupport_cpp
[ 58%] Built target realsense2_camera_msgs__rosidl_typesupport_fastrtps_c
[ 70%] Built target realsense2_camera_msgs__rosidl_typesupport_introspection_cpp
[ 81%] Built target realsense2_camera_msgs__rosidl_typesupport_fastrtps_cpp
[ 81%] Built target realsense2_camera_msgs
[ 82%] Built target realsense2_camera_msgs__py
[ 93%] Built target realsense2_camera_msgs__rosidl_generator_py
[ 95%] Built target realsense2_camera_msgs__rosidl_typesupport_fastrtps_c__pyext
[ 97%] Built target realsense2_camera_msgs__rosidl_typesupport_c__pyext
[100%] Built target realsense2_camera_msgs__rosidl_typesupport_introspection_c__pyext
Traceback (most recent call last):
  File "/home/rokae/workspace/rokae_ros2_sim2real/build/realsense2_camera_msgs/ament_cmake_python/realsense2_camera_msgs/setup.py", line 1, in <module>
    from setuptools import find_packages
  File "/usr/lib/python3/dist-packages/setuptools/__init__.py", line 16, in <module>
    import setuptools.version
  File "/usr/lib/python3/dist-packages/setuptools/version.py", line 1, in <module>
    import pkg_resources
  File "/usr/lib/python3/dist-packages/pkg_resources/__init__.py", line 3267, in <module>
    def _initialize_master_working_set():
  File "/usr/lib/python3/dist-packages/pkg_resources/__init__.py", line 3241, in _call_aside
    f(*args, **kwargs)
  File "/usr/lib/python3/dist-packages/pkg_resources/__init__.py", line 3279, in _initialize_master_working_set
    working_set = WorkingSet._build_master()
  File "/usr/lib/python3/dist-packages/pkg_resources/__init__.py", line 564, in _build_master
    ws = cls()
  File "/usr/lib/python3/dist-packages/pkg_resources/__init__.py", line 557, in __init__
    self.add_entry(entry)
  File "/usr/lib/python3/dist-packages/pkg_resources/__init__.py", line 613, in add_entry
    for dist in find_distributions(entry, True):
  File "/usr/lib/python3/dist-packages/pkg_resources/__init__.py", line 2077, in find_on_path
    for dist in factory(fullpath):
  File "/usr/lib/python3/dist-packages/pkg_resources/__init__.py", line 2142, in distributions_from_metadata
    yield Distribution.from_location(
  File "/usr/lib/python3/dist-packages/pkg_resources/__init__.py", line 2603, in from_location
    return cls(
  File "/usr/lib/python3/dist-packages/pkg_resources/__init__.py", line 2584, in __init__
    self._version = safe_version(version)
  File "/usr/lib/python3/dist-packages/pkg_resources/__init__.py", line 1323, in safe_version
    return str(packaging.version.Version(version))
  File "/usr/lib/python3/dist-packages/pkg_resources/_vendor/packaging/version.py", line 301, in __str__
    parts.append(".".join(str(x) for x in self.release))
  File "/usr/lib/python3/dist-packages/pkg_resources/_vendor/packaging/version.py", line 301, in <genexpr>
    parts.append(".".join(str(x) for x in self.release))
KeyboardInterrupt
gmake[2]: *** [CMakeFiles/ament_cmake_python_build_realsense2_camera_msgs_egg.dir/build.make:70: CMakeFiles/ament_cmake_python_build_realsense2_camera_msgs_egg] 中断
gmake[1]: *** [CMakeFiles/Makefile2:447: CMakeFiles/ament_cmake_python_build_realsense2_camera_msgs_egg.dir/all] 中断
gmake: *** [Makefile:146: all] 中断
