[0.108s] Invoking command in '/home/rokae/workspace/rokae_ros2_sim2real/build/easy_handeye2_msgs': CMAKE_PREFIX_PATH=${CMAKE_PREFIX_PATH}:/home/rokae/workspace/ws_moveit/install/moveit_configs_utils:/home/rokae/workspace/ws_moveit/install/launch_param_builder:/opt/ros/humble /usr/bin/cmake --build /home/rokae/workspace/rokae_ros2_sim2real/build/easy_handeye2_msgs -- -j32 -l32
[0.308s] [  0%] Built target easy_handeye2_msgs__cpp
[0.326s] [ 12%] Built target easy_handeye2_msgs__rosidl_generator_c
[0.367s] [ 12%] Built target ament_cmake_python_copy_easy_handeye2_msgs
[0.406s] [ 24%] Built target easy_handeye2_msgs__rosidl_typesupport_cpp
[0.427s] [ 36%] Built target easy_handeye2_msgs__rosidl_typesupport_introspection_cpp
[0.427s] [ 48%] Built target easy_handeye2_msgs__rosidl_typesupport_fastrtps_cpp
[0.427s] [ 60%] Built target easy_handeye2_msgs__rosidl_typesupport_c
[0.427s] [ 72%] Built target easy_handeye2_msgs__rosidl_typesupport_introspection_c
[0.439s] [ 84%] Built target easy_handeye2_msgs__rosidl_typesupport_fastrtps_c
[0.508s] [ 84%] Built target easy_handeye2_msgs
[0.582s] [ 85%] Built target easy_handeye2_msgs__py
[0.666s] [ 96%] Built target easy_handeye2_msgs__rosidl_generator_py
[0.738s] [ 97%] Built target easy_handeye2_msgs__rosidl_typesupport_fastrtps_c__pyext
[0.738s] [ 98%] Built target easy_handeye2_msgs__rosidl_typesupport_c__pyext
[0.742s] [100%] Built target easy_handeye2_msgs__rosidl_typesupport_introspection_c__pyext
[0.892s] running egg_info
[0.894s] writing easy_handeye2_msgs.egg-info/PKG-INFO
[0.894s] writing dependency_links to easy_handeye2_msgs.egg-info/dependency_links.txt
[0.895s] writing top-level names to easy_handeye2_msgs.egg-info/top_level.txt
[0.900s] reading manifest file 'easy_handeye2_msgs.egg-info/SOURCES.txt'
[0.902s] writing manifest file 'easy_handeye2_msgs.egg-info/SOURCES.txt'
[0.961s] [100%] Built target ament_cmake_python_build_easy_handeye2_msgs_egg
