[0.236s] DEBUG:colcon:Command line arguments: ['/usr/bin/colcon', 'build']
[0.236s] DEBUG:colcon:Parsed command line arguments: Namespace(log_base=None, log_level=None, verb_name='build', build_base='build', install_base='install', merge_install=False, symlink_install=False, test_result_base=None, continue_on_error=False, executor='parallel', parallel_workers=32, event_handlers=None, ignore_user_meta=False, metas=['./colcon.meta'], base_paths=['.'], packages_ignore=None, packages_ignore_regex=None, paths=None, packages_up_to=None, packages_up_to_regex=None, packages_above=None, packages_above_and_dependencies=None, packages_above_depth=None, packages_select_by_dep=None, packages_skip_by_dep=None, packages_skip_up_to=None, packages_select_build_failed=False, packages_skip_build_finished=False, packages_select_test_failures=False, packages_skip_test_passed=False, packages_select=None, packages_skip=None, packages_select_regex=None, packages_skip_regex=None, packages_start=None, packages_end=None, allow_overriding=[], cmake_args=None, cmake_target=None, cmake_target_skip_unavailable=False, cmake_clean_cache=False, cmake_clean_first=False, cmake_force_configure=False, ament_cmake_args=None, catkin_cmake_args=None, catkin_skip_building_tests=False, mixin_files=None, mixin=None, verb_parser=<colcon_mixin.mixin.mixin_argument.MixinArgumentDecorator object at 0x7116bfd567a0>, verb_extension=<colcon_core.verb.build.BuildVerb object at 0x7116bfd55d80>, main=<bound method BuildVerb.main of <colcon_core.verb.build.BuildVerb object at 0x7116bfd55d80>>, mixin_verb=('build',))
[0.542s] Level 1:colcon.colcon_core.package_discovery:discover_packages(colcon_meta) check parameters
[0.543s] Level 1:colcon.colcon_core.package_discovery:discover_packages(recursive) check parameters
[0.543s] Level 1:colcon.colcon_core.package_discovery:discover_packages(ignore) check parameters
[0.543s] Level 1:colcon.colcon_core.package_discovery:discover_packages(path) check parameters
[0.543s] Level 1:colcon.colcon_core.package_discovery:discover_packages(colcon_meta) discover
[0.543s] Level 1:colcon.colcon_core.package_discovery:discover_packages(recursive) discover
[0.543s] INFO:colcon.colcon_core.package_discovery:Crawling recursively for packages in '/home/rokae/workspace/rokae_ros2_sim2real'
[0.543s] Level 1:colcon.colcon_core.package_identification:_identify(.) by extensions ['ignore', 'ignore_ament_install']
[0.543s] Level 1:colcon.colcon_core.package_identification:_identify(.) by extension 'ignore'
[0.543s] Level 1:colcon.colcon_core.package_identification:_identify(.) by extension 'ignore_ament_install'
[0.544s] Level 1:colcon.colcon_core.package_identification:_identify(.) by extensions ['colcon_pkg']
[0.544s] Level 1:colcon.colcon_core.package_identification:_identify(.) by extension 'colcon_pkg'
[0.544s] Level 1:colcon.colcon_core.package_identification:_identify(.) by extensions ['colcon_meta']
[0.544s] Level 1:colcon.colcon_core.package_identification:_identify(.) by extension 'colcon_meta'
[0.544s] Level 1:colcon.colcon_core.package_identification:_identify(.) by extensions ['ros']
[0.544s] Level 1:colcon.colcon_core.package_identification:_identify(.) by extension 'ros'
[0.566s] Level 1:colcon.colcon_core.package_identification:_identify(.) by extensions ['cmake', 'python']
[0.566s] Level 1:colcon.colcon_core.package_identification:_identify(.) by extension 'cmake'
[0.566s] Level 1:colcon.colcon_core.package_identification:_identify(.) by extension 'python'
[0.566s] Level 1:colcon.colcon_core.package_identification:_identify(.) by extensions ['python_setup_py']
[0.566s] Level 1:colcon.colcon_core.package_identification:_identify(.) by extension 'python_setup_py'
[0.566s] Level 1:colcon.colcon_core.package_identification:_identify(build) by extensions ['ignore', 'ignore_ament_install']
[0.566s] Level 1:colcon.colcon_core.package_identification:_identify(build) by extension 'ignore'
[0.566s] Level 1:colcon.colcon_core.package_identification:_identify(build) ignored
[0.567s] Level 1:colcon.colcon_core.package_identification:_identify(install) by extensions ['ignore', 'ignore_ament_install']
[0.567s] Level 1:colcon.colcon_core.package_identification:_identify(install) by extension 'ignore'
[0.567s] Level 1:colcon.colcon_core.package_identification:_identify(install) ignored
[0.567s] Level 1:colcon.colcon_core.package_identification:_identify(log) by extensions ['ignore', 'ignore_ament_install']
[0.567s] Level 1:colcon.colcon_core.package_identification:_identify(log) by extension 'ignore'
[0.567s] Level 1:colcon.colcon_core.package_identification:_identify(log) ignored
[0.567s] Level 1:colcon.colcon_core.package_identification:_identify(src) by extensions ['ignore', 'ignore_ament_install']
[0.567s] Level 1:colcon.colcon_core.package_identification:_identify(src) by extension 'ignore'
[0.568s] Level 1:colcon.colcon_core.package_identification:_identify(src) by extension 'ignore_ament_install'
[0.568s] Level 1:colcon.colcon_core.package_identification:_identify(src) by extensions ['colcon_pkg']
[0.568s] Level 1:colcon.colcon_core.package_identification:_identify(src) by extension 'colcon_pkg'
[0.568s] Level 1:colcon.colcon_core.package_identification:_identify(src) by extensions ['colcon_meta']
[0.568s] Level 1:colcon.colcon_core.package_identification:_identify(src) by extension 'colcon_meta'
[0.568s] Level 1:colcon.colcon_core.package_identification:_identify(src) by extensions ['ros']
[0.568s] Level 1:colcon.colcon_core.package_identification:_identify(src) by extension 'ros'
[0.568s] Level 1:colcon.colcon_core.package_identification:_identify(src) by extensions ['cmake', 'python']
[0.568s] Level 1:colcon.colcon_core.package_identification:_identify(src) by extension 'cmake'
[0.568s] Level 1:colcon.colcon_core.package_identification:_identify(src) by extension 'python'
[0.568s] Level 1:colcon.colcon_core.package_identification:_identify(src) by extensions ['python_setup_py']
[0.568s] Level 1:colcon.colcon_core.package_identification:_identify(src) by extension 'python_setup_py'
[0.568s] Level 1:colcon.colcon_core.package_identification:_identify(src/easy_handeye2) by extensions ['ignore', 'ignore_ament_install']
[0.569s] Level 1:colcon.colcon_core.package_identification:_identify(src/easy_handeye2) by extension 'ignore'
[0.569s] Level 1:colcon.colcon_core.package_identification:_identify(src/easy_handeye2) by extension 'ignore_ament_install'
[0.569s] Level 1:colcon.colcon_core.package_identification:_identify(src/easy_handeye2) by extensions ['colcon_pkg']
[0.569s] Level 1:colcon.colcon_core.package_identification:_identify(src/easy_handeye2) by extension 'colcon_pkg'
[0.569s] Level 1:colcon.colcon_core.package_identification:_identify(src/easy_handeye2) by extensions ['colcon_meta']
[0.569s] Level 1:colcon.colcon_core.package_identification:_identify(src/easy_handeye2) by extension 'colcon_meta'
[0.569s] Level 1:colcon.colcon_core.package_identification:_identify(src/easy_handeye2) by extensions ['ros']
[0.569s] Level 1:colcon.colcon_core.package_identification:_identify(src/easy_handeye2) by extension 'ros'
[0.569s] Level 1:colcon.colcon_core.package_identification:_identify(src/easy_handeye2) by extensions ['cmake', 'python']
[0.569s] Level 1:colcon.colcon_core.package_identification:_identify(src/easy_handeye2) by extension 'cmake'
[0.569s] Level 1:colcon.colcon_core.package_identification:_identify(src/easy_handeye2) by extension 'python'
[0.569s] Level 1:colcon.colcon_core.package_identification:_identify(src/easy_handeye2) by extensions ['python_setup_py']
[0.569s] Level 1:colcon.colcon_core.package_identification:_identify(src/easy_handeye2) by extension 'python_setup_py'
[0.570s] Level 1:colcon.colcon_core.package_identification:_identify(src/easy_handeye2/docs) by extensions ['ignore', 'ignore_ament_install']
[0.570s] Level 1:colcon.colcon_core.package_identification:_identify(src/easy_handeye2/docs) by extension 'ignore'
[0.570s] Level 1:colcon.colcon_core.package_identification:_identify(src/easy_handeye2/docs) by extension 'ignore_ament_install'
[0.570s] Level 1:colcon.colcon_core.package_identification:_identify(src/easy_handeye2/docs) by extensions ['colcon_pkg']
[0.570s] Level 1:colcon.colcon_core.package_identification:_identify(src/easy_handeye2/docs) by extension 'colcon_pkg'
[0.570s] Level 1:colcon.colcon_core.package_identification:_identify(src/easy_handeye2/docs) by extensions ['colcon_meta']
[0.570s] Level 1:colcon.colcon_core.package_identification:_identify(src/easy_handeye2/docs) by extension 'colcon_meta'
[0.570s] Level 1:colcon.colcon_core.package_identification:_identify(src/easy_handeye2/docs) by extensions ['ros']
[0.570s] Level 1:colcon.colcon_core.package_identification:_identify(src/easy_handeye2/docs) by extension 'ros'
[0.570s] Level 1:colcon.colcon_core.package_identification:_identify(src/easy_handeye2/docs) by extensions ['cmake', 'python']
[0.570s] Level 1:colcon.colcon_core.package_identification:_identify(src/easy_handeye2/docs) by extension 'cmake'
[0.570s] Level 1:colcon.colcon_core.package_identification:_identify(src/easy_handeye2/docs) by extension 'python'
[0.570s] Level 1:colcon.colcon_core.package_identification:_identify(src/easy_handeye2/docs) by extensions ['python_setup_py']
[0.570s] Level 1:colcon.colcon_core.package_identification:_identify(src/easy_handeye2/docs) by extension 'python_setup_py'
[0.571s] Level 1:colcon.colcon_core.package_identification:_identify(src/easy_handeye2/docs/img) by extensions ['ignore', 'ignore_ament_install']
[0.571s] Level 1:colcon.colcon_core.package_identification:_identify(src/easy_handeye2/docs/img) by extension 'ignore'
[0.571s] Level 1:colcon.colcon_core.package_identification:_identify(src/easy_handeye2/docs/img) by extension 'ignore_ament_install'
[0.571s] Level 1:colcon.colcon_core.package_identification:_identify(src/easy_handeye2/docs/img) by extensions ['colcon_pkg']
[0.571s] Level 1:colcon.colcon_core.package_identification:_identify(src/easy_handeye2/docs/img) by extension 'colcon_pkg'
[0.571s] Level 1:colcon.colcon_core.package_identification:_identify(src/easy_handeye2/docs/img) by extensions ['colcon_meta']
[0.571s] Level 1:colcon.colcon_core.package_identification:_identify(src/easy_handeye2/docs/img) by extension 'colcon_meta'
[0.571s] Level 1:colcon.colcon_core.package_identification:_identify(src/easy_handeye2/docs/img) by extensions ['ros']
[0.571s] Level 1:colcon.colcon_core.package_identification:_identify(src/easy_handeye2/docs/img) by extension 'ros'
[0.571s] Level 1:colcon.colcon_core.package_identification:_identify(src/easy_handeye2/docs/img) by extensions ['cmake', 'python']
[0.571s] Level 1:colcon.colcon_core.package_identification:_identify(src/easy_handeye2/docs/img) by extension 'cmake'
[0.571s] Level 1:colcon.colcon_core.package_identification:_identify(src/easy_handeye2/docs/img) by extension 'python'
[0.572s] Level 1:colcon.colcon_core.package_identification:_identify(src/easy_handeye2/docs/img) by extensions ['python_setup_py']
[0.572s] Level 1:colcon.colcon_core.package_identification:_identify(src/easy_handeye2/docs/img) by extension 'python_setup_py'
[0.572s] Level 1:colcon.colcon_core.package_identification:_identify(src/easy_handeye2/easy_handeye2) by extensions ['ignore', 'ignore_ament_install']
[0.572s] Level 1:colcon.colcon_core.package_identification:_identify(src/easy_handeye2/easy_handeye2) by extension 'ignore'
[0.572s] Level 1:colcon.colcon_core.package_identification:_identify(src/easy_handeye2/easy_handeye2) by extension 'ignore_ament_install'
[0.572s] Level 1:colcon.colcon_core.package_identification:_identify(src/easy_handeye2/easy_handeye2) by extensions ['colcon_pkg']
[0.572s] Level 1:colcon.colcon_core.package_identification:_identify(src/easy_handeye2/easy_handeye2) by extension 'colcon_pkg'
[0.572s] Level 1:colcon.colcon_core.package_identification:_identify(src/easy_handeye2/easy_handeye2) by extensions ['colcon_meta']
[0.572s] Level 1:colcon.colcon_core.package_identification:_identify(src/easy_handeye2/easy_handeye2) by extension 'colcon_meta'
[0.572s] Level 1:colcon.colcon_core.package_identification:_identify(src/easy_handeye2/easy_handeye2) by extensions ['ros']
[0.572s] Level 1:colcon.colcon_core.package_identification:_identify(src/easy_handeye2/easy_handeye2) by extension 'ros'
[0.577s] DEBUG:colcon.colcon_core.package_identification:Package 'src/easy_handeye2/easy_handeye2' with type 'ros.ament_python' and name 'easy_handeye2'
[0.578s] Level 1:colcon.colcon_core.package_identification:_identify(src/easy_handeye2/easy_handeye2_msgs) by extensions ['ignore', 'ignore_ament_install']
[0.578s] Level 1:colcon.colcon_core.package_identification:_identify(src/easy_handeye2/easy_handeye2_msgs) by extension 'ignore'
[0.578s] Level 1:colcon.colcon_core.package_identification:_identify(src/easy_handeye2/easy_handeye2_msgs) by extension 'ignore_ament_install'
[0.578s] Level 1:colcon.colcon_core.package_identification:_identify(src/easy_handeye2/easy_handeye2_msgs) by extensions ['colcon_pkg']
[0.578s] Level 1:colcon.colcon_core.package_identification:_identify(src/easy_handeye2/easy_handeye2_msgs) by extension 'colcon_pkg'
[0.578s] Level 1:colcon.colcon_core.package_identification:_identify(src/easy_handeye2/easy_handeye2_msgs) by extensions ['colcon_meta']
[0.578s] Level 1:colcon.colcon_core.package_identification:_identify(src/easy_handeye2/easy_handeye2_msgs) by extension 'colcon_meta'
[0.578s] Level 1:colcon.colcon_core.package_identification:_identify(src/easy_handeye2/easy_handeye2_msgs) by extensions ['ros']
[0.578s] Level 1:colcon.colcon_core.package_identification:_identify(src/easy_handeye2/easy_handeye2_msgs) by extension 'ros'
[0.580s] DEBUG:colcon.colcon_core.package_identification:Package 'src/easy_handeye2/easy_handeye2_msgs' with type 'ros.ament_cmake' and name 'easy_handeye2_msgs'
[0.580s] Level 1:colcon.colcon_core.package_identification:_identify(src/easy_handeye2_demo) by extensions ['ignore', 'ignore_ament_install']
[0.580s] Level 1:colcon.colcon_core.package_identification:_identify(src/easy_handeye2_demo) by extension 'ignore'
[0.580s] Level 1:colcon.colcon_core.package_identification:_identify(src/easy_handeye2_demo) by extension 'ignore_ament_install'
[0.580s] Level 1:colcon.colcon_core.package_identification:_identify(src/easy_handeye2_demo) by extensions ['colcon_pkg']
[0.580s] Level 1:colcon.colcon_core.package_identification:_identify(src/easy_handeye2_demo) by extension 'colcon_pkg'
[0.580s] Level 1:colcon.colcon_core.package_identification:_identify(src/easy_handeye2_demo) by extensions ['colcon_meta']
[0.580s] Level 1:colcon.colcon_core.package_identification:_identify(src/easy_handeye2_demo) by extension 'colcon_meta'
[0.581s] Level 1:colcon.colcon_core.package_identification:_identify(src/easy_handeye2_demo) by extensions ['ros']
[0.581s] Level 1:colcon.colcon_core.package_identification:_identify(src/easy_handeye2_demo) by extension 'ros'
[0.582s] DEBUG:colcon.colcon_core.package_identification:Package 'src/easy_handeye2_demo' with type 'ros.ament_python' and name 'easy_handeye2_demo'
[0.582s] Level 1:colcon.colcon_core.package_discovery:discover_packages(recursive) using defaults
[0.582s] Level 1:colcon.colcon_core.package_discovery:discover_packages(ignore) discover
[0.582s] Level 1:colcon.colcon_core.package_discovery:discover_packages(ignore) using defaults
[0.582s] Level 1:colcon.colcon_core.package_discovery:discover_packages(path) discover
[0.582s] Level 1:colcon.colcon_core.package_discovery:discover_packages(path) using defaults
[0.639s] Level 1:colcon.colcon_core.package_discovery:discover_packages(prefix_path) check parameters
[0.639s] Level 1:colcon.colcon_core.package_discovery:discover_packages(prefix_path) discover
[0.647s] DEBUG:colcon.colcon_installed_package_information.package_discovery:Found 3 installed packages in /home/rokae/workspace/rokae_ros2_sim2real/install
[0.650s] DEBUG:colcon.colcon_installed_package_information.package_discovery:Found 55 installed packages in /home/rokae/workspace/ws_moveit/install
[0.652s] DEBUG:colcon.colcon_installed_package_information.package_discovery:Found 31 installed packages in /home/rokae/workspace/moveit_test/install
[0.655s] DEBUG:colcon.colcon_installed_package_information.package_discovery:Found 350 installed packages in /opt/ros/humble
[0.659s] Level 1:colcon.colcon_core.package_discovery:discover_packages(prefix_path) using defaults
[0.750s] Level 5:colcon.colcon_core.verb:set package 'easy_handeye2_msgs' build argument 'cmake_args' from command line to 'None'
[0.750s] Level 5:colcon.colcon_core.verb:set package 'easy_handeye2_msgs' build argument 'cmake_target' from command line to 'None'
[0.750s] Level 5:colcon.colcon_core.verb:set package 'easy_handeye2_msgs' build argument 'cmake_target_skip_unavailable' from command line to 'False'
[0.750s] Level 5:colcon.colcon_core.verb:set package 'easy_handeye2_msgs' build argument 'cmake_clean_cache' from command line to 'False'
[0.750s] Level 5:colcon.colcon_core.verb:set package 'easy_handeye2_msgs' build argument 'cmake_clean_first' from command line to 'False'
[0.750s] Level 5:colcon.colcon_core.verb:set package 'easy_handeye2_msgs' build argument 'cmake_force_configure' from command line to 'False'
[0.750s] Level 5:colcon.colcon_core.verb:set package 'easy_handeye2_msgs' build argument 'ament_cmake_args' from command line to 'None'
[0.750s] Level 5:colcon.colcon_core.verb:set package 'easy_handeye2_msgs' build argument 'catkin_cmake_args' from command line to 'None'
[0.750s] Level 5:colcon.colcon_core.verb:set package 'easy_handeye2_msgs' build argument 'catkin_skip_building_tests' from command line to 'False'
[0.750s] DEBUG:colcon.colcon_core.verb:Building package 'easy_handeye2_msgs' with the following arguments: {'ament_cmake_args': None, 'build_base': '/home/rokae/workspace/rokae_ros2_sim2real/build/easy_handeye2_msgs', 'catkin_cmake_args': None, 'catkin_skip_building_tests': False, 'cmake_args': None, 'cmake_clean_cache': False, 'cmake_clean_first': False, 'cmake_force_configure': False, 'cmake_target': None, 'cmake_target_skip_unavailable': False, 'install_base': '/home/rokae/workspace/rokae_ros2_sim2real/install/easy_handeye2_msgs', 'merge_install': False, 'path': '/home/rokae/workspace/rokae_ros2_sim2real/src/easy_handeye2/easy_handeye2_msgs', 'symlink_install': False, 'test_result_base': None}
[0.751s] Level 5:colcon.colcon_core.verb:set package 'easy_handeye2' build argument 'cmake_args' from command line to 'None'
[0.751s] Level 5:colcon.colcon_core.verb:set package 'easy_handeye2' build argument 'cmake_target' from command line to 'None'
[0.751s] Level 5:colcon.colcon_core.verb:set package 'easy_handeye2' build argument 'cmake_target_skip_unavailable' from command line to 'False'
[0.751s] Level 5:colcon.colcon_core.verb:set package 'easy_handeye2' build argument 'cmake_clean_cache' from command line to 'False'
[0.751s] Level 5:colcon.colcon_core.verb:set package 'easy_handeye2' build argument 'cmake_clean_first' from command line to 'False'
[0.751s] Level 5:colcon.colcon_core.verb:set package 'easy_handeye2' build argument 'cmake_force_configure' from command line to 'False'
[0.751s] Level 5:colcon.colcon_core.verb:set package 'easy_handeye2' build argument 'ament_cmake_args' from command line to 'None'
[0.751s] Level 5:colcon.colcon_core.verb:set package 'easy_handeye2' build argument 'catkin_cmake_args' from command line to 'None'
[0.751s] Level 5:colcon.colcon_core.verb:set package 'easy_handeye2' build argument 'catkin_skip_building_tests' from command line to 'False'
[0.751s] DEBUG:colcon.colcon_core.verb:Building package 'easy_handeye2' with the following arguments: {'ament_cmake_args': None, 'build_base': '/home/rokae/workspace/rokae_ros2_sim2real/build/easy_handeye2', 'catkin_cmake_args': None, 'catkin_skip_building_tests': False, 'cmake_args': None, 'cmake_clean_cache': False, 'cmake_clean_first': False, 'cmake_force_configure': False, 'cmake_target': None, 'cmake_target_skip_unavailable': False, 'install_base': '/home/rokae/workspace/rokae_ros2_sim2real/install/easy_handeye2', 'merge_install': False, 'path': '/home/rokae/workspace/rokae_ros2_sim2real/src/easy_handeye2/easy_handeye2', 'symlink_install': False, 'test_result_base': None}
[0.752s] Level 5:colcon.colcon_core.verb:set package 'easy_handeye2_demo' build argument 'cmake_args' from command line to 'None'
[0.752s] Level 5:colcon.colcon_core.verb:set package 'easy_handeye2_demo' build argument 'cmake_target' from command line to 'None'
[0.752s] Level 5:colcon.colcon_core.verb:set package 'easy_handeye2_demo' build argument 'cmake_target_skip_unavailable' from command line to 'False'
[0.752s] Level 5:colcon.colcon_core.verb:set package 'easy_handeye2_demo' build argument 'cmake_clean_cache' from command line to 'False'
[0.752s] Level 5:colcon.colcon_core.verb:set package 'easy_handeye2_demo' build argument 'cmake_clean_first' from command line to 'False'
[0.752s] Level 5:colcon.colcon_core.verb:set package 'easy_handeye2_demo' build argument 'cmake_force_configure' from command line to 'False'
[0.752s] Level 5:colcon.colcon_core.verb:set package 'easy_handeye2_demo' build argument 'ament_cmake_args' from command line to 'None'
[0.752s] Level 5:colcon.colcon_core.verb:set package 'easy_handeye2_demo' build argument 'catkin_cmake_args' from command line to 'None'
[0.752s] Level 5:colcon.colcon_core.verb:set package 'easy_handeye2_demo' build argument 'catkin_skip_building_tests' from command line to 'False'
[0.752s] DEBUG:colcon.colcon_core.verb:Building package 'easy_handeye2_demo' with the following arguments: {'ament_cmake_args': None, 'build_base': '/home/rokae/workspace/rokae_ros2_sim2real/build/easy_handeye2_demo', 'catkin_cmake_args': None, 'catkin_skip_building_tests': False, 'cmake_args': None, 'cmake_clean_cache': False, 'cmake_clean_first': False, 'cmake_force_configure': False, 'cmake_target': None, 'cmake_target_skip_unavailable': False, 'install_base': '/home/rokae/workspace/rokae_ros2_sim2real/install/easy_handeye2_demo', 'merge_install': False, 'path': '/home/rokae/workspace/rokae_ros2_sim2real/src/easy_handeye2_demo', 'symlink_install': False, 'test_result_base': None}
[0.752s] INFO:colcon.colcon_core.executor:Executing jobs using 'parallel' executor
[0.754s] DEBUG:colcon.colcon_parallel_executor.executor.parallel:run_until_complete
[0.755s] INFO:colcon.colcon_ros.task.ament_cmake.build:Building ROS package in '/home/rokae/workspace/rokae_ros2_sim2real/src/easy_handeye2/easy_handeye2_msgs' with build type 'ament_cmake'
[0.755s] INFO:colcon.colcon_cmake.task.cmake.build:Building CMake package in '/home/rokae/workspace/rokae_ros2_sim2real/src/easy_handeye2/easy_handeye2_msgs'
[0.759s] INFO:colcon.colcon_core.plugin_system:Skipping extension 'colcon_core.shell.bat': Not used on non-Windows systems
[0.759s] INFO:colcon.colcon_core.shell:Skip shell extension 'powershell' for command environment: Not usable outside of PowerShell
[0.759s] DEBUG:colcon.colcon_core.shell:Skip shell extension 'dsv' for command environment
[0.790s] DEBUG:colcon.colcon_core.event_handler.log_command:Invoking command in '/home/rokae/workspace/rokae_ros2_sim2real/build/easy_handeye2_msgs': CMAKE_PREFIX_PATH=${CMAKE_PREFIX_PATH}:/home/rokae/workspace/rokae_ros2_sim2real/install/easy_handeye2_demo:/home/rokae/workspace/rokae_ros2_sim2real/install/easy_handeye2:/home/rokae/workspace/ws_moveit/install/moveit_configs_utils:/home/rokae/workspace/ws_moveit/install/launch_param_builder:/opt/ros/humble /usr/bin/cmake --build /home/rokae/workspace/rokae_ros2_sim2real/build/easy_handeye2_msgs -- -j32 -l32
[1.544s] DEBUG:colcon.colcon_core.event_handler.log_command:Invoked command in '/home/rokae/workspace/rokae_ros2_sim2real/build/easy_handeye2_msgs' returned '0': CMAKE_PREFIX_PATH=${CMAKE_PREFIX_PATH}:/home/rokae/workspace/rokae_ros2_sim2real/install/easy_handeye2_demo:/home/rokae/workspace/rokae_ros2_sim2real/install/easy_handeye2:/home/rokae/workspace/ws_moveit/install/moveit_configs_utils:/home/rokae/workspace/ws_moveit/install/launch_param_builder:/opt/ros/humble /usr/bin/cmake --build /home/rokae/workspace/rokae_ros2_sim2real/build/easy_handeye2_msgs -- -j32 -l32
[1.567s] DEBUG:colcon.colcon_core.event_handler.log_command:Invoking command in '/home/rokae/workspace/rokae_ros2_sim2real/build/easy_handeye2_msgs': CMAKE_PREFIX_PATH=${CMAKE_PREFIX_PATH}:/home/rokae/workspace/rokae_ros2_sim2real/install/easy_handeye2_demo:/home/rokae/workspace/rokae_ros2_sim2real/install/easy_handeye2:/home/rokae/workspace/ws_moveit/install/moveit_configs_utils:/home/rokae/workspace/ws_moveit/install/launch_param_builder:/opt/ros/humble /usr/bin/cmake --install /home/rokae/workspace/rokae_ros2_sim2real/build/easy_handeye2_msgs
[1.715s] Level 1:colcon.colcon_core.environment:create_environment_scripts_only(easy_handeye2_msgs)
[1.716s] DEBUG:colcon.colcon_core.event_handler.log_command:Invoked command in '/home/rokae/workspace/rokae_ros2_sim2real/build/easy_handeye2_msgs' returned '0': CMAKE_PREFIX_PATH=${CMAKE_PREFIX_PATH}:/home/rokae/workspace/rokae_ros2_sim2real/install/easy_handeye2_demo:/home/rokae/workspace/rokae_ros2_sim2real/install/easy_handeye2:/home/rokae/workspace/ws_moveit/install/moveit_configs_utils:/home/rokae/workspace/ws_moveit/install/launch_param_builder:/opt/ros/humble /usr/bin/cmake --install /home/rokae/workspace/rokae_ros2_sim2real/build/easy_handeye2_msgs
[1.720s] Level 1:colcon.colcon_core.environment:checking '/home/rokae/workspace/rokae_ros2_sim2real/install/easy_handeye2_msgs' for CMake module files
[1.721s] Level 1:colcon.colcon_core.environment:checking '/home/rokae/workspace/rokae_ros2_sim2real/install/easy_handeye2_msgs' for CMake config files
[1.722s] Level 1:colcon.colcon_core.shell:create_environment_hook('easy_handeye2_msgs', 'cmake_prefix_path')
[1.722s] INFO:colcon.colcon_core.shell:Creating environment hook '/home/rokae/workspace/rokae_ros2_sim2real/install/easy_handeye2_msgs/share/easy_handeye2_msgs/hook/cmake_prefix_path.ps1'
[1.723s] INFO:colcon.colcon_core.shell:Creating environment descriptor '/home/rokae/workspace/rokae_ros2_sim2real/install/easy_handeye2_msgs/share/easy_handeye2_msgs/hook/cmake_prefix_path.dsv'
[1.724s] INFO:colcon.colcon_core.shell:Creating environment hook '/home/rokae/workspace/rokae_ros2_sim2real/install/easy_handeye2_msgs/share/easy_handeye2_msgs/hook/cmake_prefix_path.sh'
[1.725s] Level 1:colcon.colcon_core.environment:checking '/home/rokae/workspace/rokae_ros2_sim2real/install/easy_handeye2_msgs/lib'
[1.726s] Level 1:colcon.colcon_core.shell:create_environment_hook('easy_handeye2_msgs', 'ld_library_path_lib')
[1.726s] INFO:colcon.colcon_core.shell:Creating environment hook '/home/rokae/workspace/rokae_ros2_sim2real/install/easy_handeye2_msgs/share/easy_handeye2_msgs/hook/ld_library_path_lib.ps1'
[1.727s] INFO:colcon.colcon_core.shell:Creating environment descriptor '/home/rokae/workspace/rokae_ros2_sim2real/install/easy_handeye2_msgs/share/easy_handeye2_msgs/hook/ld_library_path_lib.dsv'
[1.728s] INFO:colcon.colcon_core.shell:Creating environment hook '/home/rokae/workspace/rokae_ros2_sim2real/install/easy_handeye2_msgs/share/easy_handeye2_msgs/hook/ld_library_path_lib.sh'
[1.728s] Level 1:colcon.colcon_core.environment:checking '/home/rokae/workspace/rokae_ros2_sim2real/install/easy_handeye2_msgs/bin'
[1.728s] Level 1:colcon.colcon_core.environment:checking '/home/rokae/workspace/rokae_ros2_sim2real/install/easy_handeye2_msgs/lib/pkgconfig/easy_handeye2_msgs.pc'
[1.729s] Level 1:colcon.colcon_core.environment:checking '/home/rokae/workspace/rokae_ros2_sim2real/install/easy_handeye2_msgs/lib/python3.10/site-packages'
[1.729s] Level 1:colcon.colcon_core.environment:checking '/home/rokae/workspace/rokae_ros2_sim2real/install/easy_handeye2_msgs/bin'
[1.730s] INFO:colcon.colcon_core.shell:Creating package script '/home/rokae/workspace/rokae_ros2_sim2real/install/easy_handeye2_msgs/share/easy_handeye2_msgs/package.ps1'
[1.731s] INFO:colcon.colcon_core.shell:Creating package descriptor '/home/rokae/workspace/rokae_ros2_sim2real/install/easy_handeye2_msgs/share/easy_handeye2_msgs/package.dsv'
[1.732s] INFO:colcon.colcon_core.shell:Creating package script '/home/rokae/workspace/rokae_ros2_sim2real/install/easy_handeye2_msgs/share/easy_handeye2_msgs/package.sh'
[1.733s] INFO:colcon.colcon_core.shell:Creating package script '/home/rokae/workspace/rokae_ros2_sim2real/install/easy_handeye2_msgs/share/easy_handeye2_msgs/package.bash'
[1.735s] INFO:colcon.colcon_core.shell:Creating package script '/home/rokae/workspace/rokae_ros2_sim2real/install/easy_handeye2_msgs/share/easy_handeye2_msgs/package.zsh'
[1.736s] Level 1:colcon.colcon_core.environment:create_file_with_runtime_dependencies(/home/rokae/workspace/rokae_ros2_sim2real/install/easy_handeye2_msgs/share/colcon-core/packages/easy_handeye2_msgs)
[1.737s] Level 1:colcon.colcon_core.environment:create_environment_scripts_only(easy_handeye2_msgs)
[1.738s] Level 1:colcon.colcon_core.environment:checking '/home/rokae/workspace/rokae_ros2_sim2real/install/easy_handeye2_msgs' for CMake module files
[1.739s] Level 1:colcon.colcon_core.environment:checking '/home/rokae/workspace/rokae_ros2_sim2real/install/easy_handeye2_msgs' for CMake config files
[1.739s] Level 1:colcon.colcon_core.shell:create_environment_hook('easy_handeye2_msgs', 'cmake_prefix_path')
[1.740s] INFO:colcon.colcon_core.shell:Creating environment hook '/home/rokae/workspace/rokae_ros2_sim2real/install/easy_handeye2_msgs/share/easy_handeye2_msgs/hook/cmake_prefix_path.ps1'
[1.741s] INFO:colcon.colcon_core.shell:Creating environment descriptor '/home/rokae/workspace/rokae_ros2_sim2real/install/easy_handeye2_msgs/share/easy_handeye2_msgs/hook/cmake_prefix_path.dsv'
[1.741s] INFO:colcon.colcon_core.shell:Creating environment hook '/home/rokae/workspace/rokae_ros2_sim2real/install/easy_handeye2_msgs/share/easy_handeye2_msgs/hook/cmake_prefix_path.sh'
[1.742s] Level 1:colcon.colcon_core.environment:checking '/home/rokae/workspace/rokae_ros2_sim2real/install/easy_handeye2_msgs/lib'
[1.742s] Level 1:colcon.colcon_core.shell:create_environment_hook('easy_handeye2_msgs', 'ld_library_path_lib')
[1.742s] INFO:colcon.colcon_core.shell:Creating environment hook '/home/rokae/workspace/rokae_ros2_sim2real/install/easy_handeye2_msgs/share/easy_handeye2_msgs/hook/ld_library_path_lib.ps1'
[1.743s] INFO:colcon.colcon_core.shell:Creating environment descriptor '/home/rokae/workspace/rokae_ros2_sim2real/install/easy_handeye2_msgs/share/easy_handeye2_msgs/hook/ld_library_path_lib.dsv'
[1.743s] INFO:colcon.colcon_core.shell:Creating environment hook '/home/rokae/workspace/rokae_ros2_sim2real/install/easy_handeye2_msgs/share/easy_handeye2_msgs/hook/ld_library_path_lib.sh'
[1.744s] Level 1:colcon.colcon_core.environment:checking '/home/rokae/workspace/rokae_ros2_sim2real/install/easy_handeye2_msgs/bin'
[1.744s] Level 1:colcon.colcon_core.environment:checking '/home/rokae/workspace/rokae_ros2_sim2real/install/easy_handeye2_msgs/lib/pkgconfig/easy_handeye2_msgs.pc'
[1.745s] Level 1:colcon.colcon_core.environment:checking '/home/rokae/workspace/rokae_ros2_sim2real/install/easy_handeye2_msgs/lib/python3.10/site-packages'
[1.745s] Level 1:colcon.colcon_core.environment:checking '/home/rokae/workspace/rokae_ros2_sim2real/install/easy_handeye2_msgs/bin'
[1.746s] INFO:colcon.colcon_core.shell:Creating package script '/home/rokae/workspace/rokae_ros2_sim2real/install/easy_handeye2_msgs/share/easy_handeye2_msgs/package.ps1'
[1.746s] INFO:colcon.colcon_core.shell:Creating package descriptor '/home/rokae/workspace/rokae_ros2_sim2real/install/easy_handeye2_msgs/share/easy_handeye2_msgs/package.dsv'
[1.747s] INFO:colcon.colcon_core.shell:Creating package script '/home/rokae/workspace/rokae_ros2_sim2real/install/easy_handeye2_msgs/share/easy_handeye2_msgs/package.sh'
[1.748s] INFO:colcon.colcon_core.shell:Creating package script '/home/rokae/workspace/rokae_ros2_sim2real/install/easy_handeye2_msgs/share/easy_handeye2_msgs/package.bash'
[1.748s] INFO:colcon.colcon_core.shell:Creating package script '/home/rokae/workspace/rokae_ros2_sim2real/install/easy_handeye2_msgs/share/easy_handeye2_msgs/package.zsh'
[1.749s] Level 1:colcon.colcon_core.environment:create_file_with_runtime_dependencies(/home/rokae/workspace/rokae_ros2_sim2real/install/easy_handeye2_msgs/share/colcon-core/packages/easy_handeye2_msgs)
[1.750s] INFO:colcon.colcon_ros.task.ament_python.build:Building ROS package in '/home/rokae/workspace/rokae_ros2_sim2real/src/easy_handeye2/easy_handeye2' with build type 'ament_python'
[1.750s] Level 1:colcon.colcon_core.shell:create_environment_hook('easy_handeye2', 'ament_prefix_path')
[1.750s] INFO:colcon.colcon_core.shell:Creating environment hook '/home/rokae/workspace/rokae_ros2_sim2real/install/easy_handeye2/share/easy_handeye2/hook/ament_prefix_path.ps1'
[1.752s] INFO:colcon.colcon_core.shell:Creating environment descriptor '/home/rokae/workspace/rokae_ros2_sim2real/install/easy_handeye2/share/easy_handeye2/hook/ament_prefix_path.dsv'
[1.752s] INFO:colcon.colcon_core.shell:Creating environment hook '/home/rokae/workspace/rokae_ros2_sim2real/install/easy_handeye2/share/easy_handeye2/hook/ament_prefix_path.sh'
[1.753s] INFO:colcon.colcon_core.shell:Skip shell extension 'powershell' for command environment: Not usable outside of PowerShell
[1.753s] DEBUG:colcon.colcon_core.shell:Skip shell extension 'dsv' for command environment
[2.262s] INFO:colcon.colcon_core.task.python.build:Building Python package in '/home/rokae/workspace/rokae_ros2_sim2real/src/easy_handeye2/easy_handeye2'
[2.262s] INFO:colcon.colcon_core.shell:Skip shell extension 'powershell' for command environment: Not usable outside of PowerShell
[2.262s] DEBUG:colcon.colcon_core.shell:Skip shell extension 'dsv' for command environment
[2.985s] DEBUG:colcon.colcon_core.event_handler.log_command:Invoking command in '/home/rokae/workspace/rokae_ros2_sim2real/src/easy_handeye2/easy_handeye2': PYTHONPATH=/home/rokae/workspace/rokae_ros2_sim2real/build/easy_handeye2/prefix_override:/usr/lib/python3/dist-packages/colcon_core/task/python/colcon_distutils_commands:/home/rokae/workspace/rokae_ros2_sim2real/install/easy_handeye2/lib/python3.10/site-packages:${PYTHONPATH} /usr/bin/python3 -W ignore:setup.py install is deprecated -W ignore:easy_install command is deprecated setup.py egg_info --egg-base ../../../build/easy_handeye2 build --build-base /home/rokae/workspace/rokae_ros2_sim2real/build/easy_handeye2/build install --record /home/rokae/workspace/rokae_ros2_sim2real/build/easy_handeye2/install.log --single-version-externally-managed install_data
[3.537s] Level 1:colcon.colcon_core.environment:checking '/home/rokae/workspace/rokae_ros2_sim2real/install/easy_handeye2' for CMake module files
[3.538s] DEBUG:colcon.colcon_core.event_handler.log_command:Invoked command in '/home/rokae/workspace/rokae_ros2_sim2real/src/easy_handeye2/easy_handeye2' returned '0': PYTHONPATH=/home/rokae/workspace/rokae_ros2_sim2real/build/easy_handeye2/prefix_override:/usr/lib/python3/dist-packages/colcon_core/task/python/colcon_distutils_commands:/home/rokae/workspace/rokae_ros2_sim2real/install/easy_handeye2/lib/python3.10/site-packages:${PYTHONPATH} /usr/bin/python3 -W ignore:setup.py install is deprecated -W ignore:easy_install command is deprecated setup.py egg_info --egg-base ../../../build/easy_handeye2 build --build-base /home/rokae/workspace/rokae_ros2_sim2real/build/easy_handeye2/build install --record /home/rokae/workspace/rokae_ros2_sim2real/build/easy_handeye2/install.log --single-version-externally-managed install_data
[3.539s] Level 1:colcon.colcon_core.environment:checking '/home/rokae/workspace/rokae_ros2_sim2real/install/easy_handeye2' for CMake config files
[3.540s] Level 1:colcon.colcon_core.environment:checking '/home/rokae/workspace/rokae_ros2_sim2real/install/easy_handeye2/lib'
[3.540s] Level 1:colcon.colcon_core.environment:checking '/home/rokae/workspace/rokae_ros2_sim2real/install/easy_handeye2/bin'
[3.540s] Level 1:colcon.colcon_core.environment:checking '/home/rokae/workspace/rokae_ros2_sim2real/install/easy_handeye2/lib/pkgconfig/easy_handeye2.pc'
[3.540s] Level 1:colcon.colcon_core.environment:checking '/home/rokae/workspace/rokae_ros2_sim2real/install/easy_handeye2/lib/python3.10/site-packages'
[3.540s] Level 1:colcon.colcon_core.shell:create_environment_hook('easy_handeye2', 'pythonpath')
[3.541s] INFO:colcon.colcon_core.shell:Creating environment hook '/home/rokae/workspace/rokae_ros2_sim2real/install/easy_handeye2/share/easy_handeye2/hook/pythonpath.ps1'
[3.542s] INFO:colcon.colcon_core.shell:Creating environment descriptor '/home/rokae/workspace/rokae_ros2_sim2real/install/easy_handeye2/share/easy_handeye2/hook/pythonpath.dsv'
[3.542s] INFO:colcon.colcon_core.shell:Creating environment hook '/home/rokae/workspace/rokae_ros2_sim2real/install/easy_handeye2/share/easy_handeye2/hook/pythonpath.sh'
[3.543s] Level 1:colcon.colcon_core.environment:checking '/home/rokae/workspace/rokae_ros2_sim2real/install/easy_handeye2/bin'
[3.544s] Level 1:colcon.colcon_core.environment:create_environment_scripts_only(easy_handeye2)
[3.544s] INFO:colcon.colcon_core.shell:Creating package script '/home/rokae/workspace/rokae_ros2_sim2real/install/easy_handeye2/share/easy_handeye2/package.ps1'
[3.545s] INFO:colcon.colcon_core.shell:Creating package descriptor '/home/rokae/workspace/rokae_ros2_sim2real/install/easy_handeye2/share/easy_handeye2/package.dsv'
[3.546s] INFO:colcon.colcon_core.shell:Creating package script '/home/rokae/workspace/rokae_ros2_sim2real/install/easy_handeye2/share/easy_handeye2/package.sh'
[3.546s] INFO:colcon.colcon_core.shell:Creating package script '/home/rokae/workspace/rokae_ros2_sim2real/install/easy_handeye2/share/easy_handeye2/package.bash'
[3.547s] INFO:colcon.colcon_core.shell:Creating package script '/home/rokae/workspace/rokae_ros2_sim2real/install/easy_handeye2/share/easy_handeye2/package.zsh'
[3.547s] Level 1:colcon.colcon_core.environment:create_file_with_runtime_dependencies(/home/rokae/workspace/rokae_ros2_sim2real/install/easy_handeye2/share/colcon-core/packages/easy_handeye2)
[3.548s] INFO:colcon.colcon_ros.task.ament_python.build:Building ROS package in '/home/rokae/workspace/rokae_ros2_sim2real/src/easy_handeye2_demo' with build type 'ament_python'
[3.548s] Level 1:colcon.colcon_core.shell:create_environment_hook('easy_handeye2_demo', 'ament_prefix_path')
[3.549s] INFO:colcon.colcon_core.shell:Creating environment hook '/home/rokae/workspace/rokae_ros2_sim2real/install/easy_handeye2_demo/share/easy_handeye2_demo/hook/ament_prefix_path.ps1'
[3.550s] INFO:colcon.colcon_core.shell:Creating environment descriptor '/home/rokae/workspace/rokae_ros2_sim2real/install/easy_handeye2_demo/share/easy_handeye2_demo/hook/ament_prefix_path.dsv'
[3.551s] INFO:colcon.colcon_core.shell:Creating environment hook '/home/rokae/workspace/rokae_ros2_sim2real/install/easy_handeye2_demo/share/easy_handeye2_demo/hook/ament_prefix_path.sh'
[3.552s] INFO:colcon.colcon_core.shell:Skip shell extension 'powershell' for command environment: Not usable outside of PowerShell
[3.552s] DEBUG:colcon.colcon_core.shell:Skip shell extension 'dsv' for command environment
[4.065s] INFO:colcon.colcon_core.task.python.build:Building Python package in '/home/rokae/workspace/rokae_ros2_sim2real/src/easy_handeye2_demo'
[4.065s] INFO:colcon.colcon_core.shell:Skip shell extension 'powershell' for command environment: Not usable outside of PowerShell
[4.065s] DEBUG:colcon.colcon_core.shell:Skip shell extension 'dsv' for command environment
[4.783s] DEBUG:colcon.colcon_core.event_handler.log_command:Invoking command in '/home/rokae/workspace/rokae_ros2_sim2real/src/easy_handeye2_demo': AMENT_PREFIX_PATH=/home/rokae/workspace/rokae_ros2_sim2real/install/easy_handeye2:/home/rokae/workspace/rokae_ros2_sim2real/install/easy_handeye2_demo:/home/rokae/workspace/rokae_ros2_sim2real/install/easy_handeye2_msgs:/home/rokae/workspace/ws_moveit/install/pilz_industrial_motion_planner_testutils:/home/rokae/workspace/ws_moveit/install/moveit_runtime:/home/rokae/workspace/ws_moveit/install/moveit2_tutorials:/home/rokae/workspace/ws_moveit/install/moveit:/home/rokae/workspace/ws_moveit/install/moveit_planners:/home/rokae/workspace/ws_moveit/install/pilz_industrial_motion_planner:/home/rokae/workspace/ws_moveit/install/moveit_visual_tools:/home/rokae/workspace/ws_moveit/install/moveit_task_constructor_visualization:/home/rokae/workspace/ws_moveit/install/moveit_task_constructor_demo:/home/rokae/workspace/ws_moveit/install/moveit_task_constructor_capabilities:/home/rokae/workspace/ws_moveit/install/moveit_task_constructor_core:/home/rokae/workspace/ws_moveit/install/moveit_ros_control_interface:/home/rokae/workspace/ws_moveit/install/moveit_plugins:/home/rokae/workspace/ws_moveit/install/moveit_simple_controller_manager:/home/rokae/workspace/ws_moveit/install/moveit_setup_assistant:/home/rokae/workspace/ws_moveit/install/moveit_setup_srdf_plugins:/home/rokae/workspace/ws_moveit/install/moveit_setup_core_plugins:/home/rokae/workspace/ws_moveit/install/moveit_setup_controllers:/home/rokae/workspace/ws_moveit/install/moveit_setup_app_plugins:/home/rokae/workspace/ws_moveit/install/moveit_setup_framework:/home/rokae/workspace/ws_moveit/install/moveit_servo:/home/rokae/workspace/ws_moveit/install/moveit_ros:/home/rokae/workspace/ws_moveit/install/moveit_ros_visualization:/home/rokae/workspace/ws_moveit/install/moveit_hybrid_planning:/home/rokae/workspace/ws_moveit/install/moveit_ros_planning_interface:/home/rokae/workspace/ws_moveit/install/moveit_ros_benchmarks:/home/rokae/workspace/ws_moveit/install/moveit_ros_warehouse:/home/rokae/workspace/ws_moveit/install/moveit_ros_robot_interaction:/home/rokae/workspace/ws_moveit/install/moveit_ros_perception:/home/rokae/workspace/ws_moveit/install/moveit_resources_prbt_pg70_support:/home/rokae/workspace/ws_moveit/install/moveit_resources_prbt_moveit_config:/home/rokae/workspace/ws_moveit/install/moveit_ros_move_group:/home/rokae/workspace/ws_moveit/install/moveit_planners_ompl:/home/rokae/workspace/ws_moveit/install/moveit_ros_planning:/home/rokae/workspace/ws_moveit/install/moveit_ros_occupancy_map_monitor:/home/rokae/workspace/ws_moveit/install/moveit_resources_prbt_ikfast_manipulator_plugin:/home/rokae/workspace/ws_moveit/install/moveit_planners_chomp:/home/rokae/workspace/ws_moveit/install/moveit_kinematics:/home/rokae/workspace/ws_moveit/install/moveit_chomp_optimizer_adapter:/home/rokae/workspace/ws_moveit/install/chomp_motion_planner:/home/rokae/workspace/ws_moveit/install/moveit_core:/home/rokae/workspace/ws_moveit/install/moveit_configs_utils:/home/rokae/workspace/ws_moveit/install/srdfdom:/home/rokae/workspace/ws_moveit/install/rviz_marker_tools:/home/rokae/workspace/ws_moveit/install/rosparam_shortcuts:/home/rokae/workspace/ws_moveit/install/moveit_task_constructor_msgs:/home/rokae/workspace/ws_moveit/install/moveit_resources_prbt_support:/home/rokae/workspace/ws_moveit/install/moveit_resources:/home/rokae/workspace/ws_moveit/install/moveit_resources_pr2_description:/home/rokae/workspace/ws_moveit/install/moveit_resources_panda_moveit_config:/home/rokae/workspace/ws_moveit/install/moveit_resources_panda_description:/home/rokae/workspace/ws_moveit/install/moveit_resources_fanuc_moveit_config:/home/rokae/workspace/ws_moveit/install/moveit_resources_fanuc_description:/home/rokae/workspace/ws_moveit/install/moveit_common:/home/rokae/workspace/ws_moveit/install/launch_param_builder:/home/rokae/workspace/moveit_test/install/test_3:/home/rokae/workspace/moveit_test/install/test_2:/home/rokae/workspace/moveit_test/install/test_1:/home/rokae/workspace/moveit_test/install/study:/home/rokae/workspace/moveit_test/install/panda_configure:/home/rokae/workspace/moveit_test/install/moveit_study:/home/rokae/workspace/moveit_test/install/maduo_moveit:/home/rokae/workspace/moveit_test/install/hello_moveit:/home/rokae/workspace/moveit_test/install/hanjie_moveit:/home/rokae/workspace/moveit_test/install/moveit_visual_tools:/home/rokae/workspace/moveit_test/install/moveit_resources_panda_description:/home/rokae/workspace/moveit_test/install/hanjie_configure:/home/rokae/workspace/moveit_test/install/hanjie_model:/home/rokae/workspace/moveit_test/install/hand_test:/home/rokae/workspace/moveit_test/install/hand_configure:/home/rokae/workspace/moveit_test/install/g_maduo_configure:/home/rokae/workspace/moveit_test/install/g_fenjian_configure:/home/rokae/workspace/moveit_test/install/Disort_configure:/home/rokae/workspace/moveit_test/install/g_maduo_model:/home/rokae/workspace/moveit_test/install/g_fenjian_model:/home/rokae/workspace/moveit_test/install/fake_hand_configure:/home/rokae/workspace/moveit_test/install/er7pro_hand:/home/rokae/workspace/moveit_test/install/erp7_model:/home/rokae/workspace/moveit_test/install/arm_with_hand_configure:/home/rokae/workspace/moveit_test/install/arm_hand_configure:/home/rokae/workspace/moveit_test/install/arm_with_hand:/home/rokae/workspace/moveit_test/install/arm_gripper_configure:/home/rokae/workspace/moveit_test/install/arm_with_gripper:/home/rokae/workspace/moveit_test/install/arm_configure:/home/rokae/workspace/moveit_test/install/arm:/home/rokae/workspace/moveit_test/install/allegro_hand_model:/opt/ros/humble PYTHONPATH=/home/rokae/workspace/rokae_ros2_sim2real/build/easy_handeye2_demo/prefix_override:/usr/lib/python3/dist-packages/colcon_core/task/python/colcon_distutils_commands:/home/rokae/workspace/rokae_ros2_sim2real/install/easy_handeye2_demo/lib/python3.10/site-packages:/home/rokae/workspace/rokae_ros2_sim2real/install/easy_handeye2/lib/python3.10/site-packages:/home/rokae/workspace/rokae_ros2_sim2real/install/easy_handeye2_demo/lib/python3.10/site-packages:/home/rokae/workspace/rokae_ros2_sim2real/install/easy_handeye2_msgs/local/lib/python3.10/dist-packages:/home/rokae/workspace/ws_moveit/install/moveit_task_constructor_core/local/lib/python3.10/dist-packages:/home/rokae/workspace/ws_moveit/install/moveit_configs_utils/lib/python3.10/site-packages:/home/rokae/workspace/ws_moveit/install/srdfdom/local/lib/python3.10/dist-packages:/home/rokae/workspace/ws_moveit/install/moveit_task_constructor_msgs/local/lib/python3.10/dist-packages:/home/rokae/workspace/ws_moveit/install/launch_param_builder/lib/python3.10/site-packages:/opt/ros/humble/lib/python3.10/site-packages:/opt/ros/humble/local/lib/python3.10/dist-packages /usr/bin/python3 -W ignore:setup.py install is deprecated -W ignore:easy_install command is deprecated setup.py egg_info --egg-base ../../build/easy_handeye2_demo build --build-base /home/rokae/workspace/rokae_ros2_sim2real/build/easy_handeye2_demo/build install --record /home/rokae/workspace/rokae_ros2_sim2real/build/easy_handeye2_demo/install.log --single-version-externally-managed install_data
[5.329s] Level 1:colcon.colcon_core.environment:checking '/home/rokae/workspace/rokae_ros2_sim2real/install/easy_handeye2_demo' for CMake module files
[5.330s] DEBUG:colcon.colcon_core.event_handler.log_command:Invoked command in '/home/rokae/workspace/rokae_ros2_sim2real/src/easy_handeye2_demo' returned '0': AMENT_PREFIX_PATH=/home/rokae/workspace/rokae_ros2_sim2real/install/easy_handeye2:/home/rokae/workspace/rokae_ros2_sim2real/install/easy_handeye2_demo:/home/rokae/workspace/rokae_ros2_sim2real/install/easy_handeye2_msgs:/home/rokae/workspace/ws_moveit/install/pilz_industrial_motion_planner_testutils:/home/rokae/workspace/ws_moveit/install/moveit_runtime:/home/rokae/workspace/ws_moveit/install/moveit2_tutorials:/home/rokae/workspace/ws_moveit/install/moveit:/home/rokae/workspace/ws_moveit/install/moveit_planners:/home/rokae/workspace/ws_moveit/install/pilz_industrial_motion_planner:/home/rokae/workspace/ws_moveit/install/moveit_visual_tools:/home/rokae/workspace/ws_moveit/install/moveit_task_constructor_visualization:/home/rokae/workspace/ws_moveit/install/moveit_task_constructor_demo:/home/rokae/workspace/ws_moveit/install/moveit_task_constructor_capabilities:/home/rokae/workspace/ws_moveit/install/moveit_task_constructor_core:/home/rokae/workspace/ws_moveit/install/moveit_ros_control_interface:/home/rokae/workspace/ws_moveit/install/moveit_plugins:/home/rokae/workspace/ws_moveit/install/moveit_simple_controller_manager:/home/rokae/workspace/ws_moveit/install/moveit_setup_assistant:/home/rokae/workspace/ws_moveit/install/moveit_setup_srdf_plugins:/home/rokae/workspace/ws_moveit/install/moveit_setup_core_plugins:/home/rokae/workspace/ws_moveit/install/moveit_setup_controllers:/home/rokae/workspace/ws_moveit/install/moveit_setup_app_plugins:/home/rokae/workspace/ws_moveit/install/moveit_setup_framework:/home/rokae/workspace/ws_moveit/install/moveit_servo:/home/rokae/workspace/ws_moveit/install/moveit_ros:/home/rokae/workspace/ws_moveit/install/moveit_ros_visualization:/home/rokae/workspace/ws_moveit/install/moveit_hybrid_planning:/home/rokae/workspace/ws_moveit/install/moveit_ros_planning_interface:/home/rokae/workspace/ws_moveit/install/moveit_ros_benchmarks:/home/rokae/workspace/ws_moveit/install/moveit_ros_warehouse:/home/rokae/workspace/ws_moveit/install/moveit_ros_robot_interaction:/home/rokae/workspace/ws_moveit/install/moveit_ros_perception:/home/rokae/workspace/ws_moveit/install/moveit_resources_prbt_pg70_support:/home/rokae/workspace/ws_moveit/install/moveit_resources_prbt_moveit_config:/home/rokae/workspace/ws_moveit/install/moveit_ros_move_group:/home/rokae/workspace/ws_moveit/install/moveit_planners_ompl:/home/rokae/workspace/ws_moveit/install/moveit_ros_planning:/home/rokae/workspace/ws_moveit/install/moveit_ros_occupancy_map_monitor:/home/rokae/workspace/ws_moveit/install/moveit_resources_prbt_ikfast_manipulator_plugin:/home/rokae/workspace/ws_moveit/install/moveit_planners_chomp:/home/rokae/workspace/ws_moveit/install/moveit_kinematics:/home/rokae/workspace/ws_moveit/install/moveit_chomp_optimizer_adapter:/home/rokae/workspace/ws_moveit/install/chomp_motion_planner:/home/rokae/workspace/ws_moveit/install/moveit_core:/home/rokae/workspace/ws_moveit/install/moveit_configs_utils:/home/rokae/workspace/ws_moveit/install/srdfdom:/home/rokae/workspace/ws_moveit/install/rviz_marker_tools:/home/rokae/workspace/ws_moveit/install/rosparam_shortcuts:/home/rokae/workspace/ws_moveit/install/moveit_task_constructor_msgs:/home/rokae/workspace/ws_moveit/install/moveit_resources_prbt_support:/home/rokae/workspace/ws_moveit/install/moveit_resources:/home/rokae/workspace/ws_moveit/install/moveit_resources_pr2_description:/home/rokae/workspace/ws_moveit/install/moveit_resources_panda_moveit_config:/home/rokae/workspace/ws_moveit/install/moveit_resources_panda_description:/home/rokae/workspace/ws_moveit/install/moveit_resources_fanuc_moveit_config:/home/rokae/workspace/ws_moveit/install/moveit_resources_fanuc_description:/home/rokae/workspace/ws_moveit/install/moveit_common:/home/rokae/workspace/ws_moveit/install/launch_param_builder:/home/rokae/workspace/moveit_test/install/test_3:/home/rokae/workspace/moveit_test/install/test_2:/home/rokae/workspace/moveit_test/install/test_1:/home/rokae/workspace/moveit_test/install/study:/home/rokae/workspace/moveit_test/install/panda_configure:/home/rokae/workspace/moveit_test/install/moveit_study:/home/rokae/workspace/moveit_test/install/maduo_moveit:/home/rokae/workspace/moveit_test/install/hello_moveit:/home/rokae/workspace/moveit_test/install/hanjie_moveit:/home/rokae/workspace/moveit_test/install/moveit_visual_tools:/home/rokae/workspace/moveit_test/install/moveit_resources_panda_description:/home/rokae/workspace/moveit_test/install/hanjie_configure:/home/rokae/workspace/moveit_test/install/hanjie_model:/home/rokae/workspace/moveit_test/install/hand_test:/home/rokae/workspace/moveit_test/install/hand_configure:/home/rokae/workspace/moveit_test/install/g_maduo_configure:/home/rokae/workspace/moveit_test/install/g_fenjian_configure:/home/rokae/workspace/moveit_test/install/Disort_configure:/home/rokae/workspace/moveit_test/install/g_maduo_model:/home/rokae/workspace/moveit_test/install/g_fenjian_model:/home/rokae/workspace/moveit_test/install/fake_hand_configure:/home/rokae/workspace/moveit_test/install/er7pro_hand:/home/rokae/workspace/moveit_test/install/erp7_model:/home/rokae/workspace/moveit_test/install/arm_with_hand_configure:/home/rokae/workspace/moveit_test/install/arm_hand_configure:/home/rokae/workspace/moveit_test/install/arm_with_hand:/home/rokae/workspace/moveit_test/install/arm_gripper_configure:/home/rokae/workspace/moveit_test/install/arm_with_gripper:/home/rokae/workspace/moveit_test/install/arm_configure:/home/rokae/workspace/moveit_test/install/arm:/home/rokae/workspace/moveit_test/install/allegro_hand_model:/opt/ros/humble PYTHONPATH=/home/rokae/workspace/rokae_ros2_sim2real/build/easy_handeye2_demo/prefix_override:/usr/lib/python3/dist-packages/colcon_core/task/python/colcon_distutils_commands:/home/rokae/workspace/rokae_ros2_sim2real/install/easy_handeye2_demo/lib/python3.10/site-packages:/home/rokae/workspace/rokae_ros2_sim2real/install/easy_handeye2/lib/python3.10/site-packages:/home/rokae/workspace/rokae_ros2_sim2real/install/easy_handeye2_demo/lib/python3.10/site-packages:/home/rokae/workspace/rokae_ros2_sim2real/install/easy_handeye2_msgs/local/lib/python3.10/dist-packages:/home/rokae/workspace/ws_moveit/install/moveit_task_constructor_core/local/lib/python3.10/dist-packages:/home/rokae/workspace/ws_moveit/install/moveit_configs_utils/lib/python3.10/site-packages:/home/rokae/workspace/ws_moveit/install/srdfdom/local/lib/python3.10/dist-packages:/home/rokae/workspace/ws_moveit/install/moveit_task_constructor_msgs/local/lib/python3.10/dist-packages:/home/rokae/workspace/ws_moveit/install/launch_param_builder/lib/python3.10/site-packages:/opt/ros/humble/lib/python3.10/site-packages:/opt/ros/humble/local/lib/python3.10/dist-packages /usr/bin/python3 -W ignore:setup.py install is deprecated -W ignore:easy_install command is deprecated setup.py egg_info --egg-base ../../build/easy_handeye2_demo build --build-base /home/rokae/workspace/rokae_ros2_sim2real/build/easy_handeye2_demo/build install --record /home/rokae/workspace/rokae_ros2_sim2real/build/easy_handeye2_demo/install.log --single-version-externally-managed install_data
[5.331s] Level 1:colcon.colcon_core.environment:checking '/home/rokae/workspace/rokae_ros2_sim2real/install/easy_handeye2_demo' for CMake config files
[5.332s] Level 1:colcon.colcon_core.environment:checking '/home/rokae/workspace/rokae_ros2_sim2real/install/easy_handeye2_demo/lib'
[5.332s] Level 1:colcon.colcon_core.environment:checking '/home/rokae/workspace/rokae_ros2_sim2real/install/easy_handeye2_demo/bin'
[5.332s] Level 1:colcon.colcon_core.environment:checking '/home/rokae/workspace/rokae_ros2_sim2real/install/easy_handeye2_demo/lib/pkgconfig/easy_handeye2_demo.pc'
[5.333s] Level 1:colcon.colcon_core.environment:checking '/home/rokae/workspace/rokae_ros2_sim2real/install/easy_handeye2_demo/lib/python3.10/site-packages'
[5.333s] Level 1:colcon.colcon_core.shell:create_environment_hook('easy_handeye2_demo', 'pythonpath')
[5.333s] INFO:colcon.colcon_core.shell:Creating environment hook '/home/rokae/workspace/rokae_ros2_sim2real/install/easy_handeye2_demo/share/easy_handeye2_demo/hook/pythonpath.ps1'
[5.334s] INFO:colcon.colcon_core.shell:Creating environment descriptor '/home/rokae/workspace/rokae_ros2_sim2real/install/easy_handeye2_demo/share/easy_handeye2_demo/hook/pythonpath.dsv'
[5.335s] INFO:colcon.colcon_core.shell:Creating environment hook '/home/rokae/workspace/rokae_ros2_sim2real/install/easy_handeye2_demo/share/easy_handeye2_demo/hook/pythonpath.sh'
[5.336s] Level 1:colcon.colcon_core.environment:checking '/home/rokae/workspace/rokae_ros2_sim2real/install/easy_handeye2_demo/bin'
[5.336s] Level 1:colcon.colcon_core.environment:create_environment_scripts_only(easy_handeye2_demo)
[5.336s] INFO:colcon.colcon_core.shell:Creating package script '/home/rokae/workspace/rokae_ros2_sim2real/install/easy_handeye2_demo/share/easy_handeye2_demo/package.ps1'
[5.337s] INFO:colcon.colcon_core.shell:Creating package descriptor '/home/rokae/workspace/rokae_ros2_sim2real/install/easy_handeye2_demo/share/easy_handeye2_demo/package.dsv'
[5.338s] INFO:colcon.colcon_core.shell:Creating package script '/home/rokae/workspace/rokae_ros2_sim2real/install/easy_handeye2_demo/share/easy_handeye2_demo/package.sh'
[5.339s] INFO:colcon.colcon_core.shell:Creating package script '/home/rokae/workspace/rokae_ros2_sim2real/install/easy_handeye2_demo/share/easy_handeye2_demo/package.bash'
[5.339s] INFO:colcon.colcon_core.shell:Creating package script '/home/rokae/workspace/rokae_ros2_sim2real/install/easy_handeye2_demo/share/easy_handeye2_demo/package.zsh'
[5.340s] Level 1:colcon.colcon_core.environment:create_file_with_runtime_dependencies(/home/rokae/workspace/rokae_ros2_sim2real/install/easy_handeye2_demo/share/colcon-core/packages/easy_handeye2_demo)
[5.340s] DEBUG:colcon.colcon_parallel_executor.executor.parallel:closing loop
[5.341s] DEBUG:colcon.colcon_parallel_executor.executor.parallel:loop closed
[5.341s] DEBUG:colcon.colcon_parallel_executor.executor.parallel:run_until_complete finished with '0'
[5.341s] DEBUG:colcon.colcon_core.event_reactor:joining thread
[5.352s] INFO:colcon.colcon_core.plugin_system:Skipping extension 'colcon_notification.desktop_notification.terminal_notifier': Not used on non-Darwin systems
[5.352s] INFO:colcon.colcon_core.plugin_system:Skipping extension 'colcon_notification.desktop_notification.win32': Not used on non-Windows systems
[5.352s] INFO:colcon.colcon_notification.desktop_notification:Sending desktop notification using 'notify2'
[5.373s] DEBUG:colcon.colcon_core.event_reactor:joined thread
[5.374s] INFO:colcon.colcon_core.shell:Creating prefix script '/home/rokae/workspace/rokae_ros2_sim2real/install/local_setup.ps1'
[5.376s] INFO:colcon.colcon_core.shell:Creating prefix util module '/home/rokae/workspace/rokae_ros2_sim2real/install/_local_setup_util_ps1.py'
[5.380s] INFO:colcon.colcon_core.shell:Creating prefix chain script '/home/rokae/workspace/rokae_ros2_sim2real/install/setup.ps1'
[5.387s] INFO:colcon.colcon_core.shell:Creating prefix script '/home/rokae/workspace/rokae_ros2_sim2real/install/local_setup.sh'
[5.388s] INFO:colcon.colcon_core.shell:Creating prefix util module '/home/rokae/workspace/rokae_ros2_sim2real/install/_local_setup_util_sh.py'
[5.389s] INFO:colcon.colcon_core.shell:Creating prefix chain script '/home/rokae/workspace/rokae_ros2_sim2real/install/setup.sh'
[5.396s] INFO:colcon.colcon_core.shell:Creating prefix script '/home/rokae/workspace/rokae_ros2_sim2real/install/local_setup.bash'
[5.397s] INFO:colcon.colcon_core.shell:Creating prefix chain script '/home/rokae/workspace/rokae_ros2_sim2real/install/setup.bash'
[5.403s] INFO:colcon.colcon_core.shell:Creating prefix script '/home/rokae/workspace/rokae_ros2_sim2real/install/local_setup.zsh'
[5.404s] INFO:colcon.colcon_core.shell:Creating prefix chain script '/home/rokae/workspace/rokae_ros2_sim2real/install/setup.zsh'
