[0.102s] Invoking command in '/home/rokae/workspace/rokae_ros2_sim2real/build/realsense2_camera_msgs': CMAKE_PREFIX_PATH=${CMAKE_PREFIX_PATH}:/home/rokae/workspace/rokae_ros2_sim2real/install/easy_handeye2_demo:/home/rokae/workspace/rokae_ros2_sim2real/install/easy_handeye2:/home/rokae/workspace/ws_moveit/install/moveit_configs_utils:/home/rokae/workspace/ws_moveit/install/launch_param_builder:/opt/ros/humble /usr/bin/cmake --build /home/rokae/workspace/rokae_ros2_sim2real/build/realsense2_camera_msgs -- -j32 -l32
[0.248s] [ 11%] Built target realsense2_camera_msgs__rosidl_generator_c
[0.248s] [ 12%] Built target realsense2_camera_msgs__cpp
[0.263s] [ 12%] Built target ament_cmake_python_copy_realsense2_camera_msgs
[0.322s] [ 24%] Built target realsense2_camera_msgs__rosidl_typesupport_introspection_c
[0.325s] [ 35%] Built target realsense2_camera_msgs__rosidl_typesupport_c
[0.333s] [ 47%] Built target realsense2_camera_msgs__rosidl_typesupport_fastrtps_c
[0.339s] [ 58%] Built target realsense2_camera_msgs__rosidl_typesupport_fastrtps_cpp
[0.343s] [ 70%] Built target realsense2_camera_msgs__rosidl_typesupport_introspection_cpp
[0.350s] [ 81%] Built target realsense2_camera_msgs__rosidl_typesupport_cpp
[0.407s] [ 81%] Built target realsense2_camera_msgs
[0.469s] [ 82%] Built target realsense2_camera_msgs__py
[0.542s] [ 93%] Built target realsense2_camera_msgs__rosidl_generator_py
[0.612s] [ 97%] Built target realsense2_camera_msgs__rosidl_typesupport_fastrtps_c__pyext
[0.612s] [ 96%] Built target realsense2_camera_msgs__rosidl_typesupport_introspection_c__pyext
[0.619s] [100%] Built target realsense2_camera_msgs__rosidl_typesupport_c__pyext
[0.779s] running egg_info
[0.781s] writing realsense2_camera_msgs.egg-info/PKG-INFO
[0.781s] writing dependency_links to realsense2_camera_msgs.egg-info/dependency_links.txt
[0.781s] writing top-level names to realsense2_camera_msgs.egg-info/top_level.txt
[0.786s] reading manifest file 'realsense2_camera_msgs.egg-info/SOURCES.txt'
[0.787s] writing manifest file 'realsense2_camera_msgs.egg-info/SOURCES.txt'
[0.846s] [100%] Built target ament_cmake_python_build_realsense2_camera_msgs_egg
[0.875s] Invoked command in '/home/rokae/workspace/rokae_ros2_sim2real/build/realsense2_camera_msgs' returned '0': CMAKE_PREFIX_PATH=${CMAKE_PREFIX_PATH}:/home/rokae/workspace/rokae_ros2_sim2real/install/easy_handeye2_demo:/home/rokae/workspace/rokae_ros2_sim2real/install/easy_handeye2:/home/rokae/workspace/ws_moveit/install/moveit_configs_utils:/home/rokae/workspace/ws_moveit/install/launch_param_builder:/opt/ros/humble /usr/bin/cmake --build /home/rokae/workspace/rokae_ros2_sim2real/build/realsense2_camera_msgs -- -j32 -l32
[0.879s] Invoking command in '/home/rokae/workspace/rokae_ros2_sim2real/build/realsense2_camera_msgs': CMAKE_PREFIX_PATH=${CMAKE_PREFIX_PATH}:/home/rokae/workspace/rokae_ros2_sim2real/install/easy_handeye2_demo:/home/rokae/workspace/rokae_ros2_sim2real/install/easy_handeye2:/home/rokae/workspace/ws_moveit/install/moveit_configs_utils:/home/rokae/workspace/ws_moveit/install/launch_param_builder:/opt/ros/humble /usr/bin/cmake --install /home/rokae/workspace/rokae_ros2_sim2real/build/realsense2_camera_msgs
[0.901s] -- Install configuration: ""
[0.902s] -- Up-to-date: /home/rokae/workspace/rokae_ros2_sim2real/install/realsense2_camera_msgs/share/ament_index/resource_index/rosidl_interfaces/realsense2_camera_msgs
[0.902s] -- Up-to-date: /home/rokae/workspace/rokae_ros2_sim2real/install/realsense2_camera_msgs/include/realsense2_camera_msgs/realsense2_camera_msgs
[0.902s] -- Up-to-date: /home/rokae/workspace/rokae_ros2_sim2real/install/realsense2_camera_msgs/include/realsense2_camera_msgs/realsense2_camera_msgs/msg
[0.902s] -- Up-to-date: /home/rokae/workspace/rokae_ros2_sim2real/install/realsense2_camera_msgs/include/realsense2_camera_msgs/realsense2_camera_msgs/msg/rgbd.h
[0.902s] -- Up-to-date: /home/rokae/workspace/rokae_ros2_sim2real/install/realsense2_camera_msgs/include/realsense2_camera_msgs/realsense2_camera_msgs/msg/metadata.h
[0.903s] -- Up-to-date: /home/rokae/workspace/rokae_ros2_sim2real/install/realsense2_camera_msgs/include/realsense2_camera_msgs/realsense2_camera_msgs/msg/imu_info.h
[0.903s] -- Up-to-date: /home/rokae/workspace/rokae_ros2_sim2real/install/realsense2_camera_msgs/include/realsense2_camera_msgs/realsense2_camera_msgs/msg/rosidl_generator_c__visibility_control.h
[0.903s] -- Up-to-date: /home/rokae/workspace/rokae_ros2_sim2real/install/realsense2_camera_msgs/include/realsense2_camera_msgs/realsense2_camera_msgs/msg/detail
[0.903s] -- Up-to-date: /home/rokae/workspace/rokae_ros2_sim2real/install/realsense2_camera_msgs/include/realsense2_camera_msgs/realsense2_camera_msgs/msg/detail/metadata__functions.c
[0.903s] -- Up-to-date: /home/rokae/workspace/rokae_ros2_sim2real/install/realsense2_camera_msgs/include/realsense2_camera_msgs/realsense2_camera_msgs/msg/detail/rgbd__type_support.h
[0.903s] -- Up-to-date: /home/rokae/workspace/rokae_ros2_sim2real/install/realsense2_camera_msgs/include/realsense2_camera_msgs/realsense2_camera_msgs/msg/detail/imu_info__type_support.h
[0.903s] -- Up-to-date: /home/rokae/workspace/rokae_ros2_sim2real/install/realsense2_camera_msgs/include/realsense2_camera_msgs/realsense2_camera_msgs/msg/detail/extrinsics__struct.h
[0.903s] -- Up-to-date: /home/rokae/workspace/rokae_ros2_sim2real/install/realsense2_camera_msgs/include/realsense2_camera_msgs/realsense2_camera_msgs/msg/detail/metadata__functions.h
[0.903s] -- Up-to-date: /home/rokae/workspace/rokae_ros2_sim2real/install/realsense2_camera_msgs/include/realsense2_camera_msgs/realsense2_camera_msgs/msg/detail/extrinsics__functions.c
[0.904s] -- Up-to-date: /home/rokae/workspace/rokae_ros2_sim2real/install/realsense2_camera_msgs/include/realsense2_camera_msgs/realsense2_camera_msgs/msg/detail/rgbd__struct.h
[0.904s] -- Up-to-date: /home/rokae/workspace/rokae_ros2_sim2real/install/realsense2_camera_msgs/include/realsense2_camera_msgs/realsense2_camera_msgs/msg/detail/imu_info__functions.c
[0.904s] -- Up-to-date: /home/rokae/workspace/rokae_ros2_sim2real/install/realsense2_camera_msgs/include/realsense2_camera_msgs/realsense2_camera_msgs/msg/detail/rgbd__functions.h
[0.904s] -- Up-to-date: /home/rokae/workspace/rokae_ros2_sim2real/install/realsense2_camera_msgs/include/realsense2_camera_msgs/realsense2_camera_msgs/msg/detail/imu_info__functions.h
[0.904s] -- Up-to-date: /home/rokae/workspace/rokae_ros2_sim2real/install/realsense2_camera_msgs/include/realsense2_camera_msgs/realsense2_camera_msgs/msg/detail/metadata__type_support.h
[0.904s] -- Up-to-date: /home/rokae/workspace/rokae_ros2_sim2real/install/realsense2_camera_msgs/include/realsense2_camera_msgs/realsense2_camera_msgs/msg/detail/imu_info__struct.h
[0.904s] -- Up-to-date: /home/rokae/workspace/rokae_ros2_sim2real/install/realsense2_camera_msgs/include/realsense2_camera_msgs/realsense2_camera_msgs/msg/detail/rgbd__functions.c
[0.905s] -- Up-to-date: /home/rokae/workspace/rokae_ros2_sim2real/install/realsense2_camera_msgs/include/realsense2_camera_msgs/realsense2_camera_msgs/msg/detail/extrinsics__type_support.h
[0.905s] -- Up-to-date: /home/rokae/workspace/rokae_ros2_sim2real/install/realsense2_camera_msgs/include/realsense2_camera_msgs/realsense2_camera_msgs/msg/detail/metadata__struct.h
[0.905s] -- Up-to-date: /home/rokae/workspace/rokae_ros2_sim2real/install/realsense2_camera_msgs/include/realsense2_camera_msgs/realsense2_camera_msgs/msg/detail/extrinsics__functions.h
[0.905s] -- Up-to-date: /home/rokae/workspace/rokae_ros2_sim2real/install/realsense2_camera_msgs/include/realsense2_camera_msgs/realsense2_camera_msgs/msg/extrinsics.h
[0.905s] -- Up-to-date: /home/rokae/workspace/rokae_ros2_sim2real/install/realsense2_camera_msgs/include/realsense2_camera_msgs/realsense2_camera_msgs/action
[0.905s] -- Up-to-date: /home/rokae/workspace/rokae_ros2_sim2real/install/realsense2_camera_msgs/include/realsense2_camera_msgs/realsense2_camera_msgs/action/triggered_calibration.h
[0.905s] -- Up-to-date: /home/rokae/workspace/rokae_ros2_sim2real/install/realsense2_camera_msgs/include/realsense2_camera_msgs/realsense2_camera_msgs/action/detail
[0.905s] -- Up-to-date: /home/rokae/workspace/rokae_ros2_sim2real/install/realsense2_camera_msgs/include/realsense2_camera_msgs/realsense2_camera_msgs/action/detail/triggered_calibration__functions.h
[0.905s] -- Up-to-date: /home/rokae/workspace/rokae_ros2_sim2real/install/realsense2_camera_msgs/include/realsense2_camera_msgs/realsense2_camera_msgs/action/detail/triggered_calibration__struct.h
[0.905s] -- Up-to-date: /home/rokae/workspace/rokae_ros2_sim2real/install/realsense2_camera_msgs/include/realsense2_camera_msgs/realsense2_camera_msgs/action/detail/triggered_calibration__functions.c
[0.906s] -- Up-to-date: /home/rokae/workspace/rokae_ros2_sim2real/install/realsense2_camera_msgs/include/realsense2_camera_msgs/realsense2_camera_msgs/action/detail/triggered_calibration__type_support.h
[0.906s] -- Up-to-date: /home/rokae/workspace/rokae_ros2_sim2real/install/realsense2_camera_msgs/include/realsense2_camera_msgs/realsense2_camera_msgs/srv
[0.906s] -- Up-to-date: /home/rokae/workspace/rokae_ros2_sim2real/install/realsense2_camera_msgs/include/realsense2_camera_msgs/realsense2_camera_msgs/srv/device_info.h
[0.906s] -- Up-to-date: /home/rokae/workspace/rokae_ros2_sim2real/install/realsense2_camera_msgs/include/realsense2_camera_msgs/realsense2_camera_msgs/srv/calib_config_write.h
[0.906s] -- Up-to-date: /home/rokae/workspace/rokae_ros2_sim2real/install/realsense2_camera_msgs/include/realsense2_camera_msgs/realsense2_camera_msgs/srv/detail
[0.907s] -- Up-to-date: /home/rokae/workspace/rokae_ros2_sim2real/install/realsense2_camera_msgs/include/realsense2_camera_msgs/realsense2_camera_msgs/srv/detail/calib_config_read__functions.h
[0.907s] -- Up-to-date: /home/rokae/workspace/rokae_ros2_sim2real/install/realsense2_camera_msgs/include/realsense2_camera_msgs/realsense2_camera_msgs/srv/detail/calib_config_write__struct.h
[0.907s] -- Up-to-date: /home/rokae/workspace/rokae_ros2_sim2real/install/realsense2_camera_msgs/include/realsense2_camera_msgs/realsense2_camera_msgs/srv/detail/calib_config_read__struct.h
[0.907s] -- Up-to-date: /home/rokae/workspace/rokae_ros2_sim2real/install/realsense2_camera_msgs/include/realsense2_camera_msgs/realsense2_camera_msgs/srv/detail/calib_config_write__functions.h
[0.907s] -- Up-to-date: /home/rokae/workspace/rokae_ros2_sim2real/install/realsense2_camera_msgs/include/realsense2_camera_msgs/realsense2_camera_msgs/srv/detail/device_info__functions.c
[0.907s] -- Up-to-date: /home/rokae/workspace/rokae_ros2_sim2real/install/realsense2_camera_msgs/include/realsense2_camera_msgs/realsense2_camera_msgs/srv/detail/calib_config_write__functions.c
[0.907s] -- Up-to-date: /home/rokae/workspace/rokae_ros2_sim2real/install/realsense2_camera_msgs/include/realsense2_camera_msgs/realsense2_camera_msgs/srv/detail/calib_config_write__type_support.h
[0.907s] -- Up-to-date: /home/rokae/workspace/rokae_ros2_sim2real/install/realsense2_camera_msgs/include/realsense2_camera_msgs/realsense2_camera_msgs/srv/detail/device_info__functions.h
[0.907s] -- Up-to-date: /home/rokae/workspace/rokae_ros2_sim2real/install/realsense2_camera_msgs/include/realsense2_camera_msgs/realsense2_camera_msgs/srv/detail/device_info__type_support.h
[0.907s] -- Up-to-date: /home/rokae/workspace/rokae_ros2_sim2real/install/realsense2_camera_msgs/include/realsense2_camera_msgs/realsense2_camera_msgs/srv/detail/device_info__struct.h
[0.908s] -- Up-to-date: /home/rokae/workspace/rokae_ros2_sim2real/install/realsense2_camera_msgs/include/realsense2_camera_msgs/realsense2_camera_msgs/srv/detail/calib_config_read__functions.c
[0.908s] -- Up-to-date: /home/rokae/workspace/rokae_ros2_sim2real/install/realsense2_camera_msgs/include/realsense2_camera_msgs/realsense2_camera_msgs/srv/detail/calib_config_read__type_support.h
[0.908s] -- Up-to-date: /home/rokae/workspace/rokae_ros2_sim2real/install/realsense2_camera_msgs/include/realsense2_camera_msgs/realsense2_camera_msgs/srv/calib_config_read.h
[0.908s] -- Up-to-date: /home/rokae/workspace/rokae_ros2_sim2real/install/realsense2_camera_msgs/share/realsense2_camera_msgs/environment/library_path.sh
[0.908s] -- Up-to-date: /home/rokae/workspace/rokae_ros2_sim2real/install/realsense2_camera_msgs/share/realsense2_camera_msgs/environment/library_path.dsv
[0.908s] -- Up-to-date: /home/rokae/workspace/rokae_ros2_sim2real/install/realsense2_camera_msgs/lib/librealsense2_camera_msgs__rosidl_generator_c.so
[0.908s] -- Up-to-date: /home/rokae/workspace/rokae_ros2_sim2real/install/realsense2_camera_msgs/include/realsense2_camera_msgs/realsense2_camera_msgs
[0.908s] -- Up-to-date: /home/rokae/workspace/rokae_ros2_sim2real/install/realsense2_camera_msgs/include/realsense2_camera_msgs/realsense2_camera_msgs/msg
[0.909s] -- Up-to-date: /home/rokae/workspace/rokae_ros2_sim2real/install/realsense2_camera_msgs/include/realsense2_camera_msgs/realsense2_camera_msgs/msg/detail
[0.909s] -- Up-to-date: /home/rokae/workspace/rokae_ros2_sim2real/install/realsense2_camera_msgs/include/realsense2_camera_msgs/realsense2_camera_msgs/msg/detail/rgbd__rosidl_typesupport_fastrtps_c.h
[0.909s] -- Up-to-date: /home/rokae/workspace/rokae_ros2_sim2real/install/realsense2_camera_msgs/include/realsense2_camera_msgs/realsense2_camera_msgs/msg/detail/extrinsics__rosidl_typesupport_fastrtps_c.h
[0.910s] -- Up-to-date: /home/rokae/workspace/rokae_ros2_sim2real/install/realsense2_camera_msgs/include/realsense2_camera_msgs/realsense2_camera_msgs/msg/detail/imu_info__rosidl_typesupport_fastrtps_c.h
[0.910s] -- Up-to-date: /home/rokae/workspace/rokae_ros2_sim2real/install/realsense2_camera_msgs/include/realsense2_camera_msgs/realsense2_camera_msgs/msg/detail/metadata__rosidl_typesupport_fastrtps_c.h
[0.910s] -- Up-to-date: /home/rokae/workspace/rokae_ros2_sim2real/install/realsense2_camera_msgs/include/realsense2_camera_msgs/realsense2_camera_msgs/msg/rosidl_typesupport_fastrtps_c__visibility_control.h
[0.910s] -- Up-to-date: /home/rokae/workspace/rokae_ros2_sim2real/install/realsense2_camera_msgs/include/realsense2_camera_msgs/realsense2_camera_msgs/action
[0.910s] -- Up-to-date: /home/rokae/workspace/rokae_ros2_sim2real/install/realsense2_camera_msgs/include/realsense2_camera_msgs/realsense2_camera_msgs/action/detail
[0.910s] -- Up-to-date: /home/rokae/workspace/rokae_ros2_sim2real/install/realsense2_camera_msgs/include/realsense2_camera_msgs/realsense2_camera_msgs/action/detail/triggered_calibration__rosidl_typesupport_fastrtps_c.h
[0.910s] -- Up-to-date: /home/rokae/workspace/rokae_ros2_sim2real/install/realsense2_camera_msgs/include/realsense2_camera_msgs/realsense2_camera_msgs/srv
[0.910s] -- Up-to-date: /home/rokae/workspace/rokae_ros2_sim2real/install/realsense2_camera_msgs/include/realsense2_camera_msgs/realsense2_camera_msgs/srv/detail
[0.910s] -- Up-to-date: /home/rokae/workspace/rokae_ros2_sim2real/install/realsense2_camera_msgs/include/realsense2_camera_msgs/realsense2_camera_msgs/srv/detail/calib_config_write__rosidl_typesupport_fastrtps_c.h
[0.910s] -- Up-to-date: /home/rokae/workspace/rokae_ros2_sim2real/install/realsense2_camera_msgs/include/realsense2_camera_msgs/realsense2_camera_msgs/srv/detail/calib_config_read__rosidl_typesupport_fastrtps_c.h
[0.911s] -- Up-to-date: /home/rokae/workspace/rokae_ros2_sim2real/install/realsense2_camera_msgs/include/realsense2_camera_msgs/realsense2_camera_msgs/srv/detail/device_info__rosidl_typesupport_fastrtps_c.h
[0.911s] -- Up-to-date: /home/rokae/workspace/rokae_ros2_sim2real/install/realsense2_camera_msgs/lib/librealsense2_camera_msgs__rosidl_typesupport_fastrtps_c.so
[0.911s] -- Up-to-date: /home/rokae/workspace/rokae_ros2_sim2real/install/realsense2_camera_msgs/include/realsense2_camera_msgs/realsense2_camera_msgs
[0.911s] -- Up-to-date: /home/rokae/workspace/rokae_ros2_sim2real/install/realsense2_camera_msgs/include/realsense2_camera_msgs/realsense2_camera_msgs/msg
[0.911s] -- Up-to-date: /home/rokae/workspace/rokae_ros2_sim2real/install/realsense2_camera_msgs/include/realsense2_camera_msgs/realsense2_camera_msgs/msg/rosidl_typesupport_introspection_c__visibility_control.h
[0.911s] -- Up-to-date: /home/rokae/workspace/rokae_ros2_sim2real/install/realsense2_camera_msgs/include/realsense2_camera_msgs/realsense2_camera_msgs/msg/detail
[0.911s] -- Up-to-date: /home/rokae/workspace/rokae_ros2_sim2real/install/realsense2_camera_msgs/include/realsense2_camera_msgs/realsense2_camera_msgs/msg/detail/metadata__type_support.c
[0.911s] -- Up-to-date: /home/rokae/workspace/rokae_ros2_sim2real/install/realsense2_camera_msgs/include/realsense2_camera_msgs/realsense2_camera_msgs/msg/detail/rgbd__rosidl_typesupport_introspection_c.h
[0.911s] -- Up-to-date: /home/rokae/workspace/rokae_ros2_sim2real/install/realsense2_camera_msgs/include/realsense2_camera_msgs/realsense2_camera_msgs/msg/detail/imu_info__type_support.c
[0.911s] -- Up-to-date: /home/rokae/workspace/rokae_ros2_sim2real/install/realsense2_camera_msgs/include/realsense2_camera_msgs/realsense2_camera_msgs/msg/detail/rgbd__type_support.c
[0.912s] -- Up-to-date: /home/rokae/workspace/rokae_ros2_sim2real/install/realsense2_camera_msgs/include/realsense2_camera_msgs/realsense2_camera_msgs/msg/detail/imu_info__rosidl_typesupport_introspection_c.h
[0.912s] -- Up-to-date: /home/rokae/workspace/rokae_ros2_sim2real/install/realsense2_camera_msgs/include/realsense2_camera_msgs/realsense2_camera_msgs/msg/detail/extrinsics__type_support.c
[0.912s] -- Up-to-date: /home/rokae/workspace/rokae_ros2_sim2real/install/realsense2_camera_msgs/include/realsense2_camera_msgs/realsense2_camera_msgs/msg/detail/extrinsics__rosidl_typesupport_introspection_c.h
[0.912s] -- Up-to-date: /home/rokae/workspace/rokae_ros2_sim2real/install/realsense2_camera_msgs/include/realsense2_camera_msgs/realsense2_camera_msgs/msg/detail/metadata__rosidl_typesupport_introspection_c.h
[0.912s] -- Up-to-date: /home/rokae/workspace/rokae_ros2_sim2real/install/realsense2_camera_msgs/include/realsense2_camera_msgs/realsense2_camera_msgs/action
[0.913s] -- Up-to-date: /home/rokae/workspace/rokae_ros2_sim2real/install/realsense2_camera_msgs/include/realsense2_camera_msgs/realsense2_camera_msgs/action/detail
[0.913s] -- Up-to-date: /home/rokae/workspace/rokae_ros2_sim2real/install/realsense2_camera_msgs/include/realsense2_camera_msgs/realsense2_camera_msgs/action/detail/triggered_calibration__type_support.c
[0.913s] -- Up-to-date: /home/rokae/workspace/rokae_ros2_sim2real/install/realsense2_camera_msgs/include/realsense2_camera_msgs/realsense2_camera_msgs/action/detail/triggered_calibration__rosidl_typesupport_introspection_c.h
[0.913s] -- Up-to-date: /home/rokae/workspace/rokae_ros2_sim2real/install/realsense2_camera_msgs/include/realsense2_camera_msgs/realsense2_camera_msgs/srv
[0.913s] -- Up-to-date: /home/rokae/workspace/rokae_ros2_sim2real/install/realsense2_camera_msgs/include/realsense2_camera_msgs/realsense2_camera_msgs/srv/detail
[0.913s] -- Up-to-date: /home/rokae/workspace/rokae_ros2_sim2real/install/realsense2_camera_msgs/include/realsense2_camera_msgs/realsense2_camera_msgs/srv/detail/calib_config_write__rosidl_typesupport_introspection_c.h
[0.913s] -- Up-to-date: /home/rokae/workspace/rokae_ros2_sim2real/install/realsense2_camera_msgs/include/realsense2_camera_msgs/realsense2_camera_msgs/srv/detail/calib_config_read__rosidl_typesupport_introspection_c.h
[0.914s] -- Up-to-date: /home/rokae/workspace/rokae_ros2_sim2real/install/realsense2_camera_msgs/include/realsense2_camera_msgs/realsense2_camera_msgs/srv/detail/calib_config_write__type_support.c
[0.914s] -- Up-to-date: /home/rokae/workspace/rokae_ros2_sim2real/install/realsense2_camera_msgs/include/realsense2_camera_msgs/realsense2_camera_msgs/srv/detail/calib_config_read__type_support.c
[0.914s] -- Up-to-date: /home/rokae/workspace/rokae_ros2_sim2real/install/realsense2_camera_msgs/include/realsense2_camera_msgs/realsense2_camera_msgs/srv/detail/device_info__rosidl_typesupport_introspection_c.h
[0.914s] -- Up-to-date: /home/rokae/workspace/rokae_ros2_sim2real/install/realsense2_camera_msgs/include/realsense2_camera_msgs/realsense2_camera_msgs/srv/detail/device_info__type_support.c
[0.914s] -- Up-to-date: /home/rokae/workspace/rokae_ros2_sim2real/install/realsense2_camera_msgs/lib/librealsense2_camera_msgs__rosidl_typesupport_introspection_c.so
[0.914s] -- Up-to-date: /home/rokae/workspace/rokae_ros2_sim2real/install/realsense2_camera_msgs/lib/librealsense2_camera_msgs__rosidl_typesupport_c.so
[0.914s] -- Up-to-date: /home/rokae/workspace/rokae_ros2_sim2real/install/realsense2_camera_msgs/include/realsense2_camera_msgs/realsense2_camera_msgs
[0.914s] -- Up-to-date: /home/rokae/workspace/rokae_ros2_sim2real/install/realsense2_camera_msgs/include/realsense2_camera_msgs/realsense2_camera_msgs/msg
[0.914s] -- Up-to-date: /home/rokae/workspace/rokae_ros2_sim2real/install/realsense2_camera_msgs/include/realsense2_camera_msgs/realsense2_camera_msgs/msg/extrinsics.hpp
[0.915s] -- Up-to-date: /home/rokae/workspace/rokae_ros2_sim2real/install/realsense2_camera_msgs/include/realsense2_camera_msgs/realsense2_camera_msgs/msg/imu_info.hpp
[0.915s] -- Up-to-date: /home/rokae/workspace/rokae_ros2_sim2real/install/realsense2_camera_msgs/include/realsense2_camera_msgs/realsense2_camera_msgs/msg/metadata.hpp
[0.915s] -- Up-to-date: /home/rokae/workspace/rokae_ros2_sim2real/install/realsense2_camera_msgs/include/realsense2_camera_msgs/realsense2_camera_msgs/msg/detail
[0.915s] -- Up-to-date: /home/rokae/workspace/rokae_ros2_sim2real/install/realsense2_camera_msgs/include/realsense2_camera_msgs/realsense2_camera_msgs/msg/detail/imu_info__type_support.hpp
[0.915s] -- Up-to-date: /home/rokae/workspace/rokae_ros2_sim2real/install/realsense2_camera_msgs/include/realsense2_camera_msgs/realsense2_camera_msgs/msg/detail/rgbd__type_support.hpp
[0.915s] -- Up-to-date: /home/rokae/workspace/rokae_ros2_sim2real/install/realsense2_camera_msgs/include/realsense2_camera_msgs/realsense2_camera_msgs/msg/detail/rgbd__struct.hpp
[0.915s] -- Up-to-date: /home/rokae/workspace/rokae_ros2_sim2real/install/realsense2_camera_msgs/include/realsense2_camera_msgs/realsense2_camera_msgs/msg/detail/imu_info__traits.hpp
[0.915s] -- Up-to-date: /home/rokae/workspace/rokae_ros2_sim2real/install/realsense2_camera_msgs/include/realsense2_camera_msgs/realsense2_camera_msgs/msg/detail/rgbd__builder.hpp
[0.915s] -- Up-to-date: /home/rokae/workspace/rokae_ros2_sim2real/install/realsense2_camera_msgs/include/realsense2_camera_msgs/realsense2_camera_msgs/msg/detail/rgbd__traits.hpp
[0.915s] -- Up-to-date: /home/rokae/workspace/rokae_ros2_sim2real/install/realsense2_camera_msgs/include/realsense2_camera_msgs/realsense2_camera_msgs/msg/detail/metadata__traits.hpp
[0.916s] -- Up-to-date: /home/rokae/workspace/rokae_ros2_sim2real/install/realsense2_camera_msgs/include/realsense2_camera_msgs/realsense2_camera_msgs/msg/detail/extrinsics__builder.hpp
[0.916s] -- Up-to-date: /home/rokae/workspace/rokae_ros2_sim2real/install/realsense2_camera_msgs/include/realsense2_camera_msgs/realsense2_camera_msgs/msg/detail/metadata__type_support.hpp
[0.916s] -- Up-to-date: /home/rokae/workspace/rokae_ros2_sim2real/install/realsense2_camera_msgs/include/realsense2_camera_msgs/realsense2_camera_msgs/msg/detail/extrinsics__struct.hpp
[0.916s] -- Up-to-date: /home/rokae/workspace/rokae_ros2_sim2real/install/realsense2_camera_msgs/include/realsense2_camera_msgs/realsense2_camera_msgs/msg/detail/metadata__builder.hpp
[0.916s] -- Up-to-date: /home/rokae/workspace/rokae_ros2_sim2real/install/realsense2_camera_msgs/include/realsense2_camera_msgs/realsense2_camera_msgs/msg/detail/metadata__struct.hpp
[0.916s] -- Up-to-date: /home/rokae/workspace/rokae_ros2_sim2real/install/realsense2_camera_msgs/include/realsense2_camera_msgs/realsense2_camera_msgs/msg/detail/imu_info__struct.hpp
[0.916s] -- Up-to-date: /home/rokae/workspace/rokae_ros2_sim2real/install/realsense2_camera_msgs/include/realsense2_camera_msgs/realsense2_camera_msgs/msg/detail/extrinsics__traits.hpp
[0.916s] -- Up-to-date: /home/rokae/workspace/rokae_ros2_sim2real/install/realsense2_camera_msgs/include/realsense2_camera_msgs/realsense2_camera_msgs/msg/detail/imu_info__builder.hpp
[0.916s] -- Up-to-date: /home/rokae/workspace/rokae_ros2_sim2real/install/realsense2_camera_msgs/include/realsense2_camera_msgs/realsense2_camera_msgs/msg/detail/extrinsics__type_support.hpp
[0.917s] -- Up-to-date: /home/rokae/workspace/rokae_ros2_sim2real/install/realsense2_camera_msgs/include/realsense2_camera_msgs/realsense2_camera_msgs/msg/rosidl_generator_cpp__visibility_control.hpp
[0.917s] -- Up-to-date: /home/rokae/workspace/rokae_ros2_sim2real/install/realsense2_camera_msgs/include/realsense2_camera_msgs/realsense2_camera_msgs/msg/rgbd.hpp
[0.917s] -- Up-to-date: /home/rokae/workspace/rokae_ros2_sim2real/install/realsense2_camera_msgs/include/realsense2_camera_msgs/realsense2_camera_msgs/action
[0.917s] -- Up-to-date: /home/rokae/workspace/rokae_ros2_sim2real/install/realsense2_camera_msgs/include/realsense2_camera_msgs/realsense2_camera_msgs/action/detail
[0.917s] -- Up-to-date: /home/rokae/workspace/rokae_ros2_sim2real/install/realsense2_camera_msgs/include/realsense2_camera_msgs/realsense2_camera_msgs/action/detail/triggered_calibration__struct.hpp
[0.917s] -- Up-to-date: /home/rokae/workspace/rokae_ros2_sim2real/install/realsense2_camera_msgs/include/realsense2_camera_msgs/realsense2_camera_msgs/action/detail/triggered_calibration__traits.hpp
[0.917s] -- Up-to-date: /home/rokae/workspace/rokae_ros2_sim2real/install/realsense2_camera_msgs/include/realsense2_camera_msgs/realsense2_camera_msgs/action/detail/triggered_calibration__type_support.hpp
[0.917s] -- Up-to-date: /home/rokae/workspace/rokae_ros2_sim2real/install/realsense2_camera_msgs/include/realsense2_camera_msgs/realsense2_camera_msgs/action/detail/triggered_calibration__builder.hpp
[0.917s] -- Up-to-date: /home/rokae/workspace/rokae_ros2_sim2real/install/realsense2_camera_msgs/include/realsense2_camera_msgs/realsense2_camera_msgs/action/triggered_calibration.hpp
[0.918s] -- Up-to-date: /home/rokae/workspace/rokae_ros2_sim2real/install/realsense2_camera_msgs/include/realsense2_camera_msgs/realsense2_camera_msgs/srv
[0.918s] -- Up-to-date: /home/rokae/workspace/rokae_ros2_sim2real/install/realsense2_camera_msgs/include/realsense2_camera_msgs/realsense2_camera_msgs/srv/calib_config_read.hpp
[0.918s] -- Up-to-date: /home/rokae/workspace/rokae_ros2_sim2real/install/realsense2_camera_msgs/include/realsense2_camera_msgs/realsense2_camera_msgs/srv/detail
[0.918s] -- Up-to-date: /home/rokae/workspace/rokae_ros2_sim2real/install/realsense2_camera_msgs/include/realsense2_camera_msgs/realsense2_camera_msgs/srv/detail/device_info__builder.hpp
[0.918s] -- Up-to-date: /home/rokae/workspace/rokae_ros2_sim2real/install/realsense2_camera_msgs/include/realsense2_camera_msgs/realsense2_camera_msgs/srv/detail/calib_config_read__builder.hpp
[0.918s] -- Up-to-date: /home/rokae/workspace/rokae_ros2_sim2real/install/realsense2_camera_msgs/include/realsense2_camera_msgs/realsense2_camera_msgs/srv/detail/device_info__type_support.hpp
[0.918s] -- Up-to-date: /home/rokae/workspace/rokae_ros2_sim2real/install/realsense2_camera_msgs/include/realsense2_camera_msgs/realsense2_camera_msgs/srv/detail/calib_config_read__type_support.hpp
[0.918s] -- Up-to-date: /home/rokae/workspace/rokae_ros2_sim2real/install/realsense2_camera_msgs/include/realsense2_camera_msgs/realsense2_camera_msgs/srv/detail/device_info__traits.hpp
[0.918s] -- Up-to-date: /home/rokae/workspace/rokae_ros2_sim2real/install/realsense2_camera_msgs/include/realsense2_camera_msgs/realsense2_camera_msgs/srv/detail/calib_config_write__type_support.hpp
[0.919s] -- Up-to-date: /home/rokae/workspace/rokae_ros2_sim2real/install/realsense2_camera_msgs/include/realsense2_camera_msgs/realsense2_camera_msgs/srv/detail/calib_config_write__builder.hpp
[0.919s] -- Up-to-date: /home/rokae/workspace/rokae_ros2_sim2real/install/realsense2_camera_msgs/include/realsense2_camera_msgs/realsense2_camera_msgs/srv/detail/calib_config_read__struct.hpp
[0.919s] -- Up-to-date: /home/rokae/workspace/rokae_ros2_sim2real/install/realsense2_camera_msgs/include/realsense2_camera_msgs/realsense2_camera_msgs/srv/detail/calib_config_write__traits.hpp
[0.919s] -- Up-to-date: /home/rokae/workspace/rokae_ros2_sim2real/install/realsense2_camera_msgs/include/realsense2_camera_msgs/realsense2_camera_msgs/srv/detail/calib_config_write__struct.hpp
[0.919s] -- Up-to-date: /home/rokae/workspace/rokae_ros2_sim2real/install/realsense2_camera_msgs/include/realsense2_camera_msgs/realsense2_camera_msgs/srv/detail/device_info__struct.hpp
[0.919s] -- Up-to-date: /home/rokae/workspace/rokae_ros2_sim2real/install/realsense2_camera_msgs/include/realsense2_camera_msgs/realsense2_camera_msgs/srv/detail/calib_config_read__traits.hpp
[0.919s] -- Up-to-date: /home/rokae/workspace/rokae_ros2_sim2real/install/realsense2_camera_msgs/include/realsense2_camera_msgs/realsense2_camera_msgs/srv/device_info.hpp
[0.919s] -- Up-to-date: /home/rokae/workspace/rokae_ros2_sim2real/install/realsense2_camera_msgs/include/realsense2_camera_msgs/realsense2_camera_msgs/srv/calib_config_write.hpp
[0.919s] -- Up-to-date: /home/rokae/workspace/rokae_ros2_sim2real/install/realsense2_camera_msgs/include/realsense2_camera_msgs/realsense2_camera_msgs
[0.920s] -- Up-to-date: /home/rokae/workspace/rokae_ros2_sim2real/install/realsense2_camera_msgs/include/realsense2_camera_msgs/realsense2_camera_msgs/msg
[0.920s] -- Up-to-date: /home/rokae/workspace/rokae_ros2_sim2real/install/realsense2_camera_msgs/include/realsense2_camera_msgs/realsense2_camera_msgs/msg/detail
[0.920s] -- Up-to-date: /home/rokae/workspace/rokae_ros2_sim2real/install/realsense2_camera_msgs/include/realsense2_camera_msgs/realsense2_camera_msgs/msg/detail/rgbd__rosidl_typesupport_fastrtps_cpp.hpp
[0.920s] -- Up-to-date: /home/rokae/workspace/rokae_ros2_sim2real/install/realsense2_camera_msgs/include/realsense2_camera_msgs/realsense2_camera_msgs/msg/detail/dds_fastrtps
[0.920s] -- Up-to-date: /home/rokae/workspace/rokae_ros2_sim2real/install/realsense2_camera_msgs/include/realsense2_camera_msgs/realsense2_camera_msgs/msg/detail/imu_info__rosidl_typesupport_fastrtps_cpp.hpp
[0.920s] -- Up-to-date: /home/rokae/workspace/rokae_ros2_sim2real/install/realsense2_camera_msgs/include/realsense2_camera_msgs/realsense2_camera_msgs/msg/detail/extrinsics__rosidl_typesupport_fastrtps_cpp.hpp
[0.920s] -- Up-to-date: /home/rokae/workspace/rokae_ros2_sim2real/install/realsense2_camera_msgs/include/realsense2_camera_msgs/realsense2_camera_msgs/msg/detail/metadata__rosidl_typesupport_fastrtps_cpp.hpp
[0.920s] -- Up-to-date: /home/rokae/workspace/rokae_ros2_sim2real/install/realsense2_camera_msgs/include/realsense2_camera_msgs/realsense2_camera_msgs/msg/rosidl_typesupport_fastrtps_cpp__visibility_control.h
[0.920s] -- Up-to-date: /home/rokae/workspace/rokae_ros2_sim2real/install/realsense2_camera_msgs/include/realsense2_camera_msgs/realsense2_camera_msgs/action
[0.920s] -- Up-to-date: /home/rokae/workspace/rokae_ros2_sim2real/install/realsense2_camera_msgs/include/realsense2_camera_msgs/realsense2_camera_msgs/action/detail
[0.921s] -- Up-to-date: /home/rokae/workspace/rokae_ros2_sim2real/install/realsense2_camera_msgs/include/realsense2_camera_msgs/realsense2_camera_msgs/action/detail/triggered_calibration__rosidl_typesupport_fastrtps_cpp.hpp
[0.921s] -- Up-to-date: /home/rokae/workspace/rokae_ros2_sim2real/install/realsense2_camera_msgs/include/realsense2_camera_msgs/realsense2_camera_msgs/action/detail/dds_fastrtps
[0.921s] -- Up-to-date: /home/rokae/workspace/rokae_ros2_sim2real/install/realsense2_camera_msgs/include/realsense2_camera_msgs/realsense2_camera_msgs/srv
[0.921s] -- Up-to-date: /home/rokae/workspace/rokae_ros2_sim2real/install/realsense2_camera_msgs/include/realsense2_camera_msgs/realsense2_camera_msgs/srv/detail
[0.921s] -- Up-to-date: /home/rokae/workspace/rokae_ros2_sim2real/install/realsense2_camera_msgs/include/realsense2_camera_msgs/realsense2_camera_msgs/srv/detail/calib_config_read__rosidl_typesupport_fastrtps_cpp.hpp
[0.921s] -- Up-to-date: /home/rokae/workspace/rokae_ros2_sim2real/install/realsense2_camera_msgs/include/realsense2_camera_msgs/realsense2_camera_msgs/srv/detail/dds_fastrtps
[0.922s] -- Up-to-date: /home/rokae/workspace/rokae_ros2_sim2real/install/realsense2_camera_msgs/include/realsense2_camera_msgs/realsense2_camera_msgs/srv/detail/device_info__rosidl_typesupport_fastrtps_cpp.hpp
[0.922s] -- Up-to-date: /home/rokae/workspace/rokae_ros2_sim2real/install/realsense2_camera_msgs/include/realsense2_camera_msgs/realsense2_camera_msgs/srv/detail/calib_config_write__rosidl_typesupport_fastrtps_cpp.hpp
[0.922s] -- Up-to-date: /home/rokae/workspace/rokae_ros2_sim2real/install/realsense2_camera_msgs/lib/librealsense2_camera_msgs__rosidl_typesupport_fastrtps_cpp.so
[0.922s] -- Up-to-date: /home/rokae/workspace/rokae_ros2_sim2real/install/realsense2_camera_msgs/include/realsense2_camera_msgs/realsense2_camera_msgs
[0.922s] -- Up-to-date: /home/rokae/workspace/rokae_ros2_sim2real/install/realsense2_camera_msgs/include/realsense2_camera_msgs/realsense2_camera_msgs/msg
[0.922s] -- Up-to-date: /home/rokae/workspace/rokae_ros2_sim2real/install/realsense2_camera_msgs/include/realsense2_camera_msgs/realsense2_camera_msgs/msg/detail
[0.922s] -- Up-to-date: /home/rokae/workspace/rokae_ros2_sim2real/install/realsense2_camera_msgs/include/realsense2_camera_msgs/realsense2_camera_msgs/msg/detail/imu_info__rosidl_typesupport_introspection_cpp.hpp
[0.922s] -- Up-to-date: /home/rokae/workspace/rokae_ros2_sim2real/install/realsense2_camera_msgs/include/realsense2_camera_msgs/realsense2_camera_msgs/msg/detail/metadata__rosidl_typesupport_introspection_cpp.hpp
[0.922s] -- Up-to-date: /home/rokae/workspace/rokae_ros2_sim2real/install/realsense2_camera_msgs/include/realsense2_camera_msgs/realsense2_camera_msgs/msg/detail/rgbd__rosidl_typesupport_introspection_cpp.hpp
[0.922s] -- Up-to-date: /home/rokae/workspace/rokae_ros2_sim2real/install/realsense2_camera_msgs/include/realsense2_camera_msgs/realsense2_camera_msgs/msg/detail/extrinsics__type_support.cpp
[0.922s] -- Up-to-date: /home/rokae/workspace/rokae_ros2_sim2real/install/realsense2_camera_msgs/include/realsense2_camera_msgs/realsense2_camera_msgs/msg/detail/imu_info__type_support.cpp
[0.923s] -- Up-to-date: /home/rokae/workspace/rokae_ros2_sim2real/install/realsense2_camera_msgs/include/realsense2_camera_msgs/realsense2_camera_msgs/msg/detail/extrinsics__rosidl_typesupport_introspection_cpp.hpp
[0.923s] -- Up-to-date: /home/rokae/workspace/rokae_ros2_sim2real/install/realsense2_camera_msgs/include/realsense2_camera_msgs/realsense2_camera_msgs/msg/detail/metadata__type_support.cpp
[0.923s] -- Up-to-date: /home/rokae/workspace/rokae_ros2_sim2real/install/realsense2_camera_msgs/include/realsense2_camera_msgs/realsense2_camera_msgs/msg/detail/rgbd__type_support.cpp
[0.923s] -- Up-to-date: /home/rokae/workspace/rokae_ros2_sim2real/install/realsense2_camera_msgs/include/realsense2_camera_msgs/realsense2_camera_msgs/action
[0.923s] -- Up-to-date: /home/rokae/workspace/rokae_ros2_sim2real/install/realsense2_camera_msgs/include/realsense2_camera_msgs/realsense2_camera_msgs/action/detail
[0.923s] -- Up-to-date: /home/rokae/workspace/rokae_ros2_sim2real/install/realsense2_camera_msgs/include/realsense2_camera_msgs/realsense2_camera_msgs/action/detail/triggered_calibration__type_support.cpp
[0.923s] -- Up-to-date: /home/rokae/workspace/rokae_ros2_sim2real/install/realsense2_camera_msgs/include/realsense2_camera_msgs/realsense2_camera_msgs/action/detail/triggered_calibration__rosidl_typesupport_introspection_cpp.hpp
[0.923s] -- Up-to-date: /home/rokae/workspace/rokae_ros2_sim2real/install/realsense2_camera_msgs/include/realsense2_camera_msgs/realsense2_camera_msgs/srv
[0.923s] -- Up-to-date: /home/rokae/workspace/rokae_ros2_sim2real/install/realsense2_camera_msgs/include/realsense2_camera_msgs/realsense2_camera_msgs/srv/detail
[0.923s] -- Up-to-date: /home/rokae/workspace/rokae_ros2_sim2real/install/realsense2_camera_msgs/include/realsense2_camera_msgs/realsense2_camera_msgs/srv/detail/device_info__type_support.cpp
[0.923s] -- Up-to-date: /home/rokae/workspace/rokae_ros2_sim2real/install/realsense2_camera_msgs/include/realsense2_camera_msgs/realsense2_camera_msgs/srv/detail/calib_config_write__type_support.cpp
[0.924s] -- Up-to-date: /home/rokae/workspace/rokae_ros2_sim2real/install/realsense2_camera_msgs/include/realsense2_camera_msgs/realsense2_camera_msgs/srv/detail/device_info__rosidl_typesupport_introspection_cpp.hpp
[0.924s] -- Up-to-date: /home/rokae/workspace/rokae_ros2_sim2real/install/realsense2_camera_msgs/include/realsense2_camera_msgs/realsense2_camera_msgs/srv/detail/calib_config_write__rosidl_typesupport_introspection_cpp.hpp
[0.924s] -- Up-to-date: /home/rokae/workspace/rokae_ros2_sim2real/install/realsense2_camera_msgs/include/realsense2_camera_msgs/realsense2_camera_msgs/srv/detail/calib_config_read__rosidl_typesupport_introspection_cpp.hpp
[0.924s] -- Up-to-date: /home/rokae/workspace/rokae_ros2_sim2real/install/realsense2_camera_msgs/include/realsense2_camera_msgs/realsense2_camera_msgs/srv/detail/calib_config_read__type_support.cpp
[0.924s] -- Up-to-date: /home/rokae/workspace/rokae_ros2_sim2real/install/realsense2_camera_msgs/lib/librealsense2_camera_msgs__rosidl_typesupport_introspection_cpp.so
[0.924s] -- Up-to-date: /home/rokae/workspace/rokae_ros2_sim2real/install/realsense2_camera_msgs/lib/librealsense2_camera_msgs__rosidl_typesupport_cpp.so
[0.924s] -- Up-to-date: /home/rokae/workspace/rokae_ros2_sim2real/install/realsense2_camera_msgs/share/realsense2_camera_msgs/environment/pythonpath.sh
[0.924s] -- Up-to-date: /home/rokae/workspace/rokae_ros2_sim2real/install/realsense2_camera_msgs/share/realsense2_camera_msgs/environment/pythonpath.dsv
[0.924s] -- Up-to-date: /home/rokae/workspace/rokae_ros2_sim2real/install/realsense2_camera_msgs/local/lib/python3.10/dist-packages/realsense2_camera_msgs-4.56.4-py3.10.egg-info
[0.924s] -- Installing: /home/rokae/workspace/rokae_ros2_sim2real/install/realsense2_camera_msgs/local/lib/python3.10/dist-packages/realsense2_camera_msgs-4.56.4-py3.10.egg-info/dependency_links.txt
[0.924s] -- Installing: /home/rokae/workspace/rokae_ros2_sim2real/install/realsense2_camera_msgs/local/lib/python3.10/dist-packages/realsense2_camera_msgs-4.56.4-py3.10.egg-info/PKG-INFO
[0.925s] -- Installing: /home/rokae/workspace/rokae_ros2_sim2real/install/realsense2_camera_msgs/local/lib/python3.10/dist-packages/realsense2_camera_msgs-4.56.4-py3.10.egg-info/SOURCES.txt
[0.925s] -- Installing: /home/rokae/workspace/rokae_ros2_sim2real/install/realsense2_camera_msgs/local/lib/python3.10/dist-packages/realsense2_camera_msgs-4.56.4-py3.10.egg-info/top_level.txt
[0.925s] -- Up-to-date: /home/rokae/workspace/rokae_ros2_sim2real/install/realsense2_camera_msgs/local/lib/python3.10/dist-packages/realsense2_camera_msgs
[0.925s] -- Up-to-date: /home/rokae/workspace/rokae_ros2_sim2real/install/realsense2_camera_msgs/local/lib/python3.10/dist-packages/realsense2_camera_msgs/realsense2_camera_msgs_s__rosidl_typesupport_introspection_c.cpython-310-x86_64-linux-gnu.so
[0.925s] -- Up-to-date: /home/rokae/workspace/rokae_ros2_sim2real/install/realsense2_camera_msgs/local/lib/python3.10/dist-packages/realsense2_camera_msgs/msg
[0.925s] -- Up-to-date: /home/rokae/workspace/rokae_ros2_sim2real/install/realsense2_camera_msgs/local/lib/python3.10/dist-packages/realsense2_camera_msgs/msg/_imu_info.py
[0.925s] -- Up-to-date: /home/rokae/workspace/rokae_ros2_sim2real/install/realsense2_camera_msgs/local/lib/python3.10/dist-packages/realsense2_camera_msgs/msg/_rgbd.py
[0.925s] -- Up-to-date: /home/rokae/workspace/rokae_ros2_sim2real/install/realsense2_camera_msgs/local/lib/python3.10/dist-packages/realsense2_camera_msgs/msg/_extrinsics.py
[0.925s] -- Up-to-date: /home/rokae/workspace/rokae_ros2_sim2real/install/realsense2_camera_msgs/local/lib/python3.10/dist-packages/realsense2_camera_msgs/msg/_extrinsics_s.c
[0.925s] -- Up-to-date: /home/rokae/workspace/rokae_ros2_sim2real/install/realsense2_camera_msgs/local/lib/python3.10/dist-packages/realsense2_camera_msgs/msg/_imu_info_s.c
[0.925s] -- Up-to-date: /home/rokae/workspace/rokae_ros2_sim2real/install/realsense2_camera_msgs/local/lib/python3.10/dist-packages/realsense2_camera_msgs/msg/_metadata.py
[0.926s] -- Up-to-date: /home/rokae/workspace/rokae_ros2_sim2real/install/realsense2_camera_msgs/local/lib/python3.10/dist-packages/realsense2_camera_msgs/msg/__init__.py
[0.926s] -- Up-to-date: /home/rokae/workspace/rokae_ros2_sim2real/install/realsense2_camera_msgs/local/lib/python3.10/dist-packages/realsense2_camera_msgs/msg/_rgbd_s.c
[0.926s] -- Up-to-date: /home/rokae/workspace/rokae_ros2_sim2real/install/realsense2_camera_msgs/local/lib/python3.10/dist-packages/realsense2_camera_msgs/msg/_metadata_s.c
[0.926s] -- Up-to-date: /home/rokae/workspace/rokae_ros2_sim2real/install/realsense2_camera_msgs/local/lib/python3.10/dist-packages/realsense2_camera_msgs/action
[0.926s] -- Up-to-date: /home/rokae/workspace/rokae_ros2_sim2real/install/realsense2_camera_msgs/local/lib/python3.10/dist-packages/realsense2_camera_msgs/action/_triggered_calibration_s.c
[0.926s] -- Up-to-date: /home/rokae/workspace/rokae_ros2_sim2real/install/realsense2_camera_msgs/local/lib/python3.10/dist-packages/realsense2_camera_msgs/action/__init__.py
[0.926s] -- Up-to-date: /home/rokae/workspace/rokae_ros2_sim2real/install/realsense2_camera_msgs/local/lib/python3.10/dist-packages/realsense2_camera_msgs/action/_triggered_calibration.py
[0.926s] -- Up-to-date: /home/rokae/workspace/rokae_ros2_sim2real/install/realsense2_camera_msgs/local/lib/python3.10/dist-packages/realsense2_camera_msgs/_realsense2_camera_msgs_s.ep.rosidl_typesupport_fastrtps_c.c
[0.926s] -- Up-to-date: /home/rokae/workspace/rokae_ros2_sim2real/install/realsense2_camera_msgs/local/lib/python3.10/dist-packages/realsense2_camera_msgs/_realsense2_camera_msgs_s.ep.rosidl_typesupport_c.c
[0.926s] -- Up-to-date: /home/rokae/workspace/rokae_ros2_sim2real/install/realsense2_camera_msgs/local/lib/python3.10/dist-packages/realsense2_camera_msgs/srv
[0.926s] -- Up-to-date: /home/rokae/workspace/rokae_ros2_sim2real/install/realsense2_camera_msgs/local/lib/python3.10/dist-packages/realsense2_camera_msgs/srv/_device_info_s.c
[0.927s] -- Up-to-date: /home/rokae/workspace/rokae_ros2_sim2real/install/realsense2_camera_msgs/local/lib/python3.10/dist-packages/realsense2_camera_msgs/srv/_calib_config_read.py
[0.927s] -- Up-to-date: /home/rokae/workspace/rokae_ros2_sim2real/install/realsense2_camera_msgs/local/lib/python3.10/dist-packages/realsense2_camera_msgs/srv/_calib_config_write.py
[0.927s] -- Up-to-date: /home/rokae/workspace/rokae_ros2_sim2real/install/realsense2_camera_msgs/local/lib/python3.10/dist-packages/realsense2_camera_msgs/srv/_calib_config_read_s.c
[0.927s] -- Up-to-date: /home/rokae/workspace/rokae_ros2_sim2real/install/realsense2_camera_msgs/local/lib/python3.10/dist-packages/realsense2_camera_msgs/srv/_calib_config_write_s.c
[0.927s] -- Up-to-date: /home/rokae/workspace/rokae_ros2_sim2real/install/realsense2_camera_msgs/local/lib/python3.10/dist-packages/realsense2_camera_msgs/srv/__init__.py
[0.927s] -- Up-to-date: /home/rokae/workspace/rokae_ros2_sim2real/install/realsense2_camera_msgs/local/lib/python3.10/dist-packages/realsense2_camera_msgs/srv/_device_info.py
[0.927s] -- Up-to-date: /home/rokae/workspace/rokae_ros2_sim2real/install/realsense2_camera_msgs/local/lib/python3.10/dist-packages/realsense2_camera_msgs/__init__.py
[0.927s] -- Up-to-date: /home/rokae/workspace/rokae_ros2_sim2real/install/realsense2_camera_msgs/local/lib/python3.10/dist-packages/realsense2_camera_msgs/librealsense2_camera_msgs__rosidl_generator_py.so
[0.927s] -- Up-to-date: /home/rokae/workspace/rokae_ros2_sim2real/install/realsense2_camera_msgs/local/lib/python3.10/dist-packages/realsense2_camera_msgs/_realsense2_camera_msgs_s.ep.rosidl_typesupport_introspection_c.c
[0.927s] -- Up-to-date: /home/rokae/workspace/rokae_ros2_sim2real/install/realsense2_camera_msgs/local/lib/python3.10/dist-packages/realsense2_camera_msgs/realsense2_camera_msgs_s__rosidl_typesupport_c.cpython-310-x86_64-linux-gnu.so
[0.927s] -- Up-to-date: /home/rokae/workspace/rokae_ros2_sim2real/install/realsense2_camera_msgs/local/lib/python3.10/dist-packages/realsense2_camera_msgs/realsense2_camera_msgs_s__rosidl_typesupport_fastrtps_c.cpython-310-x86_64-linux-gnu.so
[1.011s] Listing '/home/rokae/workspace/rokae_ros2_sim2real/install/realsense2_camera_msgs/local/lib/python3.10/dist-packages/realsense2_camera_msgs'...
[1.012s] Listing '/home/rokae/workspace/rokae_ros2_sim2real/install/realsense2_camera_msgs/local/lib/python3.10/dist-packages/realsense2_camera_msgs/action'...
[1.012s] Listing '/home/rokae/workspace/rokae_ros2_sim2real/install/realsense2_camera_msgs/local/lib/python3.10/dist-packages/realsense2_camera_msgs/msg'...
[1.012s] Listing '/home/rokae/workspace/rokae_ros2_sim2real/install/realsense2_camera_msgs/local/lib/python3.10/dist-packages/realsense2_camera_msgs/srv'...
[1.012s] -- Up-to-date: /home/rokae/workspace/rokae_ros2_sim2real/install/realsense2_camera_msgs/local/lib/python3.10/dist-packages/realsense2_camera_msgs/realsense2_camera_msgs_s__rosidl_typesupport_fastrtps_c.cpython-310-x86_64-linux-gnu.so
[1.012s] -- Up-to-date: /home/rokae/workspace/rokae_ros2_sim2real/install/realsense2_camera_msgs/local/lib/python3.10/dist-packages/realsense2_camera_msgs/realsense2_camera_msgs_s__rosidl_typesupport_introspection_c.cpython-310-x86_64-linux-gnu.so
[1.012s] -- Up-to-date: /home/rokae/workspace/rokae_ros2_sim2real/install/realsense2_camera_msgs/local/lib/python3.10/dist-packages/realsense2_camera_msgs/realsense2_camera_msgs_s__rosidl_typesupport_c.cpython-310-x86_64-linux-gnu.so
[1.012s] -- Up-to-date: /home/rokae/workspace/rokae_ros2_sim2real/install/realsense2_camera_msgs/lib/librealsense2_camera_msgs__rosidl_generator_py.so
[1.012s] -- Up-to-date: /home/rokae/workspace/rokae_ros2_sim2real/install/realsense2_camera_msgs/share/realsense2_camera_msgs/msg/IMUInfo.idl
[1.013s] -- Up-to-date: /home/rokae/workspace/rokae_ros2_sim2real/install/realsense2_camera_msgs/share/realsense2_camera_msgs/msg/Extrinsics.idl
[1.013s] -- Up-to-date: /home/rokae/workspace/rokae_ros2_sim2real/install/realsense2_camera_msgs/share/realsense2_camera_msgs/msg/Metadata.idl
[1.013s] -- Up-to-date: /home/rokae/workspace/rokae_ros2_sim2real/install/realsense2_camera_msgs/share/realsense2_camera_msgs/msg/RGBD.idl
[1.013s] -- Up-to-date: /home/rokae/workspace/rokae_ros2_sim2real/install/realsense2_camera_msgs/share/realsense2_camera_msgs/srv/DeviceInfo.idl
[1.013s] -- Up-to-date: /home/rokae/workspace/rokae_ros2_sim2real/install/realsense2_camera_msgs/share/realsense2_camera_msgs/srv/CalibConfigRead.idl
[1.013s] -- Up-to-date: /home/rokae/workspace/rokae_ros2_sim2real/install/realsense2_camera_msgs/share/realsense2_camera_msgs/srv/CalibConfigWrite.idl
[1.013s] -- Up-to-date: /home/rokae/workspace/rokae_ros2_sim2real/install/realsense2_camera_msgs/share/realsense2_camera_msgs/action/TriggeredCalibration.idl
[1.013s] -- Up-to-date: /home/rokae/workspace/rokae_ros2_sim2real/install/realsense2_camera_msgs/share/realsense2_camera_msgs/msg/IMUInfo.msg
[1.013s] -- Up-to-date: /home/rokae/workspace/rokae_ros2_sim2real/install/realsense2_camera_msgs/share/realsense2_camera_msgs/msg/Extrinsics.msg
[1.013s] -- Up-to-date: /home/rokae/workspace/rokae_ros2_sim2real/install/realsense2_camera_msgs/share/realsense2_camera_msgs/msg/Metadata.msg
[1.013s] -- Up-to-date: /home/rokae/workspace/rokae_ros2_sim2real/install/realsense2_camera_msgs/share/realsense2_camera_msgs/msg/RGBD.msg
[1.013s] -- Up-to-date: /home/rokae/workspace/rokae_ros2_sim2real/install/realsense2_camera_msgs/share/realsense2_camera_msgs/srv/DeviceInfo.srv
[1.014s] -- Up-to-date: /home/rokae/workspace/rokae_ros2_sim2real/install/realsense2_camera_msgs/share/realsense2_camera_msgs/srv/DeviceInfo_Request.msg
[1.014s] -- Up-to-date: /home/rokae/workspace/rokae_ros2_sim2real/install/realsense2_camera_msgs/share/realsense2_camera_msgs/srv/DeviceInfo_Response.msg
[1.014s] -- Up-to-date: /home/rokae/workspace/rokae_ros2_sim2real/install/realsense2_camera_msgs/share/realsense2_camera_msgs/srv/CalibConfigRead.srv
[1.014s] -- Up-to-date: /home/rokae/workspace/rokae_ros2_sim2real/install/realsense2_camera_msgs/share/realsense2_camera_msgs/srv/CalibConfigRead_Request.msg
[1.014s] -- Up-to-date: /home/rokae/workspace/rokae_ros2_sim2real/install/realsense2_camera_msgs/share/realsense2_camera_msgs/srv/CalibConfigRead_Response.msg
[1.014s] -- Up-to-date: /home/rokae/workspace/rokae_ros2_sim2real/install/realsense2_camera_msgs/share/realsense2_camera_msgs/srv/CalibConfigWrite.srv
[1.014s] -- Up-to-date: /home/rokae/workspace/rokae_ros2_sim2real/install/realsense2_camera_msgs/share/realsense2_camera_msgs/srv/CalibConfigWrite_Request.msg
[1.014s] -- Up-to-date: /home/rokae/workspace/rokae_ros2_sim2real/install/realsense2_camera_msgs/share/realsense2_camera_msgs/srv/CalibConfigWrite_Response.msg
[1.014s] -- Up-to-date: /home/rokae/workspace/rokae_ros2_sim2real/install/realsense2_camera_msgs/share/realsense2_camera_msgs/action/TriggeredCalibration.action
[1.014s] -- Up-to-date: /home/rokae/workspace/rokae_ros2_sim2real/install/realsense2_camera_msgs/share/ament_index/resource_index/package_run_dependencies/realsense2_camera_msgs
[1.014s] -- Up-to-date: /home/rokae/workspace/rokae_ros2_sim2real/install/realsense2_camera_msgs/share/ament_index/resource_index/parent_prefix_path/realsense2_camera_msgs
[1.014s] -- Up-to-date: /home/rokae/workspace/rokae_ros2_sim2real/install/realsense2_camera_msgs/share/realsense2_camera_msgs/environment/ament_prefix_path.sh
[1.015s] -- Up-to-date: /home/rokae/workspace/rokae_ros2_sim2real/install/realsense2_camera_msgs/share/realsense2_camera_msgs/environment/ament_prefix_path.dsv
[1.015s] -- Up-to-date: /home/rokae/workspace/rokae_ros2_sim2real/install/realsense2_camera_msgs/share/realsense2_camera_msgs/environment/path.sh
[1.015s] -- Up-to-date: /home/rokae/workspace/rokae_ros2_sim2real/install/realsense2_camera_msgs/share/realsense2_camera_msgs/environment/path.dsv
[1.015s] -- Up-to-date: /home/rokae/workspace/rokae_ros2_sim2real/install/realsense2_camera_msgs/share/realsense2_camera_msgs/local_setup.bash
[1.015s] -- Up-to-date: /home/rokae/workspace/rokae_ros2_sim2real/install/realsense2_camera_msgs/share/realsense2_camera_msgs/local_setup.sh
[1.015s] -- Up-to-date: /home/rokae/workspace/rokae_ros2_sim2real/install/realsense2_camera_msgs/share/realsense2_camera_msgs/local_setup.zsh
[1.015s] -- Up-to-date: /home/rokae/workspace/rokae_ros2_sim2real/install/realsense2_camera_msgs/share/realsense2_camera_msgs/local_setup.dsv
[1.015s] -- Installing: /home/rokae/workspace/rokae_ros2_sim2real/install/realsense2_camera_msgs/share/realsense2_camera_msgs/package.dsv
[1.015s] -- Up-to-date: /home/rokae/workspace/rokae_ros2_sim2real/install/realsense2_camera_msgs/share/ament_index/resource_index/packages/realsense2_camera_msgs
[1.015s] -- Up-to-date: /home/rokae/workspace/rokae_ros2_sim2real/install/realsense2_camera_msgs/share/realsense2_camera_msgs/cmake/export_realsense2_camera_msgs__rosidl_generator_cExport.cmake
[1.015s] -- Up-to-date: /home/rokae/workspace/rokae_ros2_sim2real/install/realsense2_camera_msgs/share/realsense2_camera_msgs/cmake/export_realsense2_camera_msgs__rosidl_generator_cExport-noconfig.cmake
[1.016s] -- Up-to-date: /home/rokae/workspace/rokae_ros2_sim2real/install/realsense2_camera_msgs/share/realsense2_camera_msgs/cmake/export_realsense2_camera_msgs__rosidl_typesupport_fastrtps_cExport.cmake
[1.016s] -- Up-to-date: /home/rokae/workspace/rokae_ros2_sim2real/install/realsense2_camera_msgs/share/realsense2_camera_msgs/cmake/export_realsense2_camera_msgs__rosidl_typesupport_fastrtps_cExport-noconfig.cmake
[1.016s] -- Up-to-date: /home/rokae/workspace/rokae_ros2_sim2real/install/realsense2_camera_msgs/share/realsense2_camera_msgs/cmake/realsense2_camera_msgs__rosidl_typesupport_introspection_cExport.cmake
[1.016s] -- Up-to-date: /home/rokae/workspace/rokae_ros2_sim2real/install/realsense2_camera_msgs/share/realsense2_camera_msgs/cmake/realsense2_camera_msgs__rosidl_typesupport_introspection_cExport-noconfig.cmake
[1.016s] -- Up-to-date: /home/rokae/workspace/rokae_ros2_sim2real/install/realsense2_camera_msgs/share/realsense2_camera_msgs/cmake/realsense2_camera_msgs__rosidl_typesupport_cExport.cmake
[1.016s] -- Up-to-date: /home/rokae/workspace/rokae_ros2_sim2real/install/realsense2_camera_msgs/share/realsense2_camera_msgs/cmake/realsense2_camera_msgs__rosidl_typesupport_cExport-noconfig.cmake
[1.016s] -- Up-to-date: /home/rokae/workspace/rokae_ros2_sim2real/install/realsense2_camera_msgs/share/realsense2_camera_msgs/cmake/export_realsense2_camera_msgs__rosidl_generator_cppExport.cmake
[1.016s] -- Up-to-date: /home/rokae/workspace/rokae_ros2_sim2real/install/realsense2_camera_msgs/share/realsense2_camera_msgs/cmake/export_realsense2_camera_msgs__rosidl_typesupport_fastrtps_cppExport.cmake
[1.016s] -- Up-to-date: /home/rokae/workspace/rokae_ros2_sim2real/install/realsense2_camera_msgs/share/realsense2_camera_msgs/cmake/export_realsense2_camera_msgs__rosidl_typesupport_fastrtps_cppExport-noconfig.cmake
[1.016s] -- Up-to-date: /home/rokae/workspace/rokae_ros2_sim2real/install/realsense2_camera_msgs/share/realsense2_camera_msgs/cmake/realsense2_camera_msgs__rosidl_typesupport_introspection_cppExport.cmake
[1.017s] -- Up-to-date: /home/rokae/workspace/rokae_ros2_sim2real/install/realsense2_camera_msgs/share/realsense2_camera_msgs/cmake/realsense2_camera_msgs__rosidl_typesupport_introspection_cppExport-noconfig.cmake
[1.017s] -- Up-to-date: /home/rokae/workspace/rokae_ros2_sim2real/install/realsense2_camera_msgs/share/realsense2_camera_msgs/cmake/realsense2_camera_msgs__rosidl_typesupport_cppExport.cmake
[1.017s] -- Up-to-date: /home/rokae/workspace/rokae_ros2_sim2real/install/realsense2_camera_msgs/share/realsense2_camera_msgs/cmake/realsense2_camera_msgs__rosidl_typesupport_cppExport-noconfig.cmake
[1.017s] -- Up-to-date: /home/rokae/workspace/rokae_ros2_sim2real/install/realsense2_camera_msgs/share/realsense2_camera_msgs/cmake/export_realsense2_camera_msgs__rosidl_generator_pyExport.cmake
[1.017s] -- Up-to-date: /home/rokae/workspace/rokae_ros2_sim2real/install/realsense2_camera_msgs/share/realsense2_camera_msgs/cmake/export_realsense2_camera_msgs__rosidl_generator_pyExport-noconfig.cmake
[1.017s] -- Up-to-date: /home/rokae/workspace/rokae_ros2_sim2real/install/realsense2_camera_msgs/share/realsense2_camera_msgs/cmake/rosidl_cmake-extras.cmake
[1.017s] -- Up-to-date: /home/rokae/workspace/rokae_ros2_sim2real/install/realsense2_camera_msgs/share/realsense2_camera_msgs/cmake/ament_cmake_export_dependencies-extras.cmake
[1.017s] -- Up-to-date: /home/rokae/workspace/rokae_ros2_sim2real/install/realsense2_camera_msgs/share/realsense2_camera_msgs/cmake/ament_cmake_export_include_directories-extras.cmake
[1.017s] -- Up-to-date: /home/rokae/workspace/rokae_ros2_sim2real/install/realsense2_camera_msgs/share/realsense2_camera_msgs/cmake/ament_cmake_export_libraries-extras.cmake
[1.017s] -- Up-to-date: /home/rokae/workspace/rokae_ros2_sim2real/install/realsense2_camera_msgs/share/realsense2_camera_msgs/cmake/ament_cmake_export_targets-extras.cmake
[1.018s] -- Up-to-date: /home/rokae/workspace/rokae_ros2_sim2real/install/realsense2_camera_msgs/share/realsense2_camera_msgs/cmake/rosidl_cmake_export_typesupport_targets-extras.cmake
[1.018s] -- Up-to-date: /home/rokae/workspace/rokae_ros2_sim2real/install/realsense2_camera_msgs/share/realsense2_camera_msgs/cmake/rosidl_cmake_export_typesupport_libraries-extras.cmake
[1.018s] -- Up-to-date: /home/rokae/workspace/rokae_ros2_sim2real/install/realsense2_camera_msgs/share/realsense2_camera_msgs/cmake/realsense2_camera_msgsConfig.cmake
[1.018s] -- Up-to-date: /home/rokae/workspace/rokae_ros2_sim2real/install/realsense2_camera_msgs/share/realsense2_camera_msgs/cmake/realsense2_camera_msgsConfig-version.cmake
[1.018s] -- Up-to-date: /home/rokae/workspace/rokae_ros2_sim2real/install/realsense2_camera_msgs/share/realsense2_camera_msgs/package.xml
[1.020s] Invoked command in '/home/rokae/workspace/rokae_ros2_sim2real/build/realsense2_camera_msgs' returned '0': CMAKE_PREFIX_PATH=${CMAKE_PREFIX_PATH}:/home/rokae/workspace/rokae_ros2_sim2real/install/easy_handeye2_demo:/home/rokae/workspace/rokae_ros2_sim2real/install/easy_handeye2:/home/rokae/workspace/ws_moveit/install/moveit_configs_utils:/home/rokae/workspace/ws_moveit/install/launch_param_builder:/opt/ros/humble /usr/bin/cmake --install /home/rokae/workspace/rokae_ros2_sim2real/build/realsense2_camera_msgs
