[35m[1mConsolidate compiler generated dependencies of target rokae_controller[0m
[ 16%] Built target read_force
[ 41%] Built target move_example
[ 50%] Built target read_robot_state
[ 66%] Built target sdk_example
[ 83%] Built target driver_pentu
[ 91%] [32mBuilding CXX object CMakeFiles/rokae_controller.dir/src/rokae_controller.cpp.o[0m
[01m[K/home/rokae/workspace/rokae_ros2_sim2real/src/robot_driver/rokae_driver/src/rokae_controller.cpp:137:13:[m[K [01;31m[Kerror: [m[K‘[01m[KTimeBase[m[K’ in namespace ‘[01m[Krclcpp[m[K’ does not name a type; did you mean ‘[01m[KTimerBase[m[K’?
  137 |     rclcpp::[01;31m[KTimeBase[m[K::SharedPtr timer_;
      |             [01;31m[K^~~~~~~~[m[K
      |             [32m[KTimerBase[m[K
[01m[K/home/rokae/workspace/rokae_ros2_sim2real/src/robot_driver/rokae_driver/src/rokae_controller.cpp:149:17:[m[K [01;31m[Kerror: [m[K‘[01m[KJointData[m[K’ was not declared in this scope
  149 |     std::vector<[01;31m[KJointData[m[K> joint_data;
      |                 [01;31m[K^~~~~~~~~[m[K
[01m[K/home/rokae/workspace/rokae_ros2_sim2real/src/robot_driver/rokae_driver/src/rokae_controller.cpp:149:26:[m[K [01;31m[Kerror: [m[Ktemplate argument 1 is invalid
  149 |     std::vector<JointData[01;31m[K>[m[K joint_data;
      |                          [01;31m[K^[m[K
[01m[K/home/rokae/workspace/rokae_ros2_sim2real/src/robot_driver/rokae_driver/src/rokae_controller.cpp:149:26:[m[K [01;31m[Kerror: [m[Ktemplate argument 2 is invalid
[01m[K/home/rokae/workspace/rokae_ros2_sim2real/src/robot_driver/rokae_driver/src/rokae_controller.cpp:[m[K In constructor ‘[01m[KRobotController::RobotController(const string&, const string&)[m[K’:
[01m[K/home/rokae/workspace/rokae_ros2_sim2real/src/robot_driver/rokae_driver/src/rokae_controller.cpp:32:95:[m[K [01;31m[Kerror: [m[Kno matching function for call to ‘[01m[KRobotController::create_publisher<trajectory_msgs::msg::JointTrajectory>(const char [17], int, std::_Bind_helper<false, void (RobotController::*)(std::shared_ptr<trajectory_msgs::msg::JointTrajectory_<std::allocator<void> > >), RobotController*, const std::_Placeholder<1>&>::type)[m[K’
   32 |         trajectory_subscriber_ = [01;31m[Kthis->create_publisher<trajectory_msgs::msg::JointTrajectory>([m[K
      |                                  [01;31m[K~~~~~~~~~~~~~~~~~~~~~~~~~~~~~~~~~~~~~~~~~~~~~~~~~~~~~~~~~~~~~^[m[K
   33 | [01;31m[K            "joint_trajectory",10,[m[K
      |             [01;31m[K~~~~~~~~~~~~~~~~~~~~~~[m[K                                                             
   34 | [01;31m[K            std::bind(&RobotController::trajectory_callback,this,std::placeholders::_1)[m[K
      |             [01;31m[K~~~~~~~~~~~~~~~~~~~~~~~~~~~~~~~~~~~~~~~~~~~~~~~~~~~~~~~~~~~~~~~~~~~~~~~~~~~[m[K        
   35 | [01;31m[K        )[m[K;
      |         [01;31m[K~[m[K                                                                                      
In file included from [01m[K/opt/ros/humble/include/rclcpp/rclcpp/node.hpp:1321[m[K,
                 from [01m[K/opt/ros/humble/include/rclcpp/rclcpp/executors/single_threaded_executor.hpp:28[m[K,
                 from [01m[K/opt/ros/humble/include/rclcpp/rclcpp/executors.hpp:22[m[K,
                 from [01m[K/opt/ros/humble/include/rclcpp/rclcpp/rclcpp.hpp:155[m[K,
                 from [01m[K/home/rokae/workspace/rokae_ros2_sim2real/src/robot_driver/rokae_driver/src/rokae_controller.cpp:14[m[K:
[01m[K/opt/ros/humble/include/rclcpp/rclcpp/node_impl.hpp:73:1:[m[K [01;36m[Knote: [m[Kcandidate: ‘[01m[Ktemplate<class MessageT, class AllocatorT, class PublisherT> std::shared_ptr<PublisherT> rclcpp::Node::create_publisher(const string&, const rclcpp::QoS&, const rclcpp::PublisherOptionsWithAllocator<AllocatorT>&)[m[K’
   73 | [01;36m[KNode[m[K::create_publisher(
      | [01;36m[K^~~~[m[K
[01m[K/opt/ros/humble/include/rclcpp/rclcpp/node_impl.hpp:73:1:[m[K [01;36m[Knote: [m[K  template argument deduction/substitution failed:
[01m[K/home/rokae/workspace/rokae_ros2_sim2real/src/robot_driver/rokae_driver/src/rokae_controller.cpp:32:95:[m[K [01;36m[Knote: [m[K  ‘[01m[Kstd::_Bind_helper<false, void (RobotController::*)(std::shared_ptr<trajectory_msgs::msg::JointTrajectory_<std::allocator<void> > >), RobotController*, const std::_Placeholder<1>&>::type[m[K’ is not derived from ‘[01m[Kconst rclcpp::PublisherOptionsWithAllocator<AllocatorT>[m[K’
   32 |         trajectory_subscriber_ = [01;36m[Kthis->create_publisher<trajectory_msgs::msg::JointTrajectory>([m[K
      |                                  [01;36m[K~~~~~~~~~~~~~~~~~~~~~~~~~~~~~~~~~~~~~~~~~~~~~~~~~~~~~~~~~~~~~^[m[K
   33 | [01;36m[K            "joint_trajectory",10,[m[K
      |             [01;36m[K~~~~~~~~~~~~~~~~~~~~~~[m[K                                                             
   34 | [01;36m[K            std::bind(&RobotController::trajectory_callback,this,std::placeholders::_1)[m[K
      |             [01;36m[K~~~~~~~~~~~~~~~~~~~~~~~~~~~~~~~~~~~~~~~~~~~~~~~~~~~~~~~~~~~~~~~~~~~~~~~~~~~[m[K        
   35 | [01;36m[K        )[m[K;
      |         [01;36m[K~[m[K                                                                                      
[01m[K/home/rokae/workspace/rokae_ros2_sim2real/src/robot_driver/rokae_driver/src/rokae_controller.cpp:39:41:[m[K [01;31m[Kerror: [m[K‘[01m[Kjoint_command_callback[m[K’ is not a member of ‘[01m[KRobotController[m[K’
   39 |             std::bind(&RobotController::[01;31m[Kjoint_command_callback[m[K,this,std::placeholders::_1)
      |                                         [01;31m[K^~~~~~~~~~~~~~~~~~~~~~[m[K
[01m[K/home/rokae/workspace/rokae_ros2_sim2real/src/robot_driver/rokae_driver/src/rokae_controller.cpp:43:9:[m[K [01;31m[Kerror: [m[K‘[01m[Ktimer_[m[K’ was not declared in this scope; did you mean ‘[01m[Ktime_[m[K’?
   43 |         [01;31m[Ktimer_[m[K = this->create_wall_timer(
      |         [01;31m[K^~~~~~[m[K
      |         [32m[Ktime_[m[K
[01m[K/home/rokae/workspace/rokae_ros2_sim2real/src/robot_driver/rokae_driver/src/rokae_controller.cpp:51:41:[m[K [01;31m[Kerror: [m[K‘[01m[Kjoint_name_[m[K’ was not declared in this scope; did you mean ‘[01m[Kjoint_names_[m[K’?
   51 |         current_joint_positions_.resize([01;31m[Kjoint_name_[m[K.size(),0,0);
      |                                         [01;31m[K^~~~~~~~~~~[m[K
      |                                         [32m[Kjoint_names_[m[K
In file included from [01m[K/opt/ros/humble/include/rclcpp/rclcpp/logging.hpp:24[m[K,
                 from [01m[K/opt/ros/humble/include/rclcpp/rclcpp/client.hpp:40[m[K,
                 from [01m[K/opt/ros/humble/include/rclcpp/rclcpp/callback_group.hpp:24[m[K,
                 from [01m[K/opt/ros/humble/include/rclcpp/rclcpp/any_executable.hpp:20[m[K,
                 from [01m[K/opt/ros/humble/include/rclcpp/rclcpp/memory_strategy.hpp:25[m[K,
                 from [01m[K/opt/ros/humble/include/rclcpp/rclcpp/memory_strategies.hpp:18[m[K,
                 from [01m[K/opt/ros/humble/include/rclcpp/rclcpp/executor_options.hpp:20[m[K,
                 from [01m[K/opt/ros/humble/include/rclcpp/rclcpp/executor.hpp:37[m[K,
                 from [01m[K/opt/ros/humble/include/rclcpp/rclcpp/executors/multi_threaded_executor.hpp:25[m[K,
                 from [01m[K/opt/ros/humble/include/rclcpp/rclcpp/executors.hpp:21[m[K,
                 from [01m[K/opt/ros/humble/include/rclcpp/rclcpp/rclcpp.hpp:155[m[K,
                 from [01m[K/home/rokae/workspace/rokae_ros2_sim2real/src/robot_driver/rokae_driver/src/rokae_controller.cpp:14[m[K:
[01m[K/home/rokae/workspace/rokae_ros2_sim2real/src/robot_driver/rokae_driver/src/rokae_controller.cpp:[m[K In member function ‘[01m[Kvoid RobotController::send_joint_command(const std::vector<double>&)[m[K’:
[01m[K/home/rokae/workspace/rokae_ros2_sim2real/src/robot_driver/rokae_driver/src/rokae_controller.cpp:81:9:[m[K [01;31m[Kerror: [m[K‘[01m[Kposition[m[K’ was not declared in this scope; did you mean ‘[01m[Kpositions[m[K’?
   81 |         [01;31m[Kposition[m[K[0], position[1], position[2], position[3], position[4], position[5], position[6]
      |         [01;31m[K^~~~~~~~[m[K
[01m[K/home/rokae/workspace/rokae_ros2_sim2real/src/robot_driver/rokae_driver/src/rokae_controller.cpp:85:64:[m[K [01;31m[Kerror: [m[Kno match for ‘[01m[Koperator=[m[K’ (operand types are ‘[01m[Kstd::vector<double>[m[K’ and ‘[01m[Kvoid[m[K’)
   85 |         current_joint_positions_= example_basicOperation(robot_[01;31m[K)[m[K;
      |                                                                [01;31m[K^[m[K
In file included from [01m[K/usr/include/c++/11/vector:72[m[K,
                 from [01m[K/home/rokae/workspace/rokae_ros2_sim2real/src/robot_driver/rokae_driver/src/rokae_controller.cpp:7[m[K:
[01m[K/usr/include/c++/11/bits/vector.tcc:198:5:[m[K [01;36m[Knote: [m[Kcandidate: ‘[01m[Kstd::vector<_Tp, _Alloc>& std::vector<_Tp, _Alloc>::operator=(const std::vector<_Tp, _Alloc>&) [with _Tp = double; _Alloc = std::allocator<double>][m[K’
  198 |     [01;36m[Kvector<_Tp, _Alloc>[m[K::
      |     [01;36m[K^~~~~~~~~~~~~~~~~~~[m[K
[01m[K/usr/include/c++/11/bits/vector.tcc:199:42:[m[K [01;36m[Knote: [m[K  no known conversion for argument 1 from ‘[01m[Kvoid[m[K’ to ‘[01m[Kconst std::vector<double>&[m[K’
  199 |     operator=([01;36m[Kconst vector<_Tp, _Alloc>& __x[m[K)
      |               [01;36m[K~~~~~~~~~~~~~~~~~~~~~~~~~~~^~~[m[K
In file included from [01m[K/usr/include/c++/11/vector:67[m[K,
                 from [01m[K/home/rokae/workspace/rokae_ros2_sim2real/src/robot_driver/rokae_driver/src/rokae_controller.cpp:7[m[K:
[01m[K/usr/include/c++/11/bits/stl_vector.h:709:7:[m[K [01;36m[Knote: [m[Kcandidate: ‘[01m[Kstd::vector<_Tp, _Alloc>& std::vector<_Tp, _Alloc>::operator=(std::vector<_Tp, _Alloc>&&) [with _Tp = double; _Alloc = std::allocator<double>][m[K’
  709 |       [01;36m[Koperator[m[K=(vector&& __x) noexcept(_Alloc_traits::_S_nothrow_move())
      |       [01;36m[K^~~~~~~~[m[K
[01m[K/usr/include/c++/11/bits/stl_vector.h:709:26:[m[K [01;36m[Knote: [m[K  no known conversion for argument 1 from ‘[01m[Kvoid[m[K’ to ‘[01m[Kstd::vector<double>&&[m[K’
  709 |       operator=([01;36m[Kvector&& __x[m[K) noexcept(_Alloc_traits::_S_nothrow_move())
      |                 [01;36m[K~~~~~~~~~^~~[m[K
[01m[K/usr/include/c++/11/bits/stl_vector.h:730:7:[m[K [01;36m[Knote: [m[Kcandidate: ‘[01m[Kstd::vector<_Tp, _Alloc>& std::vector<_Tp, _Alloc>::operator=(std::initializer_list<_Tp>) [with _Tp = double; _Alloc = std::allocator<double>][m[K’
  730 |       [01;36m[Koperator[m[K=(initializer_list<value_type> __l)
      |       [01;36m[K^~~~~~~~[m[K
[01m[K/usr/include/c++/11/bits/stl_vector.h:730:46:[m[K [01;36m[Knote: [m[K  no known conversion for argument 1 from ‘[01m[Kvoid[m[K’ to ‘[01m[Kstd::initializer_list<double>[m[K’
  730 |       operator=([01;36m[Kinitializer_list<value_type> __l[m[K)
      |                 [01;36m[K~~~~~~~~~~~~~~~~~~~~~~~~~~~~~^~~[m[K
[01m[K/home/rokae/workspace/rokae_ros2_sim2real/src/robot_driver/rokae_driver/src/rokae_controller.cpp:77:56:[m[K [01;35m[Kwarning: [m[Kunused parameter ‘[01m[Kpositions[m[K’ [[01;35m[K]8;;https://gcc.gnu.org/onlinedocs/gcc/Warning-Options.html#index-Wunused-parameter-Wunused-parameter]8;;[m[K]
   77 |     void send_joint_command([01;35m[Kconst std::vector<double>& positions[m[K){
      |                             [01;35m[K~~~~~~~~~~~~~~~~~~~~~~~~~~~^~~~~~~~~[m[K
[01m[K/home/rokae/workspace/rokae_ros2_sim2real/src/robot_driver/rokae_driver/src/rokae_controller.cpp:[m[K In member function ‘[01m[Kvoid RobotController::example_basicOperation(rokae::xMateErProRobot&)[m[K’:
[01m[K/home/rokae/workspace/rokae_ros2_sim2real/src/robot_driver/rokae_driver/src/rokae_controller.cpp:130:16:[m[K [01;31m[Kerror: [m[Kreturn-statement with a value, in function returning ‘[01m[Kvoid[m[K’ [[01;31m[K]8;;https://gcc.gnu.org/onlinedocs/gcc/Warning-Options.html#index-fpermissive-fpermissive]8;;[m[K]
  130 |         return [01;31m[Kjoint_pos[m[K;
      |                [01;31m[K^~~~~~~~~[m[K
gmake[2]: *** [CMakeFiles/rokae_controller.dir/build.make:76：CMakeFiles/rokae_controller.dir/src/rokae_controller.cpp.o] 错误 1
gmake[1]: *** [CMakeFiles/Makefile2:251：CMakeFiles/rokae_controller.dir/all] 错误 2
gmake: *** [Makefile:146：all] 错误 2
