[0.070s] Invoking command in '/home/rokae/workspace/rokae_ros2_sim2real/build/rokae_description': CMAKE_PREFIX_PATH=${CMAKE_PREFIX_PATH}:/home/rokae/workspace/rokae_ros2_sim2real/install/easy_handeye2_demo:/home/rokae/workspace/rokae_ros2_sim2real/install/easy_handeye2:/home/rokae/workspace/ws_moveit/install/moveit_configs_utils:/home/rokae/workspace/ws_moveit/install/launch_param_builder:/opt/ros/humble /usr/bin/cmake --build /home/rokae/workspace/rokae_ros2_sim2real/build/rokae_description -- -j32 -l32
[0.162s] Invoked command in '/home/rokae/workspace/rokae_ros2_sim2real/build/rokae_description' returned '0': CMAKE_PREFIX_PATH=${CMAKE_PREFIX_PATH}:/home/rokae/workspace/rokae_ros2_sim2real/install/easy_handeye2_demo:/home/rokae/workspace/rokae_ros2_sim2real/install/easy_handeye2:/home/rokae/workspace/ws_moveit/install/moveit_configs_utils:/home/rokae/workspace/ws_moveit/install/launch_param_builder:/opt/ros/humble /usr/bin/cmake --build /home/rokae/workspace/rokae_ros2_sim2real/build/rokae_description -- -j32 -l32
[0.195s] Invoking command in '/home/rokae/workspace/rokae_ros2_sim2real/build/rokae_description': CMAKE_PREFIX_PATH=${CMAKE_PREFIX_PATH}:/home/rokae/workspace/rokae_ros2_sim2real/install/easy_handeye2_demo:/home/rokae/workspace/rokae_ros2_sim2real/install/easy_handeye2:/home/rokae/workspace/ws_moveit/install/moveit_configs_utils:/home/rokae/workspace/ws_moveit/install/launch_param_builder:/opt/ros/humble /usr/bin/cmake --install /home/rokae/workspace/rokae_ros2_sim2real/build/rokae_description
[0.215s] -- Install configuration: ""
[0.216s] -- Up-to-date: /home/rokae/workspace/rokae_ros2_sim2real/install/rokae_description/share/ament_index/resource_index/package_run_dependencies/rokae_description
[0.216s] -- Up-to-date: /home/rokae/workspace/rokae_ros2_sim2real/install/rokae_description/share/ament_index/resource_index/parent_prefix_path/rokae_description
[0.216s] -- Up-to-date: /home/rokae/workspace/rokae_ros2_sim2real/install/rokae_description/share/rokae_description/environment/ament_prefix_path.sh
[0.217s] -- Up-to-date: /home/rokae/workspace/rokae_ros2_sim2real/install/rokae_description/share/rokae_description/environment/ament_prefix_path.dsv
[0.217s] -- Up-to-date: /home/rokae/workspace/rokae_ros2_sim2real/install/rokae_description/share/rokae_description/environment/path.sh
[0.217s] -- Up-to-date: /home/rokae/workspace/rokae_ros2_sim2real/install/rokae_description/share/rokae_description/environment/path.dsv
[0.218s] -- Up-to-date: /home/rokae/workspace/rokae_ros2_sim2real/install/rokae_description/share/rokae_description/local_setup.bash
[0.218s] -- Up-to-date: /home/rokae/workspace/rokae_ros2_sim2real/install/rokae_description/share/rokae_description/local_setup.sh
[0.218s] -- Up-to-date: /home/rokae/workspace/rokae_ros2_sim2real/install/rokae_description/share/rokae_description/local_setup.zsh
[0.218s] -- Up-to-date: /home/rokae/workspace/rokae_ros2_sim2real/install/rokae_description/share/rokae_description/local_setup.dsv
[0.218s] -- Installing: /home/rokae/workspace/rokae_ros2_sim2real/install/rokae_description/share/rokae_description/package.dsv
[0.218s] -- Up-to-date: /home/rokae/workspace/rokae_ros2_sim2real/install/rokae_description/share/ament_index/resource_index/packages/rokae_description
[0.219s] -- Up-to-date: /home/rokae/workspace/rokae_ros2_sim2real/install/rokae_description/share/rokae_description/cmake/rokae_descriptionConfig.cmake
[0.219s] -- Up-to-date: /home/rokae/workspace/rokae_ros2_sim2real/install/rokae_description/share/rokae_description/cmake/rokae_descriptionConfig-version.cmake
[0.219s] -- Up-to-date: /home/rokae/workspace/rokae_ros2_sim2real/install/rokae_description/share/rokae_description/package.xml
[0.219s] -- Up-to-date: /home/rokae/workspace/rokae_ros2_sim2real/install/rokae_description/share/rokae_description/meshes
[0.219s] -- Up-to-date: /home/rokae/workspace/rokae_ros2_sim2real/install/rokae_description/share/rokae_description/meshes/visual
[0.219s] -- Up-to-date: /home/rokae/workspace/rokae_ros2_sim2real/install/rokae_description/share/rokae_description/meshes/visual/xMatePro7_link3.stl
[0.220s] -- Up-to-date: /home/rokae/workspace/rokae_ros2_sim2real/install/rokae_description/share/rokae_description/meshes/visual/xMatePro7_link6.stl
[0.220s] -- Up-to-date: /home/rokae/workspace/rokae_ros2_sim2real/install/rokae_description/share/rokae_description/meshes/visual/2f_85
[0.220s] -- Up-to-date: /home/rokae/workspace/rokae_ros2_sim2real/install/rokae_description/share/rokae_description/meshes/visual/2f_85/left_knuckle.dae
[0.221s] -- Up-to-date: /home/rokae/workspace/rokae_ros2_sim2real/install/rokae_description/share/rokae_description/meshes/visual/2f_85/robotiq_base.dae
[0.221s] -- Up-to-date: /home/rokae/workspace/rokae_ros2_sim2real/install/rokae_description/share/rokae_description/meshes/visual/2f_85/left_finger.dae
[0.221s] -- Up-to-date: /home/rokae/workspace/rokae_ros2_sim2real/install/rokae_description/share/rokae_description/meshes/visual/2f_85/left_finger_tip.dae
[0.221s] -- Up-to-date: /home/rokae/workspace/rokae_ros2_sim2real/install/rokae_description/share/rokae_description/meshes/visual/2f_85/ur_to_robotiq_adapter.dae
[0.221s] -- Up-to-date: /home/rokae/workspace/rokae_ros2_sim2real/install/rokae_description/share/rokae_description/meshes/visual/2f_85/right_knuckle.dae
[0.221s] -- Up-to-date: /home/rokae/workspace/rokae_ros2_sim2real/install/rokae_description/share/rokae_description/meshes/visual/2f_85/left_inner_knuckle.dae
[0.221s] -- Up-to-date: /home/rokae/workspace/rokae_ros2_sim2real/install/rokae_description/share/rokae_description/meshes/visual/2f_85/right_finger.dae
[0.221s] -- Up-to-date: /home/rokae/workspace/rokae_ros2_sim2real/install/rokae_description/share/rokae_description/meshes/visual/2f_85/right_inner_knuckle.dae
[0.222s] -- Up-to-date: /home/rokae/workspace/rokae_ros2_sim2real/install/rokae_description/share/rokae_description/meshes/visual/2f_85/right_finger_tip.dae
[0.222s] -- Up-to-date: /home/rokae/workspace/rokae_ros2_sim2real/install/rokae_description/share/rokae_description/meshes/visual/xMatePro7_link7.stl
[0.222s] -- Up-to-date: /home/rokae/workspace/rokae_ros2_sim2real/install/rokae_description/share/rokae_description/meshes/visual/xMatePro7_link2.stl
[0.222s] -- Up-to-date: /home/rokae/workspace/rokae_ros2_sim2real/install/rokae_description/share/rokae_description/meshes/visual/xMatePro7_base.stl
[0.222s] -- Up-to-date: /home/rokae/workspace/rokae_ros2_sim2real/install/rokae_description/share/rokae_description/meshes/visual/xMatePro7_link4.stl
[0.226s] -- Up-to-date: /home/rokae/workspace/rokae_ros2_sim2real/install/rokae_description/share/rokae_description/meshes/visual/xMatePro7_link1.stl
[0.227s] -- Up-to-date: /home/rokae/workspace/rokae_ros2_sim2real/install/rokae_description/share/rokae_description/meshes/visual/xMatePro7_link5.stl
[0.227s] -- Up-to-date: /home/rokae/workspace/rokae_ros2_sim2real/install/rokae_description/share/rokae_description/meshes/collision
[0.227s] -- Up-to-date: /home/rokae/workspace/rokae_ros2_sim2real/install/rokae_description/share/rokae_description/meshes/collision/xMatePro7_link3.stl
[0.227s] -- Up-to-date: /home/rokae/workspace/rokae_ros2_sim2real/install/rokae_description/share/rokae_description/meshes/collision/xMatePro7_link6.stl
[0.228s] -- Up-to-date: /home/rokae/workspace/rokae_ros2_sim2real/install/rokae_description/share/rokae_description/meshes/collision/2f_85
[0.228s] -- Up-to-date: /home/rokae/workspace/rokae_ros2_sim2real/install/rokae_description/share/rokae_description/meshes/collision/2f_85/robotiq_base.stl
[0.228s] -- Up-to-date: /home/rokae/workspace/rokae_ros2_sim2real/install/rokae_description/share/rokae_description/meshes/collision/2f_85/right_finger_tip.stl
[0.229s] -- Up-to-date: /home/rokae/workspace/rokae_ros2_sim2real/install/rokae_description/share/rokae_description/meshes/collision/2f_85/right_inner_knuckle.stl
[0.229s] -- Up-to-date: /home/rokae/workspace/rokae_ros2_sim2real/install/rokae_description/share/rokae_description/meshes/collision/2f_85/left_finger_tip.stl
[0.229s] -- Up-to-date: /home/rokae/workspace/rokae_ros2_sim2real/install/rokae_description/share/rokae_description/meshes/collision/2f_85/right_finger.stl
[0.229s] -- Up-to-date: /home/rokae/workspace/rokae_ros2_sim2real/install/rokae_description/share/rokae_description/meshes/collision/2f_85/left_finger.stl
[0.229s] -- Up-to-date: /home/rokae/workspace/rokae_ros2_sim2real/install/rokae_description/share/rokae_description/meshes/collision/2f_85/left_inner_knuckle.stl
[0.229s] -- Up-to-date: /home/rokae/workspace/rokae_ros2_sim2real/install/rokae_description/share/rokae_description/meshes/collision/2f_85/left_knuckle.stl
[0.230s] -- Up-to-date: /home/rokae/workspace/rokae_ros2_sim2real/install/rokae_description/share/rokae_description/meshes/collision/2f_85/ur_to_robotiq_adapter.stl
[0.230s] -- Up-to-date: /home/rokae/workspace/rokae_ros2_sim2real/install/rokae_description/share/rokae_description/meshes/collision/2f_85/right_knuckle.stl
[0.230s] -- Up-to-date: /home/rokae/workspace/rokae_ros2_sim2real/install/rokae_description/share/rokae_description/meshes/collision/xMatePro7_link7.stl
[0.230s] -- Up-to-date: /home/rokae/workspace/rokae_ros2_sim2real/install/rokae_description/share/rokae_description/meshes/collision/xMatePro7_link2.stl
[0.230s] -- Up-to-date: /home/rokae/workspace/rokae_ros2_sim2real/install/rokae_description/share/rokae_description/meshes/collision/xMatePro7_base.stl
[0.230s] -- Up-to-date: /home/rokae/workspace/rokae_ros2_sim2real/install/rokae_description/share/rokae_description/meshes/collision/xMatePro7_link4.stl
[0.230s] -- Up-to-date: /home/rokae/workspace/rokae_ros2_sim2real/install/rokae_description/share/rokae_description/meshes/collision/xMatePro7_link1.stl
[0.230s] -- Up-to-date: /home/rokae/workspace/rokae_ros2_sim2real/install/rokae_description/share/rokae_description/meshes/collision/xMatePro7_link5.stl
[0.231s] -- Up-to-date: /home/rokae/workspace/rokae_ros2_sim2real/install/rokae_description/share/rokae_description/urdf
[0.231s] -- Up-to-date: /home/rokae/workspace/rokae_ros2_sim2real/install/rokae_description/share/rokae_description/urdf/xMatePro7.urdf
[0.232s] -- Up-to-date: /home/rokae/workspace/rokae_ros2_sim2real/install/rokae_description/share/rokae_description/urdf/xMatePro7.xacro
[0.234s] Invoked command in '/home/rokae/workspace/rokae_ros2_sim2real/build/rokae_description' returned '0': CMAKE_PREFIX_PATH=${CMAKE_PREFIX_PATH}:/home/rokae/workspace/rokae_ros2_sim2real/install/easy_handeye2_demo:/home/rokae/workspace/rokae_ros2_sim2real/install/easy_handeye2:/home/rokae/workspace/ws_moveit/install/moveit_configs_utils:/home/rokae/workspace/ws_moveit/install/launch_param_builder:/opt/ros/humble /usr/bin/cmake --install /home/rokae/workspace/rokae_ros2_sim2real/build/rokae_description
