[1.721s] Invoking command in '/home/rokae/workspace/rokae_ros2_sim2real/src/easy_handeye2/easy_handeye2': AMENT_PREFIX_PATH=/home/rokae/workspace/rokae_ros2_sim2real/install/easy_handeye2_msgs:${AMENT_PREFIX_PATH} CMAKE_PREFIX_PATH=/home/rokae/workspace/rokae_ros2_sim2real/install/easy_handeye2_msgs:${CMAKE_PREFIX_PATH} LD_LIBRARY_PATH=/home/rokae/workspace/rokae_ros2_sim2real/install/easy_handeye2_msgs/lib:${LD_LIBRARY_PATH} PYTHONPATH=/home/rokae/workspace/rokae_ros2_sim2real/build/easy_handeye2/prefix_override:/usr/lib/python3/dist-packages/colcon_core/task/python/colcon_distutils_commands:/home/rokae/workspace/rokae_ros2_sim2real/install/easy_handeye2/lib/python3.10/site-packages:/home/rokae/workspace/rokae_ros2_sim2real/install/easy_handeye2_msgs/local/lib/python3.10/dist-packages:${PYTHONPATH} /usr/bin/python3 -W ignore:setup.py install is deprecated -W ignore:easy_install command is deprecated setup.py egg_info --egg-base ../../../build/easy_handeye2 build --build-base /home/rokae/workspace/rokae_ros2_sim2real/build/easy_handeye2/build install --record /home/rokae/workspace/rokae_ros2_sim2real/build/easy_handeye2/install.log --single-version-externally-managed install_data
[2.175s] running egg_info
[2.177s] writing ../../../build/easy_handeye2/easy_handeye2.egg-info/PKG-INFO
[2.178s] writing dependency_links to ../../../build/easy_handeye2/easy_handeye2.egg-info/dependency_links.txt
[2.178s] writing entry points to ../../../build/easy_handeye2/easy_handeye2.egg-info/entry_points.txt
[2.178s] writing requirements to ../../../build/easy_handeye2/easy_handeye2.egg-info/requires.txt
[2.179s] writing top-level names to ../../../build/easy_handeye2/easy_handeye2.egg-info/top_level.txt
[2.184s] reading manifest file '../../../build/easy_handeye2/easy_handeye2.egg-info/SOURCES.txt'
[2.186s] writing manifest file '../../../build/easy_handeye2/easy_handeye2.egg-info/SOURCES.txt'
[2.186s] running build
[2.186s] running build_py
[2.188s] running build_scripts
[2.189s] running install
[2.189s] running install_lib
[2.193s] running install_data
[2.194s] running install_egg_info
[2.200s] removing '/home/rokae/workspace/rokae_ros2_sim2real/install/easy_handeye2/lib/python3.10/site-packages/easy_handeye2-0.5.0-py3.10.egg-info' (and everything under it)
[2.200s] Copying ../../../build/easy_handeye2/easy_handeye2.egg-info to /home/rokae/workspace/rokae_ros2_sim2real/install/easy_handeye2/lib/python3.10/site-packages/easy_handeye2-0.5.0-py3.10.egg-info
[2.201s] running install_scripts
[2.242s] changing mode of /home/rokae/workspace/rokae_ros2_sim2real/install/easy_handeye2/lib/easy_handeye2/rqt_evaluator.py to 775
[2.242s] changing mode of /home/rokae/workspace/rokae_ros2_sim2real/install/easy_handeye2/lib/easy_handeye2/rqt_calibrator.py to 775
[2.244s] Installing handeye_calibration_commander script to /home/rokae/workspace/rokae_ros2_sim2real/install/easy_handeye2/lib/easy_handeye2
[2.245s] Installing handeye_publisher script to /home/rokae/workspace/rokae_ros2_sim2real/install/easy_handeye2/lib/easy_handeye2
[2.245s] Installing handeye_server script to /home/rokae/workspace/rokae_ros2_sim2real/install/easy_handeye2/lib/easy_handeye2
[2.245s] Installing handeye_server_robot script to /home/rokae/workspace/rokae_ros2_sim2real/install/easy_handeye2/lib/easy_handeye2
[2.246s] writing list of installed files to '/home/rokae/workspace/rokae_ros2_sim2real/build/easy_handeye2/install.log'
[2.292s] Invoked command in '/home/rokae/workspace/rokae_ros2_sim2real/src/easy_handeye2/easy_handeye2' returned '0': AMENT_PREFIX_PATH=/home/rokae/workspace/rokae_ros2_sim2real/install/easy_handeye2_msgs:${AMENT_PREFIX_PATH} CMAKE_PREFIX_PATH=/home/rokae/workspace/rokae_ros2_sim2real/install/easy_handeye2_msgs:${CMAKE_PREFIX_PATH} LD_LIBRARY_PATH=/home/rokae/workspace/rokae_ros2_sim2real/install/easy_handeye2_msgs/lib:${LD_LIBRARY_PATH} PYTHONPATH=/home/rokae/workspace/rokae_ros2_sim2real/build/easy_handeye2/prefix_override:/usr/lib/python3/dist-packages/colcon_core/task/python/colcon_distutils_commands:/home/rokae/workspace/rokae_ros2_sim2real/install/easy_handeye2/lib/python3.10/site-packages:/home/rokae/workspace/rokae_ros2_sim2real/install/easy_handeye2_msgs/local/lib/python3.10/dist-packages:${PYTHONPATH} /usr/bin/python3 -W ignore:setup.py install is deprecated -W ignore:easy_install command is deprecated setup.py egg_info --egg-base ../../../build/easy_handeye2 build --build-base /home/rokae/workspace/rokae_ros2_sim2real/build/easy_handeye2/build install --record /home/rokae/workspace/rokae_ros2_sim2real/build/easy_handeye2/install.log --single-version-externally-managed install_data
