[0.040s] Invoking command in '/home/rokae/workspace/rokae_ros2_sim2real/build/realsense2_camera': AMENT_PREFIX_PATH=/home/rokae/workspace/rokae_ros2_sim2real/install/realsense2_camera_msgs:${AMENT_PREFIX_PATH} CMAKE_PREFIX_PATH=/home/rokae/workspace/rokae_ros2_sim2real/install/realsense2_camera_msgs:/home/rokae/workspace/rokae_ros2_sim2real/install/easy_handeye2_msgs:/home/rokae/workspace/ws_moveit/install/pilz_industrial_motion_planner_testutils:/home/rokae/workspace/ws_moveit/install/moveit_runtime:/home/rokae/workspace/ws_moveit/install/moveit2_tutorials:/home/rokae/workspace/ws_moveit/install/moveit:/home/rokae/workspace/ws_moveit/install/moveit_planners:/home/rokae/workspace/ws_moveit/install/pilz_industrial_motion_planner:/home/rokae/workspace/ws_moveit/install/moveit_visual_tools:/home/rokae/workspace/ws_moveit/install/moveit_task_constructor_visualization:/home/rokae/workspace/ws_moveit/install/moveit_task_constructor_demo:/home/rokae/workspace/ws_moveit/install/moveit_task_constructor_capabilities:/home/rokae/workspace/ws_moveit/install/moveit_task_constructor_core:/home/rokae/workspace/ws_moveit/install/moveit_ros_control_interface:/home/rokae/workspace/ws_moveit/install/moveit_plugins:/home/rokae/workspace/ws_moveit/install/moveit_simple_controller_manager:/home/rokae/workspace/ws_moveit/install/moveit_setup_assistant:/home/rokae/workspace/ws_moveit/install/moveit_setup_srdf_plugins:/home/rokae/workspace/ws_moveit/install/moveit_setup_core_plugins:/home/rokae/workspace/ws_moveit/install/moveit_setup_controllers:/home/rokae/workspace/ws_moveit/install/moveit_setup_app_plugins:/home/rokae/workspace/ws_moveit/install/moveit_setup_framework:/home/rokae/workspace/ws_moveit/install/moveit_servo:/home/rokae/workspace/ws_moveit/install/moveit_ros:/home/rokae/workspace/ws_moveit/install/moveit_ros_visualization:/home/rokae/workspace/ws_moveit/install/moveit_hybrid_planning:/home/rokae/workspace/ws_moveit/install/moveit_ros_planning_interface:/home/rokae/workspace/ws_moveit/install/moveit_ros_benchmarks:/home/rokae/workspace/ws_moveit/install/moveit_ros_warehouse:/home/rokae/workspace/ws_moveit/install/moveit_ros_robot_interaction:/home/rokae/workspace/ws_moveit/install/moveit_ros_perception:/home/rokae/workspace/ws_moveit/install/moveit_resources_prbt_pg70_support:/home/rokae/workspace/ws_moveit/install/moveit_resources_prbt_moveit_config:/home/rokae/workspace/ws_moveit/install/moveit_ros_move_group:/home/rokae/workspace/ws_moveit/install/moveit_planners_ompl:/home/rokae/workspace/ws_moveit/install/moveit_ros_planning:/home/rokae/workspace/ws_moveit/install/moveit_ros_occupancy_map_monitor:/home/rokae/workspace/ws_moveit/install/moveit_resources_prbt_ikfast_manipulator_plugin:/home/rokae/workspace/ws_moveit/install/moveit_planners_chomp:/home/rokae/workspace/ws_moveit/install/moveit_kinematics:/home/rokae/workspace/ws_moveit/install/moveit_chomp_optimizer_adapter:/home/rokae/workspace/ws_moveit/install/chomp_motion_planner:/home/rokae/workspace/ws_moveit/install/moveit_core:/home/rokae/workspace/ws_moveit/install/srdfdom:/home/rokae/workspace/ws_moveit/install/rviz_marker_tools:/home/rokae/workspace/ws_moveit/install/rosparam_shortcuts:/home/rokae/workspace/ws_moveit/install/moveit_task_constructor_msgs:/home/rokae/workspace/ws_moveit/install/moveit_resources_prbt_support:/home/rokae/workspace/ws_moveit/install/moveit_resources:/home/rokae/workspace/ws_moveit/install/moveit_resources_pr2_description:/home/rokae/workspace/ws_moveit/install/moveit_resources_panda_moveit_config:/home/rokae/workspace/ws_moveit/install/moveit_resources_panda_description:/home/rokae/workspace/ws_moveit/install/moveit_resources_fanuc_moveit_config:/home/rokae/workspace/ws_moveit/install/moveit_resources_fanuc_description:/home/rokae/workspace/ws_moveit/install/moveit_common:/home/rokae/workspace/moveit_test/install/test_3:/home/rokae/workspace/moveit_test/install/test_2:/home/rokae/workspace/moveit_test/install/test_1:/home/rokae/workspace/moveit_test/install/study:/home/rokae/workspace/moveit_test/install/panda_configure:/home/rokae/workspace/moveit_test/install/moveit_study:/home/rokae/workspace/moveit_test/install/maduo_moveit:/home/rokae/workspace/moveit_test/install/hello_moveit:/home/rokae/workspace/moveit_test/install/hanjie_moveit:/home/rokae/workspace/moveit_test/install/moveit_visual_tools:/home/rokae/workspace/moveit_test/install/moveit_resources_panda_description:/home/rokae/workspace/moveit_test/install/hanjie_configure:/home/rokae/workspace/moveit_test/install/hanjie_model:/home/rokae/workspace/moveit_test/install/hand_test:/home/rokae/workspace/moveit_test/install/hand_configure:/home/rokae/workspace/moveit_test/install/g_maduo_configure:/home/rokae/workspace/moveit_test/install/g_fenjian_configure:/home/rokae/workspace/moveit_test/install/Disort_configure:/home/rokae/workspace/moveit_test/install/g_maduo_model:/home/rokae/workspace/moveit_test/install/g_fenjian_model:/home/rokae/workspace/moveit_test/install/fake_hand_configure:/home/rokae/workspace/moveit_test/install/er7pro_hand:/home/rokae/workspace/moveit_test/install/erp7_model:/home/rokae/workspace/moveit_test/install/arm_with_hand_configure:/home/rokae/workspace/moveit_test/install/arm_hand_configure:/home/rokae/workspace/moveit_test/install/arm_with_hand:/home/rokae/workspace/moveit_test/install/arm_gripper_configure:/home/rokae/workspace/moveit_test/install/arm_with_gripper:/home/rokae/workspace/moveit_test/install/arm_configure:/home/rokae/workspace/moveit_test/install/arm:/home/rokae/workspace/moveit_test/install/allegro_hand_model:/home/rokae/workspace/rokae_ros2_sim2real/install/easy_handeye2_demo:/home/rokae/workspace/rokae_ros2_sim2real/install/easy_handeye2:/home/rokae/workspace/ws_moveit/install/moveit_configs_utils:/home/rokae/workspace/ws_moveit/install/launch_param_builder:/opt/ros/humble LD_LIBRARY_PATH=/home/rokae/workspace/rokae_ros2_sim2real/install/realsense2_camera_msgs/lib:${LD_LIBRARY_PATH} PYTHONPATH=/home/rokae/workspace/rokae_ros2_sim2real/install/realsense2_camera_msgs/local/lib/python3.10/dist-packages:${PYTHONPATH} /usr/bin/cmake /home/rokae/workspace/rokae_ros2_sim2real/src/realsense-ros/realsense2_camera -DCMAKE_INSTALL_PREFIX=/home/rokae/workspace/rokae_ros2_sim2real/install/realsense2_camera
[0.184s] -- The C compiler identification is GNU 11.4.0
[0.310s] -- The CXX compiler identification is GNU 11.4.0
[0.328s] -- Detecting C compiler ABI info
[0.501s] -- Detecting C compiler ABI info - done
[0.517s] -- Check for working C compiler: /usr/bin/cc - skipped
[0.518s] -- Detecting C compile features
[0.519s] -- Detecting C compile features - done
[0.525s] -- Detecting CXX compiler ABI info
[0.723s] -- Detecting CXX compiler ABI info - done
[0.740s] -- Check for working CXX compiler: /usr/bin/c++ - skipped
[0.741s] -- Detecting CXX compile features
[0.742s] -- Detecting CXX compile features - done
[0.743s] -- Create Release Build.
[0.759s] -- Found ament_cmake: 1.3.11 (/opt/ros/humble/share/ament_cmake/cmake)
[1.166s] -- Found Python3: /usr/bin/python3 (found version "3.10.12") found components: Interpreter 
[1.555s] -- Found builtin_interfaces: 1.2.1 (/opt/ros/humble/share/builtin_interfaces/cmake)
[1.727s] -- Found rosidl_generator_c: 3.1.6 (/opt/ros/humble/share/rosidl_generator_c/cmake)
[1.763s] -- Found rosidl_adapter: 3.1.6 (/opt/ros/humble/share/rosidl_adapter/cmake)
[1.806s] -- Found rosidl_generator_cpp: 3.1.6 (/opt/ros/humble/share/rosidl_generator_cpp/cmake)
[1.866s] -- Using all available rosidl_typesupport_c: rosidl_typesupport_fastrtps_c;rosidl_typesupport_introspection_c
[1.949s] -- Using all available rosidl_typesupport_cpp: rosidl_typesupport_fastrtps_cpp;rosidl_typesupport_introspection_cpp
[2.028s] -- Found cv_bridge: 3.2.1 (/opt/ros/humble/share/cv_bridge/cmake)
[2.216s] -- Found image_transport: 3.1.10 (/opt/ros/humble/share/image_transport/cmake)
[2.460s] -- Found rmw_implementation_cmake: 6.1.2 (/opt/ros/humble/share/rmw_implementation_cmake/cmake)
[2.487s] -- Found rmw_fastrtps_cpp: 6.2.7 (/opt/ros/humble/share/rmw_fastrtps_cpp/cmake)
[2.823s] -- Found OpenSSL: /usr/lib/x86_64-linux-gnu/libcrypto.so (found version "3.0.2")  
[2.908s] -- Found FastRTPS: /opt/ros/humble/include  
[3.036s] -- Using RMW implementation 'rmw_fastrtps_cpp' as default
[3.091s] -- Looking for pthread.h
[3.277s] -- Looking for pthread.h - found
[3.278s] -- Performing Test CMAKE_HAVE_LIBC_PTHREAD
[3.458s] -- Performing Test CMAKE_HAVE_LIBC_PTHREAD - Success
[3.461s] -- Found Threads: TRUE  
[3.722s] -- Found rclcpp_action: 16.0.11 (/opt/ros/humble/share/rclcpp_action/cmake)
[3.850s] -- Found rclcpp_components: 16.0.11 (/opt/ros/humble/share/rclcpp_components/cmake)
[3.901s] -- Found realsense2_camera_msgs: 4.56.4 (/home/rokae/workspace/rokae_ros2_sim2real/install/realsense2_camera_msgs/share/realsense2_camera_msgs/cmake)
[3.965s] -- Found std_srvs: 4.2.4 (/opt/ros/humble/share/std_srvs/cmake)
[4.028s] -- Found nav_msgs: 4.2.4 (/opt/ros/humble/share/nav_msgs/cmake)
[4.093s] -- Found tf2_ros: 0.25.12 (/opt/ros/humble/share/tf2_ros/cmake)
[4.223s] [31mCMake Error at CMakeLists.txt:121 (find_package):
[4.223s]   By not providing "Finddiagnostic_updater.cmake" in CMAKE_MODULE_PATH this
[4.223s]   project has asked CMake to find a package configuration file provided by
[4.224s]   "diagnostic_updater", but CMake did not find one.
[4.224s] 
[4.224s]   Could not find a package configuration file provided by
[4.224s]   "diagnostic_updater" with any of the following names:
[4.224s] 
[4.224s]     diagnostic_updaterConfig.cmake
[4.225s]     diagnostic_updater-config.cmake
[4.225s] 
[4.225s]   Add the installation prefix of "diagnostic_updater" to CMAKE_PREFIX_PATH or
[4.225s]   set "diagnostic_updater_DIR" to a directory containing one of the above
[4.225s]   files.  If "diagnostic_updater" provides a separate development package or
[4.225s]   SDK, be sure it has been installed.
[4.226s] 
[4.226s] [0m
[4.226s] -- Configuring incomplete, errors occurred!
[4.226s] See also "/home/rokae/workspace/rokae_ros2_sim2real/build/realsense2_camera/CMakeFiles/CMakeOutput.log".
[4.242s] Invoked command in '/home/rokae/workspace/rokae_ros2_sim2real/build/realsense2_camera' returned '1': AMENT_PREFIX_PATH=/home/rokae/workspace/rokae_ros2_sim2real/install/realsense2_camera_msgs:${AMENT_PREFIX_PATH} CMAKE_PREFIX_PATH=/home/rokae/workspace/rokae_ros2_sim2real/install/realsense2_camera_msgs:/home/rokae/workspace/rokae_ros2_sim2real/install/easy_handeye2_msgs:/home/rokae/workspace/ws_moveit/install/pilz_industrial_motion_planner_testutils:/home/rokae/workspace/ws_moveit/install/moveit_runtime:/home/rokae/workspace/ws_moveit/install/moveit2_tutorials:/home/rokae/workspace/ws_moveit/install/moveit:/home/rokae/workspace/ws_moveit/install/moveit_planners:/home/rokae/workspace/ws_moveit/install/pilz_industrial_motion_planner:/home/rokae/workspace/ws_moveit/install/moveit_visual_tools:/home/rokae/workspace/ws_moveit/install/moveit_task_constructor_visualization:/home/rokae/workspace/ws_moveit/install/moveit_task_constructor_demo:/home/rokae/workspace/ws_moveit/install/moveit_task_constructor_capabilities:/home/rokae/workspace/ws_moveit/install/moveit_task_constructor_core:/home/rokae/workspace/ws_moveit/install/moveit_ros_control_interface:/home/rokae/workspace/ws_moveit/install/moveit_plugins:/home/rokae/workspace/ws_moveit/install/moveit_simple_controller_manager:/home/rokae/workspace/ws_moveit/install/moveit_setup_assistant:/home/rokae/workspace/ws_moveit/install/moveit_setup_srdf_plugins:/home/rokae/workspace/ws_moveit/install/moveit_setup_core_plugins:/home/rokae/workspace/ws_moveit/install/moveit_setup_controllers:/home/rokae/workspace/ws_moveit/install/moveit_setup_app_plugins:/home/rokae/workspace/ws_moveit/install/moveit_setup_framework:/home/rokae/workspace/ws_moveit/install/moveit_servo:/home/rokae/workspace/ws_moveit/install/moveit_ros:/home/rokae/workspace/ws_moveit/install/moveit_ros_visualization:/home/rokae/workspace/ws_moveit/install/moveit_hybrid_planning:/home/rokae/workspace/ws_moveit/install/moveit_ros_planning_interface:/home/rokae/workspace/ws_moveit/install/moveit_ros_benchmarks:/home/rokae/workspace/ws_moveit/install/moveit_ros_warehouse:/home/rokae/workspace/ws_moveit/install/moveit_ros_robot_interaction:/home/rokae/workspace/ws_moveit/install/moveit_ros_perception:/home/rokae/workspace/ws_moveit/install/moveit_resources_prbt_pg70_support:/home/rokae/workspace/ws_moveit/install/moveit_resources_prbt_moveit_config:/home/rokae/workspace/ws_moveit/install/moveit_ros_move_group:/home/rokae/workspace/ws_moveit/install/moveit_planners_ompl:/home/rokae/workspace/ws_moveit/install/moveit_ros_planning:/home/rokae/workspace/ws_moveit/install/moveit_ros_occupancy_map_monitor:/home/rokae/workspace/ws_moveit/install/moveit_resources_prbt_ikfast_manipulator_plugin:/home/rokae/workspace/ws_moveit/install/moveit_planners_chomp:/home/rokae/workspace/ws_moveit/install/moveit_kinematics:/home/rokae/workspace/ws_moveit/install/moveit_chomp_optimizer_adapter:/home/rokae/workspace/ws_moveit/install/chomp_motion_planner:/home/rokae/workspace/ws_moveit/install/moveit_core:/home/rokae/workspace/ws_moveit/install/srdfdom:/home/rokae/workspace/ws_moveit/install/rviz_marker_tools:/home/rokae/workspace/ws_moveit/install/rosparam_shortcuts:/home/rokae/workspace/ws_moveit/install/moveit_task_constructor_msgs:/home/rokae/workspace/ws_moveit/install/moveit_resources_prbt_support:/home/rokae/workspace/ws_moveit/install/moveit_resources:/home/rokae/workspace/ws_moveit/install/moveit_resources_pr2_description:/home/rokae/workspace/ws_moveit/install/moveit_resources_panda_moveit_config:/home/rokae/workspace/ws_moveit/install/moveit_resources_panda_description:/home/rokae/workspace/ws_moveit/install/moveit_resources_fanuc_moveit_config:/home/rokae/workspace/ws_moveit/install/moveit_resources_fanuc_description:/home/rokae/workspace/ws_moveit/install/moveit_common:/home/rokae/workspace/moveit_test/install/test_3:/home/rokae/workspace/moveit_test/install/test_2:/home/rokae/workspace/moveit_test/install/test_1:/home/rokae/workspace/moveit_test/install/study:/home/rokae/workspace/moveit_test/install/panda_configure:/home/rokae/workspace/moveit_test/install/moveit_study:/home/rokae/workspace/moveit_test/install/maduo_moveit:/home/rokae/workspace/moveit_test/install/hello_moveit:/home/rokae/workspace/moveit_test/install/hanjie_moveit:/home/rokae/workspace/moveit_test/install/moveit_visual_tools:/home/rokae/workspace/moveit_test/install/moveit_resources_panda_description:/home/rokae/workspace/moveit_test/install/hanjie_configure:/home/rokae/workspace/moveit_test/install/hanjie_model:/home/rokae/workspace/moveit_test/install/hand_test:/home/rokae/workspace/moveit_test/install/hand_configure:/home/rokae/workspace/moveit_test/install/g_maduo_configure:/home/rokae/workspace/moveit_test/install/g_fenjian_configure:/home/rokae/workspace/moveit_test/install/Disort_configure:/home/rokae/workspace/moveit_test/install/g_maduo_model:/home/rokae/workspace/moveit_test/install/g_fenjian_model:/home/rokae/workspace/moveit_test/install/fake_hand_configure:/home/rokae/workspace/moveit_test/install/er7pro_hand:/home/rokae/workspace/moveit_test/install/erp7_model:/home/rokae/workspace/moveit_test/install/arm_with_hand_configure:/home/rokae/workspace/moveit_test/install/arm_hand_configure:/home/rokae/workspace/moveit_test/install/arm_with_hand:/home/rokae/workspace/moveit_test/install/arm_gripper_configure:/home/rokae/workspace/moveit_test/install/arm_with_gripper:/home/rokae/workspace/moveit_test/install/arm_configure:/home/rokae/workspace/moveit_test/install/arm:/home/rokae/workspace/moveit_test/install/allegro_hand_model:/home/rokae/workspace/rokae_ros2_sim2real/install/easy_handeye2_demo:/home/rokae/workspace/rokae_ros2_sim2real/install/easy_handeye2:/home/rokae/workspace/ws_moveit/install/moveit_configs_utils:/home/rokae/workspace/ws_moveit/install/launch_param_builder:/opt/ros/humble LD_LIBRARY_PATH=/home/rokae/workspace/rokae_ros2_sim2real/install/realsense2_camera_msgs/lib:${LD_LIBRARY_PATH} PYTHONPATH=/home/rokae/workspace/rokae_ros2_sim2real/install/realsense2_camera_msgs/local/lib/python3.10/dist-packages:${PYTHONPATH} /usr/bin/cmake /home/rokae/workspace/rokae_ros2_sim2real/src/realsense-ros/realsense2_camera -DCMAKE_INSTALL_PREFIX=/home/rokae/workspace/rokae_ros2_sim2real/install/realsense2_camera
