[0.078s] Invoking command in '/home/rokae/workspace/rokae_ros2_sim2real/build/rokae_driver': CMAKE_PREFIX_PATH=${CMAKE_PREFIX_PATH}:/home/rokae/workspace/ws_moveit/install/moveit_configs_utils:/home/rokae/workspace/ws_moveit/install/launch_param_builder:/opt/ros/humble /usr/bin/cmake --build /home/rokae/workspace/rokae_ros2_sim2real/build/rokae_driver -- -j32 -l32
[0.272s] [  3%] [34m[1mAutomatic MOC and UIC for target read_force[0m
[0.272s] [  7%] [34m[1mAutomatic MOC and UIC for target move_example[0m
[0.276s] [ 10%] [34m[1mAutomatic MOC and UIC for target My_joint_publisher_gui[0m
[0.277s] [ 14%] [34m[1mAutomatic MOC and UIC for target sdk_example[0m
[0.278s] [ 17%] [34m[1mAutomatic MOC and UIC for target driver_pentu[0m
[0.280s] [ 21%] [34m[1mAutomatic MOC and UIC for target read_robot_state[0m
[0.283s] [ 25%] [34m[1mAutomatic MOC and UIC for target rokae_controller[0m
[0.342s] [ 25%] Built target read_force_autogen
[0.342s] [ 25%] Built target My_joint_publisher_gui_autogen
[0.343s] [ 25%] Built target sdk_example_autogen
[0.347s] [ 25%] Built target move_example_autogen
[0.348s] [ 25%] Built target driver_pentu_autogen
[0.349s] [ 25%] Built target read_robot_state_autogen
[0.351s] [ 25%] Built target rokae_controller_autogen
[0.426s] [ 35%] Built target sdk_example
[0.428s] [ 46%] Built target move_example
[0.434s] [ 57%] Built target read_robot_state
[0.466s] [ 67%] Built target driver_pentu
[0.469s] [ 82%] Built target rokae_controller
[0.470s] [ 89%] Built target read_force
[0.471s] [100%] Built target My_joint_publisher_gui
[0.500s] Invoked command in '/home/rokae/workspace/rokae_ros2_sim2real/build/rokae_driver' returned '0': CMAKE_PREFIX_PATH=${CMAKE_PREFIX_PATH}:/home/rokae/workspace/ws_moveit/install/moveit_configs_utils:/home/rokae/workspace/ws_moveit/install/launch_param_builder:/opt/ros/humble /usr/bin/cmake --build /home/rokae/workspace/rokae_ros2_sim2real/build/rokae_driver -- -j32 -l32
[0.515s] Invoking command in '/home/rokae/workspace/rokae_ros2_sim2real/build/rokae_driver': CMAKE_PREFIX_PATH=${CMAKE_PREFIX_PATH}:/home/rokae/workspace/ws_moveit/install/moveit_configs_utils:/home/rokae/workspace/ws_moveit/install/launch_param_builder:/opt/ros/humble /usr/bin/cmake --install /home/rokae/workspace/rokae_ros2_sim2real/build/rokae_driver
[0.539s] -- Install configuration: "Release"
[0.554s] -- Up-to-date: /home/rokae/workspace/rokae_ros2_sim2real/install/rokae_driver/lib/rokae_driver/My_joint_publisher_gui
[0.557s] -- Up-to-date: /home/rokae/workspace/rokae_ros2_sim2real/install/rokae_driver/lib/rokae_driver/driver_pentu
[0.585s] -- Up-to-date: /home/rokae/workspace/rokae_ros2_sim2real/install/rokae_driver/lib/rokae_driver/move_example
[0.587s] -- Up-to-date: /home/rokae/workspace/rokae_ros2_sim2real/install/rokae_driver/lib/rokae_driver/read_force
[0.608s] -- Up-to-date: /home/rokae/workspace/rokae_ros2_sim2real/install/rokae_driver/lib/rokae_driver/read_robot_state
[0.619s] -- Up-to-date: /home/rokae/workspace/rokae_ros2_sim2real/install/rokae_driver/lib/rokae_driver/rokae_controller
[0.625s] -- Up-to-date: /home/rokae/workspace/rokae_ros2_sim2real/install/rokae_driver/lib/rokae_driver/sdk_example
[0.625s] -- Up-to-date: /home/rokae/workspace/rokae_ros2_sim2real/install/rokae_driver/share/ament_index/resource_index/package_run_dependencies/rokae_driver
[0.625s] -- Up-to-date: /home/rokae/workspace/rokae_ros2_sim2real/install/rokae_driver/share/ament_index/resource_index/parent_prefix_path/rokae_driver
[0.626s] -- Up-to-date: /home/rokae/workspace/rokae_ros2_sim2real/install/rokae_driver/share/rokae_driver/environment/ament_prefix_path.sh
[0.626s] -- Up-to-date: /home/rokae/workspace/rokae_ros2_sim2real/install/rokae_driver/share/rokae_driver/environment/ament_prefix_path.dsv
[0.626s] -- Up-to-date: /home/rokae/workspace/rokae_ros2_sim2real/install/rokae_driver/share/rokae_driver/environment/path.sh
[0.626s] -- Up-to-date: /home/rokae/workspace/rokae_ros2_sim2real/install/rokae_driver/share/rokae_driver/environment/path.dsv
[0.627s] -- Up-to-date: /home/rokae/workspace/rokae_ros2_sim2real/install/rokae_driver/share/rokae_driver/local_setup.bash
[0.627s] -- Up-to-date: /home/rokae/workspace/rokae_ros2_sim2real/install/rokae_driver/share/rokae_driver/local_setup.sh
[0.627s] -- Up-to-date: /home/rokae/workspace/rokae_ros2_sim2real/install/rokae_driver/share/rokae_driver/local_setup.zsh
[0.627s] -- Up-to-date: /home/rokae/workspace/rokae_ros2_sim2real/install/rokae_driver/share/rokae_driver/local_setup.dsv
[0.628s] -- Installing: /home/rokae/workspace/rokae_ros2_sim2real/install/rokae_driver/share/rokae_driver/package.dsv
[0.628s] -- Up-to-date: /home/rokae/workspace/rokae_ros2_sim2real/install/rokae_driver/share/ament_index/resource_index/packages/rokae_driver
[0.628s] -- Up-to-date: /home/rokae/workspace/rokae_ros2_sim2real/install/rokae_driver/share/rokae_driver/cmake/rokae_driverConfig.cmake
[0.628s] -- Up-to-date: /home/rokae/workspace/rokae_ros2_sim2real/install/rokae_driver/share/rokae_driver/cmake/rokae_driverConfig-version.cmake
[0.628s] -- Up-to-date: /home/rokae/workspace/rokae_ros2_sim2real/install/rokae_driver/share/rokae_driver/package.xml
[0.632s] Invoked command in '/home/rokae/workspace/rokae_ros2_sim2real/build/rokae_driver' returned '0': CMAKE_PREFIX_PATH=${CMAKE_PREFIX_PATH}:/home/rokae/workspace/ws_moveit/install/moveit_configs_utils:/home/rokae/workspace/ws_moveit/install/launch_param_builder:/opt/ros/humble /usr/bin/cmake --install /home/rokae/workspace/rokae_ros2_sim2real/build/rokae_driver
