[0.085s] Invoking command in '/home/rokae/workspace/rokae_ros2_sim2real/build/robot_udp_bridge': CMAKE_PREFIX_PATH=${CMAKE_PREFIX_PATH}:/home/rokae/workspace/ws_moveit/install/moveit_configs_utils:/home/rokae/workspace/ws_moveit/install/launch_param_builder:/opt/ros/humble /usr/bin/cmake /home/rokae/workspace/rokae_ros2_sim2real/src/robot_communication/rokae_udp_bridge -DCMAKE_INSTALL_PREFIX=/home/rokae/workspace/rokae_ros2_sim2real/install/robot_udp_bridge
[0.446s] -- The C compiler identification is GNU 11.4.0
[1.228s] -- The CXX compiler identification is GNU 11.4.0
[1.251s] -- Detecting C compiler ABI info
[1.418s] -- Detecting C compiler ABI info - done
[1.434s] -- Check for working C compiler: /usr/bin/cc - skipped
[1.435s] -- Detecting C compile features
[1.438s] -- Detecting C compile features - done
[1.443s] -- Detecting CXX compiler ABI info
[1.701s] -- Detecting CXX compiler ABI info - done
[1.718s] -- Check for working CXX compiler: /usr/bin/c++ - skipped
[1.718s] -- Detecting CXX compile features
[1.719s] -- Detecting CXX compile features - done
[1.740s] -- Found ament_cmake: 1.3.11 (/opt/ros/humble/share/ament_cmake/cmake)
[2.133s] -- Found Python3: /usr/bin/python3 (found version "3.10.12") found components: Interpreter 
[2.629s] -- Found rclcpp: 16.0.11 (/opt/ros/humble/share/rclcpp/cmake)
[2.974s] -- Found rosidl_generator_c: 3.1.6 (/opt/ros/humble/share/rosidl_generator_c/cmake)
[3.023s] -- Found rosidl_adapter: 3.1.6 (/opt/ros/humble/share/rosidl_adapter/cmake)
[3.092s] -- Found rosidl_generator_cpp: 3.1.6 (/opt/ros/humble/share/rosidl_generator_cpp/cmake)
[3.196s] -- Using all available rosidl_typesupport_c: rosidl_typesupport_fastrtps_c;rosidl_typesupport_introspection_c
[3.307s] -- Using all available rosidl_typesupport_cpp: rosidl_typesupport_fastrtps_cpp;rosidl_typesupport_introspection_cpp
[3.619s] -- Found rmw_implementation_cmake: 6.1.2 (/opt/ros/humble/share/rmw_implementation_cmake/cmake)
[3.649s] -- Found rmw_fastrtps_cpp: 6.2.7 (/opt/ros/humble/share/rmw_fastrtps_cpp/cmake)
[4.023s] -- Found OpenSSL: /usr/lib/x86_64-linux-gnu/libcrypto.so (found version "3.0.2")  
[4.112s] -- Found FastRTPS: /opt/ros/humble/include  
[4.237s] -- Using RMW implementation 'rmw_fastrtps_cpp' as default
[4.299s] -- Looking for pthread.h
[4.482s] -- Looking for pthread.h - found
[4.483s] -- Performing Test CMAKE_HAVE_LIBC_PTHREAD
[4.662s] -- Performing Test CMAKE_HAVE_LIBC_PTHREAD - Success
[4.665s] -- Found Threads: TRUE  
[4.914s] -- Found sensor_msgs: 4.2.4 (/opt/ros/humble/share/sensor_msgs/cmake)
[5.039s] -- Found control_msgs: 4.7.0 (/opt/ros/humble/share/control_msgs/cmake)
[5.446s] [31mCMake Error at /opt/ros/humble/share/ament_cmake_core/cmake/core/ament_package_xml.cmake:53 (message):
[5.446s]   ament_package_xml() package name 'robot_udp_bridge' in '/package.xml' does
[5.446s]   not match current PROJECT_NAME 'rokae_udp_bridge'.  You must call project()
[5.446s]   with the same package name before.
[5.447s] Call Stack (most recent call first):
[5.447s]   /opt/ros/humble/share/ament_cmake_core/cmake/core/ament_package.cmake:63 (ament_package_xml)
[5.447s]   CMakeLists.txt:34 (ament_package)
[5.447s] 
[5.447s] [0m
[5.447s] -- Configuring incomplete, errors occurred!
[5.448s] See also "/home/rokae/workspace/rokae_ros2_sim2real/build/robot_udp_bridge/CMakeFiles/CMakeOutput.log".
[5.464s] Invoked command in '/home/rokae/workspace/rokae_ros2_sim2real/build/robot_udp_bridge' returned '1': CMAKE_PREFIX_PATH=${CMAKE_PREFIX_PATH}:/home/rokae/workspace/ws_moveit/install/moveit_configs_utils:/home/rokae/workspace/ws_moveit/install/launch_param_builder:/opt/ros/humble /usr/bin/cmake /home/rokae/workspace/rokae_ros2_sim2real/src/robot_communication/rokae_udp_bridge -DCMAKE_INSTALL_PREFIX=/home/rokae/workspace/rokae_ros2_sim2real/install/robot_udp_bridge
