[1.221s] Invoking command in '/home/rokae/workspace/rokae_ros2_sim2real/src/easy_handeye2/easy_handeye2': PYTHONPATH=/home/rokae/workspace/rokae_ros2_sim2real/build/easy_handeye2/prefix_override:/usr/lib/python3/dist-packages/colcon_core/task/python/colcon_distutils_commands:/home/rokae/workspace/rokae_ros2_sim2real/install/easy_handeye2/lib/python3.10/site-packages:${PYTHONPATH} /usr/bin/python3 -W ignore:setup.py install is deprecated -W ignore:easy_install command is deprecated setup.py egg_info --egg-base ../../../build/easy_handeye2 build --build-base /home/rokae/workspace/rokae_ros2_sim2real/build/easy_handeye2/build install --record /home/rokae/workspace/rokae_ros2_sim2real/build/easy_handeye2/install.log --single-version-externally-managed install_data
[1.665s] running egg_info
[1.666s] writing ../../../build/easy_handeye2/easy_handeye2.egg-info/PKG-INFO
[1.667s] writing dependency_links to ../../../build/easy_handeye2/easy_handeye2.egg-info/dependency_links.txt
[1.667s] writing entry points to ../../../build/easy_handeye2/easy_handeye2.egg-info/entry_points.txt
[1.667s] writing requirements to ../../../build/easy_handeye2/easy_handeye2.egg-info/requires.txt
[1.667s] writing top-level names to ../../../build/easy_handeye2/easy_handeye2.egg-info/top_level.txt
[1.672s] reading manifest file '../../../build/easy_handeye2/easy_handeye2.egg-info/SOURCES.txt'
[1.674s] writing manifest file '../../../build/easy_handeye2/easy_handeye2.egg-info/SOURCES.txt'
[1.674s] running build
[1.674s] running build_py
[1.675s] running build_scripts
[1.676s] running install
[1.676s] running install_lib
[1.679s] running install_data
[1.680s] running install_egg_info
[1.684s] removing '/home/rokae/workspace/rokae_ros2_sim2real/install/easy_handeye2/lib/python3.10/site-packages/easy_handeye2-0.5.0-py3.10.egg-info' (and everything under it)
[1.685s] Copying ../../../build/easy_handeye2/easy_handeye2.egg-info to /home/rokae/workspace/rokae_ros2_sim2real/install/easy_handeye2/lib/python3.10/site-packages/easy_handeye2-0.5.0-py3.10.egg-info
[1.686s] running install_scripts
[1.723s] changing mode of /home/rokae/workspace/rokae_ros2_sim2real/install/easy_handeye2/lib/easy_handeye2/rqt_evaluator.py to 775
[1.724s] changing mode of /home/rokae/workspace/rokae_ros2_sim2real/install/easy_handeye2/lib/easy_handeye2/rqt_calibrator.py to 775
[1.725s] Installing handeye_calibration_commander script to /home/rokae/workspace/rokae_ros2_sim2real/install/easy_handeye2/lib/easy_handeye2
[1.726s] Installing handeye_publisher script to /home/rokae/workspace/rokae_ros2_sim2real/install/easy_handeye2/lib/easy_handeye2
[1.726s] Installing handeye_server script to /home/rokae/workspace/rokae_ros2_sim2real/install/easy_handeye2/lib/easy_handeye2
[1.726s] Installing handeye_server_robot script to /home/rokae/workspace/rokae_ros2_sim2real/install/easy_handeye2/lib/easy_handeye2
[1.727s] writing list of installed files to '/home/rokae/workspace/rokae_ros2_sim2real/build/easy_handeye2/install.log'
[1.767s] Invoked command in '/home/rokae/workspace/rokae_ros2_sim2real/src/easy_handeye2/easy_handeye2' returned '0': PYTHONPATH=/home/rokae/workspace/rokae_ros2_sim2real/build/easy_handeye2/prefix_override:/usr/lib/python3/dist-packages/colcon_core/task/python/colcon_distutils_commands:/home/rokae/workspace/rokae_ros2_sim2real/install/easy_handeye2/lib/python3.10/site-packages:${PYTHONPATH} /usr/bin/python3 -W ignore:setup.py install is deprecated -W ignore:easy_install command is deprecated setup.py egg_info --egg-base ../../../build/easy_handeye2 build --build-base /home/rokae/workspace/rokae_ros2_sim2real/build/easy_handeye2/build install --record /home/rokae/workspace/rokae_ros2_sim2real/build/easy_handeye2/install.log --single-version-externally-managed install_data
