[  1%] Built target realsense2_camera_msgs__cpp
[ 12%] Built target realsense2_camera_msgs__rosidl_generator_c
[ 12%] Built target ament_cmake_python_copy_realsense2_camera_msgs
[ 24%] Built target realsense2_camera_msgs__rosidl_typesupport_cpp
[ 35%] Built target realsense2_camera_msgs__rosidl_typesupport_c
[ 47%] Built target realsense2_camera_msgs__rosidl_typesupport_fastrtps_cpp
[ 58%] Built target realsense2_camera_msgs__rosidl_typesupport_fastrtps_c
[ 70%] Built target realsense2_camera_msgs__rosidl_typesupport_introspection_c
[ 81%] Built target realsense2_camera_msgs__rosidl_typesupport_introspection_cpp
[ 81%] Built target realsense2_camera_msgs
[ 82%] Built target realsense2_camera_msgs__py
[ 93%] Built target realsense2_camera_msgs__rosidl_generator_py
[ 95%] Built target realsense2_camera_msgs__rosidl_typesupport_fastrtps_c__pyext
[ 97%] Built target realsense2_camera_msgs__rosidl_typesupport_introspection_c__pyext
[100%] Built target realsense2_camera_msgs__rosidl_typesupport_c__pyext
running egg_info
writing realsense2_camera_msgs.egg-info/PKG-INFO
writing dependency_links to realsense2_camera_msgs.egg-info/dependency_links.txt
writing top-level names to realsense2_camera_msgs.egg-info/top_level.txt
reading manifest file 'realsense2_camera_msgs.egg-info/SOURCES.txt'
writing manifest file 'realsense2_camera_msgs.egg-info/SOURCES.txt'
[100%] Built target ament_cmake_python_build_realsense2_camera_msgs_egg
