[0.095s] Invoking command in '/home/rokae/workspace/rokae_ros2_sim2real/build/realsense2_camera_msgs': CMAKE_PREFIX_PATH=${CMAKE_PREFIX_PATH}:/home/rokae/workspace/ws_moveit/install/moveit_configs_utils:/home/rokae/workspace/ws_moveit/install/launch_param_builder:/opt/ros/humble /usr/bin/cmake --build /home/rokae/workspace/rokae_ros2_sim2real/build/realsense2_camera_msgs -- -j32 -l32
[0.292s] [  1%] Built target realsense2_camera_msgs__cpp
[0.294s] [ 12%] Built target realsense2_camera_msgs__rosidl_generator_c
[0.318s] [ 12%] Built target ament_cmake_python_copy_realsense2_camera_msgs
[0.376s] [ 24%] Built target realsense2_camera_msgs__rosidl_typesupport_cpp
[0.384s] [ 35%] Built target realsense2_camera_msgs__rosidl_typesupport_c
[0.392s] [ 47%] Built target realsense2_camera_msgs__rosidl_typesupport_fastrtps_cpp
[0.392s] [ 58%] Built target realsense2_camera_msgs__rosidl_typesupport_fastrtps_c
[0.406s] [ 70%] Built target realsense2_camera_msgs__rosidl_typesupport_introspection_c
[0.407s] [ 81%] Built target realsense2_camera_msgs__rosidl_typesupport_introspection_cpp
[0.458s] [ 81%] Built target realsense2_camera_msgs
[0.525s] [ 82%] Built target realsense2_camera_msgs__py
[0.594s] [ 93%] Built target realsense2_camera_msgs__rosidl_generator_py
[0.661s] [ 95%] Built target realsense2_camera_msgs__rosidl_typesupport_fastrtps_c__pyext
[0.661s] [ 97%] Built target realsense2_camera_msgs__rosidl_typesupport_introspection_c__pyext
[0.665s] [100%] Built target realsense2_camera_msgs__rosidl_typesupport_c__pyext
[0.843s] running egg_info
[0.845s] writing realsense2_camera_msgs.egg-info/PKG-INFO
[0.845s] writing dependency_links to realsense2_camera_msgs.egg-info/dependency_links.txt
[0.845s] writing top-level names to realsense2_camera_msgs.egg-info/top_level.txt
[0.851s] reading manifest file 'realsense2_camera_msgs.egg-info/SOURCES.txt'
[0.853s] writing manifest file 'realsense2_camera_msgs.egg-info/SOURCES.txt'
[0.914s] [100%] Built target ament_cmake_python_build_realsense2_camera_msgs_egg
