[0.124s] Invoking command in '/home/rokae/workspace/rokae_ros2_sim2real/build/easy_handeye2_msgs': CMAKE_PREFIX_PATH=${CMAKE_PREFIX_PATH}:/home/rokae/workspace/rokae_ros2_sim2real/install/easy_handeye2_demo:/home/rokae/workspace/rokae_ros2_sim2real/install/easy_handeye2:/home/rokae/workspace/ws_moveit/install/moveit_configs_utils:/home/rokae/workspace/ws_moveit/install/launch_param_builder:/opt/ros/humble /usr/bin/cmake --build /home/rokae/workspace/rokae_ros2_sim2real/build/easy_handeye2_msgs -- -j32 -l32
[0.365s] [  0%] Built target easy_handeye2_msgs__cpp
[0.411s] [ 12%] Built target easy_handeye2_msgs__rosidl_generator_c
[0.470s] [ 12%] Built target ament_cmake_python_copy_easy_handeye2_msgs
[0.483s] [ 24%] Built target easy_handeye2_msgs__rosidl_typesupport_cpp
[0.493s] [ 36%] Built target easy_handeye2_msgs__rosidl_typesupport_introspection_cpp
[0.497s] [ 48%] Built target easy_handeye2_msgs__rosidl_typesupport_fastrtps_cpp
[0.509s] [ 60%] Built target easy_handeye2_msgs__rosidl_typesupport_c
[0.512s] [ 72%] Built target easy_handeye2_msgs__rosidl_typesupport_introspection_c
[0.518s] [ 84%] Built target easy_handeye2_msgs__rosidl_typesupport_fastrtps_c
[0.576s] [ 84%] Built target easy_handeye2_msgs
[0.640s] [ 85%] Built target easy_handeye2_msgs__py
[0.723s] [ 96%] Built target easy_handeye2_msgs__rosidl_generator_py
[0.796s] [ 97%] Built target easy_handeye2_msgs__rosidl_typesupport_fastrtps_c__pyext
[0.799s] [ 99%] Built target easy_handeye2_msgs__rosidl_typesupport_introspection_c__pyext
[0.800s] [100%] Built target easy_handeye2_msgs__rosidl_typesupport_c__pyext
[0.965s] running egg_info
[0.967s] writing easy_handeye2_msgs.egg-info/PKG-INFO
[0.968s] writing dependency_links to easy_handeye2_msgs.egg-info/dependency_links.txt
[0.968s] writing top-level names to easy_handeye2_msgs.egg-info/top_level.txt
[0.972s] reading manifest file 'easy_handeye2_msgs.egg-info/SOURCES.txt'
[0.974s] writing manifest file 'easy_handeye2_msgs.egg-info/SOURCES.txt'
[1.033s] [100%] Built target ament_cmake_python_build_easy_handeye2_msgs_egg
[1.067s] Invoked command in '/home/rokae/workspace/rokae_ros2_sim2real/build/easy_handeye2_msgs' returned '0': CMAKE_PREFIX_PATH=${CMAKE_PREFIX_PATH}:/home/rokae/workspace/rokae_ros2_sim2real/install/easy_handeye2_demo:/home/rokae/workspace/rokae_ros2_sim2real/install/easy_handeye2:/home/rokae/workspace/ws_moveit/install/moveit_configs_utils:/home/rokae/workspace/ws_moveit/install/launch_param_builder:/opt/ros/humble /usr/bin/cmake --build /home/rokae/workspace/rokae_ros2_sim2real/build/easy_handeye2_msgs -- -j32 -l32
[1.080s] Invoking command in '/home/rokae/workspace/rokae_ros2_sim2real/build/easy_handeye2_msgs': CMAKE_PREFIX_PATH=${CMAKE_PREFIX_PATH}:/home/rokae/workspace/rokae_ros2_sim2real/install/easy_handeye2_demo:/home/rokae/workspace/rokae_ros2_sim2real/install/easy_handeye2:/home/rokae/workspace/ws_moveit/install/moveit_configs_utils:/home/rokae/workspace/ws_moveit/install/launch_param_builder:/opt/ros/humble /usr/bin/cmake --install /home/rokae/workspace/rokae_ros2_sim2real/build/easy_handeye2_msgs
[1.100s] -- Install configuration: "Release"
[1.106s] -- Up-to-date: /home/rokae/workspace/rokae_ros2_sim2real/install/easy_handeye2_msgs/share/ament_index/resource_index/rosidl_interfaces/easy_handeye2_msgs
[1.108s] -- Up-to-date: /home/rokae/workspace/rokae_ros2_sim2real/install/easy_handeye2_msgs/include/easy_handeye2_msgs/easy_handeye2_msgs
[1.108s] -- Up-to-date: /home/rokae/workspace/rokae_ros2_sim2real/install/easy_handeye2_msgs/include/easy_handeye2_msgs/easy_handeye2_msgs/msg
[1.110s] -- Up-to-date: /home/rokae/workspace/rokae_ros2_sim2real/install/easy_handeye2_msgs/include/easy_handeye2_msgs/easy_handeye2_msgs/msg/sample.h
[1.111s] -- Up-to-date: /home/rokae/workspace/rokae_ros2_sim2real/install/easy_handeye2_msgs/include/easy_handeye2_msgs/easy_handeye2_msgs/msg/handeye_calibration_parameters.h
[1.111s] -- Up-to-date: /home/rokae/workspace/rokae_ros2_sim2real/install/easy_handeye2_msgs/include/easy_handeye2_msgs/easy_handeye2_msgs/msg/rosidl_generator_c__visibility_control.h
[1.111s] -- Up-to-date: /home/rokae/workspace/rokae_ros2_sim2real/install/easy_handeye2_msgs/include/easy_handeye2_msgs/easy_handeye2_msgs/msg/detail
[1.111s] -- Up-to-date: /home/rokae/workspace/rokae_ros2_sim2real/install/easy_handeye2_msgs/include/easy_handeye2_msgs/easy_handeye2_msgs/msg/detail/handeye_calibration__struct.h
[1.112s] -- Up-to-date: /home/rokae/workspace/rokae_ros2_sim2real/install/easy_handeye2_msgs/include/easy_handeye2_msgs/easy_handeye2_msgs/msg/detail/handeye_calibration__functions.c
[1.112s] -- Up-to-date: /home/rokae/workspace/rokae_ros2_sim2real/install/easy_handeye2_msgs/include/easy_handeye2_msgs/easy_handeye2_msgs/msg/detail/handeye_calibration_parameters__functions.c
[1.112s] -- Up-to-date: /home/rokae/workspace/rokae_ros2_sim2real/install/easy_handeye2_msgs/include/easy_handeye2_msgs/easy_handeye2_msgs/msg/detail/sample__struct.h
[1.112s] -- Up-to-date: /home/rokae/workspace/rokae_ros2_sim2real/install/easy_handeye2_msgs/include/easy_handeye2_msgs/easy_handeye2_msgs/msg/detail/handeye_calibration__functions.h
[1.112s] -- Up-to-date: /home/rokae/workspace/rokae_ros2_sim2real/install/easy_handeye2_msgs/include/easy_handeye2_msgs/easy_handeye2_msgs/msg/detail/target_pose_list__struct.h
[1.112s] -- Up-to-date: /home/rokae/workspace/rokae_ros2_sim2real/install/easy_handeye2_msgs/include/easy_handeye2_msgs/easy_handeye2_msgs/msg/detail/sample__functions.c
[1.112s] -- Up-to-date: /home/rokae/workspace/rokae_ros2_sim2real/install/easy_handeye2_msgs/include/easy_handeye2_msgs/easy_handeye2_msgs/msg/detail/sample_list__functions.h
[1.112s] -- Up-to-date: /home/rokae/workspace/rokae_ros2_sim2real/install/easy_handeye2_msgs/include/easy_handeye2_msgs/easy_handeye2_msgs/msg/detail/sample__functions.h
[1.112s] -- Up-to-date: /home/rokae/workspace/rokae_ros2_sim2real/install/easy_handeye2_msgs/include/easy_handeye2_msgs/easy_handeye2_msgs/msg/detail/sample__type_support.h
[1.112s] -- Up-to-date: /home/rokae/workspace/rokae_ros2_sim2real/install/easy_handeye2_msgs/include/easy_handeye2_msgs/easy_handeye2_msgs/msg/detail/sample_list__struct.h
[1.112s] -- Up-to-date: /home/rokae/workspace/rokae_ros2_sim2real/install/easy_handeye2_msgs/include/easy_handeye2_msgs/easy_handeye2_msgs/msg/detail/sample_list__type_support.h
[1.113s] -- Up-to-date: /home/rokae/workspace/rokae_ros2_sim2real/install/easy_handeye2_msgs/include/easy_handeye2_msgs/easy_handeye2_msgs/msg/detail/target_pose_list__functions.h
[1.113s] -- Up-to-date: /home/rokae/workspace/rokae_ros2_sim2real/install/easy_handeye2_msgs/include/easy_handeye2_msgs/easy_handeye2_msgs/msg/detail/target_pose_list__functions.c
[1.113s] -- Up-to-date: /home/rokae/workspace/rokae_ros2_sim2real/install/easy_handeye2_msgs/include/easy_handeye2_msgs/easy_handeye2_msgs/msg/detail/handeye_calibration_parameters__type_support.h
[1.113s] -- Up-to-date: /home/rokae/workspace/rokae_ros2_sim2real/install/easy_handeye2_msgs/include/easy_handeye2_msgs/easy_handeye2_msgs/msg/detail/handeye_calibration_parameters__functions.h
[1.113s] -- Up-to-date: /home/rokae/workspace/rokae_ros2_sim2real/install/easy_handeye2_msgs/include/easy_handeye2_msgs/easy_handeye2_msgs/msg/detail/handeye_calibration__type_support.h
[1.113s] -- Up-to-date: /home/rokae/workspace/rokae_ros2_sim2real/install/easy_handeye2_msgs/include/easy_handeye2_msgs/easy_handeye2_msgs/msg/detail/sample_list__functions.c
[1.113s] -- Up-to-date: /home/rokae/workspace/rokae_ros2_sim2real/install/easy_handeye2_msgs/include/easy_handeye2_msgs/easy_handeye2_msgs/msg/detail/handeye_calibration_parameters__struct.h
[1.113s] -- Up-to-date: /home/rokae/workspace/rokae_ros2_sim2real/install/easy_handeye2_msgs/include/easy_handeye2_msgs/easy_handeye2_msgs/msg/detail/target_pose_list__type_support.h
[1.113s] -- Up-to-date: /home/rokae/workspace/rokae_ros2_sim2real/install/easy_handeye2_msgs/include/easy_handeye2_msgs/easy_handeye2_msgs/msg/target_pose_list.h
[1.113s] -- Up-to-date: /home/rokae/workspace/rokae_ros2_sim2real/install/easy_handeye2_msgs/include/easy_handeye2_msgs/easy_handeye2_msgs/msg/sample_list.h
[1.113s] -- Up-to-date: /home/rokae/workspace/rokae_ros2_sim2real/install/easy_handeye2_msgs/include/easy_handeye2_msgs/easy_handeye2_msgs/msg/handeye_calibration.h
[1.114s] -- Up-to-date: /home/rokae/workspace/rokae_ros2_sim2real/install/easy_handeye2_msgs/include/easy_handeye2_msgs/easy_handeye2_msgs/srv
[1.114s] -- Up-to-date: /home/rokae/workspace/rokae_ros2_sim2real/install/easy_handeye2_msgs/include/easy_handeye2_msgs/easy_handeye2_msgs/srv/remove_sample.h
[1.114s] -- Up-to-date: /home/rokae/workspace/rokae_ros2_sim2real/install/easy_handeye2_msgs/include/easy_handeye2_msgs/easy_handeye2_msgs/srv/load_samples.h
[1.114s] -- Up-to-date: /home/rokae/workspace/rokae_ros2_sim2real/install/easy_handeye2_msgs/include/easy_handeye2_msgs/easy_handeye2_msgs/srv/take_sample.h
[1.114s] -- Up-to-date: /home/rokae/workspace/rokae_ros2_sim2real/install/easy_handeye2_msgs/include/easy_handeye2_msgs/easy_handeye2_msgs/srv/save_samples.h
[1.114s] -- Up-to-date: /home/rokae/workspace/rokae_ros2_sim2real/install/easy_handeye2_msgs/include/easy_handeye2_msgs/easy_handeye2_msgs/srv/check_starting_pose.h
[1.114s] -- Up-to-date: /home/rokae/workspace/rokae_ros2_sim2real/install/easy_handeye2_msgs/include/easy_handeye2_msgs/easy_handeye2_msgs/srv/select_target_pose.h
[1.114s] -- Up-to-date: /home/rokae/workspace/rokae_ros2_sim2real/install/easy_handeye2_msgs/include/easy_handeye2_msgs/easy_handeye2_msgs/srv/compute_calibration.h
[1.114s] -- Up-to-date: /home/rokae/workspace/rokae_ros2_sim2real/install/easy_handeye2_msgs/include/easy_handeye2_msgs/easy_handeye2_msgs/srv/detail
[1.114s] -- Up-to-date: /home/rokae/workspace/rokae_ros2_sim2real/install/easy_handeye2_msgs/include/easy_handeye2_msgs/easy_handeye2_msgs/srv/detail/remove_sample__functions.h
[1.114s] -- Up-to-date: /home/rokae/workspace/rokae_ros2_sim2real/install/easy_handeye2_msgs/include/easy_handeye2_msgs/easy_handeye2_msgs/srv/detail/check_starting_pose__functions.c
[1.115s] -- Up-to-date: /home/rokae/workspace/rokae_ros2_sim2real/install/easy_handeye2_msgs/include/easy_handeye2_msgs/easy_handeye2_msgs/srv/detail/select_target_pose__struct.h
[1.115s] -- Up-to-date: /home/rokae/workspace/rokae_ros2_sim2real/install/easy_handeye2_msgs/include/easy_handeye2_msgs/easy_handeye2_msgs/srv/detail/execute_plan__type_support.h
[1.115s] -- Up-to-date: /home/rokae/workspace/rokae_ros2_sim2real/install/easy_handeye2_msgs/include/easy_handeye2_msgs/easy_handeye2_msgs/srv/detail/save_samples__functions.h
[1.115s] -- Up-to-date: /home/rokae/workspace/rokae_ros2_sim2real/install/easy_handeye2_msgs/include/easy_handeye2_msgs/easy_handeye2_msgs/srv/detail/save_calibration__functions.c
[1.115s] -- Up-to-date: /home/rokae/workspace/rokae_ros2_sim2real/install/easy_handeye2_msgs/include/easy_handeye2_msgs/easy_handeye2_msgs/srv/detail/save_samples__functions.c
[1.115s] -- Up-to-date: /home/rokae/workspace/rokae_ros2_sim2real/install/easy_handeye2_msgs/include/easy_handeye2_msgs/easy_handeye2_msgs/srv/detail/check_starting_pose__struct.h
[1.115s] -- Up-to-date: /home/rokae/workspace/rokae_ros2_sim2real/install/easy_handeye2_msgs/include/easy_handeye2_msgs/easy_handeye2_msgs/srv/detail/plan_to_selected_target_pose__type_support.h
[1.116s] -- Up-to-date: /home/rokae/workspace/rokae_ros2_sim2real/install/easy_handeye2_msgs/include/easy_handeye2_msgs/easy_handeye2_msgs/srv/detail/save_calibration__functions.h
[1.116s] -- Up-to-date: /home/rokae/workspace/rokae_ros2_sim2real/install/easy_handeye2_msgs/include/easy_handeye2_msgs/easy_handeye2_msgs/srv/detail/save_calibration__struct.h
[1.116s] -- Up-to-date: /home/rokae/workspace/rokae_ros2_sim2real/install/easy_handeye2_msgs/include/easy_handeye2_msgs/easy_handeye2_msgs/srv/detail/load_samples__functions.h
[1.116s] -- Up-to-date: /home/rokae/workspace/rokae_ros2_sim2real/install/easy_handeye2_msgs/include/easy_handeye2_msgs/easy_handeye2_msgs/srv/detail/compute_calibration__struct.h
[1.116s] -- Up-to-date: /home/rokae/workspace/rokae_ros2_sim2real/install/easy_handeye2_msgs/include/easy_handeye2_msgs/easy_handeye2_msgs/srv/detail/take_sample__type_support.h
[1.116s] -- Up-to-date: /home/rokae/workspace/rokae_ros2_sim2real/install/easy_handeye2_msgs/include/easy_handeye2_msgs/easy_handeye2_msgs/srv/detail/enumerate_target_poses__functions.h
[1.116s] -- Up-to-date: /home/rokae/workspace/rokae_ros2_sim2real/install/easy_handeye2_msgs/include/easy_handeye2_msgs/easy_handeye2_msgs/srv/detail/take_sample__struct.h
[1.116s] -- Up-to-date: /home/rokae/workspace/rokae_ros2_sim2real/install/easy_handeye2_msgs/include/easy_handeye2_msgs/easy_handeye2_msgs/srv/detail/take_sample__functions.h
[1.116s] -- Up-to-date: /home/rokae/workspace/rokae_ros2_sim2real/install/easy_handeye2_msgs/include/easy_handeye2_msgs/easy_handeye2_msgs/srv/detail/select_target_pose__type_support.h
[1.116s] -- Up-to-date: /home/rokae/workspace/rokae_ros2_sim2real/install/easy_handeye2_msgs/include/easy_handeye2_msgs/easy_handeye2_msgs/srv/detail/select_target_pose__functions.h
[1.116s] -- Up-to-date: /home/rokae/workspace/rokae_ros2_sim2real/install/easy_handeye2_msgs/include/easy_handeye2_msgs/easy_handeye2_msgs/srv/detail/set_algorithm__type_support.h
[1.116s] -- Up-to-date: /home/rokae/workspace/rokae_ros2_sim2real/install/easy_handeye2_msgs/include/easy_handeye2_msgs/easy_handeye2_msgs/srv/detail/load_samples__type_support.h
[1.117s] -- Up-to-date: /home/rokae/workspace/rokae_ros2_sim2real/install/easy_handeye2_msgs/include/easy_handeye2_msgs/easy_handeye2_msgs/srv/detail/execute_plan__struct.h
[1.117s] -- Up-to-date: /home/rokae/workspace/rokae_ros2_sim2real/install/easy_handeye2_msgs/include/easy_handeye2_msgs/easy_handeye2_msgs/srv/detail/list_algorithms__functions.h
[1.117s] -- Up-to-date: /home/rokae/workspace/rokae_ros2_sim2real/install/easy_handeye2_msgs/include/easy_handeye2_msgs/easy_handeye2_msgs/srv/detail/plan_to_selected_target_pose__struct.h
[1.117s] -- Up-to-date: /home/rokae/workspace/rokae_ros2_sim2real/install/easy_handeye2_msgs/include/easy_handeye2_msgs/easy_handeye2_msgs/srv/detail/enumerate_target_poses__type_support.h
[1.117s] -- Up-to-date: /home/rokae/workspace/rokae_ros2_sim2real/install/easy_handeye2_msgs/include/easy_handeye2_msgs/easy_handeye2_msgs/srv/detail/set_algorithm__functions.h
[1.117s] -- Up-to-date: /home/rokae/workspace/rokae_ros2_sim2real/install/easy_handeye2_msgs/include/easy_handeye2_msgs/easy_handeye2_msgs/srv/detail/plan_to_selected_target_pose__functions.h
[1.117s] -- Up-to-date: /home/rokae/workspace/rokae_ros2_sim2real/install/easy_handeye2_msgs/include/easy_handeye2_msgs/easy_handeye2_msgs/srv/detail/enumerate_target_poses__functions.c
[1.117s] -- Up-to-date: /home/rokae/workspace/rokae_ros2_sim2real/install/easy_handeye2_msgs/include/easy_handeye2_msgs/easy_handeye2_msgs/srv/detail/select_target_pose__functions.c
[1.117s] -- Up-to-date: /home/rokae/workspace/rokae_ros2_sim2real/install/easy_handeye2_msgs/include/easy_handeye2_msgs/easy_handeye2_msgs/srv/detail/save_samples__type_support.h
[1.117s] -- Up-to-date: /home/rokae/workspace/rokae_ros2_sim2real/install/easy_handeye2_msgs/include/easy_handeye2_msgs/easy_handeye2_msgs/srv/detail/execute_plan__functions.h
[1.117s] -- Up-to-date: /home/rokae/workspace/rokae_ros2_sim2real/install/easy_handeye2_msgs/include/easy_handeye2_msgs/easy_handeye2_msgs/srv/detail/remove_sample__struct.h
[1.118s] -- Up-to-date: /home/rokae/workspace/rokae_ros2_sim2real/install/easy_handeye2_msgs/include/easy_handeye2_msgs/easy_handeye2_msgs/srv/detail/set_algorithm__functions.c
[1.118s] -- Up-to-date: /home/rokae/workspace/rokae_ros2_sim2real/install/easy_handeye2_msgs/include/easy_handeye2_msgs/easy_handeye2_msgs/srv/detail/load_samples__functions.c
[1.118s] -- Up-to-date: /home/rokae/workspace/rokae_ros2_sim2real/install/easy_handeye2_msgs/include/easy_handeye2_msgs/easy_handeye2_msgs/srv/detail/plan_to_selected_target_pose__functions.c
[1.118s] -- Up-to-date: /home/rokae/workspace/rokae_ros2_sim2real/install/easy_handeye2_msgs/include/easy_handeye2_msgs/easy_handeye2_msgs/srv/detail/check_starting_pose__type_support.h
[1.118s] -- Up-to-date: /home/rokae/workspace/rokae_ros2_sim2real/install/easy_handeye2_msgs/include/easy_handeye2_msgs/easy_handeye2_msgs/srv/detail/list_algorithms__struct.h
[1.118s] -- Up-to-date: /home/rokae/workspace/rokae_ros2_sim2real/install/easy_handeye2_msgs/include/easy_handeye2_msgs/easy_handeye2_msgs/srv/detail/load_samples__struct.h
[1.119s] -- Up-to-date: /home/rokae/workspace/rokae_ros2_sim2real/install/easy_handeye2_msgs/include/easy_handeye2_msgs/easy_handeye2_msgs/srv/detail/save_calibration__type_support.h
[1.119s] -- Up-to-date: /home/rokae/workspace/rokae_ros2_sim2real/install/easy_handeye2_msgs/include/easy_handeye2_msgs/easy_handeye2_msgs/srv/detail/execute_plan__functions.c
[1.119s] -- Up-to-date: /home/rokae/workspace/rokae_ros2_sim2real/install/easy_handeye2_msgs/include/easy_handeye2_msgs/easy_handeye2_msgs/srv/detail/take_sample__functions.c
[1.119s] -- Up-to-date: /home/rokae/workspace/rokae_ros2_sim2real/install/easy_handeye2_msgs/include/easy_handeye2_msgs/easy_handeye2_msgs/srv/detail/set_algorithm__struct.h
[1.119s] -- Up-to-date: /home/rokae/workspace/rokae_ros2_sim2real/install/easy_handeye2_msgs/include/easy_handeye2_msgs/easy_handeye2_msgs/srv/detail/check_starting_pose__functions.h
[1.119s] -- Up-to-date: /home/rokae/workspace/rokae_ros2_sim2real/install/easy_handeye2_msgs/include/easy_handeye2_msgs/easy_handeye2_msgs/srv/detail/compute_calibration__functions.c
[1.119s] -- Up-to-date: /home/rokae/workspace/rokae_ros2_sim2real/install/easy_handeye2_msgs/include/easy_handeye2_msgs/easy_handeye2_msgs/srv/detail/save_samples__struct.h
[1.119s] -- Up-to-date: /home/rokae/workspace/rokae_ros2_sim2real/install/easy_handeye2_msgs/include/easy_handeye2_msgs/easy_handeye2_msgs/srv/detail/list_algorithms__type_support.h
[1.119s] -- Up-to-date: /home/rokae/workspace/rokae_ros2_sim2real/install/easy_handeye2_msgs/include/easy_handeye2_msgs/easy_handeye2_msgs/srv/detail/enumerate_target_poses__struct.h
[1.119s] -- Up-to-date: /home/rokae/workspace/rokae_ros2_sim2real/install/easy_handeye2_msgs/include/easy_handeye2_msgs/easy_handeye2_msgs/srv/detail/remove_sample__type_support.h
[1.119s] -- Up-to-date: /home/rokae/workspace/rokae_ros2_sim2real/install/easy_handeye2_msgs/include/easy_handeye2_msgs/easy_handeye2_msgs/srv/detail/compute_calibration__type_support.h
[1.119s] -- Up-to-date: /home/rokae/workspace/rokae_ros2_sim2real/install/easy_handeye2_msgs/include/easy_handeye2_msgs/easy_handeye2_msgs/srv/detail/compute_calibration__functions.h
[1.120s] -- Up-to-date: /home/rokae/workspace/rokae_ros2_sim2real/install/easy_handeye2_msgs/include/easy_handeye2_msgs/easy_handeye2_msgs/srv/detail/list_algorithms__functions.c
[1.120s] -- Up-to-date: /home/rokae/workspace/rokae_ros2_sim2real/install/easy_handeye2_msgs/include/easy_handeye2_msgs/easy_handeye2_msgs/srv/detail/remove_sample__functions.c
[1.120s] -- Up-to-date: /home/rokae/workspace/rokae_ros2_sim2real/install/easy_handeye2_msgs/include/easy_handeye2_msgs/easy_handeye2_msgs/srv/plan_to_selected_target_pose.h
[1.120s] -- Up-to-date: /home/rokae/workspace/rokae_ros2_sim2real/install/easy_handeye2_msgs/include/easy_handeye2_msgs/easy_handeye2_msgs/srv/enumerate_target_poses.h
[1.120s] -- Up-to-date: /home/rokae/workspace/rokae_ros2_sim2real/install/easy_handeye2_msgs/include/easy_handeye2_msgs/easy_handeye2_msgs/srv/execute_plan.h
[1.120s] -- Up-to-date: /home/rokae/workspace/rokae_ros2_sim2real/install/easy_handeye2_msgs/include/easy_handeye2_msgs/easy_handeye2_msgs/srv/list_algorithms.h
[1.120s] -- Up-to-date: /home/rokae/workspace/rokae_ros2_sim2real/install/easy_handeye2_msgs/include/easy_handeye2_msgs/easy_handeye2_msgs/srv/save_calibration.h
[1.121s] -- Up-to-date: /home/rokae/workspace/rokae_ros2_sim2real/install/easy_handeye2_msgs/include/easy_handeye2_msgs/easy_handeye2_msgs/srv/set_algorithm.h
[1.121s] -- Up-to-date: /home/rokae/workspace/rokae_ros2_sim2real/install/easy_handeye2_msgs/share/easy_handeye2_msgs/environment/library_path.sh
[1.121s] -- Up-to-date: /home/rokae/workspace/rokae_ros2_sim2real/install/easy_handeye2_msgs/share/easy_handeye2_msgs/environment/library_path.dsv
[1.121s] -- Up-to-date: /home/rokae/workspace/rokae_ros2_sim2real/install/easy_handeye2_msgs/lib/libeasy_handeye2_msgs__rosidl_generator_c.so
[1.121s] -- Up-to-date: /home/rokae/workspace/rokae_ros2_sim2real/install/easy_handeye2_msgs/include/easy_handeye2_msgs/easy_handeye2_msgs
[1.122s] -- Up-to-date: /home/rokae/workspace/rokae_ros2_sim2real/install/easy_handeye2_msgs/include/easy_handeye2_msgs/easy_handeye2_msgs/msg
[1.122s] -- Up-to-date: /home/rokae/workspace/rokae_ros2_sim2real/install/easy_handeye2_msgs/include/easy_handeye2_msgs/easy_handeye2_msgs/msg/detail
[1.122s] -- Up-to-date: /home/rokae/workspace/rokae_ros2_sim2real/install/easy_handeye2_msgs/include/easy_handeye2_msgs/easy_handeye2_msgs/msg/detail/target_pose_list__rosidl_typesupport_fastrtps_c.h
[1.122s] -- Up-to-date: /home/rokae/workspace/rokae_ros2_sim2real/install/easy_handeye2_msgs/include/easy_handeye2_msgs/easy_handeye2_msgs/msg/detail/handeye_calibration__rosidl_typesupport_fastrtps_c.h
[1.122s] -- Up-to-date: /home/rokae/workspace/rokae_ros2_sim2real/install/easy_handeye2_msgs/include/easy_handeye2_msgs/easy_handeye2_msgs/msg/detail/sample__rosidl_typesupport_fastrtps_c.h
[1.122s] -- Up-to-date: /home/rokae/workspace/rokae_ros2_sim2real/install/easy_handeye2_msgs/include/easy_handeye2_msgs/easy_handeye2_msgs/msg/detail/sample_list__rosidl_typesupport_fastrtps_c.h
[1.122s] -- Up-to-date: /home/rokae/workspace/rokae_ros2_sim2real/install/easy_handeye2_msgs/include/easy_handeye2_msgs/easy_handeye2_msgs/msg/detail/handeye_calibration_parameters__rosidl_typesupport_fastrtps_c.h
[1.122s] -- Up-to-date: /home/rokae/workspace/rokae_ros2_sim2real/install/easy_handeye2_msgs/include/easy_handeye2_msgs/easy_handeye2_msgs/msg/rosidl_typesupport_fastrtps_c__visibility_control.h
[1.122s] -- Up-to-date: /home/rokae/workspace/rokae_ros2_sim2real/install/easy_handeye2_msgs/include/easy_handeye2_msgs/easy_handeye2_msgs/srv
[1.122s] -- Up-to-date: /home/rokae/workspace/rokae_ros2_sim2real/install/easy_handeye2_msgs/include/easy_handeye2_msgs/easy_handeye2_msgs/srv/detail
[1.123s] -- Up-to-date: /home/rokae/workspace/rokae_ros2_sim2real/install/easy_handeye2_msgs/include/easy_handeye2_msgs/easy_handeye2_msgs/srv/detail/load_samples__rosidl_typesupport_fastrtps_c.h
[1.123s] -- Up-to-date: /home/rokae/workspace/rokae_ros2_sim2real/install/easy_handeye2_msgs/include/easy_handeye2_msgs/easy_handeye2_msgs/srv/detail/check_starting_pose__rosidl_typesupport_fastrtps_c.h
[1.123s] -- Up-to-date: /home/rokae/workspace/rokae_ros2_sim2real/install/easy_handeye2_msgs/include/easy_handeye2_msgs/easy_handeye2_msgs/srv/detail/remove_sample__rosidl_typesupport_fastrtps_c.h
[1.123s] -- Up-to-date: /home/rokae/workspace/rokae_ros2_sim2real/install/easy_handeye2_msgs/include/easy_handeye2_msgs/easy_handeye2_msgs/srv/detail/set_algorithm__rosidl_typesupport_fastrtps_c.h
[1.123s] -- Up-to-date: /home/rokae/workspace/rokae_ros2_sim2real/install/easy_handeye2_msgs/include/easy_handeye2_msgs/easy_handeye2_msgs/srv/detail/take_sample__rosidl_typesupport_fastrtps_c.h
[1.123s] -- Up-to-date: /home/rokae/workspace/rokae_ros2_sim2real/install/easy_handeye2_msgs/include/easy_handeye2_msgs/easy_handeye2_msgs/srv/detail/save_calibration__rosidl_typesupport_fastrtps_c.h
[1.123s] -- Up-to-date: /home/rokae/workspace/rokae_ros2_sim2real/install/easy_handeye2_msgs/include/easy_handeye2_msgs/easy_handeye2_msgs/srv/detail/select_target_pose__rosidl_typesupport_fastrtps_c.h
[1.123s] -- Up-to-date: /home/rokae/workspace/rokae_ros2_sim2real/install/easy_handeye2_msgs/include/easy_handeye2_msgs/easy_handeye2_msgs/srv/detail/execute_plan__rosidl_typesupport_fastrtps_c.h
[1.123s] -- Up-to-date: /home/rokae/workspace/rokae_ros2_sim2real/install/easy_handeye2_msgs/include/easy_handeye2_msgs/easy_handeye2_msgs/srv/detail/compute_calibration__rosidl_typesupport_fastrtps_c.h
[1.123s] -- Up-to-date: /home/rokae/workspace/rokae_ros2_sim2real/install/easy_handeye2_msgs/include/easy_handeye2_msgs/easy_handeye2_msgs/srv/detail/list_algorithms__rosidl_typesupport_fastrtps_c.h
[1.123s] -- Up-to-date: /home/rokae/workspace/rokae_ros2_sim2real/install/easy_handeye2_msgs/include/easy_handeye2_msgs/easy_handeye2_msgs/srv/detail/save_samples__rosidl_typesupport_fastrtps_c.h
[1.123s] -- Up-to-date: /home/rokae/workspace/rokae_ros2_sim2real/install/easy_handeye2_msgs/include/easy_handeye2_msgs/easy_handeye2_msgs/srv/detail/plan_to_selected_target_pose__rosidl_typesupport_fastrtps_c.h
[1.124s] -- Up-to-date: /home/rokae/workspace/rokae_ros2_sim2real/install/easy_handeye2_msgs/include/easy_handeye2_msgs/easy_handeye2_msgs/srv/detail/enumerate_target_poses__rosidl_typesupport_fastrtps_c.h
[1.124s] -- Up-to-date: /home/rokae/workspace/rokae_ros2_sim2real/install/easy_handeye2_msgs/lib/libeasy_handeye2_msgs__rosidl_typesupport_fastrtps_c.so
[1.124s] -- Up-to-date: /home/rokae/workspace/rokae_ros2_sim2real/install/easy_handeye2_msgs/include/easy_handeye2_msgs/easy_handeye2_msgs
[1.124s] -- Up-to-date: /home/rokae/workspace/rokae_ros2_sim2real/install/easy_handeye2_msgs/include/easy_handeye2_msgs/easy_handeye2_msgs/msg
[1.124s] -- Up-to-date: /home/rokae/workspace/rokae_ros2_sim2real/install/easy_handeye2_msgs/include/easy_handeye2_msgs/easy_handeye2_msgs/msg/rosidl_typesupport_introspection_c__visibility_control.h
[1.124s] -- Up-to-date: /home/rokae/workspace/rokae_ros2_sim2real/install/easy_handeye2_msgs/include/easy_handeye2_msgs/easy_handeye2_msgs/msg/detail
[1.124s] -- Up-to-date: /home/rokae/workspace/rokae_ros2_sim2real/install/easy_handeye2_msgs/include/easy_handeye2_msgs/easy_handeye2_msgs/msg/detail/sample_list__rosidl_typesupport_introspection_c.h
[1.124s] -- Up-to-date: /home/rokae/workspace/rokae_ros2_sim2real/install/easy_handeye2_msgs/include/easy_handeye2_msgs/easy_handeye2_msgs/msg/detail/handeye_calibration_parameters__type_support.c
[1.124s] -- Up-to-date: /home/rokae/workspace/rokae_ros2_sim2real/install/easy_handeye2_msgs/include/easy_handeye2_msgs/easy_handeye2_msgs/msg/detail/handeye_calibration__type_support.c
[1.125s] -- Up-to-date: /home/rokae/workspace/rokae_ros2_sim2real/install/easy_handeye2_msgs/include/easy_handeye2_msgs/easy_handeye2_msgs/msg/detail/target_pose_list__rosidl_typesupport_introspection_c.h
[1.125s] -- Up-to-date: /home/rokae/workspace/rokae_ros2_sim2real/install/easy_handeye2_msgs/include/easy_handeye2_msgs/easy_handeye2_msgs/msg/detail/handeye_calibration_parameters__rosidl_typesupport_introspection_c.h
[1.125s] -- Up-to-date: /home/rokae/workspace/rokae_ros2_sim2real/install/easy_handeye2_msgs/include/easy_handeye2_msgs/easy_handeye2_msgs/msg/detail/sample__type_support.c
[1.125s] -- Up-to-date: /home/rokae/workspace/rokae_ros2_sim2real/install/easy_handeye2_msgs/include/easy_handeye2_msgs/easy_handeye2_msgs/msg/detail/handeye_calibration__rosidl_typesupport_introspection_c.h
[1.125s] -- Up-to-date: /home/rokae/workspace/rokae_ros2_sim2real/install/easy_handeye2_msgs/include/easy_handeye2_msgs/easy_handeye2_msgs/msg/detail/sample_list__type_support.c
[1.125s] -- Up-to-date: /home/rokae/workspace/rokae_ros2_sim2real/install/easy_handeye2_msgs/include/easy_handeye2_msgs/easy_handeye2_msgs/msg/detail/target_pose_list__type_support.c
[1.125s] -- Up-to-date: /home/rokae/workspace/rokae_ros2_sim2real/install/easy_handeye2_msgs/include/easy_handeye2_msgs/easy_handeye2_msgs/msg/detail/sample__rosidl_typesupport_introspection_c.h
[1.126s] -- Up-to-date: /home/rokae/workspace/rokae_ros2_sim2real/install/easy_handeye2_msgs/include/easy_handeye2_msgs/easy_handeye2_msgs/srv
[1.126s] -- Up-to-date: /home/rokae/workspace/rokae_ros2_sim2real/install/easy_handeye2_msgs/include/easy_handeye2_msgs/easy_handeye2_msgs/srv/detail
[1.126s] -- Up-to-date: /home/rokae/workspace/rokae_ros2_sim2real/install/easy_handeye2_msgs/include/easy_handeye2_msgs/easy_handeye2_msgs/srv/detail/enumerate_target_poses__rosidl_typesupport_introspection_c.h
[1.126s] -- Up-to-date: /home/rokae/workspace/rokae_ros2_sim2real/install/easy_handeye2_msgs/include/easy_handeye2_msgs/easy_handeye2_msgs/srv/detail/list_algorithms__rosidl_typesupport_introspection_c.h
[1.126s] -- Up-to-date: /home/rokae/workspace/rokae_ros2_sim2real/install/easy_handeye2_msgs/include/easy_handeye2_msgs/easy_handeye2_msgs/srv/detail/compute_calibration__type_support.c
[1.126s] -- Up-to-date: /home/rokae/workspace/rokae_ros2_sim2real/install/easy_handeye2_msgs/include/easy_handeye2_msgs/easy_handeye2_msgs/srv/detail/save_samples__rosidl_typesupport_introspection_c.h
[1.126s] -- Up-to-date: /home/rokae/workspace/rokae_ros2_sim2real/install/easy_handeye2_msgs/include/easy_handeye2_msgs/easy_handeye2_msgs/srv/detail/list_algorithms__type_support.c
[1.126s] -- Up-to-date: /home/rokae/workspace/rokae_ros2_sim2real/install/easy_handeye2_msgs/include/easy_handeye2_msgs/easy_handeye2_msgs/srv/detail/load_samples__rosidl_typesupport_introspection_c.h
[1.126s] -- Up-to-date: /home/rokae/workspace/rokae_ros2_sim2real/install/easy_handeye2_msgs/include/easy_handeye2_msgs/easy_handeye2_msgs/srv/detail/enumerate_target_poses__type_support.c
[1.127s] -- Up-to-date: /home/rokae/workspace/rokae_ros2_sim2real/install/easy_handeye2_msgs/include/easy_handeye2_msgs/easy_handeye2_msgs/srv/detail/execute_plan__type_support.c
[1.127s] -- Up-to-date: /home/rokae/workspace/rokae_ros2_sim2real/install/easy_handeye2_msgs/include/easy_handeye2_msgs/easy_handeye2_msgs/srv/detail/set_algorithm__type_support.c
[1.127s] -- Up-to-date: /home/rokae/workspace/rokae_ros2_sim2real/install/easy_handeye2_msgs/include/easy_handeye2_msgs/easy_handeye2_msgs/srv/detail/remove_sample__type_support.c
[1.127s] -- Up-to-date: /home/rokae/workspace/rokae_ros2_sim2real/install/easy_handeye2_msgs/include/easy_handeye2_msgs/easy_handeye2_msgs/srv/detail/save_samples__type_support.c
[1.127s] -- Up-to-date: /home/rokae/workspace/rokae_ros2_sim2real/install/easy_handeye2_msgs/include/easy_handeye2_msgs/easy_handeye2_msgs/srv/detail/compute_calibration__rosidl_typesupport_introspection_c.h
[1.127s] -- Up-to-date: /home/rokae/workspace/rokae_ros2_sim2real/install/easy_handeye2_msgs/include/easy_handeye2_msgs/easy_handeye2_msgs/srv/detail/select_target_pose__rosidl_typesupport_introspection_c.h
[1.127s] -- Up-to-date: /home/rokae/workspace/rokae_ros2_sim2real/install/easy_handeye2_msgs/include/easy_handeye2_msgs/easy_handeye2_msgs/srv/detail/plan_to_selected_target_pose__type_support.c
[1.127s] -- Up-to-date: /home/rokae/workspace/rokae_ros2_sim2real/install/easy_handeye2_msgs/include/easy_handeye2_msgs/easy_handeye2_msgs/srv/detail/load_samples__type_support.c
[1.127s] -- Up-to-date: /home/rokae/workspace/rokae_ros2_sim2real/install/easy_handeye2_msgs/include/easy_handeye2_msgs/easy_handeye2_msgs/srv/detail/save_calibration__rosidl_typesupport_introspection_c.h
[1.127s] -- Up-to-date: /home/rokae/workspace/rokae_ros2_sim2real/install/easy_handeye2_msgs/include/easy_handeye2_msgs/easy_handeye2_msgs/srv/detail/set_algorithm__rosidl_typesupport_introspection_c.h
[1.127s] -- Up-to-date: /home/rokae/workspace/rokae_ros2_sim2real/install/easy_handeye2_msgs/include/easy_handeye2_msgs/easy_handeye2_msgs/srv/detail/take_sample__rosidl_typesupport_introspection_c.h
[1.128s] -- Up-to-date: /home/rokae/workspace/rokae_ros2_sim2real/install/easy_handeye2_msgs/include/easy_handeye2_msgs/easy_handeye2_msgs/srv/detail/check_starting_pose__type_support.c
[1.128s] -- Up-to-date: /home/rokae/workspace/rokae_ros2_sim2real/install/easy_handeye2_msgs/include/easy_handeye2_msgs/easy_handeye2_msgs/srv/detail/check_starting_pose__rosidl_typesupport_introspection_c.h
[1.128s] -- Up-to-date: /home/rokae/workspace/rokae_ros2_sim2real/install/easy_handeye2_msgs/include/easy_handeye2_msgs/easy_handeye2_msgs/srv/detail/take_sample__type_support.c
[1.128s] -- Up-to-date: /home/rokae/workspace/rokae_ros2_sim2real/install/easy_handeye2_msgs/include/easy_handeye2_msgs/easy_handeye2_msgs/srv/detail/plan_to_selected_target_pose__rosidl_typesupport_introspection_c.h
[1.128s] -- Up-to-date: /home/rokae/workspace/rokae_ros2_sim2real/install/easy_handeye2_msgs/include/easy_handeye2_msgs/easy_handeye2_msgs/srv/detail/save_calibration__type_support.c
[1.128s] -- Up-to-date: /home/rokae/workspace/rokae_ros2_sim2real/install/easy_handeye2_msgs/include/easy_handeye2_msgs/easy_handeye2_msgs/srv/detail/execute_plan__rosidl_typesupport_introspection_c.h
[1.128s] -- Up-to-date: /home/rokae/workspace/rokae_ros2_sim2real/install/easy_handeye2_msgs/include/easy_handeye2_msgs/easy_handeye2_msgs/srv/detail/select_target_pose__type_support.c
[1.128s] -- Up-to-date: /home/rokae/workspace/rokae_ros2_sim2real/install/easy_handeye2_msgs/include/easy_handeye2_msgs/easy_handeye2_msgs/srv/detail/remove_sample__rosidl_typesupport_introspection_c.h
[1.128s] -- Up-to-date: /home/rokae/workspace/rokae_ros2_sim2real/install/easy_handeye2_msgs/lib/libeasy_handeye2_msgs__rosidl_typesupport_introspection_c.so
[1.129s] -- Up-to-date: /home/rokae/workspace/rokae_ros2_sim2real/install/easy_handeye2_msgs/lib/libeasy_handeye2_msgs__rosidl_typesupport_c.so
[1.129s] -- Up-to-date: /home/rokae/workspace/rokae_ros2_sim2real/install/easy_handeye2_msgs/include/easy_handeye2_msgs/easy_handeye2_msgs
[1.129s] -- Up-to-date: /home/rokae/workspace/rokae_ros2_sim2real/install/easy_handeye2_msgs/include/easy_handeye2_msgs/easy_handeye2_msgs/msg
[1.129s] -- Up-to-date: /home/rokae/workspace/rokae_ros2_sim2real/install/easy_handeye2_msgs/include/easy_handeye2_msgs/easy_handeye2_msgs/msg/sample_list.hpp
[1.129s] -- Up-to-date: /home/rokae/workspace/rokae_ros2_sim2real/install/easy_handeye2_msgs/include/easy_handeye2_msgs/easy_handeye2_msgs/msg/handeye_calibration_parameters.hpp
[1.129s] -- Up-to-date: /home/rokae/workspace/rokae_ros2_sim2real/install/easy_handeye2_msgs/include/easy_handeye2_msgs/easy_handeye2_msgs/msg/detail
[1.129s] -- Up-to-date: /home/rokae/workspace/rokae_ros2_sim2real/install/easy_handeye2_msgs/include/easy_handeye2_msgs/easy_handeye2_msgs/msg/detail/handeye_calibration__traits.hpp
[1.129s] -- Up-to-date: /home/rokae/workspace/rokae_ros2_sim2real/install/easy_handeye2_msgs/include/easy_handeye2_msgs/easy_handeye2_msgs/msg/detail/handeye_calibration__struct.hpp
[1.129s] -- Up-to-date: /home/rokae/workspace/rokae_ros2_sim2real/install/easy_handeye2_msgs/include/easy_handeye2_msgs/easy_handeye2_msgs/msg/detail/handeye_calibration_parameters__struct.hpp
[1.129s] -- Up-to-date: /home/rokae/workspace/rokae_ros2_sim2real/install/easy_handeye2_msgs/include/easy_handeye2_msgs/easy_handeye2_msgs/msg/detail/sample_list__struct.hpp
[1.129s] -- Up-to-date: /home/rokae/workspace/rokae_ros2_sim2real/install/easy_handeye2_msgs/include/easy_handeye2_msgs/easy_handeye2_msgs/msg/detail/sample__struct.hpp
[1.129s] -- Up-to-date: /home/rokae/workspace/rokae_ros2_sim2real/install/easy_handeye2_msgs/include/easy_handeye2_msgs/easy_handeye2_msgs/msg/detail/sample__builder.hpp
[1.129s] -- Up-to-date: /home/rokae/workspace/rokae_ros2_sim2real/install/easy_handeye2_msgs/include/easy_handeye2_msgs/easy_handeye2_msgs/msg/detail/target_pose_list__struct.hpp
[1.130s] -- Up-to-date: /home/rokae/workspace/rokae_ros2_sim2real/install/easy_handeye2_msgs/include/easy_handeye2_msgs/easy_handeye2_msgs/msg/detail/handeye_calibration_parameters__traits.hpp
[1.130s] -- Up-to-date: /home/rokae/workspace/rokae_ros2_sim2real/install/easy_handeye2_msgs/include/easy_handeye2_msgs/easy_handeye2_msgs/msg/detail/handeye_calibration__type_support.hpp
[1.130s] -- Up-to-date: /home/rokae/workspace/rokae_ros2_sim2real/install/easy_handeye2_msgs/include/easy_handeye2_msgs/easy_handeye2_msgs/msg/detail/sample__type_support.hpp
[1.130s] -- Up-to-date: /home/rokae/workspace/rokae_ros2_sim2real/install/easy_handeye2_msgs/include/easy_handeye2_msgs/easy_handeye2_msgs/msg/detail/sample_list__traits.hpp
[1.130s] -- Up-to-date: /home/rokae/workspace/rokae_ros2_sim2real/install/easy_handeye2_msgs/include/easy_handeye2_msgs/easy_handeye2_msgs/msg/detail/sample_list__type_support.hpp
[1.130s] -- Up-to-date: /home/rokae/workspace/rokae_ros2_sim2real/install/easy_handeye2_msgs/include/easy_handeye2_msgs/easy_handeye2_msgs/msg/detail/sample__traits.hpp
[1.130s] -- Up-to-date: /home/rokae/workspace/rokae_ros2_sim2real/install/easy_handeye2_msgs/include/easy_handeye2_msgs/easy_handeye2_msgs/msg/detail/target_pose_list__type_support.hpp
[1.130s] -- Up-to-date: /home/rokae/workspace/rokae_ros2_sim2real/install/easy_handeye2_msgs/include/easy_handeye2_msgs/easy_handeye2_msgs/msg/detail/handeye_calibration_parameters__builder.hpp
[1.130s] -- Up-to-date: /home/rokae/workspace/rokae_ros2_sim2real/install/easy_handeye2_msgs/include/easy_handeye2_msgs/easy_handeye2_msgs/msg/detail/target_pose_list__builder.hpp
[1.130s] -- Up-to-date: /home/rokae/workspace/rokae_ros2_sim2real/install/easy_handeye2_msgs/include/easy_handeye2_msgs/easy_handeye2_msgs/msg/detail/handeye_calibration__builder.hpp
[1.130s] -- Up-to-date: /home/rokae/workspace/rokae_ros2_sim2real/install/easy_handeye2_msgs/include/easy_handeye2_msgs/easy_handeye2_msgs/msg/detail/target_pose_list__traits.hpp
[1.130s] -- Up-to-date: /home/rokae/workspace/rokae_ros2_sim2real/install/easy_handeye2_msgs/include/easy_handeye2_msgs/easy_handeye2_msgs/msg/detail/handeye_calibration_parameters__type_support.hpp
[1.131s] -- Up-to-date: /home/rokae/workspace/rokae_ros2_sim2real/install/easy_handeye2_msgs/include/easy_handeye2_msgs/easy_handeye2_msgs/msg/detail/sample_list__builder.hpp
[1.131s] -- Up-to-date: /home/rokae/workspace/rokae_ros2_sim2real/install/easy_handeye2_msgs/include/easy_handeye2_msgs/easy_handeye2_msgs/msg/handeye_calibration.hpp
[1.131s] -- Up-to-date: /home/rokae/workspace/rokae_ros2_sim2real/install/easy_handeye2_msgs/include/easy_handeye2_msgs/easy_handeye2_msgs/msg/sample.hpp
[1.131s] -- Up-to-date: /home/rokae/workspace/rokae_ros2_sim2real/install/easy_handeye2_msgs/include/easy_handeye2_msgs/easy_handeye2_msgs/msg/rosidl_generator_cpp__visibility_control.hpp
[1.131s] -- Up-to-date: /home/rokae/workspace/rokae_ros2_sim2real/install/easy_handeye2_msgs/include/easy_handeye2_msgs/easy_handeye2_msgs/msg/target_pose_list.hpp
[1.131s] -- Up-to-date: /home/rokae/workspace/rokae_ros2_sim2real/install/easy_handeye2_msgs/include/easy_handeye2_msgs/easy_handeye2_msgs/srv
[1.131s] -- Up-to-date: /home/rokae/workspace/rokae_ros2_sim2real/install/easy_handeye2_msgs/include/easy_handeye2_msgs/easy_handeye2_msgs/srv/execute_plan.hpp
[1.131s] -- Up-to-date: /home/rokae/workspace/rokae_ros2_sim2real/install/easy_handeye2_msgs/include/easy_handeye2_msgs/easy_handeye2_msgs/srv/enumerate_target_poses.hpp
[1.131s] -- Up-to-date: /home/rokae/workspace/rokae_ros2_sim2real/install/easy_handeye2_msgs/include/easy_handeye2_msgs/easy_handeye2_msgs/srv/set_algorithm.hpp
[1.131s] -- Up-to-date: /home/rokae/workspace/rokae_ros2_sim2real/install/easy_handeye2_msgs/include/easy_handeye2_msgs/easy_handeye2_msgs/srv/compute_calibration.hpp
[1.131s] -- Up-to-date: /home/rokae/workspace/rokae_ros2_sim2real/install/easy_handeye2_msgs/include/easy_handeye2_msgs/easy_handeye2_msgs/srv/take_sample.hpp
[1.131s] -- Up-to-date: /home/rokae/workspace/rokae_ros2_sim2real/install/easy_handeye2_msgs/include/easy_handeye2_msgs/easy_handeye2_msgs/srv/save_calibration.hpp
[1.131s] -- Up-to-date: /home/rokae/workspace/rokae_ros2_sim2real/install/easy_handeye2_msgs/include/easy_handeye2_msgs/easy_handeye2_msgs/srv/detail
[1.132s] -- Up-to-date: /home/rokae/workspace/rokae_ros2_sim2real/install/easy_handeye2_msgs/include/easy_handeye2_msgs/easy_handeye2_msgs/srv/detail/plan_to_selected_target_pose__builder.hpp
[1.132s] -- Up-to-date: /home/rokae/workspace/rokae_ros2_sim2real/install/easy_handeye2_msgs/include/easy_handeye2_msgs/easy_handeye2_msgs/srv/detail/select_target_pose__builder.hpp
[1.132s] -- Up-to-date: /home/rokae/workspace/rokae_ros2_sim2real/install/easy_handeye2_msgs/include/easy_handeye2_msgs/easy_handeye2_msgs/srv/detail/enumerate_target_poses__traits.hpp
[1.132s] -- Up-to-date: /home/rokae/workspace/rokae_ros2_sim2real/install/easy_handeye2_msgs/include/easy_handeye2_msgs/easy_handeye2_msgs/srv/detail/save_calibration__struct.hpp
[1.132s] -- Up-to-date: /home/rokae/workspace/rokae_ros2_sim2real/install/easy_handeye2_msgs/include/easy_handeye2_msgs/easy_handeye2_msgs/srv/detail/set_algorithm__struct.hpp
[1.132s] -- Up-to-date: /home/rokae/workspace/rokae_ros2_sim2real/install/easy_handeye2_msgs/include/easy_handeye2_msgs/easy_handeye2_msgs/srv/detail/plan_to_selected_target_pose__traits.hpp
[1.132s] -- Up-to-date: /home/rokae/workspace/rokae_ros2_sim2real/install/easy_handeye2_msgs/include/easy_handeye2_msgs/easy_handeye2_msgs/srv/detail/check_starting_pose__builder.hpp
[1.132s] -- Up-to-date: /home/rokae/workspace/rokae_ros2_sim2real/install/easy_handeye2_msgs/include/easy_handeye2_msgs/easy_handeye2_msgs/srv/detail/list_algorithms__builder.hpp
[1.132s] -- Up-to-date: /home/rokae/workspace/rokae_ros2_sim2real/install/easy_handeye2_msgs/include/easy_handeye2_msgs/easy_handeye2_msgs/srv/detail/plan_to_selected_target_pose__struct.hpp
[1.132s] -- Up-to-date: /home/rokae/workspace/rokae_ros2_sim2real/install/easy_handeye2_msgs/include/easy_handeye2_msgs/easy_handeye2_msgs/srv/detail/check_starting_pose__traits.hpp
[1.132s] -- Up-to-date: /home/rokae/workspace/rokae_ros2_sim2real/install/easy_handeye2_msgs/include/easy_handeye2_msgs/easy_handeye2_msgs/srv/detail/execute_plan__type_support.hpp
[1.132s] -- Up-to-date: /home/rokae/workspace/rokae_ros2_sim2real/install/easy_handeye2_msgs/include/easy_handeye2_msgs/easy_handeye2_msgs/srv/detail/execute_plan__traits.hpp
[1.133s] -- Up-to-date: /home/rokae/workspace/rokae_ros2_sim2real/install/easy_handeye2_msgs/include/easy_handeye2_msgs/easy_handeye2_msgs/srv/detail/save_calibration__traits.hpp
[1.133s] -- Up-to-date: /home/rokae/workspace/rokae_ros2_sim2real/install/easy_handeye2_msgs/include/easy_handeye2_msgs/easy_handeye2_msgs/srv/detail/enumerate_target_poses__builder.hpp
[1.133s] -- Up-to-date: /home/rokae/workspace/rokae_ros2_sim2real/install/easy_handeye2_msgs/include/easy_handeye2_msgs/easy_handeye2_msgs/srv/detail/save_calibration__type_support.hpp
[1.133s] -- Up-to-date: /home/rokae/workspace/rokae_ros2_sim2real/install/easy_handeye2_msgs/include/easy_handeye2_msgs/easy_handeye2_msgs/srv/detail/load_samples__type_support.hpp
[1.133s] -- Up-to-date: /home/rokae/workspace/rokae_ros2_sim2real/install/easy_handeye2_msgs/include/easy_handeye2_msgs/easy_handeye2_msgs/srv/detail/take_sample__builder.hpp
[1.133s] -- Up-to-date: /home/rokae/workspace/rokae_ros2_sim2real/install/easy_handeye2_msgs/include/easy_handeye2_msgs/easy_handeye2_msgs/srv/detail/take_sample__struct.hpp
[1.133s] -- Up-to-date: /home/rokae/workspace/rokae_ros2_sim2real/install/easy_handeye2_msgs/include/easy_handeye2_msgs/easy_handeye2_msgs/srv/detail/select_target_pose__struct.hpp
[1.133s] -- Up-to-date: /home/rokae/workspace/rokae_ros2_sim2real/install/easy_handeye2_msgs/include/easy_handeye2_msgs/easy_handeye2_msgs/srv/detail/enumerate_target_poses__struct.hpp
[1.133s] -- Up-to-date: /home/rokae/workspace/rokae_ros2_sim2real/install/easy_handeye2_msgs/include/easy_handeye2_msgs/easy_handeye2_msgs/srv/detail/check_starting_pose__struct.hpp
[1.133s] -- Up-to-date: /home/rokae/workspace/rokae_ros2_sim2real/install/easy_handeye2_msgs/include/easy_handeye2_msgs/easy_handeye2_msgs/srv/detail/remove_sample__traits.hpp
[1.133s] -- Up-to-date: /home/rokae/workspace/rokae_ros2_sim2real/install/easy_handeye2_msgs/include/easy_handeye2_msgs/easy_handeye2_msgs/srv/detail/select_target_pose__type_support.hpp
[1.133s] -- Up-to-date: /home/rokae/workspace/rokae_ros2_sim2real/install/easy_handeye2_msgs/include/easy_handeye2_msgs/easy_handeye2_msgs/srv/detail/execute_plan__struct.hpp
[1.134s] -- Up-to-date: /home/rokae/workspace/rokae_ros2_sim2real/install/easy_handeye2_msgs/include/easy_handeye2_msgs/easy_handeye2_msgs/srv/detail/compute_calibration__struct.hpp
[1.134s] -- Up-to-date: /home/rokae/workspace/rokae_ros2_sim2real/install/easy_handeye2_msgs/include/easy_handeye2_msgs/easy_handeye2_msgs/srv/detail/remove_sample__type_support.hpp
[1.134s] -- Up-to-date: /home/rokae/workspace/rokae_ros2_sim2real/install/easy_handeye2_msgs/include/easy_handeye2_msgs/easy_handeye2_msgs/srv/detail/check_starting_pose__type_support.hpp
[1.134s] -- Up-to-date: /home/rokae/workspace/rokae_ros2_sim2real/install/easy_handeye2_msgs/include/easy_handeye2_msgs/easy_handeye2_msgs/srv/detail/list_algorithms__traits.hpp
[1.134s] -- Up-to-date: /home/rokae/workspace/rokae_ros2_sim2real/install/easy_handeye2_msgs/include/easy_handeye2_msgs/easy_handeye2_msgs/srv/detail/save_samples__traits.hpp
[1.134s] -- Up-to-date: /home/rokae/workspace/rokae_ros2_sim2real/install/easy_handeye2_msgs/include/easy_handeye2_msgs/easy_handeye2_msgs/srv/detail/compute_calibration__builder.hpp
[1.134s] -- Up-to-date: /home/rokae/workspace/rokae_ros2_sim2real/install/easy_handeye2_msgs/include/easy_handeye2_msgs/easy_handeye2_msgs/srv/detail/execute_plan__builder.hpp
[1.134s] -- Up-to-date: /home/rokae/workspace/rokae_ros2_sim2real/install/easy_handeye2_msgs/include/easy_handeye2_msgs/easy_handeye2_msgs/srv/detail/plan_to_selected_target_pose__type_support.hpp
[1.134s] -- Up-to-date: /home/rokae/workspace/rokae_ros2_sim2real/install/easy_handeye2_msgs/include/easy_handeye2_msgs/easy_handeye2_msgs/srv/detail/load_samples__builder.hpp
[1.134s] -- Up-to-date: /home/rokae/workspace/rokae_ros2_sim2real/install/easy_handeye2_msgs/include/easy_handeye2_msgs/easy_handeye2_msgs/srv/detail/set_algorithm__type_support.hpp
[1.134s] -- Up-to-date: /home/rokae/workspace/rokae_ros2_sim2real/install/easy_handeye2_msgs/include/easy_handeye2_msgs/easy_handeye2_msgs/srv/detail/load_samples__struct.hpp
[1.134s] -- Up-to-date: /home/rokae/workspace/rokae_ros2_sim2real/install/easy_handeye2_msgs/include/easy_handeye2_msgs/easy_handeye2_msgs/srv/detail/set_algorithm__traits.hpp
[1.134s] -- Up-to-date: /home/rokae/workspace/rokae_ros2_sim2real/install/easy_handeye2_msgs/include/easy_handeye2_msgs/easy_handeye2_msgs/srv/detail/enumerate_target_poses__type_support.hpp
[1.135s] -- Up-to-date: /home/rokae/workspace/rokae_ros2_sim2real/install/easy_handeye2_msgs/include/easy_handeye2_msgs/easy_handeye2_msgs/srv/detail/remove_sample__struct.hpp
[1.135s] -- Up-to-date: /home/rokae/workspace/rokae_ros2_sim2real/install/easy_handeye2_msgs/include/easy_handeye2_msgs/easy_handeye2_msgs/srv/detail/list_algorithms__struct.hpp
[1.135s] -- Up-to-date: /home/rokae/workspace/rokae_ros2_sim2real/install/easy_handeye2_msgs/include/easy_handeye2_msgs/easy_handeye2_msgs/srv/detail/set_algorithm__builder.hpp
[1.135s] -- Up-to-date: /home/rokae/workspace/rokae_ros2_sim2real/install/easy_handeye2_msgs/include/easy_handeye2_msgs/easy_handeye2_msgs/srv/detail/save_calibration__builder.hpp
[1.135s] -- Up-to-date: /home/rokae/workspace/rokae_ros2_sim2real/install/easy_handeye2_msgs/include/easy_handeye2_msgs/easy_handeye2_msgs/srv/detail/save_samples__builder.hpp
[1.135s] -- Up-to-date: /home/rokae/workspace/rokae_ros2_sim2real/install/easy_handeye2_msgs/include/easy_handeye2_msgs/easy_handeye2_msgs/srv/detail/load_samples__traits.hpp
[1.135s] -- Up-to-date: /home/rokae/workspace/rokae_ros2_sim2real/install/easy_handeye2_msgs/include/easy_handeye2_msgs/easy_handeye2_msgs/srv/detail/list_algorithms__type_support.hpp
[1.135s] -- Up-to-date: /home/rokae/workspace/rokae_ros2_sim2real/install/easy_handeye2_msgs/include/easy_handeye2_msgs/easy_handeye2_msgs/srv/detail/take_sample__type_support.hpp
[1.135s] -- Up-to-date: /home/rokae/workspace/rokae_ros2_sim2real/install/easy_handeye2_msgs/include/easy_handeye2_msgs/easy_handeye2_msgs/srv/detail/save_samples__struct.hpp
[1.135s] -- Up-to-date: /home/rokae/workspace/rokae_ros2_sim2real/install/easy_handeye2_msgs/include/easy_handeye2_msgs/easy_handeye2_msgs/srv/detail/compute_calibration__traits.hpp
[1.135s] -- Up-to-date: /home/rokae/workspace/rokae_ros2_sim2real/install/easy_handeye2_msgs/include/easy_handeye2_msgs/easy_handeye2_msgs/srv/detail/compute_calibration__type_support.hpp
[1.135s] -- Up-to-date: /home/rokae/workspace/rokae_ros2_sim2real/install/easy_handeye2_msgs/include/easy_handeye2_msgs/easy_handeye2_msgs/srv/detail/take_sample__traits.hpp
[1.136s] -- Up-to-date: /home/rokae/workspace/rokae_ros2_sim2real/install/easy_handeye2_msgs/include/easy_handeye2_msgs/easy_handeye2_msgs/srv/detail/save_samples__type_support.hpp
[1.136s] -- Up-to-date: /home/rokae/workspace/rokae_ros2_sim2real/install/easy_handeye2_msgs/include/easy_handeye2_msgs/easy_handeye2_msgs/srv/detail/remove_sample__builder.hpp
[1.136s] -- Up-to-date: /home/rokae/workspace/rokae_ros2_sim2real/install/easy_handeye2_msgs/include/easy_handeye2_msgs/easy_handeye2_msgs/srv/detail/select_target_pose__traits.hpp
[1.136s] -- Up-to-date: /home/rokae/workspace/rokae_ros2_sim2real/install/easy_handeye2_msgs/include/easy_handeye2_msgs/easy_handeye2_msgs/srv/remove_sample.hpp
[1.136s] -- Up-to-date: /home/rokae/workspace/rokae_ros2_sim2real/install/easy_handeye2_msgs/include/easy_handeye2_msgs/easy_handeye2_msgs/srv/select_target_pose.hpp
[1.136s] -- Up-to-date: /home/rokae/workspace/rokae_ros2_sim2real/install/easy_handeye2_msgs/include/easy_handeye2_msgs/easy_handeye2_msgs/srv/list_algorithms.hpp
[1.136s] -- Up-to-date: /home/rokae/workspace/rokae_ros2_sim2real/install/easy_handeye2_msgs/include/easy_handeye2_msgs/easy_handeye2_msgs/srv/save_samples.hpp
[1.136s] -- Up-to-date: /home/rokae/workspace/rokae_ros2_sim2real/install/easy_handeye2_msgs/include/easy_handeye2_msgs/easy_handeye2_msgs/srv/plan_to_selected_target_pose.hpp
[1.136s] -- Up-to-date: /home/rokae/workspace/rokae_ros2_sim2real/install/easy_handeye2_msgs/include/easy_handeye2_msgs/easy_handeye2_msgs/srv/check_starting_pose.hpp
[1.136s] -- Up-to-date: /home/rokae/workspace/rokae_ros2_sim2real/install/easy_handeye2_msgs/include/easy_handeye2_msgs/easy_handeye2_msgs/srv/load_samples.hpp
[1.136s] -- Up-to-date: /home/rokae/workspace/rokae_ros2_sim2real/install/easy_handeye2_msgs/include/easy_handeye2_msgs/easy_handeye2_msgs
[1.136s] -- Up-to-date: /home/rokae/workspace/rokae_ros2_sim2real/install/easy_handeye2_msgs/include/easy_handeye2_msgs/easy_handeye2_msgs/msg
[1.136s] -- Up-to-date: /home/rokae/workspace/rokae_ros2_sim2real/install/easy_handeye2_msgs/include/easy_handeye2_msgs/easy_handeye2_msgs/msg/detail
[1.137s] -- Up-to-date: /home/rokae/workspace/rokae_ros2_sim2real/install/easy_handeye2_msgs/include/easy_handeye2_msgs/easy_handeye2_msgs/msg/detail/sample_list__rosidl_typesupport_fastrtps_cpp.hpp
[1.137s] -- Up-to-date: /home/rokae/workspace/rokae_ros2_sim2real/install/easy_handeye2_msgs/include/easy_handeye2_msgs/easy_handeye2_msgs/msg/detail/dds_fastrtps
[1.137s] -- Up-to-date: /home/rokae/workspace/rokae_ros2_sim2real/install/easy_handeye2_msgs/include/easy_handeye2_msgs/easy_handeye2_msgs/msg/detail/handeye_calibration__rosidl_typesupport_fastrtps_cpp.hpp
[1.137s] -- Up-to-date: /home/rokae/workspace/rokae_ros2_sim2real/install/easy_handeye2_msgs/include/easy_handeye2_msgs/easy_handeye2_msgs/msg/detail/target_pose_list__rosidl_typesupport_fastrtps_cpp.hpp
[1.137s] -- Up-to-date: /home/rokae/workspace/rokae_ros2_sim2real/install/easy_handeye2_msgs/include/easy_handeye2_msgs/easy_handeye2_msgs/msg/detail/sample__rosidl_typesupport_fastrtps_cpp.hpp
[1.137s] -- Up-to-date: /home/rokae/workspace/rokae_ros2_sim2real/install/easy_handeye2_msgs/include/easy_handeye2_msgs/easy_handeye2_msgs/msg/detail/handeye_calibration_parameters__rosidl_typesupport_fastrtps_cpp.hpp
[1.137s] -- Up-to-date: /home/rokae/workspace/rokae_ros2_sim2real/install/easy_handeye2_msgs/include/easy_handeye2_msgs/easy_handeye2_msgs/msg/rosidl_typesupport_fastrtps_cpp__visibility_control.h
[1.137s] -- Up-to-date: /home/rokae/workspace/rokae_ros2_sim2real/install/easy_handeye2_msgs/include/easy_handeye2_msgs/easy_handeye2_msgs/srv
[1.137s] -- Up-to-date: /home/rokae/workspace/rokae_ros2_sim2real/install/easy_handeye2_msgs/include/easy_handeye2_msgs/easy_handeye2_msgs/srv/detail
[1.137s] -- Up-to-date: /home/rokae/workspace/rokae_ros2_sim2real/install/easy_handeye2_msgs/include/easy_handeye2_msgs/easy_handeye2_msgs/srv/detail/take_sample__rosidl_typesupport_fastrtps_cpp.hpp
[1.137s] -- Up-to-date: /home/rokae/workspace/rokae_ros2_sim2real/install/easy_handeye2_msgs/include/easy_handeye2_msgs/easy_handeye2_msgs/srv/detail/execute_plan__rosidl_typesupport_fastrtps_cpp.hpp
[1.137s] -- Up-to-date: /home/rokae/workspace/rokae_ros2_sim2real/install/easy_handeye2_msgs/include/easy_handeye2_msgs/easy_handeye2_msgs/srv/detail/save_samples__rosidl_typesupport_fastrtps_cpp.hpp
[1.138s] -- Up-to-date: /home/rokae/workspace/rokae_ros2_sim2real/install/easy_handeye2_msgs/include/easy_handeye2_msgs/easy_handeye2_msgs/srv/detail/dds_fastrtps
[1.138s] -- Up-to-date: /home/rokae/workspace/rokae_ros2_sim2real/install/easy_handeye2_msgs/include/easy_handeye2_msgs/easy_handeye2_msgs/srv/detail/check_starting_pose__rosidl_typesupport_fastrtps_cpp.hpp
[1.138s] -- Up-to-date: /home/rokae/workspace/rokae_ros2_sim2real/install/easy_handeye2_msgs/include/easy_handeye2_msgs/easy_handeye2_msgs/srv/detail/remove_sample__rosidl_typesupport_fastrtps_cpp.hpp
[1.138s] -- Up-to-date: /home/rokae/workspace/rokae_ros2_sim2real/install/easy_handeye2_msgs/include/easy_handeye2_msgs/easy_handeye2_msgs/srv/detail/list_algorithms__rosidl_typesupport_fastrtps_cpp.hpp
[1.138s] -- Up-to-date: /home/rokae/workspace/rokae_ros2_sim2real/install/easy_handeye2_msgs/include/easy_handeye2_msgs/easy_handeye2_msgs/srv/detail/set_algorithm__rosidl_typesupport_fastrtps_cpp.hpp
[1.138s] -- Up-to-date: /home/rokae/workspace/rokae_ros2_sim2real/install/easy_handeye2_msgs/include/easy_handeye2_msgs/easy_handeye2_msgs/srv/detail/enumerate_target_poses__rosidl_typesupport_fastrtps_cpp.hpp
[1.138s] -- Up-to-date: /home/rokae/workspace/rokae_ros2_sim2real/install/easy_handeye2_msgs/include/easy_handeye2_msgs/easy_handeye2_msgs/srv/detail/select_target_pose__rosidl_typesupport_fastrtps_cpp.hpp
[1.138s] -- Up-to-date: /home/rokae/workspace/rokae_ros2_sim2real/install/easy_handeye2_msgs/include/easy_handeye2_msgs/easy_handeye2_msgs/srv/detail/compute_calibration__rosidl_typesupport_fastrtps_cpp.hpp
[1.138s] -- Up-to-date: /home/rokae/workspace/rokae_ros2_sim2real/install/easy_handeye2_msgs/include/easy_handeye2_msgs/easy_handeye2_msgs/srv/detail/load_samples__rosidl_typesupport_fastrtps_cpp.hpp
[1.138s] -- Up-to-date: /home/rokae/workspace/rokae_ros2_sim2real/install/easy_handeye2_msgs/include/easy_handeye2_msgs/easy_handeye2_msgs/srv/detail/save_calibration__rosidl_typesupport_fastrtps_cpp.hpp
[1.138s] -- Up-to-date: /home/rokae/workspace/rokae_ros2_sim2real/install/easy_handeye2_msgs/include/easy_handeye2_msgs/easy_handeye2_msgs/srv/detail/plan_to_selected_target_pose__rosidl_typesupport_fastrtps_cpp.hpp
[1.138s] -- Up-to-date: /home/rokae/workspace/rokae_ros2_sim2real/install/easy_handeye2_msgs/lib/libeasy_handeye2_msgs__rosidl_typesupport_fastrtps_cpp.so
[1.139s] -- Up-to-date: /home/rokae/workspace/rokae_ros2_sim2real/install/easy_handeye2_msgs/include/easy_handeye2_msgs/easy_handeye2_msgs
[1.139s] -- Up-to-date: /home/rokae/workspace/rokae_ros2_sim2real/install/easy_handeye2_msgs/include/easy_handeye2_msgs/easy_handeye2_msgs/msg
[1.139s] -- Up-to-date: /home/rokae/workspace/rokae_ros2_sim2real/install/easy_handeye2_msgs/include/easy_handeye2_msgs/easy_handeye2_msgs/msg/detail
[1.139s] -- Up-to-date: /home/rokae/workspace/rokae_ros2_sim2real/install/easy_handeye2_msgs/include/easy_handeye2_msgs/easy_handeye2_msgs/msg/detail/sample__type_support.cpp
[1.139s] -- Up-to-date: /home/rokae/workspace/rokae_ros2_sim2real/install/easy_handeye2_msgs/include/easy_handeye2_msgs/easy_handeye2_msgs/msg/detail/handeye_calibration__rosidl_typesupport_introspection_cpp.hpp
[1.139s] -- Up-to-date: /home/rokae/workspace/rokae_ros2_sim2real/install/easy_handeye2_msgs/include/easy_handeye2_msgs/easy_handeye2_msgs/msg/detail/sample__rosidl_typesupport_introspection_cpp.hpp
[1.139s] -- Up-to-date: /home/rokae/workspace/rokae_ros2_sim2real/install/easy_handeye2_msgs/include/easy_handeye2_msgs/easy_handeye2_msgs/msg/detail/handeye_calibration_parameters__rosidl_typesupport_introspection_cpp.hpp
[1.139s] -- Up-to-date: /home/rokae/workspace/rokae_ros2_sim2real/install/easy_handeye2_msgs/include/easy_handeye2_msgs/easy_handeye2_msgs/msg/detail/handeye_calibration__type_support.cpp
[1.139s] -- Up-to-date: /home/rokae/workspace/rokae_ros2_sim2real/install/easy_handeye2_msgs/include/easy_handeye2_msgs/easy_handeye2_msgs/msg/detail/sample_list__rosidl_typesupport_introspection_cpp.hpp
[1.139s] -- Up-to-date: /home/rokae/workspace/rokae_ros2_sim2real/install/easy_handeye2_msgs/include/easy_handeye2_msgs/easy_handeye2_msgs/msg/detail/target_pose_list__rosidl_typesupport_introspection_cpp.hpp
[1.139s] -- Up-to-date: /home/rokae/workspace/rokae_ros2_sim2real/install/easy_handeye2_msgs/include/easy_handeye2_msgs/easy_handeye2_msgs/msg/detail/target_pose_list__type_support.cpp
[1.139s] -- Up-to-date: /home/rokae/workspace/rokae_ros2_sim2real/install/easy_handeye2_msgs/include/easy_handeye2_msgs/easy_handeye2_msgs/msg/detail/handeye_calibration_parameters__type_support.cpp
[1.140s] -- Up-to-date: /home/rokae/workspace/rokae_ros2_sim2real/install/easy_handeye2_msgs/include/easy_handeye2_msgs/easy_handeye2_msgs/msg/detail/sample_list__type_support.cpp
[1.140s] -- Up-to-date: /home/rokae/workspace/rokae_ros2_sim2real/install/easy_handeye2_msgs/include/easy_handeye2_msgs/easy_handeye2_msgs/srv
[1.140s] -- Up-to-date: /home/rokae/workspace/rokae_ros2_sim2real/install/easy_handeye2_msgs/include/easy_handeye2_msgs/easy_handeye2_msgs/srv/detail
[1.140s] -- Up-to-date: /home/rokae/workspace/rokae_ros2_sim2real/install/easy_handeye2_msgs/include/easy_handeye2_msgs/easy_handeye2_msgs/srv/detail/take_sample__type_support.cpp
[1.140s] -- Up-to-date: /home/rokae/workspace/rokae_ros2_sim2real/install/easy_handeye2_msgs/include/easy_handeye2_msgs/easy_handeye2_msgs/srv/detail/enumerate_target_poses__type_support.cpp
[1.140s] -- Up-to-date: /home/rokae/workspace/rokae_ros2_sim2real/install/easy_handeye2_msgs/include/easy_handeye2_msgs/easy_handeye2_msgs/srv/detail/check_starting_pose__type_support.cpp
[1.140s] -- Up-to-date: /home/rokae/workspace/rokae_ros2_sim2real/install/easy_handeye2_msgs/include/easy_handeye2_msgs/easy_handeye2_msgs/srv/detail/remove_sample__type_support.cpp
[1.140s] -- Up-to-date: /home/rokae/workspace/rokae_ros2_sim2real/install/easy_handeye2_msgs/include/easy_handeye2_msgs/easy_handeye2_msgs/srv/detail/save_calibration__rosidl_typesupport_introspection_cpp.hpp
[1.140s] -- Up-to-date: /home/rokae/workspace/rokae_ros2_sim2real/install/easy_handeye2_msgs/include/easy_handeye2_msgs/easy_handeye2_msgs/srv/detail/list_algorithms__type_support.cpp
[1.140s] -- Up-to-date: /home/rokae/workspace/rokae_ros2_sim2real/install/easy_handeye2_msgs/include/easy_handeye2_msgs/easy_handeye2_msgs/srv/detail/list_algorithms__rosidl_typesupport_introspection_cpp.hpp
[1.140s] -- Up-to-date: /home/rokae/workspace/rokae_ros2_sim2real/install/easy_handeye2_msgs/include/easy_handeye2_msgs/easy_handeye2_msgs/srv/detail/save_samples__rosidl_typesupport_introspection_cpp.hpp
[1.140s] -- Up-to-date: /home/rokae/workspace/rokae_ros2_sim2real/install/easy_handeye2_msgs/include/easy_handeye2_msgs/easy_handeye2_msgs/srv/detail/select_target_pose__type_support.cpp
[1.140s] -- Up-to-date: /home/rokae/workspace/rokae_ros2_sim2real/install/easy_handeye2_msgs/include/easy_handeye2_msgs/easy_handeye2_msgs/srv/detail/take_sample__rosidl_typesupport_introspection_cpp.hpp
[1.141s] -- Up-to-date: /home/rokae/workspace/rokae_ros2_sim2real/install/easy_handeye2_msgs/include/easy_handeye2_msgs/easy_handeye2_msgs/srv/detail/save_samples__type_support.cpp
[1.141s] -- Up-to-date: /home/rokae/workspace/rokae_ros2_sim2real/install/easy_handeye2_msgs/include/easy_handeye2_msgs/easy_handeye2_msgs/srv/detail/load_samples__type_support.cpp
[1.141s] -- Up-to-date: /home/rokae/workspace/rokae_ros2_sim2real/install/easy_handeye2_msgs/include/easy_handeye2_msgs/easy_handeye2_msgs/srv/detail/select_target_pose__rosidl_typesupport_introspection_cpp.hpp
[1.141s] -- Up-to-date: /home/rokae/workspace/rokae_ros2_sim2real/install/easy_handeye2_msgs/include/easy_handeye2_msgs/easy_handeye2_msgs/srv/detail/compute_calibration__type_support.cpp
[1.141s] -- Up-to-date: /home/rokae/workspace/rokae_ros2_sim2real/install/easy_handeye2_msgs/include/easy_handeye2_msgs/easy_handeye2_msgs/srv/detail/set_algorithm__type_support.cpp
[1.141s] -- Up-to-date: /home/rokae/workspace/rokae_ros2_sim2real/install/easy_handeye2_msgs/include/easy_handeye2_msgs/easy_handeye2_msgs/srv/detail/check_starting_pose__rosidl_typesupport_introspection_cpp.hpp
[1.141s] -- Up-to-date: /home/rokae/workspace/rokae_ros2_sim2real/install/easy_handeye2_msgs/include/easy_handeye2_msgs/easy_handeye2_msgs/srv/detail/plan_to_selected_target_pose__rosidl_typesupport_introspection_cpp.hpp
[1.141s] -- Up-to-date: /home/rokae/workspace/rokae_ros2_sim2real/install/easy_handeye2_msgs/include/easy_handeye2_msgs/easy_handeye2_msgs/srv/detail/enumerate_target_poses__rosidl_typesupport_introspection_cpp.hpp
[1.141s] -- Up-to-date: /home/rokae/workspace/rokae_ros2_sim2real/install/easy_handeye2_msgs/include/easy_handeye2_msgs/easy_handeye2_msgs/srv/detail/save_calibration__type_support.cpp
[1.141s] -- Up-to-date: /home/rokae/workspace/rokae_ros2_sim2real/install/easy_handeye2_msgs/include/easy_handeye2_msgs/easy_handeye2_msgs/srv/detail/plan_to_selected_target_pose__type_support.cpp
[1.141s] -- Up-to-date: /home/rokae/workspace/rokae_ros2_sim2real/install/easy_handeye2_msgs/include/easy_handeye2_msgs/easy_handeye2_msgs/srv/detail/remove_sample__rosidl_typesupport_introspection_cpp.hpp
[1.141s] -- Up-to-date: /home/rokae/workspace/rokae_ros2_sim2real/install/easy_handeye2_msgs/include/easy_handeye2_msgs/easy_handeye2_msgs/srv/detail/execute_plan__rosidl_typesupport_introspection_cpp.hpp
[1.142s] -- Up-to-date: /home/rokae/workspace/rokae_ros2_sim2real/install/easy_handeye2_msgs/include/easy_handeye2_msgs/easy_handeye2_msgs/srv/detail/compute_calibration__rosidl_typesupport_introspection_cpp.hpp
[1.142s] -- Up-to-date: /home/rokae/workspace/rokae_ros2_sim2real/install/easy_handeye2_msgs/include/easy_handeye2_msgs/easy_handeye2_msgs/srv/detail/execute_plan__type_support.cpp
[1.142s] -- Up-to-date: /home/rokae/workspace/rokae_ros2_sim2real/install/easy_handeye2_msgs/include/easy_handeye2_msgs/easy_handeye2_msgs/srv/detail/set_algorithm__rosidl_typesupport_introspection_cpp.hpp
[1.142s] -- Up-to-date: /home/rokae/workspace/rokae_ros2_sim2real/install/easy_handeye2_msgs/include/easy_handeye2_msgs/easy_handeye2_msgs/srv/detail/load_samples__rosidl_typesupport_introspection_cpp.hpp
[1.142s] -- Up-to-date: /home/rokae/workspace/rokae_ros2_sim2real/install/easy_handeye2_msgs/lib/libeasy_handeye2_msgs__rosidl_typesupport_introspection_cpp.so
[1.142s] -- Up-to-date: /home/rokae/workspace/rokae_ros2_sim2real/install/easy_handeye2_msgs/lib/libeasy_handeye2_msgs__rosidl_typesupport_cpp.so
[1.142s] -- Up-to-date: /home/rokae/workspace/rokae_ros2_sim2real/install/easy_handeye2_msgs/share/easy_handeye2_msgs/environment/pythonpath.sh
[1.142s] -- Up-to-date: /home/rokae/workspace/rokae_ros2_sim2real/install/easy_handeye2_msgs/share/easy_handeye2_msgs/environment/pythonpath.dsv
[1.142s] -- Up-to-date: /home/rokae/workspace/rokae_ros2_sim2real/install/easy_handeye2_msgs/local/lib/python3.10/dist-packages/easy_handeye2_msgs-0.5.0-py3.10.egg-info
[1.142s] -- Installing: /home/rokae/workspace/rokae_ros2_sim2real/install/easy_handeye2_msgs/local/lib/python3.10/dist-packages/easy_handeye2_msgs-0.5.0-py3.10.egg-info/dependency_links.txt
[1.142s] -- Installing: /home/rokae/workspace/rokae_ros2_sim2real/install/easy_handeye2_msgs/local/lib/python3.10/dist-packages/easy_handeye2_msgs-0.5.0-py3.10.egg-info/PKG-INFO
[1.142s] -- Installing: /home/rokae/workspace/rokae_ros2_sim2real/install/easy_handeye2_msgs/local/lib/python3.10/dist-packages/easy_handeye2_msgs-0.5.0-py3.10.egg-info/SOURCES.txt
[1.142s] -- Installing: /home/rokae/workspace/rokae_ros2_sim2real/install/easy_handeye2_msgs/local/lib/python3.10/dist-packages/easy_handeye2_msgs-0.5.0-py3.10.egg-info/top_level.txt
[1.143s] -- Up-to-date: /home/rokae/workspace/rokae_ros2_sim2real/install/easy_handeye2_msgs/local/lib/python3.10/dist-packages/easy_handeye2_msgs
[1.143s] -- Up-to-date: /home/rokae/workspace/rokae_ros2_sim2real/install/easy_handeye2_msgs/local/lib/python3.10/dist-packages/easy_handeye2_msgs/easy_handeye2_msgs_s__rosidl_typesupport_fastrtps_c.cpython-310-x86_64-linux-gnu.so
[1.143s] -- Up-to-date: /home/rokae/workspace/rokae_ros2_sim2real/install/easy_handeye2_msgs/local/lib/python3.10/dist-packages/easy_handeye2_msgs/_easy_handeye2_msgs_s.ep.rosidl_typesupport_c.c
[1.143s] -- Up-to-date: /home/rokae/workspace/rokae_ros2_sim2real/install/easy_handeye2_msgs/local/lib/python3.10/dist-packages/easy_handeye2_msgs/_easy_handeye2_msgs_s.ep.rosidl_typesupport_introspection_c.c
[1.143s] -- Up-to-date: /home/rokae/workspace/rokae_ros2_sim2real/install/easy_handeye2_msgs/local/lib/python3.10/dist-packages/easy_handeye2_msgs/msg
[1.143s] -- Up-to-date: /home/rokae/workspace/rokae_ros2_sim2real/install/easy_handeye2_msgs/local/lib/python3.10/dist-packages/easy_handeye2_msgs/msg/_handeye_calibration_parameters_s.c
[1.143s] -- Up-to-date: /home/rokae/workspace/rokae_ros2_sim2real/install/easy_handeye2_msgs/local/lib/python3.10/dist-packages/easy_handeye2_msgs/msg/_sample.py
[1.143s] -- Up-to-date: /home/rokae/workspace/rokae_ros2_sim2real/install/easy_handeye2_msgs/local/lib/python3.10/dist-packages/easy_handeye2_msgs/msg/_handeye_calibration_parameters.py
[1.143s] -- Up-to-date: /home/rokae/workspace/rokae_ros2_sim2real/install/easy_handeye2_msgs/local/lib/python3.10/dist-packages/easy_handeye2_msgs/msg/_handeye_calibration_s.c
[1.143s] -- Up-to-date: /home/rokae/workspace/rokae_ros2_sim2real/install/easy_handeye2_msgs/local/lib/python3.10/dist-packages/easy_handeye2_msgs/msg/_sample_list.py
[1.143s] -- Up-to-date: /home/rokae/workspace/rokae_ros2_sim2real/install/easy_handeye2_msgs/local/lib/python3.10/dist-packages/easy_handeye2_msgs/msg/_target_pose_list_s.c
[1.143s] -- Up-to-date: /home/rokae/workspace/rokae_ros2_sim2real/install/easy_handeye2_msgs/local/lib/python3.10/dist-packages/easy_handeye2_msgs/msg/_handeye_calibration.py
[1.144s] -- Up-to-date: /home/rokae/workspace/rokae_ros2_sim2real/install/easy_handeye2_msgs/local/lib/python3.10/dist-packages/easy_handeye2_msgs/msg/_sample_s.c
[1.144s] -- Up-to-date: /home/rokae/workspace/rokae_ros2_sim2real/install/easy_handeye2_msgs/local/lib/python3.10/dist-packages/easy_handeye2_msgs/msg/_target_pose_list.py
[1.144s] -- Up-to-date: /home/rokae/workspace/rokae_ros2_sim2real/install/easy_handeye2_msgs/local/lib/python3.10/dist-packages/easy_handeye2_msgs/msg/__init__.py
[1.144s] -- Up-to-date: /home/rokae/workspace/rokae_ros2_sim2real/install/easy_handeye2_msgs/local/lib/python3.10/dist-packages/easy_handeye2_msgs/msg/_sample_list_s.c
[1.144s] -- Up-to-date: /home/rokae/workspace/rokae_ros2_sim2real/install/easy_handeye2_msgs/local/lib/python3.10/dist-packages/easy_handeye2_msgs/easy_handeye2_msgs_s__rosidl_typesupport_introspection_c.cpython-310-x86_64-linux-gnu.so
[1.144s] -- Up-to-date: /home/rokae/workspace/rokae_ros2_sim2real/install/easy_handeye2_msgs/local/lib/python3.10/dist-packages/easy_handeye2_msgs/libeasy_handeye2_msgs__rosidl_generator_py.so
[1.144s] -- Up-to-date: /home/rokae/workspace/rokae_ros2_sim2real/install/easy_handeye2_msgs/local/lib/python3.10/dist-packages/easy_handeye2_msgs/_easy_handeye2_msgs_s.ep.rosidl_typesupport_fastrtps_c.c
[1.144s] -- Up-to-date: /home/rokae/workspace/rokae_ros2_sim2real/install/easy_handeye2_msgs/local/lib/python3.10/dist-packages/easy_handeye2_msgs/srv
[1.144s] -- Up-to-date: /home/rokae/workspace/rokae_ros2_sim2real/install/easy_handeye2_msgs/local/lib/python3.10/dist-packages/easy_handeye2_msgs/srv/_plan_to_selected_target_pose_s.c
[1.144s] -- Up-to-date: /home/rokae/workspace/rokae_ros2_sim2real/install/easy_handeye2_msgs/local/lib/python3.10/dist-packages/easy_handeye2_msgs/srv/_plan_to_selected_target_pose.py
[1.144s] -- Up-to-date: /home/rokae/workspace/rokae_ros2_sim2real/install/easy_handeye2_msgs/local/lib/python3.10/dist-packages/easy_handeye2_msgs/srv/_set_algorithm.py
[1.144s] -- Up-to-date: /home/rokae/workspace/rokae_ros2_sim2real/install/easy_handeye2_msgs/local/lib/python3.10/dist-packages/easy_handeye2_msgs/srv/_remove_sample_s.c
[1.145s] -- Up-to-date: /home/rokae/workspace/rokae_ros2_sim2real/install/easy_handeye2_msgs/local/lib/python3.10/dist-packages/easy_handeye2_msgs/srv/_check_starting_pose.py
[1.145s] -- Up-to-date: /home/rokae/workspace/rokae_ros2_sim2real/install/easy_handeye2_msgs/local/lib/python3.10/dist-packages/easy_handeye2_msgs/srv/_enumerate_target_poses_s.c
[1.145s] -- Up-to-date: /home/rokae/workspace/rokae_ros2_sim2real/install/easy_handeye2_msgs/local/lib/python3.10/dist-packages/easy_handeye2_msgs/srv/_list_algorithms.py
[1.145s] -- Up-to-date: /home/rokae/workspace/rokae_ros2_sim2real/install/easy_handeye2_msgs/local/lib/python3.10/dist-packages/easy_handeye2_msgs/srv/_save_calibration_s.c
[1.145s] -- Up-to-date: /home/rokae/workspace/rokae_ros2_sim2real/install/easy_handeye2_msgs/local/lib/python3.10/dist-packages/easy_handeye2_msgs/srv/_set_algorithm_s.c
[1.145s] -- Up-to-date: /home/rokae/workspace/rokae_ros2_sim2real/install/easy_handeye2_msgs/local/lib/python3.10/dist-packages/easy_handeye2_msgs/srv/_enumerate_target_poses.py
[1.145s] -- Up-to-date: /home/rokae/workspace/rokae_ros2_sim2real/install/easy_handeye2_msgs/local/lib/python3.10/dist-packages/easy_handeye2_msgs/srv/_execute_plan_s.c
[1.145s] -- Up-to-date: /home/rokae/workspace/rokae_ros2_sim2real/install/easy_handeye2_msgs/local/lib/python3.10/dist-packages/easy_handeye2_msgs/srv/_list_algorithms_s.c
[1.145s] -- Up-to-date: /home/rokae/workspace/rokae_ros2_sim2real/install/easy_handeye2_msgs/local/lib/python3.10/dist-packages/easy_handeye2_msgs/srv/_compute_calibration.py
[1.145s] -- Up-to-date: /home/rokae/workspace/rokae_ros2_sim2real/install/easy_handeye2_msgs/local/lib/python3.10/dist-packages/easy_handeye2_msgs/srv/_select_target_pose_s.c
[1.145s] -- Up-to-date: /home/rokae/workspace/rokae_ros2_sim2real/install/easy_handeye2_msgs/local/lib/python3.10/dist-packages/easy_handeye2_msgs/srv/_select_target_pose.py
[1.145s] -- Up-to-date: /home/rokae/workspace/rokae_ros2_sim2real/install/easy_handeye2_msgs/local/lib/python3.10/dist-packages/easy_handeye2_msgs/srv/_check_starting_pose_s.c
[1.146s] -- Up-to-date: /home/rokae/workspace/rokae_ros2_sim2real/install/easy_handeye2_msgs/local/lib/python3.10/dist-packages/easy_handeye2_msgs/srv/__init__.py
[1.146s] -- Up-to-date: /home/rokae/workspace/rokae_ros2_sim2real/install/easy_handeye2_msgs/local/lib/python3.10/dist-packages/easy_handeye2_msgs/srv/_compute_calibration_s.c
[1.146s] -- Up-to-date: /home/rokae/workspace/rokae_ros2_sim2real/install/easy_handeye2_msgs/local/lib/python3.10/dist-packages/easy_handeye2_msgs/srv/_remove_sample.py
[1.146s] -- Up-to-date: /home/rokae/workspace/rokae_ros2_sim2real/install/easy_handeye2_msgs/local/lib/python3.10/dist-packages/easy_handeye2_msgs/srv/_take_sample.py
[1.146s] -- Up-to-date: /home/rokae/workspace/rokae_ros2_sim2real/install/easy_handeye2_msgs/local/lib/python3.10/dist-packages/easy_handeye2_msgs/srv/_save_samples_s.c
[1.146s] -- Up-to-date: /home/rokae/workspace/rokae_ros2_sim2real/install/easy_handeye2_msgs/local/lib/python3.10/dist-packages/easy_handeye2_msgs/srv/_load_samples.py
[1.146s] -- Up-to-date: /home/rokae/workspace/rokae_ros2_sim2real/install/easy_handeye2_msgs/local/lib/python3.10/dist-packages/easy_handeye2_msgs/srv/_load_samples_s.c
[1.146s] -- Up-to-date: /home/rokae/workspace/rokae_ros2_sim2real/install/easy_handeye2_msgs/local/lib/python3.10/dist-packages/easy_handeye2_msgs/srv/_save_calibration.py
[1.146s] -- Up-to-date: /home/rokae/workspace/rokae_ros2_sim2real/install/easy_handeye2_msgs/local/lib/python3.10/dist-packages/easy_handeye2_msgs/srv/_save_samples.py
[1.146s] -- Up-to-date: /home/rokae/workspace/rokae_ros2_sim2real/install/easy_handeye2_msgs/local/lib/python3.10/dist-packages/easy_handeye2_msgs/srv/_take_sample_s.c
[1.146s] -- Up-to-date: /home/rokae/workspace/rokae_ros2_sim2real/install/easy_handeye2_msgs/local/lib/python3.10/dist-packages/easy_handeye2_msgs/srv/_execute_plan.py
[1.146s] -- Up-to-date: /home/rokae/workspace/rokae_ros2_sim2real/install/easy_handeye2_msgs/local/lib/python3.10/dist-packages/easy_handeye2_msgs/__init__.py
[1.146s] -- Up-to-date: /home/rokae/workspace/rokae_ros2_sim2real/install/easy_handeye2_msgs/local/lib/python3.10/dist-packages/easy_handeye2_msgs/easy_handeye2_msgs_s__rosidl_typesupport_c.cpython-310-x86_64-linux-gnu.so
[1.210s] Listing '/home/rokae/workspace/rokae_ros2_sim2real/install/easy_handeye2_msgs/local/lib/python3.10/dist-packages/easy_handeye2_msgs'...
[1.210s] Listing '/home/rokae/workspace/rokae_ros2_sim2real/install/easy_handeye2_msgs/local/lib/python3.10/dist-packages/easy_handeye2_msgs/msg'...
[1.210s] Listing '/home/rokae/workspace/rokae_ros2_sim2real/install/easy_handeye2_msgs/local/lib/python3.10/dist-packages/easy_handeye2_msgs/srv'...
[1.219s] -- Up-to-date: /home/rokae/workspace/rokae_ros2_sim2real/install/easy_handeye2_msgs/local/lib/python3.10/dist-packages/easy_handeye2_msgs/easy_handeye2_msgs_s__rosidl_typesupport_fastrtps_c.cpython-310-x86_64-linux-gnu.so
[1.220s] -- Up-to-date: /home/rokae/workspace/rokae_ros2_sim2real/install/easy_handeye2_msgs/local/lib/python3.10/dist-packages/easy_handeye2_msgs/easy_handeye2_msgs_s__rosidl_typesupport_introspection_c.cpython-310-x86_64-linux-gnu.so
[1.221s] -- Up-to-date: /home/rokae/workspace/rokae_ros2_sim2real/install/easy_handeye2_msgs/local/lib/python3.10/dist-packages/easy_handeye2_msgs/easy_handeye2_msgs_s__rosidl_typesupport_c.cpython-310-x86_64-linux-gnu.so
[1.222s] -- Up-to-date: /home/rokae/workspace/rokae_ros2_sim2real/install/easy_handeye2_msgs/lib/libeasy_handeye2_msgs__rosidl_generator_py.so
[1.223s] -- Up-to-date: /home/rokae/workspace/rokae_ros2_sim2real/install/easy_handeye2_msgs/share/easy_handeye2_msgs/msg/HandeyeCalibration.idl
[1.223s] -- Up-to-date: /home/rokae/workspace/rokae_ros2_sim2real/install/easy_handeye2_msgs/share/easy_handeye2_msgs/msg/HandeyeCalibrationParameters.idl
[1.223s] -- Up-to-date: /home/rokae/workspace/rokae_ros2_sim2real/install/easy_handeye2_msgs/share/easy_handeye2_msgs/msg/Sample.idl
[1.223s] -- Up-to-date: /home/rokae/workspace/rokae_ros2_sim2real/install/easy_handeye2_msgs/share/easy_handeye2_msgs/msg/SampleList.idl
[1.223s] -- Up-to-date: /home/rokae/workspace/rokae_ros2_sim2real/install/easy_handeye2_msgs/share/easy_handeye2_msgs/msg/TargetPoseList.idl
[1.224s] -- Up-to-date: /home/rokae/workspace/rokae_ros2_sim2real/install/easy_handeye2_msgs/share/easy_handeye2_msgs/srv/ListAlgorithms.idl
[1.224s] -- Up-to-date: /home/rokae/workspace/rokae_ros2_sim2real/install/easy_handeye2_msgs/share/easy_handeye2_msgs/srv/SetAlgorithm.idl
[1.224s] -- Up-to-date: /home/rokae/workspace/rokae_ros2_sim2real/install/easy_handeye2_msgs/share/easy_handeye2_msgs/srv/ComputeCalibration.idl
[1.224s] -- Up-to-date: /home/rokae/workspace/rokae_ros2_sim2real/install/easy_handeye2_msgs/share/easy_handeye2_msgs/srv/SaveCalibration.idl
[1.224s] -- Up-to-date: /home/rokae/workspace/rokae_ros2_sim2real/install/easy_handeye2_msgs/share/easy_handeye2_msgs/srv/RemoveSample.idl
[1.224s] -- Up-to-date: /home/rokae/workspace/rokae_ros2_sim2real/install/easy_handeye2_msgs/share/easy_handeye2_msgs/srv/TakeSample.idl
[1.224s] -- Up-to-date: /home/rokae/workspace/rokae_ros2_sim2real/install/easy_handeye2_msgs/share/easy_handeye2_msgs/srv/SaveSamples.idl
[1.225s] -- Up-to-date: /home/rokae/workspace/rokae_ros2_sim2real/install/easy_handeye2_msgs/share/easy_handeye2_msgs/srv/LoadSamples.idl
[1.225s] -- Up-to-date: /home/rokae/workspace/rokae_ros2_sim2real/install/easy_handeye2_msgs/share/easy_handeye2_msgs/srv/CheckStartingPose.idl
[1.225s] -- Up-to-date: /home/rokae/workspace/rokae_ros2_sim2real/install/easy_handeye2_msgs/share/easy_handeye2_msgs/srv/EnumerateTargetPoses.idl
[1.225s] -- Up-to-date: /home/rokae/workspace/rokae_ros2_sim2real/install/easy_handeye2_msgs/share/easy_handeye2_msgs/srv/SelectTargetPose.idl
[1.225s] -- Up-to-date: /home/rokae/workspace/rokae_ros2_sim2real/install/easy_handeye2_msgs/share/easy_handeye2_msgs/srv/PlanToSelectedTargetPose.idl
[1.225s] -- Up-to-date: /home/rokae/workspace/rokae_ros2_sim2real/install/easy_handeye2_msgs/share/easy_handeye2_msgs/srv/ExecutePlan.idl
[1.225s] -- Up-to-date: /home/rokae/workspace/rokae_ros2_sim2real/install/easy_handeye2_msgs/share/easy_handeye2_msgs/msg/HandeyeCalibration.msg
[1.225s] -- Up-to-date: /home/rokae/workspace/rokae_ros2_sim2real/install/easy_handeye2_msgs/share/easy_handeye2_msgs/msg/HandeyeCalibrationParameters.msg
[1.226s] -- Up-to-date: /home/rokae/workspace/rokae_ros2_sim2real/install/easy_handeye2_msgs/share/easy_handeye2_msgs/msg/Sample.msg
[1.226s] -- Up-to-date: /home/rokae/workspace/rokae_ros2_sim2real/install/easy_handeye2_msgs/share/easy_handeye2_msgs/msg/SampleList.msg
[1.226s] -- Up-to-date: /home/rokae/workspace/rokae_ros2_sim2real/install/easy_handeye2_msgs/share/easy_handeye2_msgs/msg/TargetPoseList.msg
[1.226s] -- Up-to-date: /home/rokae/workspace/rokae_ros2_sim2real/install/easy_handeye2_msgs/share/easy_handeye2_msgs/calibration/ListAlgorithms.srv
[1.226s] -- Up-to-date: /home/rokae/workspace/rokae_ros2_sim2real/install/easy_handeye2_msgs/share/easy_handeye2_msgs/calibration/ListAlgorithms_Request.msg
[1.226s] -- Up-to-date: /home/rokae/workspace/rokae_ros2_sim2real/install/easy_handeye2_msgs/share/easy_handeye2_msgs/calibration/ListAlgorithms_Response.msg
[1.226s] -- Up-to-date: /home/rokae/workspace/rokae_ros2_sim2real/install/easy_handeye2_msgs/share/easy_handeye2_msgs/calibration/SetAlgorithm.srv
[1.226s] -- Up-to-date: /home/rokae/workspace/rokae_ros2_sim2real/install/easy_handeye2_msgs/share/easy_handeye2_msgs/calibration/SetAlgorithm_Request.msg
[1.227s] -- Up-to-date: /home/rokae/workspace/rokae_ros2_sim2real/install/easy_handeye2_msgs/share/easy_handeye2_msgs/calibration/SetAlgorithm_Response.msg
[1.227s] -- Up-to-date: /home/rokae/workspace/rokae_ros2_sim2real/install/easy_handeye2_msgs/share/easy_handeye2_msgs/calibration/ComputeCalibration.srv
[1.227s] -- Up-to-date: /home/rokae/workspace/rokae_ros2_sim2real/install/easy_handeye2_msgs/share/easy_handeye2_msgs/calibration/ComputeCalibration_Request.msg
[1.227s] -- Up-to-date: /home/rokae/workspace/rokae_ros2_sim2real/install/easy_handeye2_msgs/share/easy_handeye2_msgs/calibration/ComputeCalibration_Response.msg
[1.227s] -- Up-to-date: /home/rokae/workspace/rokae_ros2_sim2real/install/easy_handeye2_msgs/share/easy_handeye2_msgs/calibration/SaveCalibration.srv
[1.227s] -- Up-to-date: /home/rokae/workspace/rokae_ros2_sim2real/install/easy_handeye2_msgs/share/easy_handeye2_msgs/calibration/SaveCalibration_Request.msg
[1.227s] -- Up-to-date: /home/rokae/workspace/rokae_ros2_sim2real/install/easy_handeye2_msgs/share/easy_handeye2_msgs/calibration/SaveCalibration_Response.msg
[1.227s] -- Up-to-date: /home/rokae/workspace/rokae_ros2_sim2real/install/easy_handeye2_msgs/share/easy_handeye2_msgs/calibration/RemoveSample.srv
[1.227s] -- Up-to-date: /home/rokae/workspace/rokae_ros2_sim2real/install/easy_handeye2_msgs/share/easy_handeye2_msgs/calibration/RemoveSample_Request.msg
[1.228s] -- Up-to-date: /home/rokae/workspace/rokae_ros2_sim2real/install/easy_handeye2_msgs/share/easy_handeye2_msgs/calibration/RemoveSample_Response.msg
[1.228s] -- Up-to-date: /home/rokae/workspace/rokae_ros2_sim2real/install/easy_handeye2_msgs/share/easy_handeye2_msgs/calibration/TakeSample.srv
[1.228s] -- Up-to-date: /home/rokae/workspace/rokae_ros2_sim2real/install/easy_handeye2_msgs/share/easy_handeye2_msgs/calibration/TakeSample_Request.msg
[1.228s] -- Up-to-date: /home/rokae/workspace/rokae_ros2_sim2real/install/easy_handeye2_msgs/share/easy_handeye2_msgs/calibration/TakeSample_Response.msg
[1.228s] -- Up-to-date: /home/rokae/workspace/rokae_ros2_sim2real/install/easy_handeye2_msgs/share/easy_handeye2_msgs/calibration/SaveSamples.srv
[1.228s] -- Up-to-date: /home/rokae/workspace/rokae_ros2_sim2real/install/easy_handeye2_msgs/share/easy_handeye2_msgs/calibration/SaveSamples_Request.msg
[1.228s] -- Up-to-date: /home/rokae/workspace/rokae_ros2_sim2real/install/easy_handeye2_msgs/share/easy_handeye2_msgs/calibration/SaveSamples_Response.msg
[1.228s] -- Up-to-date: /home/rokae/workspace/rokae_ros2_sim2real/install/easy_handeye2_msgs/share/easy_handeye2_msgs/calibration/LoadSamples.srv
[1.229s] -- Up-to-date: /home/rokae/workspace/rokae_ros2_sim2real/install/easy_handeye2_msgs/share/easy_handeye2_msgs/calibration/LoadSamples_Request.msg
[1.229s] -- Up-to-date: /home/rokae/workspace/rokae_ros2_sim2real/install/easy_handeye2_msgs/share/easy_handeye2_msgs/calibration/LoadSamples_Response.msg
[1.229s] -- Up-to-date: /home/rokae/workspace/rokae_ros2_sim2real/install/easy_handeye2_msgs/share/easy_handeye2_msgs/robot_movements/CheckStartingPose.srv
[1.229s] -- Up-to-date: /home/rokae/workspace/rokae_ros2_sim2real/install/easy_handeye2_msgs/share/easy_handeye2_msgs/robot_movements/CheckStartingPose_Request.msg
[1.229s] -- Up-to-date: /home/rokae/workspace/rokae_ros2_sim2real/install/easy_handeye2_msgs/share/easy_handeye2_msgs/robot_movements/CheckStartingPose_Response.msg
[1.229s] -- Up-to-date: /home/rokae/workspace/rokae_ros2_sim2real/install/easy_handeye2_msgs/share/easy_handeye2_msgs/robot_movements/EnumerateTargetPoses.srv
[1.229s] -- Up-to-date: /home/rokae/workspace/rokae_ros2_sim2real/install/easy_handeye2_msgs/share/easy_handeye2_msgs/robot_movements/EnumerateTargetPoses_Request.msg
[1.229s] -- Up-to-date: /home/rokae/workspace/rokae_ros2_sim2real/install/easy_handeye2_msgs/share/easy_handeye2_msgs/robot_movements/EnumerateTargetPoses_Response.msg
[1.230s] -- Up-to-date: /home/rokae/workspace/rokae_ros2_sim2real/install/easy_handeye2_msgs/share/easy_handeye2_msgs/robot_movements/SelectTargetPose.srv
[1.230s] -- Up-to-date: /home/rokae/workspace/rokae_ros2_sim2real/install/easy_handeye2_msgs/share/easy_handeye2_msgs/robot_movements/SelectTargetPose_Request.msg
[1.230s] -- Up-to-date: /home/rokae/workspace/rokae_ros2_sim2real/install/easy_handeye2_msgs/share/easy_handeye2_msgs/robot_movements/SelectTargetPose_Response.msg
[1.230s] -- Up-to-date: /home/rokae/workspace/rokae_ros2_sim2real/install/easy_handeye2_msgs/share/easy_handeye2_msgs/robot_movements/PlanToSelectedTargetPose.srv
[1.230s] -- Up-to-date: /home/rokae/workspace/rokae_ros2_sim2real/install/easy_handeye2_msgs/share/easy_handeye2_msgs/robot_movements/PlanToSelectedTargetPose_Request.msg
[1.230s] -- Up-to-date: /home/rokae/workspace/rokae_ros2_sim2real/install/easy_handeye2_msgs/share/easy_handeye2_msgs/robot_movements/PlanToSelectedTargetPose_Response.msg
[1.230s] -- Up-to-date: /home/rokae/workspace/rokae_ros2_sim2real/install/easy_handeye2_msgs/share/easy_handeye2_msgs/robot_movements/ExecutePlan.srv
[1.230s] -- Up-to-date: /home/rokae/workspace/rokae_ros2_sim2real/install/easy_handeye2_msgs/share/easy_handeye2_msgs/robot_movements/ExecutePlan_Request.msg
[1.231s] -- Up-to-date: /home/rokae/workspace/rokae_ros2_sim2real/install/easy_handeye2_msgs/share/easy_handeye2_msgs/robot_movements/ExecutePlan_Response.msg
[1.231s] -- Up-to-date: /home/rokae/workspace/rokae_ros2_sim2real/install/easy_handeye2_msgs/share/ament_index/resource_index/package_run_dependencies/easy_handeye2_msgs
[1.231s] -- Up-to-date: /home/rokae/workspace/rokae_ros2_sim2real/install/easy_handeye2_msgs/share/ament_index/resource_index/parent_prefix_path/easy_handeye2_msgs
[1.231s] -- Up-to-date: /home/rokae/workspace/rokae_ros2_sim2real/install/easy_handeye2_msgs/share/easy_handeye2_msgs/environment/ament_prefix_path.sh
[1.231s] -- Up-to-date: /home/rokae/workspace/rokae_ros2_sim2real/install/easy_handeye2_msgs/share/easy_handeye2_msgs/environment/ament_prefix_path.dsv
[1.231s] -- Up-to-date: /home/rokae/workspace/rokae_ros2_sim2real/install/easy_handeye2_msgs/share/easy_handeye2_msgs/environment/path.sh
[1.231s] -- Up-to-date: /home/rokae/workspace/rokae_ros2_sim2real/install/easy_handeye2_msgs/share/easy_handeye2_msgs/environment/path.dsv
[1.232s] -- Up-to-date: /home/rokae/workspace/rokae_ros2_sim2real/install/easy_handeye2_msgs/share/easy_handeye2_msgs/local_setup.bash
[1.232s] -- Up-to-date: /home/rokae/workspace/rokae_ros2_sim2real/install/easy_handeye2_msgs/share/easy_handeye2_msgs/local_setup.sh
[1.232s] -- Up-to-date: /home/rokae/workspace/rokae_ros2_sim2real/install/easy_handeye2_msgs/share/easy_handeye2_msgs/local_setup.zsh
[1.232s] -- Up-to-date: /home/rokae/workspace/rokae_ros2_sim2real/install/easy_handeye2_msgs/share/easy_handeye2_msgs/local_setup.dsv
[1.232s] -- Installing: /home/rokae/workspace/rokae_ros2_sim2real/install/easy_handeye2_msgs/share/easy_handeye2_msgs/package.dsv
[1.233s] -- Up-to-date: /home/rokae/workspace/rokae_ros2_sim2real/install/easy_handeye2_msgs/share/ament_index/resource_index/packages/easy_handeye2_msgs
[1.234s] -- Up-to-date: /home/rokae/workspace/rokae_ros2_sim2real/install/easy_handeye2_msgs/share/easy_handeye2_msgs/cmake/export_easy_handeye2_msgs__rosidl_generator_cExport.cmake
[1.234s] -- Up-to-date: /home/rokae/workspace/rokae_ros2_sim2real/install/easy_handeye2_msgs/share/easy_handeye2_msgs/cmake/export_easy_handeye2_msgs__rosidl_generator_cExport-release.cmake
[1.234s] -- Up-to-date: /home/rokae/workspace/rokae_ros2_sim2real/install/easy_handeye2_msgs/share/easy_handeye2_msgs/cmake/export_easy_handeye2_msgs__rosidl_typesupport_fastrtps_cExport.cmake
[1.235s] -- Up-to-date: /home/rokae/workspace/rokae_ros2_sim2real/install/easy_handeye2_msgs/share/easy_handeye2_msgs/cmake/export_easy_handeye2_msgs__rosidl_typesupport_fastrtps_cExport-release.cmake
[1.235s] -- Up-to-date: /home/rokae/workspace/rokae_ros2_sim2real/install/easy_handeye2_msgs/share/easy_handeye2_msgs/cmake/easy_handeye2_msgs__rosidl_typesupport_introspection_cExport.cmake
[1.235s] -- Up-to-date: /home/rokae/workspace/rokae_ros2_sim2real/install/easy_handeye2_msgs/share/easy_handeye2_msgs/cmake/easy_handeye2_msgs__rosidl_typesupport_introspection_cExport-release.cmake
[1.236s] -- Up-to-date: /home/rokae/workspace/rokae_ros2_sim2real/install/easy_handeye2_msgs/share/easy_handeye2_msgs/cmake/easy_handeye2_msgs__rosidl_typesupport_cExport.cmake
[1.236s] -- Up-to-date: /home/rokae/workspace/rokae_ros2_sim2real/install/easy_handeye2_msgs/share/easy_handeye2_msgs/cmake/easy_handeye2_msgs__rosidl_typesupport_cExport-release.cmake
[1.237s] -- Up-to-date: /home/rokae/workspace/rokae_ros2_sim2real/install/easy_handeye2_msgs/share/easy_handeye2_msgs/cmake/export_easy_handeye2_msgs__rosidl_generator_cppExport.cmake
[1.237s] -- Up-to-date: /home/rokae/workspace/rokae_ros2_sim2real/install/easy_handeye2_msgs/share/easy_handeye2_msgs/cmake/export_easy_handeye2_msgs__rosidl_typesupport_fastrtps_cppExport.cmake
[1.237s] -- Up-to-date: /home/rokae/workspace/rokae_ros2_sim2real/install/easy_handeye2_msgs/share/easy_handeye2_msgs/cmake/export_easy_handeye2_msgs__rosidl_typesupport_fastrtps_cppExport-release.cmake
[1.238s] -- Up-to-date: /home/rokae/workspace/rokae_ros2_sim2real/install/easy_handeye2_msgs/share/easy_handeye2_msgs/cmake/easy_handeye2_msgs__rosidl_typesupport_introspection_cppExport.cmake
[1.238s] -- Up-to-date: /home/rokae/workspace/rokae_ros2_sim2real/install/easy_handeye2_msgs/share/easy_handeye2_msgs/cmake/easy_handeye2_msgs__rosidl_typesupport_introspection_cppExport-release.cmake
[1.238s] -- Up-to-date: /home/rokae/workspace/rokae_ros2_sim2real/install/easy_handeye2_msgs/share/easy_handeye2_msgs/cmake/easy_handeye2_msgs__rosidl_typesupport_cppExport.cmake
[1.238s] -- Up-to-date: /home/rokae/workspace/rokae_ros2_sim2real/install/easy_handeye2_msgs/share/easy_handeye2_msgs/cmake/easy_handeye2_msgs__rosidl_typesupport_cppExport-release.cmake
[1.241s] -- Up-to-date: /home/rokae/workspace/rokae_ros2_sim2real/install/easy_handeye2_msgs/share/easy_handeye2_msgs/cmake/export_easy_handeye2_msgs__rosidl_generator_pyExport.cmake
[1.241s] -- Up-to-date: /home/rokae/workspace/rokae_ros2_sim2real/install/easy_handeye2_msgs/share/easy_handeye2_msgs/cmake/export_easy_handeye2_msgs__rosidl_generator_pyExport-release.cmake
[1.241s] -- Up-to-date: /home/rokae/workspace/rokae_ros2_sim2real/install/easy_handeye2_msgs/share/easy_handeye2_msgs/cmake/rosidl_cmake-extras.cmake
[1.242s] -- Up-to-date: /home/rokae/workspace/rokae_ros2_sim2real/install/easy_handeye2_msgs/share/easy_handeye2_msgs/cmake/ament_cmake_export_dependencies-extras.cmake
[1.242s] -- Up-to-date: /home/rokae/workspace/rokae_ros2_sim2real/install/easy_handeye2_msgs/share/easy_handeye2_msgs/cmake/ament_cmake_export_include_directories-extras.cmake
[1.242s] -- Up-to-date: /home/rokae/workspace/rokae_ros2_sim2real/install/easy_handeye2_msgs/share/easy_handeye2_msgs/cmake/ament_cmake_export_libraries-extras.cmake
[1.242s] -- Up-to-date: /home/rokae/workspace/rokae_ros2_sim2real/install/easy_handeye2_msgs/share/easy_handeye2_msgs/cmake/ament_cmake_export_targets-extras.cmake
[1.242s] -- Up-to-date: /home/rokae/workspace/rokae_ros2_sim2real/install/easy_handeye2_msgs/share/easy_handeye2_msgs/cmake/rosidl_cmake_export_typesupport_targets-extras.cmake
[1.242s] -- Up-to-date: /home/rokae/workspace/rokae_ros2_sim2real/install/easy_handeye2_msgs/share/easy_handeye2_msgs/cmake/rosidl_cmake_export_typesupport_libraries-extras.cmake
[1.242s] -- Up-to-date: /home/rokae/workspace/rokae_ros2_sim2real/install/easy_handeye2_msgs/share/easy_handeye2_msgs/cmake/easy_handeye2_msgsConfig.cmake
[1.242s] -- Up-to-date: /home/rokae/workspace/rokae_ros2_sim2real/install/easy_handeye2_msgs/share/easy_handeye2_msgs/cmake/easy_handeye2_msgsConfig-version.cmake
[1.242s] -- Up-to-date: /home/rokae/workspace/rokae_ros2_sim2real/install/easy_handeye2_msgs/share/easy_handeye2_msgs/package.xml
[1.315s] Invoked command in '/home/rokae/workspace/rokae_ros2_sim2real/build/easy_handeye2_msgs' returned '0': CMAKE_PREFIX_PATH=${CMAKE_PREFIX_PATH}:/home/rokae/workspace/rokae_ros2_sim2real/install/easy_handeye2_demo:/home/rokae/workspace/rokae_ros2_sim2real/install/easy_handeye2:/home/rokae/workspace/ws_moveit/install/moveit_configs_utils:/home/rokae/workspace/ws_moveit/install/launch_param_builder:/opt/ros/humble /usr/bin/cmake --install /home/rokae/workspace/rokae_ros2_sim2real/build/easy_handeye2_msgs
