[0.023s] Invoking command in '/home/rokae/workspace/rokae_ros2_sim2real/build/aruco_msgs': CMAKE_PREFIX_PATH=${CMAKE_PREFIX_PATH}:/home/rokae/workspace/rokae_ros2_sim2real/install/easy_handeye2_demo:/home/rokae/workspace/rokae_ros2_sim2real/install/easy_handeye2:/home/rokae/workspace/ws_moveit/install/moveit_configs_utils:/home/rokae/workspace/ws_moveit/install/launch_param_builder:/opt/ros/humble /usr/bin/cmake --build /home/rokae/workspace/rokae_ros2_sim2real/build/aruco_msgs -- -j32 -l32
[0.069s] [  2%] Built target aruco_msgs__cpp
[0.070s] [ 12%] Built target aruco_msgs__rosidl_generator_c
[0.078s] [ 12%] Built target ament_cmake_python_copy_aruco_msgs
[0.088s] [ 23%] Built target aruco_msgs__rosidl_typesupport_c
[0.092s] [ 33%] Built target aruco_msgs__rosidl_typesupport_fastrtps_cpp
[0.093s] [ 43%] Built target aruco_msgs__rosidl_typesupport_introspection_cpp
[0.093s] [ 53%] Built target aruco_msgs__rosidl_typesupport_introspection_c
[0.094s] [ 64%] Built target aruco_msgs__rosidl_typesupport_cpp
[0.096s] [ 74%] Built target aruco_msgs__rosidl_typesupport_fastrtps_c
[0.116s] [ 74%] Built target aruco_msgs
[0.133s] [ 76%] Built target aruco_msgs__py
[0.153s] [ 84%] Built target aruco_msgs__rosidl_generator_py
[0.174s] [ 89%] Built target aruco_msgs__rosidl_typesupport_introspection_c__pyext
[0.175s] [ 94%] Built target aruco_msgs__rosidl_typesupport_c__pyext
[0.176s] [100%] Built target aruco_msgs__rosidl_typesupport_fastrtps_c__pyext
[0.225s] running egg_info
[0.225s] writing aruco_msgs.egg-info/PKG-INFO
[0.225s] writing dependency_links to aruco_msgs.egg-info/dependency_links.txt
[0.226s] writing top-level names to aruco_msgs.egg-info/top_level.txt
[0.227s] reading manifest file 'aruco_msgs.egg-info/SOURCES.txt'
[0.227s] writing manifest file 'aruco_msgs.egg-info/SOURCES.txt'
[0.246s] [100%] Built target ament_cmake_python_build_aruco_msgs_egg
