[0.087s] Invoking command in '/home/rokae/workspace/rokae_ros2_sim2real/build/aruco': CMAKE_PREFIX_PATH=${CMAKE_PREFIX_PATH}:/home/rokae/workspace/rokae_ros2_sim2real/install/easy_handeye2_demo:/home/rokae/workspace/rokae_ros2_sim2real/install/easy_handeye2:/home/rokae/workspace/ws_moveit/install/moveit_configs_utils:/home/rokae/workspace/ws_moveit/install/launch_param_builder:/opt/ros/humble /usr/bin/cmake /home/rokae/workspace/rokae_ros2_sim2real/src/aruco_ros/aruco -DCMAKE_BUILD_TYPE=Release -DCMAKE_INSTALL_PREFIX=/home/rokae/workspace/rokae_ros2_sim2real/install/aruco
[0.116s] -- Found ament_cmake: 1.3.11 (/opt/ros/humble/share/ament_cmake/cmake)
[0.676s] -- Configuring done
[0.695s] -- Generating done
[0.701s] -- Build files have been written to: /home/rokae/workspace/rokae_ros2_sim2real/build/aruco
[0.706s] Invoked command in '/home/rokae/workspace/rokae_ros2_sim2real/build/aruco' returned '0': CMAKE_PREFIX_PATH=${CMAKE_PREFIX_PATH}:/home/rokae/workspace/rokae_ros2_sim2real/install/easy_handeye2_demo:/home/rokae/workspace/rokae_ros2_sim2real/install/easy_handeye2:/home/rokae/workspace/ws_moveit/install/moveit_configs_utils:/home/rokae/workspace/ws_moveit/install/launch_param_builder:/opt/ros/humble /usr/bin/cmake /home/rokae/workspace/rokae_ros2_sim2real/src/aruco_ros/aruco -DCMAKE_BUILD_TYPE=Release -DCMAKE_INSTALL_PREFIX=/home/rokae/workspace/rokae_ros2_sim2real/install/aruco
[0.710s] Invoking command in '/home/rokae/workspace/rokae_ros2_sim2real/build/aruco': CMAKE_PREFIX_PATH=${CMAKE_PREFIX_PATH}:/home/rokae/workspace/rokae_ros2_sim2real/install/easy_handeye2_demo:/home/rokae/workspace/rokae_ros2_sim2real/install/easy_handeye2:/home/rokae/workspace/ws_moveit/install/moveit_configs_utils:/home/rokae/workspace/ws_moveit/install/launch_param_builder:/opt/ros/humble /usr/bin/cmake --build /home/rokae/workspace/rokae_ros2_sim2real/build/aruco -- -j32 -l32
[0.838s] [35m[1mConsolidate compiler generated dependencies of target aruco[0m
[0.903s] [  5%] [32mBuilding CXX object CMakeFiles/aruco.dir/src/aruco/dictionary_based.cpp.o[0m
[0.908s] [ 11%] [32mBuilding CXX object CMakeFiles/aruco.dir/src/aruco/markerlabeler.cpp.o[0m
[0.908s] [ 22%] [32mBuilding CXX object CMakeFiles/aruco.dir/src/aruco/fractaldetector.cpp.o[0m
[0.909s] [ 27%] [32mBuilding CXX object CMakeFiles/aruco.dir/src/aruco/cvdrawingutils.cpp.o[0m
[0.909s] [ 27%] [32mBuilding CXX object CMakeFiles/aruco.dir/src/aruco/markermap.cpp.o[0m
[0.909s] [ 33%] [32mBuilding CXX object CMakeFiles/aruco.dir/src/aruco/cameraparameters.cpp.o[0m
[0.909s] [ 38%] [32mBuilding CXX object CMakeFiles/aruco.dir/src/aruco/debug.cpp.o[0m
[0.910s] [ 44%] [32mBuilding CXX object CMakeFiles/aruco.dir/src/aruco/dictionary.cpp.o[0m
[0.910s] [ 50%] [32mBuilding CXX object CMakeFiles/aruco.dir/src/aruco/marker.cpp.o[0m
[0.911s] [ 55%] [32mBuilding CXX object CMakeFiles/aruco.dir/src/aruco/fractallabelers/fractallabeler.cpp.o[0m
[0.913s] [ 61%] [32mBuilding CXX object CMakeFiles/aruco.dir/src/aruco/ippe.cpp.o[0m
[0.914s] [ 72%] [32mBuilding CXX object CMakeFiles/aruco.dir/src/aruco/fractallabelers/fractalposetracker.cpp.o[0m
[0.914s] [ 72%] [32mBuilding CXX object CMakeFiles/aruco.dir/src/aruco/markerdetector.cpp.o[0m
[0.914s] [ 77%] [32mBuilding CXX object CMakeFiles/aruco.dir/src/aruco/markerdetector_impl.cpp.o[0m
[0.918s] [ 83%] [32mBuilding CXX object CMakeFiles/aruco.dir/src/aruco/posetracker.cpp.o[0m
[0.918s] [ 88%] [32mBuilding CXX object CMakeFiles/aruco.dir/src/aruco/fractallabelers/fractalmarker.cpp.o[0m
[0.919s] [ 94%] [32mBuilding CXX object CMakeFiles/aruco.dir/src/aruco/fractallabelers/fractalmarkerset.cpp.o[0m
[19.163s] [100%] [32m[1mLinking CXX shared library libaruco.so[0m
[20.162s] [100%] Built target aruco
[20.190s] Invoked command in '/home/rokae/workspace/rokae_ros2_sim2real/build/aruco' returned '0': CMAKE_PREFIX_PATH=${CMAKE_PREFIX_PATH}:/home/rokae/workspace/rokae_ros2_sim2real/install/easy_handeye2_demo:/home/rokae/workspace/rokae_ros2_sim2real/install/easy_handeye2:/home/rokae/workspace/ws_moveit/install/moveit_configs_utils:/home/rokae/workspace/ws_moveit/install/launch_param_builder:/opt/ros/humble /usr/bin/cmake --build /home/rokae/workspace/rokae_ros2_sim2real/build/aruco -- -j32 -l32
[20.193s] Invoking command in '/home/rokae/workspace/rokae_ros2_sim2real/build/aruco': CMAKE_PREFIX_PATH=${CMAKE_PREFIX_PATH}:/home/rokae/workspace/rokae_ros2_sim2real/install/easy_handeye2_demo:/home/rokae/workspace/rokae_ros2_sim2real/install/easy_handeye2:/home/rokae/workspace/ws_moveit/install/moveit_configs_utils:/home/rokae/workspace/ws_moveit/install/launch_param_builder:/opt/ros/humble /usr/bin/cmake --install /home/rokae/workspace/rokae_ros2_sim2real/build/aruco
[20.214s] -- Install configuration: "Release"
[20.214s] -- Installing: /home/rokae/workspace/rokae_ros2_sim2real/install/aruco/lib/libaruco.so
[20.216s] -- Up-to-date: /home/rokae/workspace/rokae_ros2_sim2real/install/aruco/include
[20.216s] -- Up-to-date: /home/rokae/workspace/rokae_ros2_sim2real/install/aruco/include/aruco
[20.216s] -- Up-to-date: /home/rokae/workspace/rokae_ros2_sim2real/install/aruco/include/aruco/marker.h
[20.216s] -- Up-to-date: /home/rokae/workspace/rokae_ros2_sim2real/install/aruco/include/aruco/debug.h
[20.216s] -- Up-to-date: /home/rokae/workspace/rokae_ros2_sim2real/install/aruco/include/aruco/levmarq.h
[20.216s] -- Up-to-date: /home/rokae/workspace/rokae_ros2_sim2real/install/aruco/include/aruco/markerlabeler.h
[20.217s] -- Up-to-date: /home/rokae/workspace/rokae_ros2_sim2real/install/aruco/include/aruco/fractallabelers
[20.217s] -- Up-to-date: /home/rokae/workspace/rokae_ros2_sim2real/install/aruco/include/aruco/fractallabelers/fractalmarker.h
[20.217s] -- Up-to-date: /home/rokae/workspace/rokae_ros2_sim2real/install/aruco/include/aruco/fractallabelers/fractalposetracker.h
[20.217s] -- Up-to-date: /home/rokae/workspace/rokae_ros2_sim2real/install/aruco/include/aruco/fractallabelers/fractallabeler.h
[20.217s] -- Up-to-date: /home/rokae/workspace/rokae_ros2_sim2real/install/aruco/include/aruco/fractallabelers/fractalmarkerset.h
[20.217s] -- Up-to-date: /home/rokae/workspace/rokae_ros2_sim2real/install/aruco/include/aruco/ippe.h
[20.217s] -- Up-to-date: /home/rokae/workspace/rokae_ros2_sim2real/install/aruco/include/aruco/fractaldetector.h
[20.217s] -- Up-to-date: /home/rokae/workspace/rokae_ros2_sim2real/install/aruco/include/aruco/aruco_export.h
[20.218s] -- Up-to-date: /home/rokae/workspace/rokae_ros2_sim2real/install/aruco/include/aruco/cvdrawingutils.h
[20.218s] -- Up-to-date: /home/rokae/workspace/rokae_ros2_sim2real/install/aruco/include/aruco/timers.h
[20.218s] -- Up-to-date: /home/rokae/workspace/rokae_ros2_sim2real/install/aruco/include/aruco/cameraparameters.h
[20.218s] -- Up-to-date: /home/rokae/workspace/rokae_ros2_sim2real/install/aruco/include/aruco/markerdetector.h
[20.218s] -- Up-to-date: /home/rokae/workspace/rokae_ros2_sim2real/install/aruco/include/aruco/dictionary.h
[20.218s] -- Up-to-date: /home/rokae/workspace/rokae_ros2_sim2real/install/aruco/include/aruco/picoflann.h
[20.218s] -- Up-to-date: /home/rokae/workspace/rokae_ros2_sim2real/install/aruco/include/aruco/markerdetector_impl.h
[20.218s] -- Up-to-date: /home/rokae/workspace/rokae_ros2_sim2real/install/aruco/include/aruco/aruco.h
[20.219s] -- Up-to-date: /home/rokae/workspace/rokae_ros2_sim2real/install/aruco/include/aruco/dictionary_based.h
[20.219s] -- Up-to-date: /home/rokae/workspace/rokae_ros2_sim2real/install/aruco/include/aruco/markermap.h
[20.219s] -- Up-to-date: /home/rokae/workspace/rokae_ros2_sim2real/install/aruco/include/aruco/posetracker.h
[20.219s] -- Up-to-date: /home/rokae/workspace/rokae_ros2_sim2real/install/aruco/include/aruco/aruco_cvversioning.h
[20.219s] -- Up-to-date: /home/rokae/workspace/rokae_ros2_sim2real/install/aruco/share/aruco/environment/library_path.sh
[20.219s] -- Installing: /home/rokae/workspace/rokae_ros2_sim2real/install/aruco/share/aruco/environment/library_path.dsv
[20.219s] -- Up-to-date: /home/rokae/workspace/rokae_ros2_sim2real/install/aruco/share/ament_index/resource_index/package_run_dependencies/aruco
[20.219s] -- Installing: /home/rokae/workspace/rokae_ros2_sim2real/install/aruco/share/ament_index/resource_index/parent_prefix_path/aruco
[20.219s] -- Up-to-date: /home/rokae/workspace/rokae_ros2_sim2real/install/aruco/share/aruco/environment/ament_prefix_path.sh
[20.219s] -- Installing: /home/rokae/workspace/rokae_ros2_sim2real/install/aruco/share/aruco/environment/ament_prefix_path.dsv
[20.220s] -- Up-to-date: /home/rokae/workspace/rokae_ros2_sim2real/install/aruco/share/aruco/environment/path.sh
[20.220s] -- Installing: /home/rokae/workspace/rokae_ros2_sim2real/install/aruco/share/aruco/environment/path.dsv
[20.220s] -- Up-to-date: /home/rokae/workspace/rokae_ros2_sim2real/install/aruco/share/aruco/local_setup.bash
[20.220s] -- Up-to-date: /home/rokae/workspace/rokae_ros2_sim2real/install/aruco/share/aruco/local_setup.sh
[20.220s] -- Up-to-date: /home/rokae/workspace/rokae_ros2_sim2real/install/aruco/share/aruco/local_setup.zsh
[20.221s] -- Installing: /home/rokae/workspace/rokae_ros2_sim2real/install/aruco/share/aruco/local_setup.dsv
[20.221s] -- Installing: /home/rokae/workspace/rokae_ros2_sim2real/install/aruco/share/aruco/package.dsv
[20.221s] -- Up-to-date: /home/rokae/workspace/rokae_ros2_sim2real/install/aruco/share/ament_index/resource_index/packages/aruco
[20.221s] -- Up-to-date: /home/rokae/workspace/rokae_ros2_sim2real/install/aruco/share/aruco/cmake/ament_cmake_export_include_directories-extras.cmake
[20.221s] -- Up-to-date: /home/rokae/workspace/rokae_ros2_sim2real/install/aruco/share/aruco/cmake/ament_cmake_export_libraries-extras.cmake
[20.221s] -- Up-to-date: /home/rokae/workspace/rokae_ros2_sim2real/install/aruco/share/aruco/cmake/arucoConfig.cmake
[20.221s] -- Up-to-date: /home/rokae/workspace/rokae_ros2_sim2real/install/aruco/share/aruco/cmake/arucoConfig-version.cmake
[20.221s] -- Up-to-date: /home/rokae/workspace/rokae_ros2_sim2real/install/aruco/share/aruco/package.xml
[20.223s] Invoked command in '/home/rokae/workspace/rokae_ros2_sim2real/build/aruco' returned '0': CMAKE_PREFIX_PATH=${CMAKE_PREFIX_PATH}:/home/rokae/workspace/rokae_ros2_sim2real/install/easy_handeye2_demo:/home/rokae/workspace/rokae_ros2_sim2real/install/easy_handeye2:/home/rokae/workspace/ws_moveit/install/moveit_configs_utils:/home/rokae/workspace/ws_moveit/install/launch_param_builder:/opt/ros/humble /usr/bin/cmake --install /home/rokae/workspace/rokae_ros2_sim2real/build/aruco
