[0.114s] Invoking command in '/home/rokae/workspace/rokae_ros2_sim2real/build/easy_handeye2_msgs': CMAKE_PREFIX_PATH=${CMAKE_PREFIX_PATH}:/home/rokae/workspace/rokae_ros2_sim2real/install/easy_handeye2_demo:/home/rokae/workspace/rokae_ros2_sim2real/install/easy_handeye2:/home/rokae/workspace/ws_moveit/install/moveit_configs_utils:/home/rokae/workspace/ws_moveit/install/launch_param_builder:/opt/ros/humble /usr/bin/cmake /home/rokae/workspace/rokae_ros2_sim2real/src/easy_handeye2/easy_handeye2_msgs -DCMAKE_INSTALL_PREFIX=/home/rokae/workspace/rokae_ros2_sim2real/install/easy_handeye2_msgs
[0.144s] -- Found ament_cmake: 1.3.11 (/opt/ros/humble/share/ament_cmake/cmake)
[0.430s] -- Found rosidl_default_generators: 1.2.0 (/opt/ros/humble/share/rosidl_default_generators/cmake)
[0.474s] -- Using all available rosidl_typesupport_c: rosidl_typesupport_fastrtps_c;rosidl_typesupport_introspection_c
[0.479s] -- Found rosidl_adapter: 3.1.6 (/opt/ros/humble/share/rosidl_adapter/cmake)
[0.555s] -- Using all available rosidl_typesupport_cpp: rosidl_typesupport_fastrtps_cpp;rosidl_typesupport_introspection_cpp
[0.605s] -- Found std_msgs: 4.2.4 (/opt/ros/humble/share/std_msgs/cmake)
[0.661s] -- Found geometry_msgs: 4.2.4 (/opt/ros/humble/share/geometry_msgs/cmake)
[1.556s] -- Found ament_cmake_ros: 0.10.0 (/opt/ros/humble/share/ament_cmake_ros/cmake)
[2.144s] -- Using all available rosidl_typesupport_c: rosidl_typesupport_fastrtps_c;rosidl_typesupport_introspection_c
[2.873s] -- Using all available rosidl_typesupport_cpp: rosidl_typesupport_fastrtps_cpp;rosidl_typesupport_introspection_cpp
[2.923s] -- Found python_cmake_module: 0.10.0 (/opt/ros/humble/share/python_cmake_module/cmake)
[2.976s] -- Using PYTHON_EXECUTABLE: /usr/bin/python3
[2.976s] -- Using PYTHON_INCLUDE_DIRS: /usr/include/python3.10
[2.976s] -- Using PYTHON_LIBRARIES: /usr/lib/x86_64-linux-gnu/libpython3.10.so
[3.260s] -- Configuring done
[3.388s] -- Generating done
[3.418s] -- Build files have been written to: /home/rokae/workspace/rokae_ros2_sim2real/build/easy_handeye2_msgs
[3.431s] Invoked command in '/home/rokae/workspace/rokae_ros2_sim2real/build/easy_handeye2_msgs' returned '0': CMAKE_PREFIX_PATH=${CMAKE_PREFIX_PATH}:/home/rokae/workspace/rokae_ros2_sim2real/install/easy_handeye2_demo:/home/rokae/workspace/rokae_ros2_sim2real/install/easy_handeye2:/home/rokae/workspace/ws_moveit/install/moveit_configs_utils:/home/rokae/workspace/ws_moveit/install/launch_param_builder:/opt/ros/humble /usr/bin/cmake /home/rokae/workspace/rokae_ros2_sim2real/src/easy_handeye2/easy_handeye2_msgs -DCMAKE_INSTALL_PREFIX=/home/rokae/workspace/rokae_ros2_sim2real/install/easy_handeye2_msgs
[3.435s] Invoking command in '/home/rokae/workspace/rokae_ros2_sim2real/build/easy_handeye2_msgs': CMAKE_PREFIX_PATH=${CMAKE_PREFIX_PATH}:/home/rokae/workspace/rokae_ros2_sim2real/install/easy_handeye2_demo:/home/rokae/workspace/rokae_ros2_sim2real/install/easy_handeye2:/home/rokae/workspace/ws_moveit/install/moveit_configs_utils:/home/rokae/workspace/ws_moveit/install/launch_param_builder:/opt/ros/humble /usr/bin/cmake --build /home/rokae/workspace/rokae_ros2_sim2real/build/easy_handeye2_msgs -- -j32 -l32
[3.563s] [35m[1mConsolidate compiler generated dependencies of target easy_handeye2_msgs__rosidl_generator_c[0m
[3.586s] [  0%] Built target easy_handeye2_msgs__cpp
[3.611s] [ 12%] Built target easy_handeye2_msgs__rosidl_generator_c
[3.616s] [ 12%] Built target ament_cmake_python_copy_easy_handeye2_msgs
[3.625s] [35m[1mConsolidate compiler generated dependencies of target easy_handeye2_msgs__rosidl_typesupport_cpp[0m
[3.628s] [35m[1mConsolidate compiler generated dependencies of target easy_handeye2_msgs__rosidl_typesupport_introspection_cpp[0m
[3.630s] [35m[1mConsolidate compiler generated dependencies of target easy_handeye2_msgs__rosidl_typesupport_fastrtps_cpp[0m
[3.647s] [35m[1mConsolidate compiler generated dependencies of target easy_handeye2_msgs__rosidl_typesupport_c[0m
[3.655s] [35m[1mConsolidate compiler generated dependencies of target easy_handeye2_msgs__rosidl_typesupport_introspection_c[0m
[3.656s] [35m[1mConsolidate compiler generated dependencies of target easy_handeye2_msgs__rosidl_typesupport_fastrtps_c[0m
[3.675s] [ 24%] Built target easy_handeye2_msgs__rosidl_typesupport_cpp
[3.684s] [ 36%] Built target easy_handeye2_msgs__rosidl_typesupport_introspection_cpp
[3.686s] [ 48%] Built target easy_handeye2_msgs__rosidl_typesupport_c
[3.688s] [ 60%] Built target easy_handeye2_msgs__rosidl_typesupport_fastrtps_cpp
[3.695s] [ 72%] Built target easy_handeye2_msgs__rosidl_typesupport_introspection_c
[3.715s] [ 84%] Built target easy_handeye2_msgs__rosidl_typesupport_fastrtps_c
[3.773s] [ 84%] Built target easy_handeye2_msgs
[3.843s] [ 85%] Built target easy_handeye2_msgs__py
[3.883s] [35m[1mConsolidate compiler generated dependencies of target easy_handeye2_msgs__rosidl_generator_py[0m
[3.940s] [ 96%] Built target easy_handeye2_msgs__rosidl_generator_py
[3.970s] [35m[1mConsolidate compiler generated dependencies of target easy_handeye2_msgs__rosidl_typesupport_c__pyext[0m
[3.975s] [35m[1mConsolidate compiler generated dependencies of target easy_handeye2_msgs__rosidl_typesupport_fastrtps_c__pyext[0m
[3.975s] [35m[1mConsolidate compiler generated dependencies of target easy_handeye2_msgs__rosidl_typesupport_introspection_c__pyext[0m
[4.008s] [ 97%] Built target easy_handeye2_msgs__rosidl_typesupport_fastrtps_c__pyext
[4.011s] [ 98%] Built target easy_handeye2_msgs__rosidl_typesupport_c__pyext
[4.015s] [100%] Built target easy_handeye2_msgs__rosidl_typesupport_introspection_c__pyext
[4.120s] running egg_info
[4.122s] writing easy_handeye2_msgs.egg-info/PKG-INFO
[4.122s] writing dependency_links to easy_handeye2_msgs.egg-info/dependency_links.txt
[4.122s] writing top-level names to easy_handeye2_msgs.egg-info/top_level.txt
[4.127s] reading manifest file 'easy_handeye2_msgs.egg-info/SOURCES.txt'
[4.128s] writing manifest file 'easy_handeye2_msgs.egg-info/SOURCES.txt'
[4.187s] [100%] Built target ament_cmake_python_build_easy_handeye2_msgs_egg
[4.215s] Invoked command in '/home/rokae/workspace/rokae_ros2_sim2real/build/easy_handeye2_msgs' returned '0': CMAKE_PREFIX_PATH=${CMAKE_PREFIX_PATH}:/home/rokae/workspace/rokae_ros2_sim2real/install/easy_handeye2_demo:/home/rokae/workspace/rokae_ros2_sim2real/install/easy_handeye2:/home/rokae/workspace/ws_moveit/install/moveit_configs_utils:/home/rokae/workspace/ws_moveit/install/launch_param_builder:/opt/ros/humble /usr/bin/cmake --build /home/rokae/workspace/rokae_ros2_sim2real/build/easy_handeye2_msgs -- -j32 -l32
[4.219s] Invoking command in '/home/rokae/workspace/rokae_ros2_sim2real/build/easy_handeye2_msgs': CMAKE_PREFIX_PATH=${CMAKE_PREFIX_PATH}:/home/rokae/workspace/rokae_ros2_sim2real/install/easy_handeye2_demo:/home/rokae/workspace/rokae_ros2_sim2real/install/easy_handeye2:/home/rokae/workspace/ws_moveit/install/moveit_configs_utils:/home/rokae/workspace/ws_moveit/install/launch_param_builder:/opt/ros/humble /usr/bin/cmake --install /home/rokae/workspace/rokae_ros2_sim2real/build/easy_handeye2_msgs
[4.239s] -- Install configuration: "Release"
[4.239s] -- Up-to-date: /home/rokae/workspace/rokae_ros2_sim2real/install/easy_handeye2_msgs/share/ament_index/resource_index/rosidl_interfaces/easy_handeye2_msgs
[4.239s] -- Up-to-date: /home/rokae/workspace/rokae_ros2_sim2real/install/easy_handeye2_msgs/include/easy_handeye2_msgs/easy_handeye2_msgs
[4.239s] -- Up-to-date: /home/rokae/workspace/rokae_ros2_sim2real/install/easy_handeye2_msgs/include/easy_handeye2_msgs/easy_handeye2_msgs/msg
[4.239s] -- Up-to-date: /home/rokae/workspace/rokae_ros2_sim2real/install/easy_handeye2_msgs/include/easy_handeye2_msgs/easy_handeye2_msgs/msg/sample.h
[4.239s] -- Up-to-date: /home/rokae/workspace/rokae_ros2_sim2real/install/easy_handeye2_msgs/include/easy_handeye2_msgs/easy_handeye2_msgs/msg/handeye_calibration_parameters.h
[4.239s] -- Up-to-date: /home/rokae/workspace/rokae_ros2_sim2real/install/easy_handeye2_msgs/include/easy_handeye2_msgs/easy_handeye2_msgs/msg/rosidl_generator_c__visibility_control.h
[4.240s] -- Up-to-date: /home/rokae/workspace/rokae_ros2_sim2real/install/easy_handeye2_msgs/include/easy_handeye2_msgs/easy_handeye2_msgs/msg/detail
[4.240s] -- Up-to-date: /home/rokae/workspace/rokae_ros2_sim2real/install/easy_handeye2_msgs/include/easy_handeye2_msgs/easy_handeye2_msgs/msg/detail/handeye_calibration__struct.h
[4.240s] -- Up-to-date: /home/rokae/workspace/rokae_ros2_sim2real/install/easy_handeye2_msgs/include/easy_handeye2_msgs/easy_handeye2_msgs/msg/detail/handeye_calibration__functions.c
[4.240s] -- Up-to-date: /home/rokae/workspace/rokae_ros2_sim2real/install/easy_handeye2_msgs/include/easy_handeye2_msgs/easy_handeye2_msgs/msg/detail/handeye_calibration_parameters__functions.c
[4.240s] -- Up-to-date: /home/rokae/workspace/rokae_ros2_sim2real/install/easy_handeye2_msgs/include/easy_handeye2_msgs/easy_handeye2_msgs/msg/detail/sample__struct.h
[4.240s] -- Up-to-date: /home/rokae/workspace/rokae_ros2_sim2real/install/easy_handeye2_msgs/include/easy_handeye2_msgs/easy_handeye2_msgs/msg/detail/handeye_calibration__functions.h
[4.240s] -- Up-to-date: /home/rokae/workspace/rokae_ros2_sim2real/install/easy_handeye2_msgs/include/easy_handeye2_msgs/easy_handeye2_msgs/msg/detail/target_pose_list__struct.h
[4.241s] -- Up-to-date: /home/rokae/workspace/rokae_ros2_sim2real/install/easy_handeye2_msgs/include/easy_handeye2_msgs/easy_handeye2_msgs/msg/detail/sample__functions.c
[4.241s] -- Up-to-date: /home/rokae/workspace/rokae_ros2_sim2real/install/easy_handeye2_msgs/include/easy_handeye2_msgs/easy_handeye2_msgs/msg/detail/sample_list__functions.h
[4.241s] -- Up-to-date: /home/rokae/workspace/rokae_ros2_sim2real/install/easy_handeye2_msgs/include/easy_handeye2_msgs/easy_handeye2_msgs/msg/detail/sample__functions.h
[4.241s] -- Up-to-date: /home/rokae/workspace/rokae_ros2_sim2real/install/easy_handeye2_msgs/include/easy_handeye2_msgs/easy_handeye2_msgs/msg/detail/sample__type_support.h
[4.241s] -- Up-to-date: /home/rokae/workspace/rokae_ros2_sim2real/install/easy_handeye2_msgs/include/easy_handeye2_msgs/easy_handeye2_msgs/msg/detail/sample_list__struct.h
[4.241s] -- Up-to-date: /home/rokae/workspace/rokae_ros2_sim2real/install/easy_handeye2_msgs/include/easy_handeye2_msgs/easy_handeye2_msgs/msg/detail/sample_list__type_support.h
[4.241s] -- Up-to-date: /home/rokae/workspace/rokae_ros2_sim2real/install/easy_handeye2_msgs/include/easy_handeye2_msgs/easy_handeye2_msgs/msg/detail/target_pose_list__functions.h
[4.241s] -- Up-to-date: /home/rokae/workspace/rokae_ros2_sim2real/install/easy_handeye2_msgs/include/easy_handeye2_msgs/easy_handeye2_msgs/msg/detail/target_pose_list__functions.c
[4.242s] -- Up-to-date: /home/rokae/workspace/rokae_ros2_sim2real/install/easy_handeye2_msgs/include/easy_handeye2_msgs/easy_handeye2_msgs/msg/detail/handeye_calibration_parameters__type_support.h
[4.242s] -- Up-to-date: /home/rokae/workspace/rokae_ros2_sim2real/install/easy_handeye2_msgs/include/easy_handeye2_msgs/easy_handeye2_msgs/msg/detail/handeye_calibration_parameters__functions.h
[4.242s] -- Up-to-date: /home/rokae/workspace/rokae_ros2_sim2real/install/easy_handeye2_msgs/include/easy_handeye2_msgs/easy_handeye2_msgs/msg/detail/handeye_calibration__type_support.h
[4.242s] -- Up-to-date: /home/rokae/workspace/rokae_ros2_sim2real/install/easy_handeye2_msgs/include/easy_handeye2_msgs/easy_handeye2_msgs/msg/detail/sample_list__functions.c
[4.243s] -- Up-to-date: /home/rokae/workspace/rokae_ros2_sim2real/install/easy_handeye2_msgs/include/easy_handeye2_msgs/easy_handeye2_msgs/msg/detail/handeye_calibration_parameters__struct.h
[4.243s] -- Up-to-date: /home/rokae/workspace/rokae_ros2_sim2real/install/easy_handeye2_msgs/include/easy_handeye2_msgs/easy_handeye2_msgs/msg/detail/target_pose_list__type_support.h
[4.243s] -- Up-to-date: /home/rokae/workspace/rokae_ros2_sim2real/install/easy_handeye2_msgs/include/easy_handeye2_msgs/easy_handeye2_msgs/msg/target_pose_list.h
[4.243s] -- Up-to-date: /home/rokae/workspace/rokae_ros2_sim2real/install/easy_handeye2_msgs/include/easy_handeye2_msgs/easy_handeye2_msgs/msg/sample_list.h
[4.244s] -- Up-to-date: /home/rokae/workspace/rokae_ros2_sim2real/install/easy_handeye2_msgs/include/easy_handeye2_msgs/easy_handeye2_msgs/msg/handeye_calibration.h
[4.244s] -- Up-to-date: /home/rokae/workspace/rokae_ros2_sim2real/install/easy_handeye2_msgs/include/easy_handeye2_msgs/easy_handeye2_msgs/srv
[4.244s] -- Up-to-date: /home/rokae/workspace/rokae_ros2_sim2real/install/easy_handeye2_msgs/include/easy_handeye2_msgs/easy_handeye2_msgs/srv/remove_sample.h
[4.244s] -- Up-to-date: /home/rokae/workspace/rokae_ros2_sim2real/install/easy_handeye2_msgs/include/easy_handeye2_msgs/easy_handeye2_msgs/srv/load_samples.h
[4.244s] -- Up-to-date: /home/rokae/workspace/rokae_ros2_sim2real/install/easy_handeye2_msgs/include/easy_handeye2_msgs/easy_handeye2_msgs/srv/take_sample.h
[4.244s] -- Up-to-date: /home/rokae/workspace/rokae_ros2_sim2real/install/easy_handeye2_msgs/include/easy_handeye2_msgs/easy_handeye2_msgs/srv/save_samples.h
[4.244s] -- Up-to-date: /home/rokae/workspace/rokae_ros2_sim2real/install/easy_handeye2_msgs/include/easy_handeye2_msgs/easy_handeye2_msgs/srv/check_starting_pose.h
[4.244s] -- Up-to-date: /home/rokae/workspace/rokae_ros2_sim2real/install/easy_handeye2_msgs/include/easy_handeye2_msgs/easy_handeye2_msgs/srv/select_target_pose.h
[4.244s] -- Up-to-date: /home/rokae/workspace/rokae_ros2_sim2real/install/easy_handeye2_msgs/include/easy_handeye2_msgs/easy_handeye2_msgs/srv/compute_calibration.h
[4.245s] -- Up-to-date: /home/rokae/workspace/rokae_ros2_sim2real/install/easy_handeye2_msgs/include/easy_handeye2_msgs/easy_handeye2_msgs/srv/detail
[4.245s] -- Up-to-date: /home/rokae/workspace/rokae_ros2_sim2real/install/easy_handeye2_msgs/include/easy_handeye2_msgs/easy_handeye2_msgs/srv/detail/remove_sample__functions.h
[4.245s] -- Up-to-date: /home/rokae/workspace/rokae_ros2_sim2real/install/easy_handeye2_msgs/include/easy_handeye2_msgs/easy_handeye2_msgs/srv/detail/check_starting_pose__functions.c
[4.245s] -- Up-to-date: /home/rokae/workspace/rokae_ros2_sim2real/install/easy_handeye2_msgs/include/easy_handeye2_msgs/easy_handeye2_msgs/srv/detail/select_target_pose__struct.h
[4.245s] -- Up-to-date: /home/rokae/workspace/rokae_ros2_sim2real/install/easy_handeye2_msgs/include/easy_handeye2_msgs/easy_handeye2_msgs/srv/detail/execute_plan__type_support.h
[4.245s] -- Up-to-date: /home/rokae/workspace/rokae_ros2_sim2real/install/easy_handeye2_msgs/include/easy_handeye2_msgs/easy_handeye2_msgs/srv/detail/save_samples__functions.h
[4.245s] -- Up-to-date: /home/rokae/workspace/rokae_ros2_sim2real/install/easy_handeye2_msgs/include/easy_handeye2_msgs/easy_handeye2_msgs/srv/detail/save_calibration__functions.c
[4.245s] -- Up-to-date: /home/rokae/workspace/rokae_ros2_sim2real/install/easy_handeye2_msgs/include/easy_handeye2_msgs/easy_handeye2_msgs/srv/detail/save_samples__functions.c
[4.245s] -- Up-to-date: /home/rokae/workspace/rokae_ros2_sim2real/install/easy_handeye2_msgs/include/easy_handeye2_msgs/easy_handeye2_msgs/srv/detail/check_starting_pose__struct.h
[4.245s] -- Up-to-date: /home/rokae/workspace/rokae_ros2_sim2real/install/easy_handeye2_msgs/include/easy_handeye2_msgs/easy_handeye2_msgs/srv/detail/plan_to_selected_target_pose__type_support.h
[4.245s] -- Up-to-date: /home/rokae/workspace/rokae_ros2_sim2real/install/easy_handeye2_msgs/include/easy_handeye2_msgs/easy_handeye2_msgs/srv/detail/save_calibration__functions.h
[4.246s] -- Up-to-date: /home/rokae/workspace/rokae_ros2_sim2real/install/easy_handeye2_msgs/include/easy_handeye2_msgs/easy_handeye2_msgs/srv/detail/save_calibration__struct.h
[4.246s] -- Up-to-date: /home/rokae/workspace/rokae_ros2_sim2real/install/easy_handeye2_msgs/include/easy_handeye2_msgs/easy_handeye2_msgs/srv/detail/load_samples__functions.h
[4.246s] -- Up-to-date: /home/rokae/workspace/rokae_ros2_sim2real/install/easy_handeye2_msgs/include/easy_handeye2_msgs/easy_handeye2_msgs/srv/detail/compute_calibration__struct.h
[4.246s] -- Up-to-date: /home/rokae/workspace/rokae_ros2_sim2real/install/easy_handeye2_msgs/include/easy_handeye2_msgs/easy_handeye2_msgs/srv/detail/take_sample__type_support.h
[4.246s] -- Up-to-date: /home/rokae/workspace/rokae_ros2_sim2real/install/easy_handeye2_msgs/include/easy_handeye2_msgs/easy_handeye2_msgs/srv/detail/enumerate_target_poses__functions.h
[4.246s] -- Up-to-date: /home/rokae/workspace/rokae_ros2_sim2real/install/easy_handeye2_msgs/include/easy_handeye2_msgs/easy_handeye2_msgs/srv/detail/take_sample__struct.h
[4.246s] -- Up-to-date: /home/rokae/workspace/rokae_ros2_sim2real/install/easy_handeye2_msgs/include/easy_handeye2_msgs/easy_handeye2_msgs/srv/detail/take_sample__functions.h
[4.246s] -- Up-to-date: /home/rokae/workspace/rokae_ros2_sim2real/install/easy_handeye2_msgs/include/easy_handeye2_msgs/easy_handeye2_msgs/srv/detail/select_target_pose__type_support.h
[4.246s] -- Up-to-date: /home/rokae/workspace/rokae_ros2_sim2real/install/easy_handeye2_msgs/include/easy_handeye2_msgs/easy_handeye2_msgs/srv/detail/select_target_pose__functions.h
[4.246s] -- Up-to-date: /home/rokae/workspace/rokae_ros2_sim2real/install/easy_handeye2_msgs/include/easy_handeye2_msgs/easy_handeye2_msgs/srv/detail/set_algorithm__type_support.h
[4.247s] -- Up-to-date: /home/rokae/workspace/rokae_ros2_sim2real/install/easy_handeye2_msgs/include/easy_handeye2_msgs/easy_handeye2_msgs/srv/detail/load_samples__type_support.h
[4.247s] -- Up-to-date: /home/rokae/workspace/rokae_ros2_sim2real/install/easy_handeye2_msgs/include/easy_handeye2_msgs/easy_handeye2_msgs/srv/detail/execute_plan__struct.h
[4.247s] -- Up-to-date: /home/rokae/workspace/rokae_ros2_sim2real/install/easy_handeye2_msgs/include/easy_handeye2_msgs/easy_handeye2_msgs/srv/detail/list_algorithms__functions.h
[4.247s] -- Up-to-date: /home/rokae/workspace/rokae_ros2_sim2real/install/easy_handeye2_msgs/include/easy_handeye2_msgs/easy_handeye2_msgs/srv/detail/plan_to_selected_target_pose__struct.h
[4.247s] -- Up-to-date: /home/rokae/workspace/rokae_ros2_sim2real/install/easy_handeye2_msgs/include/easy_handeye2_msgs/easy_handeye2_msgs/srv/detail/enumerate_target_poses__type_support.h
[4.247s] -- Up-to-date: /home/rokae/workspace/rokae_ros2_sim2real/install/easy_handeye2_msgs/include/easy_handeye2_msgs/easy_handeye2_msgs/srv/detail/set_algorithm__functions.h
[4.247s] -- Up-to-date: /home/rokae/workspace/rokae_ros2_sim2real/install/easy_handeye2_msgs/include/easy_handeye2_msgs/easy_handeye2_msgs/srv/detail/plan_to_selected_target_pose__functions.h
[4.247s] -- Up-to-date: /home/rokae/workspace/rokae_ros2_sim2real/install/easy_handeye2_msgs/include/easy_handeye2_msgs/easy_handeye2_msgs/srv/detail/enumerate_target_poses__functions.c
[4.247s] -- Up-to-date: /home/rokae/workspace/rokae_ros2_sim2real/install/easy_handeye2_msgs/include/easy_handeye2_msgs/easy_handeye2_msgs/srv/detail/select_target_pose__functions.c
[4.247s] -- Up-to-date: /home/rokae/workspace/rokae_ros2_sim2real/install/easy_handeye2_msgs/include/easy_handeye2_msgs/easy_handeye2_msgs/srv/detail/save_samples__type_support.h
[4.248s] -- Up-to-date: /home/rokae/workspace/rokae_ros2_sim2real/install/easy_handeye2_msgs/include/easy_handeye2_msgs/easy_handeye2_msgs/srv/detail/execute_plan__functions.h
[4.248s] -- Up-to-date: /home/rokae/workspace/rokae_ros2_sim2real/install/easy_handeye2_msgs/include/easy_handeye2_msgs/easy_handeye2_msgs/srv/detail/remove_sample__struct.h
[4.248s] -- Up-to-date: /home/rokae/workspace/rokae_ros2_sim2real/install/easy_handeye2_msgs/include/easy_handeye2_msgs/easy_handeye2_msgs/srv/detail/set_algorithm__functions.c
[4.248s] -- Up-to-date: /home/rokae/workspace/rokae_ros2_sim2real/install/easy_handeye2_msgs/include/easy_handeye2_msgs/easy_handeye2_msgs/srv/detail/load_samples__functions.c
[4.248s] -- Up-to-date: /home/rokae/workspace/rokae_ros2_sim2real/install/easy_handeye2_msgs/include/easy_handeye2_msgs/easy_handeye2_msgs/srv/detail/plan_to_selected_target_pose__functions.c
[4.248s] -- Up-to-date: /home/rokae/workspace/rokae_ros2_sim2real/install/easy_handeye2_msgs/include/easy_handeye2_msgs/easy_handeye2_msgs/srv/detail/check_starting_pose__type_support.h
[4.248s] -- Up-to-date: /home/rokae/workspace/rokae_ros2_sim2real/install/easy_handeye2_msgs/include/easy_handeye2_msgs/easy_handeye2_msgs/srv/detail/list_algorithms__struct.h
[4.248s] -- Up-to-date: /home/rokae/workspace/rokae_ros2_sim2real/install/easy_handeye2_msgs/include/easy_handeye2_msgs/easy_handeye2_msgs/srv/detail/load_samples__struct.h
[4.248s] -- Up-to-date: /home/rokae/workspace/rokae_ros2_sim2real/install/easy_handeye2_msgs/include/easy_handeye2_msgs/easy_handeye2_msgs/srv/detail/save_calibration__type_support.h
[4.248s] -- Up-to-date: /home/rokae/workspace/rokae_ros2_sim2real/install/easy_handeye2_msgs/include/easy_handeye2_msgs/easy_handeye2_msgs/srv/detail/execute_plan__functions.c
[4.248s] -- Up-to-date: /home/rokae/workspace/rokae_ros2_sim2real/install/easy_handeye2_msgs/include/easy_handeye2_msgs/easy_handeye2_msgs/srv/detail/take_sample__functions.c
[4.249s] -- Up-to-date: /home/rokae/workspace/rokae_ros2_sim2real/install/easy_handeye2_msgs/include/easy_handeye2_msgs/easy_handeye2_msgs/srv/detail/set_algorithm__struct.h
[4.249s] -- Up-to-date: /home/rokae/workspace/rokae_ros2_sim2real/install/easy_handeye2_msgs/include/easy_handeye2_msgs/easy_handeye2_msgs/srv/detail/check_starting_pose__functions.h
[4.249s] -- Up-to-date: /home/rokae/workspace/rokae_ros2_sim2real/install/easy_handeye2_msgs/include/easy_handeye2_msgs/easy_handeye2_msgs/srv/detail/compute_calibration__functions.c
[4.249s] -- Up-to-date: /home/rokae/workspace/rokae_ros2_sim2real/install/easy_handeye2_msgs/include/easy_handeye2_msgs/easy_handeye2_msgs/srv/detail/save_samples__struct.h
[4.249s] -- Up-to-date: /home/rokae/workspace/rokae_ros2_sim2real/install/easy_handeye2_msgs/include/easy_handeye2_msgs/easy_handeye2_msgs/srv/detail/list_algorithms__type_support.h
[4.249s] -- Up-to-date: /home/rokae/workspace/rokae_ros2_sim2real/install/easy_handeye2_msgs/include/easy_handeye2_msgs/easy_handeye2_msgs/srv/detail/enumerate_target_poses__struct.h
[4.249s] -- Up-to-date: /home/rokae/workspace/rokae_ros2_sim2real/install/easy_handeye2_msgs/include/easy_handeye2_msgs/easy_handeye2_msgs/srv/detail/remove_sample__type_support.h
[4.249s] -- Up-to-date: /home/rokae/workspace/rokae_ros2_sim2real/install/easy_handeye2_msgs/include/easy_handeye2_msgs/easy_handeye2_msgs/srv/detail/compute_calibration__type_support.h
[4.249s] -- Up-to-date: /home/rokae/workspace/rokae_ros2_sim2real/install/easy_handeye2_msgs/include/easy_handeye2_msgs/easy_handeye2_msgs/srv/detail/compute_calibration__functions.h
[4.249s] -- Up-to-date: /home/rokae/workspace/rokae_ros2_sim2real/install/easy_handeye2_msgs/include/easy_handeye2_msgs/easy_handeye2_msgs/srv/detail/list_algorithms__functions.c
[4.250s] -- Up-to-date: /home/rokae/workspace/rokae_ros2_sim2real/install/easy_handeye2_msgs/include/easy_handeye2_msgs/easy_handeye2_msgs/srv/detail/remove_sample__functions.c
[4.250s] -- Up-to-date: /home/rokae/workspace/rokae_ros2_sim2real/install/easy_handeye2_msgs/include/easy_handeye2_msgs/easy_handeye2_msgs/srv/plan_to_selected_target_pose.h
[4.250s] -- Up-to-date: /home/rokae/workspace/rokae_ros2_sim2real/install/easy_handeye2_msgs/include/easy_handeye2_msgs/easy_handeye2_msgs/srv/enumerate_target_poses.h
[4.250s] -- Up-to-date: /home/rokae/workspace/rokae_ros2_sim2real/install/easy_handeye2_msgs/include/easy_handeye2_msgs/easy_handeye2_msgs/srv/execute_plan.h
[4.250s] -- Up-to-date: /home/rokae/workspace/rokae_ros2_sim2real/install/easy_handeye2_msgs/include/easy_handeye2_msgs/easy_handeye2_msgs/srv/list_algorithms.h
[4.250s] -- Up-to-date: /home/rokae/workspace/rokae_ros2_sim2real/install/easy_handeye2_msgs/include/easy_handeye2_msgs/easy_handeye2_msgs/srv/save_calibration.h
[4.250s] -- Up-to-date: /home/rokae/workspace/rokae_ros2_sim2real/install/easy_handeye2_msgs/include/easy_handeye2_msgs/easy_handeye2_msgs/srv/set_algorithm.h
[4.250s] -- Up-to-date: /home/rokae/workspace/rokae_ros2_sim2real/install/easy_handeye2_msgs/share/easy_handeye2_msgs/environment/library_path.sh
[4.250s] -- Installing: /home/rokae/workspace/rokae_ros2_sim2real/install/easy_handeye2_msgs/share/easy_handeye2_msgs/environment/library_path.dsv
[4.251s] -- Up-to-date: /home/rokae/workspace/rokae_ros2_sim2real/install/easy_handeye2_msgs/lib/libeasy_handeye2_msgs__rosidl_generator_c.so
[4.251s] -- Up-to-date: /home/rokae/workspace/rokae_ros2_sim2real/install/easy_handeye2_msgs/include/easy_handeye2_msgs/easy_handeye2_msgs
[4.251s] -- Up-to-date: /home/rokae/workspace/rokae_ros2_sim2real/install/easy_handeye2_msgs/include/easy_handeye2_msgs/easy_handeye2_msgs/msg
[4.251s] -- Up-to-date: /home/rokae/workspace/rokae_ros2_sim2real/install/easy_handeye2_msgs/include/easy_handeye2_msgs/easy_handeye2_msgs/msg/detail
[4.251s] -- Up-to-date: /home/rokae/workspace/rokae_ros2_sim2real/install/easy_handeye2_msgs/include/easy_handeye2_msgs/easy_handeye2_msgs/msg/detail/target_pose_list__rosidl_typesupport_fastrtps_c.h
[4.251s] -- Up-to-date: /home/rokae/workspace/rokae_ros2_sim2real/install/easy_handeye2_msgs/include/easy_handeye2_msgs/easy_handeye2_msgs/msg/detail/handeye_calibration__rosidl_typesupport_fastrtps_c.h
[4.251s] -- Up-to-date: /home/rokae/workspace/rokae_ros2_sim2real/install/easy_handeye2_msgs/include/easy_handeye2_msgs/easy_handeye2_msgs/msg/detail/sample__rosidl_typesupport_fastrtps_c.h
[4.251s] -- Up-to-date: /home/rokae/workspace/rokae_ros2_sim2real/install/easy_handeye2_msgs/include/easy_handeye2_msgs/easy_handeye2_msgs/msg/detail/sample_list__rosidl_typesupport_fastrtps_c.h
[4.252s] -- Up-to-date: /home/rokae/workspace/rokae_ros2_sim2real/install/easy_handeye2_msgs/include/easy_handeye2_msgs/easy_handeye2_msgs/msg/detail/handeye_calibration_parameters__rosidl_typesupport_fastrtps_c.h
[4.252s] -- Up-to-date: /home/rokae/workspace/rokae_ros2_sim2real/install/easy_handeye2_msgs/include/easy_handeye2_msgs/easy_handeye2_msgs/msg/rosidl_typesupport_fastrtps_c__visibility_control.h
[4.252s] -- Up-to-date: /home/rokae/workspace/rokae_ros2_sim2real/install/easy_handeye2_msgs/include/easy_handeye2_msgs/easy_handeye2_msgs/srv
[4.252s] -- Up-to-date: /home/rokae/workspace/rokae_ros2_sim2real/install/easy_handeye2_msgs/include/easy_handeye2_msgs/easy_handeye2_msgs/srv/detail
[4.252s] -- Up-to-date: /home/rokae/workspace/rokae_ros2_sim2real/install/easy_handeye2_msgs/include/easy_handeye2_msgs/easy_handeye2_msgs/srv/detail/load_samples__rosidl_typesupport_fastrtps_c.h
[4.252s] -- Up-to-date: /home/rokae/workspace/rokae_ros2_sim2real/install/easy_handeye2_msgs/include/easy_handeye2_msgs/easy_handeye2_msgs/srv/detail/check_starting_pose__rosidl_typesupport_fastrtps_c.h
[4.252s] -- Up-to-date: /home/rokae/workspace/rokae_ros2_sim2real/install/easy_handeye2_msgs/include/easy_handeye2_msgs/easy_handeye2_msgs/srv/detail/remove_sample__rosidl_typesupport_fastrtps_c.h
[4.252s] -- Up-to-date: /home/rokae/workspace/rokae_ros2_sim2real/install/easy_handeye2_msgs/include/easy_handeye2_msgs/easy_handeye2_msgs/srv/detail/set_algorithm__rosidl_typesupport_fastrtps_c.h
[4.252s] -- Up-to-date: /home/rokae/workspace/rokae_ros2_sim2real/install/easy_handeye2_msgs/include/easy_handeye2_msgs/easy_handeye2_msgs/srv/detail/take_sample__rosidl_typesupport_fastrtps_c.h
[4.252s] -- Up-to-date: /home/rokae/workspace/rokae_ros2_sim2real/install/easy_handeye2_msgs/include/easy_handeye2_msgs/easy_handeye2_msgs/srv/detail/save_calibration__rosidl_typesupport_fastrtps_c.h
[4.253s] -- Up-to-date: /home/rokae/workspace/rokae_ros2_sim2real/install/easy_handeye2_msgs/include/easy_handeye2_msgs/easy_handeye2_msgs/srv/detail/select_target_pose__rosidl_typesupport_fastrtps_c.h
[4.253s] -- Up-to-date: /home/rokae/workspace/rokae_ros2_sim2real/install/easy_handeye2_msgs/include/easy_handeye2_msgs/easy_handeye2_msgs/srv/detail/execute_plan__rosidl_typesupport_fastrtps_c.h
[4.253s] -- Up-to-date: /home/rokae/workspace/rokae_ros2_sim2real/install/easy_handeye2_msgs/include/easy_handeye2_msgs/easy_handeye2_msgs/srv/detail/compute_calibration__rosidl_typesupport_fastrtps_c.h
[4.253s] -- Up-to-date: /home/rokae/workspace/rokae_ros2_sim2real/install/easy_handeye2_msgs/include/easy_handeye2_msgs/easy_handeye2_msgs/srv/detail/list_algorithms__rosidl_typesupport_fastrtps_c.h
[4.253s] -- Up-to-date: /home/rokae/workspace/rokae_ros2_sim2real/install/easy_handeye2_msgs/include/easy_handeye2_msgs/easy_handeye2_msgs/srv/detail/save_samples__rosidl_typesupport_fastrtps_c.h
[4.253s] -- Up-to-date: /home/rokae/workspace/rokae_ros2_sim2real/install/easy_handeye2_msgs/include/easy_handeye2_msgs/easy_handeye2_msgs/srv/detail/plan_to_selected_target_pose__rosidl_typesupport_fastrtps_c.h
[4.253s] -- Up-to-date: /home/rokae/workspace/rokae_ros2_sim2real/install/easy_handeye2_msgs/include/easy_handeye2_msgs/easy_handeye2_msgs/srv/detail/enumerate_target_poses__rosidl_typesupport_fastrtps_c.h
[4.254s] -- Up-to-date: /home/rokae/workspace/rokae_ros2_sim2real/install/easy_handeye2_msgs/lib/libeasy_handeye2_msgs__rosidl_typesupport_fastrtps_c.so
[4.254s] -- Up-to-date: /home/rokae/workspace/rokae_ros2_sim2real/install/easy_handeye2_msgs/include/easy_handeye2_msgs/easy_handeye2_msgs
[4.254s] -- Up-to-date: /home/rokae/workspace/rokae_ros2_sim2real/install/easy_handeye2_msgs/include/easy_handeye2_msgs/easy_handeye2_msgs/msg
[4.254s] -- Up-to-date: /home/rokae/workspace/rokae_ros2_sim2real/install/easy_handeye2_msgs/include/easy_handeye2_msgs/easy_handeye2_msgs/msg/rosidl_typesupport_introspection_c__visibility_control.h
[4.254s] -- Up-to-date: /home/rokae/workspace/rokae_ros2_sim2real/install/easy_handeye2_msgs/include/easy_handeye2_msgs/easy_handeye2_msgs/msg/detail
[4.254s] -- Up-to-date: /home/rokae/workspace/rokae_ros2_sim2real/install/easy_handeye2_msgs/include/easy_handeye2_msgs/easy_handeye2_msgs/msg/detail/sample_list__rosidl_typesupport_introspection_c.h
[4.254s] -- Up-to-date: /home/rokae/workspace/rokae_ros2_sim2real/install/easy_handeye2_msgs/include/easy_handeye2_msgs/easy_handeye2_msgs/msg/detail/handeye_calibration_parameters__type_support.c
[4.254s] -- Up-to-date: /home/rokae/workspace/rokae_ros2_sim2real/install/easy_handeye2_msgs/include/easy_handeye2_msgs/easy_handeye2_msgs/msg/detail/handeye_calibration__type_support.c
[4.254s] -- Up-to-date: /home/rokae/workspace/rokae_ros2_sim2real/install/easy_handeye2_msgs/include/easy_handeye2_msgs/easy_handeye2_msgs/msg/detail/target_pose_list__rosidl_typesupport_introspection_c.h
[4.254s] -- Up-to-date: /home/rokae/workspace/rokae_ros2_sim2real/install/easy_handeye2_msgs/include/easy_handeye2_msgs/easy_handeye2_msgs/msg/detail/handeye_calibration_parameters__rosidl_typesupport_introspection_c.h
[4.254s] -- Up-to-date: /home/rokae/workspace/rokae_ros2_sim2real/install/easy_handeye2_msgs/include/easy_handeye2_msgs/easy_handeye2_msgs/msg/detail/sample__type_support.c
[4.255s] -- Up-to-date: /home/rokae/workspace/rokae_ros2_sim2real/install/easy_handeye2_msgs/include/easy_handeye2_msgs/easy_handeye2_msgs/msg/detail/handeye_calibration__rosidl_typesupport_introspection_c.h
[4.255s] -- Up-to-date: /home/rokae/workspace/rokae_ros2_sim2real/install/easy_handeye2_msgs/include/easy_handeye2_msgs/easy_handeye2_msgs/msg/detail/sample_list__type_support.c
[4.255s] -- Up-to-date: /home/rokae/workspace/rokae_ros2_sim2real/install/easy_handeye2_msgs/include/easy_handeye2_msgs/easy_handeye2_msgs/msg/detail/target_pose_list__type_support.c
[4.255s] -- Up-to-date: /home/rokae/workspace/rokae_ros2_sim2real/install/easy_handeye2_msgs/include/easy_handeye2_msgs/easy_handeye2_msgs/msg/detail/sample__rosidl_typesupport_introspection_c.h
[4.255s] -- Up-to-date: /home/rokae/workspace/rokae_ros2_sim2real/install/easy_handeye2_msgs/include/easy_handeye2_msgs/easy_handeye2_msgs/srv
[4.255s] -- Up-to-date: /home/rokae/workspace/rokae_ros2_sim2real/install/easy_handeye2_msgs/include/easy_handeye2_msgs/easy_handeye2_msgs/srv/detail
[4.255s] -- Up-to-date: /home/rokae/workspace/rokae_ros2_sim2real/install/easy_handeye2_msgs/include/easy_handeye2_msgs/easy_handeye2_msgs/srv/detail/enumerate_target_poses__rosidl_typesupport_introspection_c.h
[4.256s] -- Up-to-date: /home/rokae/workspace/rokae_ros2_sim2real/install/easy_handeye2_msgs/include/easy_handeye2_msgs/easy_handeye2_msgs/srv/detail/list_algorithms__rosidl_typesupport_introspection_c.h
[4.256s] -- Up-to-date: /home/rokae/workspace/rokae_ros2_sim2real/install/easy_handeye2_msgs/include/easy_handeye2_msgs/easy_handeye2_msgs/srv/detail/compute_calibration__type_support.c
[4.256s] -- Up-to-date: /home/rokae/workspace/rokae_ros2_sim2real/install/easy_handeye2_msgs/include/easy_handeye2_msgs/easy_handeye2_msgs/srv/detail/save_samples__rosidl_typesupport_introspection_c.h
[4.256s] -- Up-to-date: /home/rokae/workspace/rokae_ros2_sim2real/install/easy_handeye2_msgs/include/easy_handeye2_msgs/easy_handeye2_msgs/srv/detail/list_algorithms__type_support.c
[4.256s] -- Up-to-date: /home/rokae/workspace/rokae_ros2_sim2real/install/easy_handeye2_msgs/include/easy_handeye2_msgs/easy_handeye2_msgs/srv/detail/load_samples__rosidl_typesupport_introspection_c.h
[4.256s] -- Up-to-date: /home/rokae/workspace/rokae_ros2_sim2real/install/easy_handeye2_msgs/include/easy_handeye2_msgs/easy_handeye2_msgs/srv/detail/enumerate_target_poses__type_support.c
[4.256s] -- Up-to-date: /home/rokae/workspace/rokae_ros2_sim2real/install/easy_handeye2_msgs/include/easy_handeye2_msgs/easy_handeye2_msgs/srv/detail/execute_plan__type_support.c
[4.256s] -- Up-to-date: /home/rokae/workspace/rokae_ros2_sim2real/install/easy_handeye2_msgs/include/easy_handeye2_msgs/easy_handeye2_msgs/srv/detail/set_algorithm__type_support.c
[4.256s] -- Up-to-date: /home/rokae/workspace/rokae_ros2_sim2real/install/easy_handeye2_msgs/include/easy_handeye2_msgs/easy_handeye2_msgs/srv/detail/remove_sample__type_support.c
[4.257s] -- Up-to-date: /home/rokae/workspace/rokae_ros2_sim2real/install/easy_handeye2_msgs/include/easy_handeye2_msgs/easy_handeye2_msgs/srv/detail/save_samples__type_support.c
[4.257s] -- Up-to-date: /home/rokae/workspace/rokae_ros2_sim2real/install/easy_handeye2_msgs/include/easy_handeye2_msgs/easy_handeye2_msgs/srv/detail/compute_calibration__rosidl_typesupport_introspection_c.h
[4.257s] -- Up-to-date: /home/rokae/workspace/rokae_ros2_sim2real/install/easy_handeye2_msgs/include/easy_handeye2_msgs/easy_handeye2_msgs/srv/detail/select_target_pose__rosidl_typesupport_introspection_c.h
[4.257s] -- Up-to-date: /home/rokae/workspace/rokae_ros2_sim2real/install/easy_handeye2_msgs/include/easy_handeye2_msgs/easy_handeye2_msgs/srv/detail/plan_to_selected_target_pose__type_support.c
[4.257s] -- Up-to-date: /home/rokae/workspace/rokae_ros2_sim2real/install/easy_handeye2_msgs/include/easy_handeye2_msgs/easy_handeye2_msgs/srv/detail/load_samples__type_support.c
[4.257s] -- Up-to-date: /home/rokae/workspace/rokae_ros2_sim2real/install/easy_handeye2_msgs/include/easy_handeye2_msgs/easy_handeye2_msgs/srv/detail/save_calibration__rosidl_typesupport_introspection_c.h
[4.257s] -- Up-to-date: /home/rokae/workspace/rokae_ros2_sim2real/install/easy_handeye2_msgs/include/easy_handeye2_msgs/easy_handeye2_msgs/srv/detail/set_algorithm__rosidl_typesupport_introspection_c.h
[4.257s] -- Up-to-date: /home/rokae/workspace/rokae_ros2_sim2real/install/easy_handeye2_msgs/include/easy_handeye2_msgs/easy_handeye2_msgs/srv/detail/take_sample__rosidl_typesupport_introspection_c.h
[4.257s] -- Up-to-date: /home/rokae/workspace/rokae_ros2_sim2real/install/easy_handeye2_msgs/include/easy_handeye2_msgs/easy_handeye2_msgs/srv/detail/check_starting_pose__type_support.c
[4.257s] -- Up-to-date: /home/rokae/workspace/rokae_ros2_sim2real/install/easy_handeye2_msgs/include/easy_handeye2_msgs/easy_handeye2_msgs/srv/detail/check_starting_pose__rosidl_typesupport_introspection_c.h
[4.257s] -- Up-to-date: /home/rokae/workspace/rokae_ros2_sim2real/install/easy_handeye2_msgs/include/easy_handeye2_msgs/easy_handeye2_msgs/srv/detail/take_sample__type_support.c
[4.258s] -- Up-to-date: /home/rokae/workspace/rokae_ros2_sim2real/install/easy_handeye2_msgs/include/easy_handeye2_msgs/easy_handeye2_msgs/srv/detail/plan_to_selected_target_pose__rosidl_typesupport_introspection_c.h
[4.258s] -- Up-to-date: /home/rokae/workspace/rokae_ros2_sim2real/install/easy_handeye2_msgs/include/easy_handeye2_msgs/easy_handeye2_msgs/srv/detail/save_calibration__type_support.c
[4.258s] -- Up-to-date: /home/rokae/workspace/rokae_ros2_sim2real/install/easy_handeye2_msgs/include/easy_handeye2_msgs/easy_handeye2_msgs/srv/detail/execute_plan__rosidl_typesupport_introspection_c.h
[4.258s] -- Up-to-date: /home/rokae/workspace/rokae_ros2_sim2real/install/easy_handeye2_msgs/include/easy_handeye2_msgs/easy_handeye2_msgs/srv/detail/select_target_pose__type_support.c
[4.258s] -- Up-to-date: /home/rokae/workspace/rokae_ros2_sim2real/install/easy_handeye2_msgs/include/easy_handeye2_msgs/easy_handeye2_msgs/srv/detail/remove_sample__rosidl_typesupport_introspection_c.h
[4.258s] -- Up-to-date: /home/rokae/workspace/rokae_ros2_sim2real/install/easy_handeye2_msgs/lib/libeasy_handeye2_msgs__rosidl_typesupport_introspection_c.so
[4.258s] -- Up-to-date: /home/rokae/workspace/rokae_ros2_sim2real/install/easy_handeye2_msgs/lib/libeasy_handeye2_msgs__rosidl_typesupport_c.so
[4.258s] -- Up-to-date: /home/rokae/workspace/rokae_ros2_sim2real/install/easy_handeye2_msgs/include/easy_handeye2_msgs/easy_handeye2_msgs
[4.258s] -- Up-to-date: /home/rokae/workspace/rokae_ros2_sim2real/install/easy_handeye2_msgs/include/easy_handeye2_msgs/easy_handeye2_msgs/msg
[4.259s] -- Up-to-date: /home/rokae/workspace/rokae_ros2_sim2real/install/easy_handeye2_msgs/include/easy_handeye2_msgs/easy_handeye2_msgs/msg/sample_list.hpp
[4.259s] -- Up-to-date: /home/rokae/workspace/rokae_ros2_sim2real/install/easy_handeye2_msgs/include/easy_handeye2_msgs/easy_handeye2_msgs/msg/handeye_calibration_parameters.hpp
[4.259s] -- Up-to-date: /home/rokae/workspace/rokae_ros2_sim2real/install/easy_handeye2_msgs/include/easy_handeye2_msgs/easy_handeye2_msgs/msg/detail
[4.259s] -- Up-to-date: /home/rokae/workspace/rokae_ros2_sim2real/install/easy_handeye2_msgs/include/easy_handeye2_msgs/easy_handeye2_msgs/msg/detail/handeye_calibration__traits.hpp
[4.259s] -- Up-to-date: /home/rokae/workspace/rokae_ros2_sim2real/install/easy_handeye2_msgs/include/easy_handeye2_msgs/easy_handeye2_msgs/msg/detail/handeye_calibration__struct.hpp
[4.259s] -- Up-to-date: /home/rokae/workspace/rokae_ros2_sim2real/install/easy_handeye2_msgs/include/easy_handeye2_msgs/easy_handeye2_msgs/msg/detail/handeye_calibration_parameters__struct.hpp
[4.259s] -- Up-to-date: /home/rokae/workspace/rokae_ros2_sim2real/install/easy_handeye2_msgs/include/easy_handeye2_msgs/easy_handeye2_msgs/msg/detail/sample_list__struct.hpp
[4.259s] -- Up-to-date: /home/rokae/workspace/rokae_ros2_sim2real/install/easy_handeye2_msgs/include/easy_handeye2_msgs/easy_handeye2_msgs/msg/detail/sample__struct.hpp
[4.259s] -- Up-to-date: /home/rokae/workspace/rokae_ros2_sim2real/install/easy_handeye2_msgs/include/easy_handeye2_msgs/easy_handeye2_msgs/msg/detail/sample__builder.hpp
[4.260s] -- Up-to-date: /home/rokae/workspace/rokae_ros2_sim2real/install/easy_handeye2_msgs/include/easy_handeye2_msgs/easy_handeye2_msgs/msg/detail/target_pose_list__struct.hpp
[4.260s] -- Up-to-date: /home/rokae/workspace/rokae_ros2_sim2real/install/easy_handeye2_msgs/include/easy_handeye2_msgs/easy_handeye2_msgs/msg/detail/handeye_calibration_parameters__traits.hpp
[4.260s] -- Up-to-date: /home/rokae/workspace/rokae_ros2_sim2real/install/easy_handeye2_msgs/include/easy_handeye2_msgs/easy_handeye2_msgs/msg/detail/handeye_calibration__type_support.hpp
[4.260s] -- Up-to-date: /home/rokae/workspace/rokae_ros2_sim2real/install/easy_handeye2_msgs/include/easy_handeye2_msgs/easy_handeye2_msgs/msg/detail/sample__type_support.hpp
[4.260s] -- Up-to-date: /home/rokae/workspace/rokae_ros2_sim2real/install/easy_handeye2_msgs/include/easy_handeye2_msgs/easy_handeye2_msgs/msg/detail/sample_list__traits.hpp
[4.260s] -- Up-to-date: /home/rokae/workspace/rokae_ros2_sim2real/install/easy_handeye2_msgs/include/easy_handeye2_msgs/easy_handeye2_msgs/msg/detail/sample_list__type_support.hpp
[4.260s] -- Up-to-date: /home/rokae/workspace/rokae_ros2_sim2real/install/easy_handeye2_msgs/include/easy_handeye2_msgs/easy_handeye2_msgs/msg/detail/sample__traits.hpp
[4.260s] -- Up-to-date: /home/rokae/workspace/rokae_ros2_sim2real/install/easy_handeye2_msgs/include/easy_handeye2_msgs/easy_handeye2_msgs/msg/detail/target_pose_list__type_support.hpp
[4.260s] -- Up-to-date: /home/rokae/workspace/rokae_ros2_sim2real/install/easy_handeye2_msgs/include/easy_handeye2_msgs/easy_handeye2_msgs/msg/detail/handeye_calibration_parameters__builder.hpp
[4.260s] -- Up-to-date: /home/rokae/workspace/rokae_ros2_sim2real/install/easy_handeye2_msgs/include/easy_handeye2_msgs/easy_handeye2_msgs/msg/detail/target_pose_list__builder.hpp
[4.260s] -- Up-to-date: /home/rokae/workspace/rokae_ros2_sim2real/install/easy_handeye2_msgs/include/easy_handeye2_msgs/easy_handeye2_msgs/msg/detail/handeye_calibration__builder.hpp
[4.261s] -- Up-to-date: /home/rokae/workspace/rokae_ros2_sim2real/install/easy_handeye2_msgs/include/easy_handeye2_msgs/easy_handeye2_msgs/msg/detail/target_pose_list__traits.hpp
[4.261s] -- Up-to-date: /home/rokae/workspace/rokae_ros2_sim2real/install/easy_handeye2_msgs/include/easy_handeye2_msgs/easy_handeye2_msgs/msg/detail/handeye_calibration_parameters__type_support.hpp
[4.261s] -- Up-to-date: /home/rokae/workspace/rokae_ros2_sim2real/install/easy_handeye2_msgs/include/easy_handeye2_msgs/easy_handeye2_msgs/msg/detail/sample_list__builder.hpp
[4.261s] -- Up-to-date: /home/rokae/workspace/rokae_ros2_sim2real/install/easy_handeye2_msgs/include/easy_handeye2_msgs/easy_handeye2_msgs/msg/handeye_calibration.hpp
[4.261s] -- Up-to-date: /home/rokae/workspace/rokae_ros2_sim2real/install/easy_handeye2_msgs/include/easy_handeye2_msgs/easy_handeye2_msgs/msg/sample.hpp
[4.261s] -- Up-to-date: /home/rokae/workspace/rokae_ros2_sim2real/install/easy_handeye2_msgs/include/easy_handeye2_msgs/easy_handeye2_msgs/msg/rosidl_generator_cpp__visibility_control.hpp
[4.261s] -- Up-to-date: /home/rokae/workspace/rokae_ros2_sim2real/install/easy_handeye2_msgs/include/easy_handeye2_msgs/easy_handeye2_msgs/msg/target_pose_list.hpp
[4.261s] -- Up-to-date: /home/rokae/workspace/rokae_ros2_sim2real/install/easy_handeye2_msgs/include/easy_handeye2_msgs/easy_handeye2_msgs/srv
[4.261s] -- Up-to-date: /home/rokae/workspace/rokae_ros2_sim2real/install/easy_handeye2_msgs/include/easy_handeye2_msgs/easy_handeye2_msgs/srv/execute_plan.hpp
[4.261s] -- Up-to-date: /home/rokae/workspace/rokae_ros2_sim2real/install/easy_handeye2_msgs/include/easy_handeye2_msgs/easy_handeye2_msgs/srv/enumerate_target_poses.hpp
[4.261s] -- Up-to-date: /home/rokae/workspace/rokae_ros2_sim2real/install/easy_handeye2_msgs/include/easy_handeye2_msgs/easy_handeye2_msgs/srv/set_algorithm.hpp
[4.262s] -- Up-to-date: /home/rokae/workspace/rokae_ros2_sim2real/install/easy_handeye2_msgs/include/easy_handeye2_msgs/easy_handeye2_msgs/srv/compute_calibration.hpp
[4.262s] -- Up-to-date: /home/rokae/workspace/rokae_ros2_sim2real/install/easy_handeye2_msgs/include/easy_handeye2_msgs/easy_handeye2_msgs/srv/take_sample.hpp
[4.262s] -- Up-to-date: /home/rokae/workspace/rokae_ros2_sim2real/install/easy_handeye2_msgs/include/easy_handeye2_msgs/easy_handeye2_msgs/srv/save_calibration.hpp
[4.262s] -- Up-to-date: /home/rokae/workspace/rokae_ros2_sim2real/install/easy_handeye2_msgs/include/easy_handeye2_msgs/easy_handeye2_msgs/srv/detail
[4.262s] -- Up-to-date: /home/rokae/workspace/rokae_ros2_sim2real/install/easy_handeye2_msgs/include/easy_handeye2_msgs/easy_handeye2_msgs/srv/detail/plan_to_selected_target_pose__builder.hpp
[4.262s] -- Up-to-date: /home/rokae/workspace/rokae_ros2_sim2real/install/easy_handeye2_msgs/include/easy_handeye2_msgs/easy_handeye2_msgs/srv/detail/select_target_pose__builder.hpp
[4.262s] -- Up-to-date: /home/rokae/workspace/rokae_ros2_sim2real/install/easy_handeye2_msgs/include/easy_handeye2_msgs/easy_handeye2_msgs/srv/detail/enumerate_target_poses__traits.hpp
[4.262s] -- Up-to-date: /home/rokae/workspace/rokae_ros2_sim2real/install/easy_handeye2_msgs/include/easy_handeye2_msgs/easy_handeye2_msgs/srv/detail/save_calibration__struct.hpp
[4.262s] -- Up-to-date: /home/rokae/workspace/rokae_ros2_sim2real/install/easy_handeye2_msgs/include/easy_handeye2_msgs/easy_handeye2_msgs/srv/detail/set_algorithm__struct.hpp
[4.263s] -- Up-to-date: /home/rokae/workspace/rokae_ros2_sim2real/install/easy_handeye2_msgs/include/easy_handeye2_msgs/easy_handeye2_msgs/srv/detail/plan_to_selected_target_pose__traits.hpp
[4.263s] -- Up-to-date: /home/rokae/workspace/rokae_ros2_sim2real/install/easy_handeye2_msgs/include/easy_handeye2_msgs/easy_handeye2_msgs/srv/detail/check_starting_pose__builder.hpp
[4.263s] -- Up-to-date: /home/rokae/workspace/rokae_ros2_sim2real/install/easy_handeye2_msgs/include/easy_handeye2_msgs/easy_handeye2_msgs/srv/detail/list_algorithms__builder.hpp
[4.263s] -- Up-to-date: /home/rokae/workspace/rokae_ros2_sim2real/install/easy_handeye2_msgs/include/easy_handeye2_msgs/easy_handeye2_msgs/srv/detail/plan_to_selected_target_pose__struct.hpp
[4.263s] -- Up-to-date: /home/rokae/workspace/rokae_ros2_sim2real/install/easy_handeye2_msgs/include/easy_handeye2_msgs/easy_handeye2_msgs/srv/detail/check_starting_pose__traits.hpp
[4.263s] -- Up-to-date: /home/rokae/workspace/rokae_ros2_sim2real/install/easy_handeye2_msgs/include/easy_handeye2_msgs/easy_handeye2_msgs/srv/detail/execute_plan__type_support.hpp
[4.263s] -- Up-to-date: /home/rokae/workspace/rokae_ros2_sim2real/install/easy_handeye2_msgs/include/easy_handeye2_msgs/easy_handeye2_msgs/srv/detail/execute_plan__traits.hpp
[4.263s] -- Up-to-date: /home/rokae/workspace/rokae_ros2_sim2real/install/easy_handeye2_msgs/include/easy_handeye2_msgs/easy_handeye2_msgs/srv/detail/save_calibration__traits.hpp
[4.263s] -- Up-to-date: /home/rokae/workspace/rokae_ros2_sim2real/install/easy_handeye2_msgs/include/easy_handeye2_msgs/easy_handeye2_msgs/srv/detail/enumerate_target_poses__builder.hpp
[4.264s] -- Up-to-date: /home/rokae/workspace/rokae_ros2_sim2real/install/easy_handeye2_msgs/include/easy_handeye2_msgs/easy_handeye2_msgs/srv/detail/save_calibration__type_support.hpp
[4.264s] -- Up-to-date: /home/rokae/workspace/rokae_ros2_sim2real/install/easy_handeye2_msgs/include/easy_handeye2_msgs/easy_handeye2_msgs/srv/detail/load_samples__type_support.hpp
[4.264s] -- Up-to-date: /home/rokae/workspace/rokae_ros2_sim2real/install/easy_handeye2_msgs/include/easy_handeye2_msgs/easy_handeye2_msgs/srv/detail/take_sample__builder.hpp
[4.264s] -- Up-to-date: /home/rokae/workspace/rokae_ros2_sim2real/install/easy_handeye2_msgs/include/easy_handeye2_msgs/easy_handeye2_msgs/srv/detail/take_sample__struct.hpp
[4.264s] -- Up-to-date: /home/rokae/workspace/rokae_ros2_sim2real/install/easy_handeye2_msgs/include/easy_handeye2_msgs/easy_handeye2_msgs/srv/detail/select_target_pose__struct.hpp
[4.264s] -- Up-to-date: /home/rokae/workspace/rokae_ros2_sim2real/install/easy_handeye2_msgs/include/easy_handeye2_msgs/easy_handeye2_msgs/srv/detail/enumerate_target_poses__struct.hpp
[4.264s] -- Up-to-date: /home/rokae/workspace/rokae_ros2_sim2real/install/easy_handeye2_msgs/include/easy_handeye2_msgs/easy_handeye2_msgs/srv/detail/check_starting_pose__struct.hpp
[4.264s] -- Up-to-date: /home/rokae/workspace/rokae_ros2_sim2real/install/easy_handeye2_msgs/include/easy_handeye2_msgs/easy_handeye2_msgs/srv/detail/remove_sample__traits.hpp
[4.264s] -- Up-to-date: /home/rokae/workspace/rokae_ros2_sim2real/install/easy_handeye2_msgs/include/easy_handeye2_msgs/easy_handeye2_msgs/srv/detail/select_target_pose__type_support.hpp
[4.264s] -- Up-to-date: /home/rokae/workspace/rokae_ros2_sim2real/install/easy_handeye2_msgs/include/easy_handeye2_msgs/easy_handeye2_msgs/srv/detail/execute_plan__struct.hpp
[4.264s] -- Up-to-date: /home/rokae/workspace/rokae_ros2_sim2real/install/easy_handeye2_msgs/include/easy_handeye2_msgs/easy_handeye2_msgs/srv/detail/compute_calibration__struct.hpp
[4.264s] -- Up-to-date: /home/rokae/workspace/rokae_ros2_sim2real/install/easy_handeye2_msgs/include/easy_handeye2_msgs/easy_handeye2_msgs/srv/detail/remove_sample__type_support.hpp
[4.265s] -- Up-to-date: /home/rokae/workspace/rokae_ros2_sim2real/install/easy_handeye2_msgs/include/easy_handeye2_msgs/easy_handeye2_msgs/srv/detail/check_starting_pose__type_support.hpp
[4.265s] -- Up-to-date: /home/rokae/workspace/rokae_ros2_sim2real/install/easy_handeye2_msgs/include/easy_handeye2_msgs/easy_handeye2_msgs/srv/detail/list_algorithms__traits.hpp
[4.265s] -- Up-to-date: /home/rokae/workspace/rokae_ros2_sim2real/install/easy_handeye2_msgs/include/easy_handeye2_msgs/easy_handeye2_msgs/srv/detail/save_samples__traits.hpp
[4.265s] -- Up-to-date: /home/rokae/workspace/rokae_ros2_sim2real/install/easy_handeye2_msgs/include/easy_handeye2_msgs/easy_handeye2_msgs/srv/detail/compute_calibration__builder.hpp
[4.265s] -- Up-to-date: /home/rokae/workspace/rokae_ros2_sim2real/install/easy_handeye2_msgs/include/easy_handeye2_msgs/easy_handeye2_msgs/srv/detail/execute_plan__builder.hpp
[4.265s] -- Up-to-date: /home/rokae/workspace/rokae_ros2_sim2real/install/easy_handeye2_msgs/include/easy_handeye2_msgs/easy_handeye2_msgs/srv/detail/plan_to_selected_target_pose__type_support.hpp
[4.265s] -- Up-to-date: /home/rokae/workspace/rokae_ros2_sim2real/install/easy_handeye2_msgs/include/easy_handeye2_msgs/easy_handeye2_msgs/srv/detail/load_samples__builder.hpp
[4.265s] -- Up-to-date: /home/rokae/workspace/rokae_ros2_sim2real/install/easy_handeye2_msgs/include/easy_handeye2_msgs/easy_handeye2_msgs/srv/detail/set_algorithm__type_support.hpp
[4.265s] -- Up-to-date: /home/rokae/workspace/rokae_ros2_sim2real/install/easy_handeye2_msgs/include/easy_handeye2_msgs/easy_handeye2_msgs/srv/detail/load_samples__struct.hpp
[4.265s] -- Up-to-date: /home/rokae/workspace/rokae_ros2_sim2real/install/easy_handeye2_msgs/include/easy_handeye2_msgs/easy_handeye2_msgs/srv/detail/set_algorithm__traits.hpp
[4.265s] -- Up-to-date: /home/rokae/workspace/rokae_ros2_sim2real/install/easy_handeye2_msgs/include/easy_handeye2_msgs/easy_handeye2_msgs/srv/detail/enumerate_target_poses__type_support.hpp
[4.265s] -- Up-to-date: /home/rokae/workspace/rokae_ros2_sim2real/install/easy_handeye2_msgs/include/easy_handeye2_msgs/easy_handeye2_msgs/srv/detail/remove_sample__struct.hpp
[4.266s] -- Up-to-date: /home/rokae/workspace/rokae_ros2_sim2real/install/easy_handeye2_msgs/include/easy_handeye2_msgs/easy_handeye2_msgs/srv/detail/list_algorithms__struct.hpp
[4.266s] -- Up-to-date: /home/rokae/workspace/rokae_ros2_sim2real/install/easy_handeye2_msgs/include/easy_handeye2_msgs/easy_handeye2_msgs/srv/detail/set_algorithm__builder.hpp
[4.266s] -- Up-to-date: /home/rokae/workspace/rokae_ros2_sim2real/install/easy_handeye2_msgs/include/easy_handeye2_msgs/easy_handeye2_msgs/srv/detail/save_calibration__builder.hpp
[4.266s] -- Up-to-date: /home/rokae/workspace/rokae_ros2_sim2real/install/easy_handeye2_msgs/include/easy_handeye2_msgs/easy_handeye2_msgs/srv/detail/save_samples__builder.hpp
[4.266s] -- Up-to-date: /home/rokae/workspace/rokae_ros2_sim2real/install/easy_handeye2_msgs/include/easy_handeye2_msgs/easy_handeye2_msgs/srv/detail/load_samples__traits.hpp
[4.266s] -- Up-to-date: /home/rokae/workspace/rokae_ros2_sim2real/install/easy_handeye2_msgs/include/easy_handeye2_msgs/easy_handeye2_msgs/srv/detail/list_algorithms__type_support.hpp
[4.266s] -- Up-to-date: /home/rokae/workspace/rokae_ros2_sim2real/install/easy_handeye2_msgs/include/easy_handeye2_msgs/easy_handeye2_msgs/srv/detail/take_sample__type_support.hpp
[4.266s] -- Up-to-date: /home/rokae/workspace/rokae_ros2_sim2real/install/easy_handeye2_msgs/include/easy_handeye2_msgs/easy_handeye2_msgs/srv/detail/save_samples__struct.hpp
[4.266s] -- Up-to-date: /home/rokae/workspace/rokae_ros2_sim2real/install/easy_handeye2_msgs/include/easy_handeye2_msgs/easy_handeye2_msgs/srv/detail/compute_calibration__traits.hpp
[4.266s] -- Up-to-date: /home/rokae/workspace/rokae_ros2_sim2real/install/easy_handeye2_msgs/include/easy_handeye2_msgs/easy_handeye2_msgs/srv/detail/compute_calibration__type_support.hpp
[4.266s] -- Up-to-date: /home/rokae/workspace/rokae_ros2_sim2real/install/easy_handeye2_msgs/include/easy_handeye2_msgs/easy_handeye2_msgs/srv/detail/take_sample__traits.hpp
[4.266s] -- Up-to-date: /home/rokae/workspace/rokae_ros2_sim2real/install/easy_handeye2_msgs/include/easy_handeye2_msgs/easy_handeye2_msgs/srv/detail/save_samples__type_support.hpp
[4.266s] -- Up-to-date: /home/rokae/workspace/rokae_ros2_sim2real/install/easy_handeye2_msgs/include/easy_handeye2_msgs/easy_handeye2_msgs/srv/detail/remove_sample__builder.hpp
[4.267s] -- Up-to-date: /home/rokae/workspace/rokae_ros2_sim2real/install/easy_handeye2_msgs/include/easy_handeye2_msgs/easy_handeye2_msgs/srv/detail/select_target_pose__traits.hpp
[4.267s] -- Up-to-date: /home/rokae/workspace/rokae_ros2_sim2real/install/easy_handeye2_msgs/include/easy_handeye2_msgs/easy_handeye2_msgs/srv/remove_sample.hpp
[4.267s] -- Up-to-date: /home/rokae/workspace/rokae_ros2_sim2real/install/easy_handeye2_msgs/include/easy_handeye2_msgs/easy_handeye2_msgs/srv/select_target_pose.hpp
[4.267s] -- Up-to-date: /home/rokae/workspace/rokae_ros2_sim2real/install/easy_handeye2_msgs/include/easy_handeye2_msgs/easy_handeye2_msgs/srv/list_algorithms.hpp
[4.267s] -- Up-to-date: /home/rokae/workspace/rokae_ros2_sim2real/install/easy_handeye2_msgs/include/easy_handeye2_msgs/easy_handeye2_msgs/srv/save_samples.hpp
[4.267s] -- Up-to-date: /home/rokae/workspace/rokae_ros2_sim2real/install/easy_handeye2_msgs/include/easy_handeye2_msgs/easy_handeye2_msgs/srv/plan_to_selected_target_pose.hpp
[4.267s] -- Up-to-date: /home/rokae/workspace/rokae_ros2_sim2real/install/easy_handeye2_msgs/include/easy_handeye2_msgs/easy_handeye2_msgs/srv/check_starting_pose.hpp
[4.267s] -- Up-to-date: /home/rokae/workspace/rokae_ros2_sim2real/install/easy_handeye2_msgs/include/easy_handeye2_msgs/easy_handeye2_msgs/srv/load_samples.hpp
[4.267s] -- Up-to-date: /home/rokae/workspace/rokae_ros2_sim2real/install/easy_handeye2_msgs/include/easy_handeye2_msgs/easy_handeye2_msgs
[4.267s] -- Up-to-date: /home/rokae/workspace/rokae_ros2_sim2real/install/easy_handeye2_msgs/include/easy_handeye2_msgs/easy_handeye2_msgs/msg
[4.267s] -- Up-to-date: /home/rokae/workspace/rokae_ros2_sim2real/install/easy_handeye2_msgs/include/easy_handeye2_msgs/easy_handeye2_msgs/msg/detail
[4.267s] -- Up-to-date: /home/rokae/workspace/rokae_ros2_sim2real/install/easy_handeye2_msgs/include/easy_handeye2_msgs/easy_handeye2_msgs/msg/detail/sample_list__rosidl_typesupport_fastrtps_cpp.hpp
[4.268s] -- Up-to-date: /home/rokae/workspace/rokae_ros2_sim2real/install/easy_handeye2_msgs/include/easy_handeye2_msgs/easy_handeye2_msgs/msg/detail/dds_fastrtps
[4.268s] -- Up-to-date: /home/rokae/workspace/rokae_ros2_sim2real/install/easy_handeye2_msgs/include/easy_handeye2_msgs/easy_handeye2_msgs/msg/detail/handeye_calibration__rosidl_typesupport_fastrtps_cpp.hpp
[4.268s] -- Up-to-date: /home/rokae/workspace/rokae_ros2_sim2real/install/easy_handeye2_msgs/include/easy_handeye2_msgs/easy_handeye2_msgs/msg/detail/target_pose_list__rosidl_typesupport_fastrtps_cpp.hpp
[4.268s] -- Up-to-date: /home/rokae/workspace/rokae_ros2_sim2real/install/easy_handeye2_msgs/include/easy_handeye2_msgs/easy_handeye2_msgs/msg/detail/sample__rosidl_typesupport_fastrtps_cpp.hpp
[4.268s] -- Up-to-date: /home/rokae/workspace/rokae_ros2_sim2real/install/easy_handeye2_msgs/include/easy_handeye2_msgs/easy_handeye2_msgs/msg/detail/handeye_calibration_parameters__rosidl_typesupport_fastrtps_cpp.hpp
[4.268s] -- Up-to-date: /home/rokae/workspace/rokae_ros2_sim2real/install/easy_handeye2_msgs/include/easy_handeye2_msgs/easy_handeye2_msgs/msg/rosidl_typesupport_fastrtps_cpp__visibility_control.h
[4.268s] -- Up-to-date: /home/rokae/workspace/rokae_ros2_sim2real/install/easy_handeye2_msgs/include/easy_handeye2_msgs/easy_handeye2_msgs/srv
[4.268s] -- Up-to-date: /home/rokae/workspace/rokae_ros2_sim2real/install/easy_handeye2_msgs/include/easy_handeye2_msgs/easy_handeye2_msgs/srv/detail
[4.268s] -- Up-to-date: /home/rokae/workspace/rokae_ros2_sim2real/install/easy_handeye2_msgs/include/easy_handeye2_msgs/easy_handeye2_msgs/srv/detail/take_sample__rosidl_typesupport_fastrtps_cpp.hpp
[4.268s] -- Up-to-date: /home/rokae/workspace/rokae_ros2_sim2real/install/easy_handeye2_msgs/include/easy_handeye2_msgs/easy_handeye2_msgs/srv/detail/execute_plan__rosidl_typesupport_fastrtps_cpp.hpp
[4.268s] -- Up-to-date: /home/rokae/workspace/rokae_ros2_sim2real/install/easy_handeye2_msgs/include/easy_handeye2_msgs/easy_handeye2_msgs/srv/detail/save_samples__rosidl_typesupport_fastrtps_cpp.hpp
[4.268s] -- Up-to-date: /home/rokae/workspace/rokae_ros2_sim2real/install/easy_handeye2_msgs/include/easy_handeye2_msgs/easy_handeye2_msgs/srv/detail/dds_fastrtps
[4.269s] -- Up-to-date: /home/rokae/workspace/rokae_ros2_sim2real/install/easy_handeye2_msgs/include/easy_handeye2_msgs/easy_handeye2_msgs/srv/detail/check_starting_pose__rosidl_typesupport_fastrtps_cpp.hpp
[4.269s] -- Up-to-date: /home/rokae/workspace/rokae_ros2_sim2real/install/easy_handeye2_msgs/include/easy_handeye2_msgs/easy_handeye2_msgs/srv/detail/remove_sample__rosidl_typesupport_fastrtps_cpp.hpp
[4.269s] -- Up-to-date: /home/rokae/workspace/rokae_ros2_sim2real/install/easy_handeye2_msgs/include/easy_handeye2_msgs/easy_handeye2_msgs/srv/detail/list_algorithms__rosidl_typesupport_fastrtps_cpp.hpp
[4.269s] -- Up-to-date: /home/rokae/workspace/rokae_ros2_sim2real/install/easy_handeye2_msgs/include/easy_handeye2_msgs/easy_handeye2_msgs/srv/detail/set_algorithm__rosidl_typesupport_fastrtps_cpp.hpp
[4.269s] -- Up-to-date: /home/rokae/workspace/rokae_ros2_sim2real/install/easy_handeye2_msgs/include/easy_handeye2_msgs/easy_handeye2_msgs/srv/detail/enumerate_target_poses__rosidl_typesupport_fastrtps_cpp.hpp
[4.269s] -- Up-to-date: /home/rokae/workspace/rokae_ros2_sim2real/install/easy_handeye2_msgs/include/easy_handeye2_msgs/easy_handeye2_msgs/srv/detail/select_target_pose__rosidl_typesupport_fastrtps_cpp.hpp
[4.269s] -- Up-to-date: /home/rokae/workspace/rokae_ros2_sim2real/install/easy_handeye2_msgs/include/easy_handeye2_msgs/easy_handeye2_msgs/srv/detail/compute_calibration__rosidl_typesupport_fastrtps_cpp.hpp
[4.269s] -- Up-to-date: /home/rokae/workspace/rokae_ros2_sim2real/install/easy_handeye2_msgs/include/easy_handeye2_msgs/easy_handeye2_msgs/srv/detail/load_samples__rosidl_typesupport_fastrtps_cpp.hpp
[4.269s] -- Up-to-date: /home/rokae/workspace/rokae_ros2_sim2real/install/easy_handeye2_msgs/include/easy_handeye2_msgs/easy_handeye2_msgs/srv/detail/save_calibration__rosidl_typesupport_fastrtps_cpp.hpp
[4.269s] -- Up-to-date: /home/rokae/workspace/rokae_ros2_sim2real/install/easy_handeye2_msgs/include/easy_handeye2_msgs/easy_handeye2_msgs/srv/detail/plan_to_selected_target_pose__rosidl_typesupport_fastrtps_cpp.hpp
[4.269s] -- Up-to-date: /home/rokae/workspace/rokae_ros2_sim2real/install/easy_handeye2_msgs/lib/libeasy_handeye2_msgs__rosidl_typesupport_fastrtps_cpp.so
[4.269s] -- Up-to-date: /home/rokae/workspace/rokae_ros2_sim2real/install/easy_handeye2_msgs/include/easy_handeye2_msgs/easy_handeye2_msgs
[4.269s] -- Up-to-date: /home/rokae/workspace/rokae_ros2_sim2real/install/easy_handeye2_msgs/include/easy_handeye2_msgs/easy_handeye2_msgs/msg
[4.270s] -- Up-to-date: /home/rokae/workspace/rokae_ros2_sim2real/install/easy_handeye2_msgs/include/easy_handeye2_msgs/easy_handeye2_msgs/msg/detail
[4.270s] -- Up-to-date: /home/rokae/workspace/rokae_ros2_sim2real/install/easy_handeye2_msgs/include/easy_handeye2_msgs/easy_handeye2_msgs/msg/detail/sample__type_support.cpp
[4.270s] -- Up-to-date: /home/rokae/workspace/rokae_ros2_sim2real/install/easy_handeye2_msgs/include/easy_handeye2_msgs/easy_handeye2_msgs/msg/detail/handeye_calibration__rosidl_typesupport_introspection_cpp.hpp
[4.270s] -- Up-to-date: /home/rokae/workspace/rokae_ros2_sim2real/install/easy_handeye2_msgs/include/easy_handeye2_msgs/easy_handeye2_msgs/msg/detail/sample__rosidl_typesupport_introspection_cpp.hpp
[4.270s] -- Up-to-date: /home/rokae/workspace/rokae_ros2_sim2real/install/easy_handeye2_msgs/include/easy_handeye2_msgs/easy_handeye2_msgs/msg/detail/handeye_calibration_parameters__rosidl_typesupport_introspection_cpp.hpp
[4.270s] -- Up-to-date: /home/rokae/workspace/rokae_ros2_sim2real/install/easy_handeye2_msgs/include/easy_handeye2_msgs/easy_handeye2_msgs/msg/detail/handeye_calibration__type_support.cpp
[4.270s] -- Up-to-date: /home/rokae/workspace/rokae_ros2_sim2real/install/easy_handeye2_msgs/include/easy_handeye2_msgs/easy_handeye2_msgs/msg/detail/sample_list__rosidl_typesupport_introspection_cpp.hpp
[4.270s] -- Up-to-date: /home/rokae/workspace/rokae_ros2_sim2real/install/easy_handeye2_msgs/include/easy_handeye2_msgs/easy_handeye2_msgs/msg/detail/target_pose_list__rosidl_typesupport_introspection_cpp.hpp
[4.270s] -- Up-to-date: /home/rokae/workspace/rokae_ros2_sim2real/install/easy_handeye2_msgs/include/easy_handeye2_msgs/easy_handeye2_msgs/msg/detail/target_pose_list__type_support.cpp
[4.270s] -- Up-to-date: /home/rokae/workspace/rokae_ros2_sim2real/install/easy_handeye2_msgs/include/easy_handeye2_msgs/easy_handeye2_msgs/msg/detail/handeye_calibration_parameters__type_support.cpp
[4.270s] -- Up-to-date: /home/rokae/workspace/rokae_ros2_sim2real/install/easy_handeye2_msgs/include/easy_handeye2_msgs/easy_handeye2_msgs/msg/detail/sample_list__type_support.cpp
[4.270s] -- Up-to-date: /home/rokae/workspace/rokae_ros2_sim2real/install/easy_handeye2_msgs/include/easy_handeye2_msgs/easy_handeye2_msgs/srv
[4.271s] -- Up-to-date: /home/rokae/workspace/rokae_ros2_sim2real/install/easy_handeye2_msgs/include/easy_handeye2_msgs/easy_handeye2_msgs/srv/detail
[4.271s] -- Up-to-date: /home/rokae/workspace/rokae_ros2_sim2real/install/easy_handeye2_msgs/include/easy_handeye2_msgs/easy_handeye2_msgs/srv/detail/take_sample__type_support.cpp
[4.271s] -- Up-to-date: /home/rokae/workspace/rokae_ros2_sim2real/install/easy_handeye2_msgs/include/easy_handeye2_msgs/easy_handeye2_msgs/srv/detail/enumerate_target_poses__type_support.cpp
[4.271s] -- Up-to-date: /home/rokae/workspace/rokae_ros2_sim2real/install/easy_handeye2_msgs/include/easy_handeye2_msgs/easy_handeye2_msgs/srv/detail/check_starting_pose__type_support.cpp
[4.271s] -- Up-to-date: /home/rokae/workspace/rokae_ros2_sim2real/install/easy_handeye2_msgs/include/easy_handeye2_msgs/easy_handeye2_msgs/srv/detail/remove_sample__type_support.cpp
[4.271s] -- Up-to-date: /home/rokae/workspace/rokae_ros2_sim2real/install/easy_handeye2_msgs/include/easy_handeye2_msgs/easy_handeye2_msgs/srv/detail/save_calibration__rosidl_typesupport_introspection_cpp.hpp
[4.271s] -- Up-to-date: /home/rokae/workspace/rokae_ros2_sim2real/install/easy_handeye2_msgs/include/easy_handeye2_msgs/easy_handeye2_msgs/srv/detail/list_algorithms__type_support.cpp
[4.271s] -- Up-to-date: /home/rokae/workspace/rokae_ros2_sim2real/install/easy_handeye2_msgs/include/easy_handeye2_msgs/easy_handeye2_msgs/srv/detail/list_algorithms__rosidl_typesupport_introspection_cpp.hpp
[4.271s] -- Up-to-date: /home/rokae/workspace/rokae_ros2_sim2real/install/easy_handeye2_msgs/include/easy_handeye2_msgs/easy_handeye2_msgs/srv/detail/save_samples__rosidl_typesupport_introspection_cpp.hpp
[4.271s] -- Up-to-date: /home/rokae/workspace/rokae_ros2_sim2real/install/easy_handeye2_msgs/include/easy_handeye2_msgs/easy_handeye2_msgs/srv/detail/select_target_pose__type_support.cpp
[4.271s] -- Up-to-date: /home/rokae/workspace/rokae_ros2_sim2real/install/easy_handeye2_msgs/include/easy_handeye2_msgs/easy_handeye2_msgs/srv/detail/take_sample__rosidl_typesupport_introspection_cpp.hpp
[4.271s] -- Up-to-date: /home/rokae/workspace/rokae_ros2_sim2real/install/easy_handeye2_msgs/include/easy_handeye2_msgs/easy_handeye2_msgs/srv/detail/save_samples__type_support.cpp
[4.272s] -- Up-to-date: /home/rokae/workspace/rokae_ros2_sim2real/install/easy_handeye2_msgs/include/easy_handeye2_msgs/easy_handeye2_msgs/srv/detail/load_samples__type_support.cpp
[4.272s] -- Up-to-date: /home/rokae/workspace/rokae_ros2_sim2real/install/easy_handeye2_msgs/include/easy_handeye2_msgs/easy_handeye2_msgs/srv/detail/select_target_pose__rosidl_typesupport_introspection_cpp.hpp
[4.272s] -- Up-to-date: /home/rokae/workspace/rokae_ros2_sim2real/install/easy_handeye2_msgs/include/easy_handeye2_msgs/easy_handeye2_msgs/srv/detail/compute_calibration__type_support.cpp
[4.272s] -- Up-to-date: /home/rokae/workspace/rokae_ros2_sim2real/install/easy_handeye2_msgs/include/easy_handeye2_msgs/easy_handeye2_msgs/srv/detail/set_algorithm__type_support.cpp
[4.272s] -- Up-to-date: /home/rokae/workspace/rokae_ros2_sim2real/install/easy_handeye2_msgs/include/easy_handeye2_msgs/easy_handeye2_msgs/srv/detail/check_starting_pose__rosidl_typesupport_introspection_cpp.hpp
[4.272s] -- Up-to-date: /home/rokae/workspace/rokae_ros2_sim2real/install/easy_handeye2_msgs/include/easy_handeye2_msgs/easy_handeye2_msgs/srv/detail/plan_to_selected_target_pose__rosidl_typesupport_introspection_cpp.hpp
[4.272s] -- Up-to-date: /home/rokae/workspace/rokae_ros2_sim2real/install/easy_handeye2_msgs/include/easy_handeye2_msgs/easy_handeye2_msgs/srv/detail/enumerate_target_poses__rosidl_typesupport_introspection_cpp.hpp
[4.272s] -- Up-to-date: /home/rokae/workspace/rokae_ros2_sim2real/install/easy_handeye2_msgs/include/easy_handeye2_msgs/easy_handeye2_msgs/srv/detail/save_calibration__type_support.cpp
[4.272s] -- Up-to-date: /home/rokae/workspace/rokae_ros2_sim2real/install/easy_handeye2_msgs/include/easy_handeye2_msgs/easy_handeye2_msgs/srv/detail/plan_to_selected_target_pose__type_support.cpp
[4.272s] -- Up-to-date: /home/rokae/workspace/rokae_ros2_sim2real/install/easy_handeye2_msgs/include/easy_handeye2_msgs/easy_handeye2_msgs/srv/detail/remove_sample__rosidl_typesupport_introspection_cpp.hpp
[4.272s] -- Up-to-date: /home/rokae/workspace/rokae_ros2_sim2real/install/easy_handeye2_msgs/include/easy_handeye2_msgs/easy_handeye2_msgs/srv/detail/execute_plan__rosidl_typesupport_introspection_cpp.hpp
[4.272s] -- Up-to-date: /home/rokae/workspace/rokae_ros2_sim2real/install/easy_handeye2_msgs/include/easy_handeye2_msgs/easy_handeye2_msgs/srv/detail/compute_calibration__rosidl_typesupport_introspection_cpp.hpp
[4.272s] -- Up-to-date: /home/rokae/workspace/rokae_ros2_sim2real/install/easy_handeye2_msgs/include/easy_handeye2_msgs/easy_handeye2_msgs/srv/detail/execute_plan__type_support.cpp
[4.273s] -- Up-to-date: /home/rokae/workspace/rokae_ros2_sim2real/install/easy_handeye2_msgs/include/easy_handeye2_msgs/easy_handeye2_msgs/srv/detail/set_algorithm__rosidl_typesupport_introspection_cpp.hpp
[4.273s] -- Up-to-date: /home/rokae/workspace/rokae_ros2_sim2real/install/easy_handeye2_msgs/include/easy_handeye2_msgs/easy_handeye2_msgs/srv/detail/load_samples__rosidl_typesupport_introspection_cpp.hpp
[4.273s] -- Up-to-date: /home/rokae/workspace/rokae_ros2_sim2real/install/easy_handeye2_msgs/lib/libeasy_handeye2_msgs__rosidl_typesupport_introspection_cpp.so
[4.273s] -- Up-to-date: /home/rokae/workspace/rokae_ros2_sim2real/install/easy_handeye2_msgs/lib/libeasy_handeye2_msgs__rosidl_typesupport_cpp.so
[4.273s] -- Up-to-date: /home/rokae/workspace/rokae_ros2_sim2real/install/easy_handeye2_msgs/share/easy_handeye2_msgs/environment/pythonpath.sh
[4.273s] -- Installing: /home/rokae/workspace/rokae_ros2_sim2real/install/easy_handeye2_msgs/share/easy_handeye2_msgs/environment/pythonpath.dsv
[4.273s] -- Up-to-date: /home/rokae/workspace/rokae_ros2_sim2real/install/easy_handeye2_msgs/local/lib/python3.10/dist-packages/easy_handeye2_msgs-0.5.0-py3.10.egg-info
[4.273s] -- Installing: /home/rokae/workspace/rokae_ros2_sim2real/install/easy_handeye2_msgs/local/lib/python3.10/dist-packages/easy_handeye2_msgs-0.5.0-py3.10.egg-info/dependency_links.txt
[4.273s] -- Installing: /home/rokae/workspace/rokae_ros2_sim2real/install/easy_handeye2_msgs/local/lib/python3.10/dist-packages/easy_handeye2_msgs-0.5.0-py3.10.egg-info/PKG-INFO
[4.273s] -- Installing: /home/rokae/workspace/rokae_ros2_sim2real/install/easy_handeye2_msgs/local/lib/python3.10/dist-packages/easy_handeye2_msgs-0.5.0-py3.10.egg-info/SOURCES.txt
[4.273s] -- Installing: /home/rokae/workspace/rokae_ros2_sim2real/install/easy_handeye2_msgs/local/lib/python3.10/dist-packages/easy_handeye2_msgs-0.5.0-py3.10.egg-info/top_level.txt
[4.273s] -- Up-to-date: /home/rokae/workspace/rokae_ros2_sim2real/install/easy_handeye2_msgs/local/lib/python3.10/dist-packages/easy_handeye2_msgs
[4.274s] -- Up-to-date: /home/rokae/workspace/rokae_ros2_sim2real/install/easy_handeye2_msgs/local/lib/python3.10/dist-packages/easy_handeye2_msgs/easy_handeye2_msgs_s__rosidl_typesupport_fastrtps_c.cpython-310-x86_64-linux-gnu.so
[4.274s] -- Up-to-date: /home/rokae/workspace/rokae_ros2_sim2real/install/easy_handeye2_msgs/local/lib/python3.10/dist-packages/easy_handeye2_msgs/_easy_handeye2_msgs_s.ep.rosidl_typesupport_c.c
[4.274s] -- Up-to-date: /home/rokae/workspace/rokae_ros2_sim2real/install/easy_handeye2_msgs/local/lib/python3.10/dist-packages/easy_handeye2_msgs/_easy_handeye2_msgs_s.ep.rosidl_typesupport_introspection_c.c
[4.274s] -- Up-to-date: /home/rokae/workspace/rokae_ros2_sim2real/install/easy_handeye2_msgs/local/lib/python3.10/dist-packages/easy_handeye2_msgs/msg
[4.274s] -- Up-to-date: /home/rokae/workspace/rokae_ros2_sim2real/install/easy_handeye2_msgs/local/lib/python3.10/dist-packages/easy_handeye2_msgs/msg/_handeye_calibration_parameters_s.c
[4.274s] -- Up-to-date: /home/rokae/workspace/rokae_ros2_sim2real/install/easy_handeye2_msgs/local/lib/python3.10/dist-packages/easy_handeye2_msgs/msg/_sample.py
[4.274s] -- Up-to-date: /home/rokae/workspace/rokae_ros2_sim2real/install/easy_handeye2_msgs/local/lib/python3.10/dist-packages/easy_handeye2_msgs/msg/_handeye_calibration_parameters.py
[4.274s] -- Up-to-date: /home/rokae/workspace/rokae_ros2_sim2real/install/easy_handeye2_msgs/local/lib/python3.10/dist-packages/easy_handeye2_msgs/msg/_handeye_calibration_s.c
[4.274s] -- Up-to-date: /home/rokae/workspace/rokae_ros2_sim2real/install/easy_handeye2_msgs/local/lib/python3.10/dist-packages/easy_handeye2_msgs/msg/_sample_list.py
[4.274s] -- Up-to-date: /home/rokae/workspace/rokae_ros2_sim2real/install/easy_handeye2_msgs/local/lib/python3.10/dist-packages/easy_handeye2_msgs/msg/_target_pose_list_s.c
[4.274s] -- Up-to-date: /home/rokae/workspace/rokae_ros2_sim2real/install/easy_handeye2_msgs/local/lib/python3.10/dist-packages/easy_handeye2_msgs/msg/_handeye_calibration.py
[4.274s] -- Up-to-date: /home/rokae/workspace/rokae_ros2_sim2real/install/easy_handeye2_msgs/local/lib/python3.10/dist-packages/easy_handeye2_msgs/msg/_sample_s.c
[4.275s] -- Up-to-date: /home/rokae/workspace/rokae_ros2_sim2real/install/easy_handeye2_msgs/local/lib/python3.10/dist-packages/easy_handeye2_msgs/msg/_target_pose_list.py
[4.275s] -- Up-to-date: /home/rokae/workspace/rokae_ros2_sim2real/install/easy_handeye2_msgs/local/lib/python3.10/dist-packages/easy_handeye2_msgs/msg/__init__.py
[4.275s] -- Up-to-date: /home/rokae/workspace/rokae_ros2_sim2real/install/easy_handeye2_msgs/local/lib/python3.10/dist-packages/easy_handeye2_msgs/msg/_sample_list_s.c
[4.275s] -- Up-to-date: /home/rokae/workspace/rokae_ros2_sim2real/install/easy_handeye2_msgs/local/lib/python3.10/dist-packages/easy_handeye2_msgs/easy_handeye2_msgs_s__rosidl_typesupport_introspection_c.cpython-310-x86_64-linux-gnu.so
[4.275s] -- Up-to-date: /home/rokae/workspace/rokae_ros2_sim2real/install/easy_handeye2_msgs/local/lib/python3.10/dist-packages/easy_handeye2_msgs/libeasy_handeye2_msgs__rosidl_generator_py.so
[4.275s] -- Up-to-date: /home/rokae/workspace/rokae_ros2_sim2real/install/easy_handeye2_msgs/local/lib/python3.10/dist-packages/easy_handeye2_msgs/_easy_handeye2_msgs_s.ep.rosidl_typesupport_fastrtps_c.c
[4.275s] -- Up-to-date: /home/rokae/workspace/rokae_ros2_sim2real/install/easy_handeye2_msgs/local/lib/python3.10/dist-packages/easy_handeye2_msgs/srv
[4.275s] -- Up-to-date: /home/rokae/workspace/rokae_ros2_sim2real/install/easy_handeye2_msgs/local/lib/python3.10/dist-packages/easy_handeye2_msgs/srv/_plan_to_selected_target_pose_s.c
[4.275s] -- Up-to-date: /home/rokae/workspace/rokae_ros2_sim2real/install/easy_handeye2_msgs/local/lib/python3.10/dist-packages/easy_handeye2_msgs/srv/_plan_to_selected_target_pose.py
[4.275s] -- Up-to-date: /home/rokae/workspace/rokae_ros2_sim2real/install/easy_handeye2_msgs/local/lib/python3.10/dist-packages/easy_handeye2_msgs/srv/_set_algorithm.py
[4.275s] -- Up-to-date: /home/rokae/workspace/rokae_ros2_sim2real/install/easy_handeye2_msgs/local/lib/python3.10/dist-packages/easy_handeye2_msgs/srv/_remove_sample_s.c
[4.275s] -- Up-to-date: /home/rokae/workspace/rokae_ros2_sim2real/install/easy_handeye2_msgs/local/lib/python3.10/dist-packages/easy_handeye2_msgs/srv/_check_starting_pose.py
[4.276s] -- Up-to-date: /home/rokae/workspace/rokae_ros2_sim2real/install/easy_handeye2_msgs/local/lib/python3.10/dist-packages/easy_handeye2_msgs/srv/_enumerate_target_poses_s.c
[4.276s] -- Up-to-date: /home/rokae/workspace/rokae_ros2_sim2real/install/easy_handeye2_msgs/local/lib/python3.10/dist-packages/easy_handeye2_msgs/srv/_list_algorithms.py
[4.276s] -- Up-to-date: /home/rokae/workspace/rokae_ros2_sim2real/install/easy_handeye2_msgs/local/lib/python3.10/dist-packages/easy_handeye2_msgs/srv/_save_calibration_s.c
[4.276s] -- Up-to-date: /home/rokae/workspace/rokae_ros2_sim2real/install/easy_handeye2_msgs/local/lib/python3.10/dist-packages/easy_handeye2_msgs/srv/_set_algorithm_s.c
[4.276s] -- Up-to-date: /home/rokae/workspace/rokae_ros2_sim2real/install/easy_handeye2_msgs/local/lib/python3.10/dist-packages/easy_handeye2_msgs/srv/_enumerate_target_poses.py
[4.276s] -- Up-to-date: /home/rokae/workspace/rokae_ros2_sim2real/install/easy_handeye2_msgs/local/lib/python3.10/dist-packages/easy_handeye2_msgs/srv/_execute_plan_s.c
[4.276s] -- Up-to-date: /home/rokae/workspace/rokae_ros2_sim2real/install/easy_handeye2_msgs/local/lib/python3.10/dist-packages/easy_handeye2_msgs/srv/_list_algorithms_s.c
[4.276s] -- Up-to-date: /home/rokae/workspace/rokae_ros2_sim2real/install/easy_handeye2_msgs/local/lib/python3.10/dist-packages/easy_handeye2_msgs/srv/_compute_calibration.py
[4.276s] -- Up-to-date: /home/rokae/workspace/rokae_ros2_sim2real/install/easy_handeye2_msgs/local/lib/python3.10/dist-packages/easy_handeye2_msgs/srv/_select_target_pose_s.c
[4.276s] -- Up-to-date: /home/rokae/workspace/rokae_ros2_sim2real/install/easy_handeye2_msgs/local/lib/python3.10/dist-packages/easy_handeye2_msgs/srv/_select_target_pose.py
[4.276s] -- Up-to-date: /home/rokae/workspace/rokae_ros2_sim2real/install/easy_handeye2_msgs/local/lib/python3.10/dist-packages/easy_handeye2_msgs/srv/_check_starting_pose_s.c
[4.276s] -- Up-to-date: /home/rokae/workspace/rokae_ros2_sim2real/install/easy_handeye2_msgs/local/lib/python3.10/dist-packages/easy_handeye2_msgs/srv/__init__.py
[4.277s] -- Up-to-date: /home/rokae/workspace/rokae_ros2_sim2real/install/easy_handeye2_msgs/local/lib/python3.10/dist-packages/easy_handeye2_msgs/srv/_compute_calibration_s.c
[4.277s] -- Up-to-date: /home/rokae/workspace/rokae_ros2_sim2real/install/easy_handeye2_msgs/local/lib/python3.10/dist-packages/easy_handeye2_msgs/srv/_remove_sample.py
[4.277s] -- Up-to-date: /home/rokae/workspace/rokae_ros2_sim2real/install/easy_handeye2_msgs/local/lib/python3.10/dist-packages/easy_handeye2_msgs/srv/_take_sample.py
[4.277s] -- Up-to-date: /home/rokae/workspace/rokae_ros2_sim2real/install/easy_handeye2_msgs/local/lib/python3.10/dist-packages/easy_handeye2_msgs/srv/_save_samples_s.c
[4.277s] -- Up-to-date: /home/rokae/workspace/rokae_ros2_sim2real/install/easy_handeye2_msgs/local/lib/python3.10/dist-packages/easy_handeye2_msgs/srv/_load_samples.py
[4.277s] -- Up-to-date: /home/rokae/workspace/rokae_ros2_sim2real/install/easy_handeye2_msgs/local/lib/python3.10/dist-packages/easy_handeye2_msgs/srv/_load_samples_s.c
[4.277s] -- Up-to-date: /home/rokae/workspace/rokae_ros2_sim2real/install/easy_handeye2_msgs/local/lib/python3.10/dist-packages/easy_handeye2_msgs/srv/_save_calibration.py
[4.277s] -- Up-to-date: /home/rokae/workspace/rokae_ros2_sim2real/install/easy_handeye2_msgs/local/lib/python3.10/dist-packages/easy_handeye2_msgs/srv/_save_samples.py
[4.277s] -- Up-to-date: /home/rokae/workspace/rokae_ros2_sim2real/install/easy_handeye2_msgs/local/lib/python3.10/dist-packages/easy_handeye2_msgs/srv/_take_sample_s.c
[4.277s] -- Up-to-date: /home/rokae/workspace/rokae_ros2_sim2real/install/easy_handeye2_msgs/local/lib/python3.10/dist-packages/easy_handeye2_msgs/srv/_execute_plan.py
[4.277s] -- Installing: /home/rokae/workspace/rokae_ros2_sim2real/install/easy_handeye2_msgs/local/lib/python3.10/dist-packages/easy_handeye2_msgs/__init__.py
[4.277s] -- Up-to-date: /home/rokae/workspace/rokae_ros2_sim2real/install/easy_handeye2_msgs/local/lib/python3.10/dist-packages/easy_handeye2_msgs/easy_handeye2_msgs_s__rosidl_typesupport_c.cpython-310-x86_64-linux-gnu.so
[4.337s] Listing '/home/rokae/workspace/rokae_ros2_sim2real/install/easy_handeye2_msgs/local/lib/python3.10/dist-packages/easy_handeye2_msgs'...
[4.337s] Compiling '/home/rokae/workspace/rokae_ros2_sim2real/install/easy_handeye2_msgs/local/lib/python3.10/dist-packages/easy_handeye2_msgs/__init__.py'...
[4.337s] Listing '/home/rokae/workspace/rokae_ros2_sim2real/install/easy_handeye2_msgs/local/lib/python3.10/dist-packages/easy_handeye2_msgs/msg'...
[4.337s] Listing '/home/rokae/workspace/rokae_ros2_sim2real/install/easy_handeye2_msgs/local/lib/python3.10/dist-packages/easy_handeye2_msgs/srv'...
[4.347s] -- Up-to-date: /home/rokae/workspace/rokae_ros2_sim2real/install/easy_handeye2_msgs/local/lib/python3.10/dist-packages/easy_handeye2_msgs/easy_handeye2_msgs_s__rosidl_typesupport_fastrtps_c.cpython-310-x86_64-linux-gnu.so
[4.347s] -- Up-to-date: /home/rokae/workspace/rokae_ros2_sim2real/install/easy_handeye2_msgs/local/lib/python3.10/dist-packages/easy_handeye2_msgs/easy_handeye2_msgs_s__rosidl_typesupport_introspection_c.cpython-310-x86_64-linux-gnu.so
[4.348s] -- Up-to-date: /home/rokae/workspace/rokae_ros2_sim2real/install/easy_handeye2_msgs/local/lib/python3.10/dist-packages/easy_handeye2_msgs/easy_handeye2_msgs_s__rosidl_typesupport_c.cpython-310-x86_64-linux-gnu.so
[4.348s] -- Up-to-date: /home/rokae/workspace/rokae_ros2_sim2real/install/easy_handeye2_msgs/lib/libeasy_handeye2_msgs__rosidl_generator_py.so
[4.349s] -- Up-to-date: /home/rokae/workspace/rokae_ros2_sim2real/install/easy_handeye2_msgs/share/easy_handeye2_msgs/msg/HandeyeCalibration.idl
[4.349s] -- Up-to-date: /home/rokae/workspace/rokae_ros2_sim2real/install/easy_handeye2_msgs/share/easy_handeye2_msgs/msg/HandeyeCalibrationParameters.idl
[4.349s] -- Up-to-date: /home/rokae/workspace/rokae_ros2_sim2real/install/easy_handeye2_msgs/share/easy_handeye2_msgs/msg/Sample.idl
[4.349s] -- Up-to-date: /home/rokae/workspace/rokae_ros2_sim2real/install/easy_handeye2_msgs/share/easy_handeye2_msgs/msg/SampleList.idl
[4.349s] -- Up-to-date: /home/rokae/workspace/rokae_ros2_sim2real/install/easy_handeye2_msgs/share/easy_handeye2_msgs/msg/TargetPoseList.idl
[4.350s] -- Up-to-date: /home/rokae/workspace/rokae_ros2_sim2real/install/easy_handeye2_msgs/share/easy_handeye2_msgs/srv/ListAlgorithms.idl
[4.350s] -- Up-to-date: /home/rokae/workspace/rokae_ros2_sim2real/install/easy_handeye2_msgs/share/easy_handeye2_msgs/srv/SetAlgorithm.idl
[4.350s] -- Up-to-date: /home/rokae/workspace/rokae_ros2_sim2real/install/easy_handeye2_msgs/share/easy_handeye2_msgs/srv/ComputeCalibration.idl
[4.350s] -- Up-to-date: /home/rokae/workspace/rokae_ros2_sim2real/install/easy_handeye2_msgs/share/easy_handeye2_msgs/srv/SaveCalibration.idl
[4.350s] -- Up-to-date: /home/rokae/workspace/rokae_ros2_sim2real/install/easy_handeye2_msgs/share/easy_handeye2_msgs/srv/RemoveSample.idl
[4.350s] -- Up-to-date: /home/rokae/workspace/rokae_ros2_sim2real/install/easy_handeye2_msgs/share/easy_handeye2_msgs/srv/TakeSample.idl
[4.350s] -- Up-to-date: /home/rokae/workspace/rokae_ros2_sim2real/install/easy_handeye2_msgs/share/easy_handeye2_msgs/srv/SaveSamples.idl
[4.350s] -- Up-to-date: /home/rokae/workspace/rokae_ros2_sim2real/install/easy_handeye2_msgs/share/easy_handeye2_msgs/srv/LoadSamples.idl
[4.351s] -- Up-to-date: /home/rokae/workspace/rokae_ros2_sim2real/install/easy_handeye2_msgs/share/easy_handeye2_msgs/srv/CheckStartingPose.idl
[4.351s] -- Up-to-date: /home/rokae/workspace/rokae_ros2_sim2real/install/easy_handeye2_msgs/share/easy_handeye2_msgs/srv/EnumerateTargetPoses.idl
[4.351s] -- Up-to-date: /home/rokae/workspace/rokae_ros2_sim2real/install/easy_handeye2_msgs/share/easy_handeye2_msgs/srv/SelectTargetPose.idl
[4.351s] -- Up-to-date: /home/rokae/workspace/rokae_ros2_sim2real/install/easy_handeye2_msgs/share/easy_handeye2_msgs/srv/PlanToSelectedTargetPose.idl
[4.351s] -- Up-to-date: /home/rokae/workspace/rokae_ros2_sim2real/install/easy_handeye2_msgs/share/easy_handeye2_msgs/srv/ExecutePlan.idl
[4.351s] -- Up-to-date: /home/rokae/workspace/rokae_ros2_sim2real/install/easy_handeye2_msgs/share/easy_handeye2_msgs/msg/HandeyeCalibration.msg
[4.351s] -- Up-to-date: /home/rokae/workspace/rokae_ros2_sim2real/install/easy_handeye2_msgs/share/easy_handeye2_msgs/msg/HandeyeCalibrationParameters.msg
[4.351s] -- Up-to-date: /home/rokae/workspace/rokae_ros2_sim2real/install/easy_handeye2_msgs/share/easy_handeye2_msgs/msg/Sample.msg
[4.352s] -- Up-to-date: /home/rokae/workspace/rokae_ros2_sim2real/install/easy_handeye2_msgs/share/easy_handeye2_msgs/msg/SampleList.msg
[4.352s] -- Up-to-date: /home/rokae/workspace/rokae_ros2_sim2real/install/easy_handeye2_msgs/share/easy_handeye2_msgs/msg/TargetPoseList.msg
[4.352s] -- Up-to-date: /home/rokae/workspace/rokae_ros2_sim2real/install/easy_handeye2_msgs/share/easy_handeye2_msgs/calibration/ListAlgorithms.srv
[4.352s] -- Up-to-date: /home/rokae/workspace/rokae_ros2_sim2real/install/easy_handeye2_msgs/share/easy_handeye2_msgs/calibration/ListAlgorithms_Request.msg
[4.352s] -- Up-to-date: /home/rokae/workspace/rokae_ros2_sim2real/install/easy_handeye2_msgs/share/easy_handeye2_msgs/calibration/ListAlgorithms_Response.msg
[4.352s] -- Up-to-date: /home/rokae/workspace/rokae_ros2_sim2real/install/easy_handeye2_msgs/share/easy_handeye2_msgs/calibration/SetAlgorithm.srv
[4.352s] -- Up-to-date: /home/rokae/workspace/rokae_ros2_sim2real/install/easy_handeye2_msgs/share/easy_handeye2_msgs/calibration/SetAlgorithm_Request.msg
[4.352s] -- Up-to-date: /home/rokae/workspace/rokae_ros2_sim2real/install/easy_handeye2_msgs/share/easy_handeye2_msgs/calibration/SetAlgorithm_Response.msg
[4.353s] -- Up-to-date: /home/rokae/workspace/rokae_ros2_sim2real/install/easy_handeye2_msgs/share/easy_handeye2_msgs/calibration/ComputeCalibration.srv
[4.353s] -- Up-to-date: /home/rokae/workspace/rokae_ros2_sim2real/install/easy_handeye2_msgs/share/easy_handeye2_msgs/calibration/ComputeCalibration_Request.msg
[4.353s] -- Up-to-date: /home/rokae/workspace/rokae_ros2_sim2real/install/easy_handeye2_msgs/share/easy_handeye2_msgs/calibration/ComputeCalibration_Response.msg
[4.353s] -- Up-to-date: /home/rokae/workspace/rokae_ros2_sim2real/install/easy_handeye2_msgs/share/easy_handeye2_msgs/calibration/SaveCalibration.srv
[4.353s] -- Up-to-date: /home/rokae/workspace/rokae_ros2_sim2real/install/easy_handeye2_msgs/share/easy_handeye2_msgs/calibration/SaveCalibration_Request.msg
[4.353s] -- Up-to-date: /home/rokae/workspace/rokae_ros2_sim2real/install/easy_handeye2_msgs/share/easy_handeye2_msgs/calibration/SaveCalibration_Response.msg
[4.353s] -- Up-to-date: /home/rokae/workspace/rokae_ros2_sim2real/install/easy_handeye2_msgs/share/easy_handeye2_msgs/calibration/RemoveSample.srv
[4.353s] -- Up-to-date: /home/rokae/workspace/rokae_ros2_sim2real/install/easy_handeye2_msgs/share/easy_handeye2_msgs/calibration/RemoveSample_Request.msg
[4.354s] -- Up-to-date: /home/rokae/workspace/rokae_ros2_sim2real/install/easy_handeye2_msgs/share/easy_handeye2_msgs/calibration/RemoveSample_Response.msg
[4.354s] -- Up-to-date: /home/rokae/workspace/rokae_ros2_sim2real/install/easy_handeye2_msgs/share/easy_handeye2_msgs/calibration/TakeSample.srv
[4.354s] -- Up-to-date: /home/rokae/workspace/rokae_ros2_sim2real/install/easy_handeye2_msgs/share/easy_handeye2_msgs/calibration/TakeSample_Request.msg
[4.354s] -- Up-to-date: /home/rokae/workspace/rokae_ros2_sim2real/install/easy_handeye2_msgs/share/easy_handeye2_msgs/calibration/TakeSample_Response.msg
[4.354s] -- Up-to-date: /home/rokae/workspace/rokae_ros2_sim2real/install/easy_handeye2_msgs/share/easy_handeye2_msgs/calibration/SaveSamples.srv
[4.354s] -- Up-to-date: /home/rokae/workspace/rokae_ros2_sim2real/install/easy_handeye2_msgs/share/easy_handeye2_msgs/calibration/SaveSamples_Request.msg
[4.354s] -- Up-to-date: /home/rokae/workspace/rokae_ros2_sim2real/install/easy_handeye2_msgs/share/easy_handeye2_msgs/calibration/SaveSamples_Response.msg
[4.354s] -- Up-to-date: /home/rokae/workspace/rokae_ros2_sim2real/install/easy_handeye2_msgs/share/easy_handeye2_msgs/calibration/LoadSamples.srv
[4.355s] -- Up-to-date: /home/rokae/workspace/rokae_ros2_sim2real/install/easy_handeye2_msgs/share/easy_handeye2_msgs/calibration/LoadSamples_Request.msg
[4.355s] -- Up-to-date: /home/rokae/workspace/rokae_ros2_sim2real/install/easy_handeye2_msgs/share/easy_handeye2_msgs/calibration/LoadSamples_Response.msg
[4.355s] -- Up-to-date: /home/rokae/workspace/rokae_ros2_sim2real/install/easy_handeye2_msgs/share/easy_handeye2_msgs/robot_movements/CheckStartingPose.srv
[4.355s] -- Up-to-date: /home/rokae/workspace/rokae_ros2_sim2real/install/easy_handeye2_msgs/share/easy_handeye2_msgs/robot_movements/CheckStartingPose_Request.msg
[4.355s] -- Up-to-date: /home/rokae/workspace/rokae_ros2_sim2real/install/easy_handeye2_msgs/share/easy_handeye2_msgs/robot_movements/CheckStartingPose_Response.msg
[4.355s] -- Up-to-date: /home/rokae/workspace/rokae_ros2_sim2real/install/easy_handeye2_msgs/share/easy_handeye2_msgs/robot_movements/EnumerateTargetPoses.srv
[4.355s] -- Up-to-date: /home/rokae/workspace/rokae_ros2_sim2real/install/easy_handeye2_msgs/share/easy_handeye2_msgs/robot_movements/EnumerateTargetPoses_Request.msg
[4.355s] -- Up-to-date: /home/rokae/workspace/rokae_ros2_sim2real/install/easy_handeye2_msgs/share/easy_handeye2_msgs/robot_movements/EnumerateTargetPoses_Response.msg
[4.355s] -- Up-to-date: /home/rokae/workspace/rokae_ros2_sim2real/install/easy_handeye2_msgs/share/easy_handeye2_msgs/robot_movements/SelectTargetPose.srv
[4.355s] -- Up-to-date: /home/rokae/workspace/rokae_ros2_sim2real/install/easy_handeye2_msgs/share/easy_handeye2_msgs/robot_movements/SelectTargetPose_Request.msg
[4.356s] -- Up-to-date: /home/rokae/workspace/rokae_ros2_sim2real/install/easy_handeye2_msgs/share/easy_handeye2_msgs/robot_movements/SelectTargetPose_Response.msg
[4.356s] -- Up-to-date: /home/rokae/workspace/rokae_ros2_sim2real/install/easy_handeye2_msgs/share/easy_handeye2_msgs/robot_movements/PlanToSelectedTargetPose.srv
[4.356s] -- Up-to-date: /home/rokae/workspace/rokae_ros2_sim2real/install/easy_handeye2_msgs/share/easy_handeye2_msgs/robot_movements/PlanToSelectedTargetPose_Request.msg
[4.356s] -- Up-to-date: /home/rokae/workspace/rokae_ros2_sim2real/install/easy_handeye2_msgs/share/easy_handeye2_msgs/robot_movements/PlanToSelectedTargetPose_Response.msg
[4.356s] -- Up-to-date: /home/rokae/workspace/rokae_ros2_sim2real/install/easy_handeye2_msgs/share/easy_handeye2_msgs/robot_movements/ExecutePlan.srv
[4.356s] -- Up-to-date: /home/rokae/workspace/rokae_ros2_sim2real/install/easy_handeye2_msgs/share/easy_handeye2_msgs/robot_movements/ExecutePlan_Request.msg
[4.356s] -- Up-to-date: /home/rokae/workspace/rokae_ros2_sim2real/install/easy_handeye2_msgs/share/easy_handeye2_msgs/robot_movements/ExecutePlan_Response.msg
[4.356s] -- Up-to-date: /home/rokae/workspace/rokae_ros2_sim2real/install/easy_handeye2_msgs/share/ament_index/resource_index/package_run_dependencies/easy_handeye2_msgs
[4.357s] -- Up-to-date: /home/rokae/workspace/rokae_ros2_sim2real/install/easy_handeye2_msgs/share/ament_index/resource_index/parent_prefix_path/easy_handeye2_msgs
[4.357s] -- Up-to-date: /home/rokae/workspace/rokae_ros2_sim2real/install/easy_handeye2_msgs/share/easy_handeye2_msgs/environment/ament_prefix_path.sh
[4.357s] -- Installing: /home/rokae/workspace/rokae_ros2_sim2real/install/easy_handeye2_msgs/share/easy_handeye2_msgs/environment/ament_prefix_path.dsv
[4.357s] -- Up-to-date: /home/rokae/workspace/rokae_ros2_sim2real/install/easy_handeye2_msgs/share/easy_handeye2_msgs/environment/path.sh
[4.357s] -- Installing: /home/rokae/workspace/rokae_ros2_sim2real/install/easy_handeye2_msgs/share/easy_handeye2_msgs/environment/path.dsv
[4.357s] -- Up-to-date: /home/rokae/workspace/rokae_ros2_sim2real/install/easy_handeye2_msgs/share/easy_handeye2_msgs/local_setup.bash
[4.357s] -- Up-to-date: /home/rokae/workspace/rokae_ros2_sim2real/install/easy_handeye2_msgs/share/easy_handeye2_msgs/local_setup.sh
[4.357s] -- Up-to-date: /home/rokae/workspace/rokae_ros2_sim2real/install/easy_handeye2_msgs/share/easy_handeye2_msgs/local_setup.zsh
[4.357s] -- Installing: /home/rokae/workspace/rokae_ros2_sim2real/install/easy_handeye2_msgs/share/easy_handeye2_msgs/local_setup.dsv
[4.358s] -- Installing: /home/rokae/workspace/rokae_ros2_sim2real/install/easy_handeye2_msgs/share/easy_handeye2_msgs/package.dsv
[4.358s] -- Up-to-date: /home/rokae/workspace/rokae_ros2_sim2real/install/easy_handeye2_msgs/share/ament_index/resource_index/packages/easy_handeye2_msgs
[4.358s] -- Up-to-date: /home/rokae/workspace/rokae_ros2_sim2real/install/easy_handeye2_msgs/share/easy_handeye2_msgs/cmake/export_easy_handeye2_msgs__rosidl_generator_cExport.cmake
[4.358s] -- Up-to-date: /home/rokae/workspace/rokae_ros2_sim2real/install/easy_handeye2_msgs/share/easy_handeye2_msgs/cmake/export_easy_handeye2_msgs__rosidl_generator_cExport-release.cmake
[4.358s] -- Up-to-date: /home/rokae/workspace/rokae_ros2_sim2real/install/easy_handeye2_msgs/share/easy_handeye2_msgs/cmake/export_easy_handeye2_msgs__rosidl_typesupport_fastrtps_cExport.cmake
[4.359s] -- Up-to-date: /home/rokae/workspace/rokae_ros2_sim2real/install/easy_handeye2_msgs/share/easy_handeye2_msgs/cmake/export_easy_handeye2_msgs__rosidl_typesupport_fastrtps_cExport-release.cmake
[4.359s] -- Up-to-date: /home/rokae/workspace/rokae_ros2_sim2real/install/easy_handeye2_msgs/share/easy_handeye2_msgs/cmake/easy_handeye2_msgs__rosidl_typesupport_introspection_cExport.cmake
[4.359s] -- Up-to-date: /home/rokae/workspace/rokae_ros2_sim2real/install/easy_handeye2_msgs/share/easy_handeye2_msgs/cmake/easy_handeye2_msgs__rosidl_typesupport_introspection_cExport-release.cmake
[4.359s] -- Up-to-date: /home/rokae/workspace/rokae_ros2_sim2real/install/easy_handeye2_msgs/share/easy_handeye2_msgs/cmake/easy_handeye2_msgs__rosidl_typesupport_cExport.cmake
[4.359s] -- Up-to-date: /home/rokae/workspace/rokae_ros2_sim2real/install/easy_handeye2_msgs/share/easy_handeye2_msgs/cmake/easy_handeye2_msgs__rosidl_typesupport_cExport-release.cmake
[4.359s] -- Up-to-date: /home/rokae/workspace/rokae_ros2_sim2real/install/easy_handeye2_msgs/share/easy_handeye2_msgs/cmake/export_easy_handeye2_msgs__rosidl_generator_cppExport.cmake
[4.360s] -- Up-to-date: /home/rokae/workspace/rokae_ros2_sim2real/install/easy_handeye2_msgs/share/easy_handeye2_msgs/cmake/export_easy_handeye2_msgs__rosidl_typesupport_fastrtps_cppExport.cmake
[4.360s] -- Up-to-date: /home/rokae/workspace/rokae_ros2_sim2real/install/easy_handeye2_msgs/share/easy_handeye2_msgs/cmake/export_easy_handeye2_msgs__rosidl_typesupport_fastrtps_cppExport-release.cmake
[4.360s] -- Up-to-date: /home/rokae/workspace/rokae_ros2_sim2real/install/easy_handeye2_msgs/share/easy_handeye2_msgs/cmake/easy_handeye2_msgs__rosidl_typesupport_introspection_cppExport.cmake
[4.360s] -- Up-to-date: /home/rokae/workspace/rokae_ros2_sim2real/install/easy_handeye2_msgs/share/easy_handeye2_msgs/cmake/easy_handeye2_msgs__rosidl_typesupport_introspection_cppExport-release.cmake
[4.360s] -- Up-to-date: /home/rokae/workspace/rokae_ros2_sim2real/install/easy_handeye2_msgs/share/easy_handeye2_msgs/cmake/easy_handeye2_msgs__rosidl_typesupport_cppExport.cmake
[4.360s] -- Up-to-date: /home/rokae/workspace/rokae_ros2_sim2real/install/easy_handeye2_msgs/share/easy_handeye2_msgs/cmake/easy_handeye2_msgs__rosidl_typesupport_cppExport-release.cmake
[4.361s] -- Up-to-date: /home/rokae/workspace/rokae_ros2_sim2real/install/easy_handeye2_msgs/share/easy_handeye2_msgs/cmake/export_easy_handeye2_msgs__rosidl_generator_pyExport.cmake
[4.361s] -- Up-to-date: /home/rokae/workspace/rokae_ros2_sim2real/install/easy_handeye2_msgs/share/easy_handeye2_msgs/cmake/export_easy_handeye2_msgs__rosidl_generator_pyExport-release.cmake
[4.361s] -- Up-to-date: /home/rokae/workspace/rokae_ros2_sim2real/install/easy_handeye2_msgs/share/easy_handeye2_msgs/cmake/rosidl_cmake-extras.cmake
[4.361s] -- Up-to-date: /home/rokae/workspace/rokae_ros2_sim2real/install/easy_handeye2_msgs/share/easy_handeye2_msgs/cmake/ament_cmake_export_dependencies-extras.cmake
[4.361s] -- Up-to-date: /home/rokae/workspace/rokae_ros2_sim2real/install/easy_handeye2_msgs/share/easy_handeye2_msgs/cmake/ament_cmake_export_include_directories-extras.cmake
[4.361s] -- Up-to-date: /home/rokae/workspace/rokae_ros2_sim2real/install/easy_handeye2_msgs/share/easy_handeye2_msgs/cmake/ament_cmake_export_libraries-extras.cmake
[4.361s] -- Up-to-date: /home/rokae/workspace/rokae_ros2_sim2real/install/easy_handeye2_msgs/share/easy_handeye2_msgs/cmake/ament_cmake_export_targets-extras.cmake
[4.361s] -- Up-to-date: /home/rokae/workspace/rokae_ros2_sim2real/install/easy_handeye2_msgs/share/easy_handeye2_msgs/cmake/rosidl_cmake_export_typesupport_targets-extras.cmake
[4.362s] -- Up-to-date: /home/rokae/workspace/rokae_ros2_sim2real/install/easy_handeye2_msgs/share/easy_handeye2_msgs/cmake/rosidl_cmake_export_typesupport_libraries-extras.cmake
[4.362s] -- Up-to-date: /home/rokae/workspace/rokae_ros2_sim2real/install/easy_handeye2_msgs/share/easy_handeye2_msgs/cmake/easy_handeye2_msgsConfig.cmake
[4.362s] -- Up-to-date: /home/rokae/workspace/rokae_ros2_sim2real/install/easy_handeye2_msgs/share/easy_handeye2_msgs/cmake/easy_handeye2_msgsConfig-version.cmake
[4.362s] -- Up-to-date: /home/rokae/workspace/rokae_ros2_sim2real/install/easy_handeye2_msgs/share/easy_handeye2_msgs/package.xml
[4.369s] Invoked command in '/home/rokae/workspace/rokae_ros2_sim2real/build/easy_handeye2_msgs' returned '0': CMAKE_PREFIX_PATH=${CMAKE_PREFIX_PATH}:/home/rokae/workspace/rokae_ros2_sim2real/install/easy_handeye2_demo:/home/rokae/workspace/rokae_ros2_sim2real/install/easy_handeye2:/home/rokae/workspace/ws_moveit/install/moveit_configs_utils:/home/rokae/workspace/ws_moveit/install/launch_param_builder:/opt/ros/humble /usr/bin/cmake --install /home/rokae/workspace/rokae_ros2_sim2real/build/easy_handeye2_msgs
